<?xml version="1.0" encoding="UTF-8" ?>
<testsuite errors="0" failures="0" hostname="rimasakotekiMacBook-Pro.local" name="net.synergyinfo.mypush.test.restInterface.TestRestfulInterface_mypush_xmppResource_user_get" tests="30" time="11.452" timestamp="2013-08-27T01:40:18">
  <properties>
    <property name="java.vendor" value="Apple Inc." />
    <property name="lib.dir" value="/Users/ade/Desktop/Desktop/tomcat_for_xmpp/webapps/MyPush/WEB-INF/lib" />
    <property name="sun.java.launcher" value="SUN_STANDARD" />
    <property name="eclipse.pdebuild.templates" value="/Users/ade/Desktop/eclipse/plugins/org.eclipse.pde.build_3.8.2.v20121114-140810/templates//" />
    <property name="sun.management.compiler" value="HotSpot 64-Bit Tiered Compilers" />
    <property name="os.name" value="Mac OS X" />
    <property name="sun.boot.class.path" value="/System/Library/Java/JavaVirtualMachines/1.6.0.jdk/Contents/Classes/jsfd.jar:/System/Library/Java/JavaVirtualMachines/1.6.0.jdk/Contents/Classes/classes.jar:/System/Library/Frameworks/JavaVM.framework/Frameworks/JavaRuntimeSupport.framework/Resources/Java/JavaRuntimeSupport.jar:/System/Library/Java/JavaVirtualMachines/1.6.0.jdk/Contents/Classes/ui.jar:/System/Library/Java/JavaVirtualMachines/1.6.0.jdk/Contents/Classes/laf.jar:/System/Library/Java/JavaVirtualMachines/1.6.0.jdk/Contents/Classes/sunrsasign.jar:/System/Library/Java/JavaVirtualMachines/1.6.0.jdk/Contents/Classes/jsse.jar:/System/Library/Java/JavaVirtualMachines/1.6.0.jdk/Contents/Classes/jce.jar:/System/Library/Java/JavaVirtualMachines/1.6.0.jdk/Contents/Classes/charsets.jar" />
    <property name="java.vm.specification.vendor" value="Sun Microsystems Inc." />
    <property name="ant.home" value="/Users/ade/Desktop/eclipse/plugins/org.apache.ant_1.8.3.v201301120609" />
    <property name="java.runtime.version" value="1.6.0_51-b11-457-11M4509" />
    <property name="user.name" value="ade" />
    <property name="awt.nativeDoubleBuffering" value="true" />
    <property name="user.language" value="zh" />
    <property name="sun.boot.library.path" value="/System/Library/Java/JavaVirtualMachines/1.6.0.jdk/Contents/Libraries" />
    <property name="ant.project.default-target" value="runall" />
    <property name="ant.project.name" value="eDocTest" />
    <property name="java.version" value="1.6.0_51" />
    <property name="tests.failed" value="true" />
    <property name="user.timezone" value="" />
    <property name="sun.arch.data.model" value="64" />
    <property name="java.endorsed.dirs" value="/System/Library/Java/JavaVirtualMachines/1.6.0.jdk/Contents/Home/lib/endorsed" />
    <property name="sun.cpu.isalist" value="" />
    <property name="sun.jnu.encoding" value="EUC_CN" />
    <property name="file.encoding.pkg" value="sun.io" />
    <property name="file.separator" value="/" />
    <property name="java.specification.name" value="Java Platform API Specification" />
    <property name="java.class.version" value="50.0" />
    <property name="user.country" value="CN" />
    <property name="java.home" value="/System/Library/Java/JavaVirtualMachines/1.6.0.jdk/Contents/Home" />
    <property name="java.vm.info" value="mixed mode" />
    <property name="ant.file" value="/Users/ade/Documents/workspace/MyPush/system_test/build.xml" />
    <property name="os.version" value="10.8.4" />
    <property name="temp.dir" value="temp" />
    <property name="path.separator" value=":" />
    <property name="java.vm.version" value="20.51-b01-457" />
    <property name="ant.library.dir" value="/Users/ade/Desktop/eclipse/plugins/org.apache.ant_1.8.3.v201301120609/lib" />
    <property name="junit.output.dir" value="junit" />
    <property name="java.awt.printerjob" value="apple.awt.CPrinterJob" />
    <property name="path" value="net/synergyinfo/mypush/test/restInterface" />
    <property name="sun.io.unicode.encoding" value="UnicodeLittle" />
    <property name="awt.toolkit" value="apple.awt.CToolkit" />
    <property name="eclipse.pdebuild.scripts" value="/Users/ade/Desktop/eclipse/plugins/org.eclipse.pde.build_3.8.2.v20121114-140810/scripts//" />
    <property name="user.home" value="/Users/ade" />
    <property name="ant.file.type.eDocTest" value="file" />
    <property name="java.specification.vendor" value="Sun Microsystems Inc." />
    <property name="java.library.path" value=".:/Library/Java/Extensions:/System/Library/Java/Extensions:/usr/lib/java" />
    <property name="java.vendor.url" value="http://www.apple.com/" />
    <property name="java.vm.vendor" value="Apple Inc." />
    <property name="gopherProxySet" value="false" />
    <property name="java.runtime.name" value="Java(TM) SE Runtime Environment" />
    <property name="sun.java.command" value="org.apache.tools.ant.taskdefs.optional.junit.JUnitTestRunner net.synergyinfo.mypush.test.restInterface.TestRestfulInterface_mypush_xmppResource_user_get filtertrace=true haltOnError=false haltOnFailure=false formatter=org.apache.tools.ant.taskdefs.optional.junit.OutErrSummaryJUnitResultFormatter showoutput=true outputtoformatters=true logfailedtests=true logtestlistenerevents=false formatter=org.apache.tools.ant.taskdefs.optional.junit.XMLJUnitResultFormatter,/Users/ade/Documents/workspace/MyPush/system_test/junit/TEST-net.synergyinfo.mypush.test.restInterface.TestRestfulInterface_mypush_xmppResource_user_get.xml crashfile=/Users/ade/Documents/workspace/MyPush/system_test/junitvmwatcher1469579390755170022.properties propsfile=/Users/ade/Documents/workspace/MyPush/system_test/junit982802394091111827.properties" />
    <property name="java.class.path" value="/Users/ade/Documents/workspace/MyPush/system_test/temp:/Users/ade/Desktop/Desktop/tomcat_for_xmpp/webapps/MyPush/WEB-INF/lib/antlr-2.7.6.jar:/Users/ade/Desktop/Desktop/tomcat_for_xmpp/webapps/MyPush/WEB-INF/lib/asm-3.1.jar:/Users/ade/Desktop/Desktop/tomcat_for_xmpp/webapps/MyPush/WEB-INF/lib/asm-attrs.jar:/Users/ade/Desktop/Desktop/tomcat_for_xmpp/webapps/MyPush/WEB-INF/lib/bcprov-jdk15-140.jar:/Users/ade/Desktop/Desktop/tomcat_for_xmpp/webapps/MyPush/WEB-INF/lib/c3p0-0.9.2-pre8.jar:/Users/ade/Desktop/Desktop/tomcat_for_xmpp/webapps/MyPush/WEB-INF/lib/commons-beanutils-1.8.0.jar:/Users/ade/Desktop/Desktop/tomcat_for_xmpp/webapps/MyPush/WEB-INF/lib/commons-beanutils.jar:/Users/ade/Desktop/Desktop/tomcat_for_xmpp/webapps/MyPush/WEB-INF/lib/commons-codec-1.4.jar:/Users/ade/Desktop/Desktop/tomcat_for_xmpp/webapps/MyPush/WEB-INF/lib/commons-collections-3.2.1.jar:/Users/ade/Desktop/Desktop/tomcat_for_xmpp/webapps/MyPush/WEB-INF/lib/commons-configuration-1.6.jar:/Users/ade/Desktop/Desktop/tomcat_for_xmpp/webapps/MyPush/WEB-INF/lib/commons-dbcp-1.2.2.jar:/Users/ade/Desktop/Desktop/tomcat_for_xmpp/webapps/MyPush/WEB-INF/lib/commons-digester-2.0.jar:/Users/ade/Desktop/Desktop/tomcat_for_xmpp/webapps/MyPush/WEB-INF/lib/commons-httpclient-3.1.jar:/Users/ade/Desktop/Desktop/tomcat_for_xmpp/webapps/MyPush/WEB-INF/lib/commons-io-1.4.jar:/Users/ade/Desktop/Desktop/tomcat_for_xmpp/webapps/MyPush/WEB-INF/lib/commons-lang-2.4.jar:/Users/ade/Desktop/Desktop/tomcat_for_xmpp/webapps/MyPush/WEB-INF/lib/commons-lang-2.6.jar:/Users/ade/Desktop/Desktop/tomcat_for_xmpp/webapps/MyPush/WEB-INF/lib/commons-logging-1.1.1.jar:/Users/ade/Desktop/Desktop/tomcat_for_xmpp/webapps/MyPush/WEB-INF/lib/commons-pool-1.3.jar:/Users/ade/Desktop/Desktop/tomcat_for_xmpp/webapps/MyPush/WEB-INF/lib/dom4j-1.6.1.jar:/Users/ade/Desktop/Desktop/tomcat_for_xmpp/webapps/MyPush/WEB-INF/lib/dwr-2.0.3.jar:/Users/ade/Desktop/Desktop/tomcat_for_xmpp/webapps/MyPush/WEB-INF/lib/ehcache-1.6.1.jar:/Users/ade/Desktop/Desktop/tomcat_for_xmpp/webapps/MyPush/WEB-INF/lib/ejb3-persistence-1.0.2.GA.jar:/Users/ade/Desktop/Desktop/tomcat_for_xmpp/webapps/MyPush/WEB-INF/lib/ezmorph-1.0.4.jar:/Users/ade/Desktop/Desktop/tomcat_for_xmpp/webapps/MyPush/WEB-INF/lib/hibernate-annotations-3.4.0.GA.jar:/Users/ade/Desktop/Desktop/tomcat_for_xmpp/webapps/MyPush/WEB-INF/lib/hibernate-commons-annotations-3.1.0.GA.jar:/Users/ade/Desktop/Desktop/tomcat_for_xmpp/webapps/MyPush/WEB-INF/lib/hibernate-core-3.3.1.GA.jar:/Users/ade/Desktop/Desktop/tomcat_for_xmpp/webapps/MyPush/WEB-INF/lib/hsqldb-1.8.0.10.jar:/Users/ade/Desktop/Desktop/tomcat_for_xmpp/webapps/MyPush/WEB-INF/lib/jackson-core-asl-1.1.2.jar:/Users/ade/Desktop/Desktop/tomcat_for_xmpp/webapps/MyPush/WEB-INF/lib/jackson-jaxrs-1.1.2.jar:/Users/ade/Desktop/Desktop/tomcat_for_xmpp/webapps/MyPush/WEB-INF/lib/javassist-3.8.0.GA.jar:/Users/ade/Desktop/Desktop/tomcat_for_xmpp/webapps/MyPush/WEB-INF/lib/jcip-annotations-1.0.jar:/Users/ade/Desktop/Desktop/tomcat_for_xmpp/webapps/MyPush/WEB-INF/lib/jcommon-1.0.13.jar:/Users/ade/Desktop/Desktop/tomcat_for_xmpp/webapps/MyPush/WEB-INF/lib/jersey-bundle-1.12.jar:/Users/ade/Desktop/Desktop/tomcat_for_xmpp/webapps/MyPush/WEB-INF/lib/jersey-json-1.12.jar:/Users/ade/Desktop/Desktop/tomcat_for_xmpp/webapps/MyPush/WEB-INF/lib/jersey-multipart-1.12.jar:/Users/ade/Desktop/Desktop/tomcat_for_xmpp/webapps/MyPush/WEB-INF/lib/jersey-spring-1.0.1.jar:/Users/ade/Desktop/Desktop/tomcat_for_xmpp/webapps/MyPush/WEB-INF/lib/jettison-1.1.jar:/Users/ade/Desktop/Desktop/tomcat_for_xmpp/webapps/MyPush/WEB-INF/lib/jfreechart-1.0.9.jar:/Users/ade/Desktop/Desktop/tomcat_for_xmpp/webapps/MyPush/WEB-INF/lib/json-lib-2.4-jdk15.jar:/Users/ade/Desktop/Desktop/tomcat_for_xmpp/webapps/MyPush/WEB-INF/lib/jsr311-api-1.1.1.jar:/Users/ade/Desktop/Desktop/tomcat_for_xmpp/webapps/MyPush/WEB-INF/lib/jstl-1.1.2.jar:/Users/ade/Desktop/Desktop/tomcat_for_xmpp/webapps/MyPush/WEB-INF/lib/jta-1.1.jar:/Users/ade/Desktop/Desktop/tomcat_for_xmpp/webapps/MyPush/WEB-INF/lib/junit-4.4.jar:/Users/ade/Desktop/Desktop/tomcat_for_xmpp/webapps/MyPush/WEB-INF/lib/libidn-1.15.jar:/Users/ade/Desktop/Desktop/tomcat_for_xmpp/webapps/MyPush/WEB-INF/lib/log4j-1.2.12.jar:/Users/ade/Desktop/Desktop/tomcat_for_xmpp/webapps/MyPush/WEB-INF/lib/mchange-commons-java-0.2.3.3.jar:/Users/ade/Desktop/Desktop/tomcat_for_xmpp/webapps/MyPush/WEB-INF/lib/mina-core-2.0.0-RC1.jar:/Users/ade/Desktop/Desktop/tomcat_for_xmpp/webapps/MyPush/WEB-INF/lib/mina-integration-beans-2.0.0-RC1.jar:/Users/ade/Desktop/Desktop/tomcat_for_xmpp/webapps/MyPush/WEB-INF/lib/mysql-connector-java-5.1.6.jar:/Users/ade/Desktop/Desktop/tomcat_for_xmpp/webapps/MyPush/WEB-INF/lib/nekopull-0.2.4.jar:/Users/ade/Desktop/Desktop/tomcat_for_xmpp/webapps/MyPush/WEB-INF/lib/quartz-all-1.6.4.jar:/Users/ade/Desktop/Desktop/tomcat_for_xmpp/webapps/MyPush/WEB-INF/lib/servlet-api.jar:/Users/ade/Desktop/Desktop/tomcat_for_xmpp/webapps/MyPush/WEB-INF/lib/sitemesh-2.4.1.jar:/Users/ade/Desktop/Desktop/tomcat_for_xmpp/webapps/MyPush/WEB-INF/lib/slf4j-api-1.5.8.jar:/Users/ade/Desktop/Desktop/tomcat_for_xmpp/webapps/MyPush/WEB-INF/lib/slf4j-log4j12-1.5.8.jar:/Users/ade/Desktop/Desktop/tomcat_for_xmpp/webapps/MyPush/WEB-INF/lib/spring-2.5.6.jar:/Users/ade/Desktop/Desktop/tomcat_for_xmpp/webapps/MyPush/WEB-INF/lib/spring-webmvc-2.5.6.jar:/Users/ade/Desktop/Desktop/tomcat_for_xmpp/webapps/MyPush/WEB-INF/lib/standard-1.1.2.jar:/Users/ade/Desktop/Desktop/tomcat_for_xmpp/webapps/MyPush/WEB-INF/lib/starter.jar:/Users/ade/Desktop/Desktop/tomcat_for_xmpp/webapps/MyPush/WEB-INF/lib/tinder-1.2.1.jar:/Users/ade/Desktop/Desktop/tomcat_for_xmpp/webapps/MyPush/WEB-INF/lib/xercesImpl-2.9.1.jar:/Users/ade/Desktop/Desktop/tomcat_for_xmpp/webapps/MyPush/WEB-INF/lib/xml-apis-1.3.04.jar:/Users/ade/Desktop/Desktop/tomcat_for_xmpp/webapps/MyPush/WEB-INF/lib/xpp3-1.1.4c.jar:/Users/ade/Desktop/eclipse/plugins/org.apache.ant_1.8.3.v201301120609/lib/ant-launcher.jar:/Users/ade/Desktop/eclipse/plugins/org.apache.ant_1.8.3.v201301120609/lib/ant.jar:/Users/ade/Desktop/eclipse/plugins/org.apache.ant_1.8.3.v201301120609/lib/ant-junit.jar:/Users/ade/Desktop/eclipse/plugins/org.apache.ant_1.8.3.v201301120609/lib/ant-junit4.jar" />
    <property name="ant.version" value="Apache Ant(TM) version 1.8.3 compiled on February 26 2012" />
    <property name="java.vm.specification.name" value="Java Virtual Machine Specification" />
    <property name="java.vm.specification.version" value="1.0" />
    <property name="sun.cpu.endian" value="little" />
    <property name="sun.os.patch.level" value="unknown" />
    <property name="eclipse.pdebuild.home" value="/Users/ade/Desktop/eclipse/plugins/org.eclipse.pde.build_3.8.2.v20121114-140810/.//" />
    <property name="java.io.tmpdir" value="/var/folders/38/0r4r59td1y70q1dqctsntjvm0000gr/T/" />
    <property name="java.vendor.url.bug" value="http://bugreport.apple.com/" />
    <property name="mrj.build" value="11M4509" />
    <property name="os.arch" value="x86_64" />
    <property name="java.awt.graphicsenv" value="apple.awt.CGraphicsEnvironment" />
    <property name="java.ext.dirs" value="/Library/Java/Extensions:/System/Library/Java/Extensions:/System/Library/Java/JavaVirtualMachines/1.6.0.jdk/Contents/Home/lib/ext" />
    <property name="mrj.version" value="1070.1.6.0_51-457" />
    <property name="user.dir" value="/Users/ade/Documents/workspace/MyPush/system_test" />
    <property name="line.separator" value="&#xa;" />
    <property name="java.vm.name" value="Java HotSpot(TM) 64-Bit Server VM" />
    <property name="basedir" value="/Users/ade/Documents/workspace/MyPush/system_test" />
    <property name="ant.java.version" value="1.6" />
    <property name="ant.core.lib" value="/Users/ade/Desktop/eclipse/plugins/org.apache.ant_1.8.3.v201301120609/lib/ant.jar" />
    <property name="file.encoding" value="EUC_CN" />
    <property name="ant.file.eDocTest" value="/Users/ade/Documents/workspace/MyPush/system_test/build.xml" />
    <property name="java.specification.version" value="1.6" />
    <property name="src.dir" value="." />
    <property name="ant.project.invoked-targets" value="runall" />
  </properties>
  <testcase classname="net.synergyinfo.mypush.test.restInterface.TestRestfulInterface_mypush_xmppResource_user_get" name="test_user_get[0]" time="1.034" />
  <testcase classname="net.synergyinfo.mypush.test.restInterface.TestRestfulInterface_mypush_xmppResource_user_get" name="test_user_get[1]" time="0.449" />
  <testcase classname="net.synergyinfo.mypush.test.restInterface.TestRestfulInterface_mypush_xmppResource_user_get" name="test_user_get[2]" time="0.45" />
  <testcase classname="net.synergyinfo.mypush.test.restInterface.TestRestfulInterface_mypush_xmppResource_user_get" name="test_user_get[3]" time="0.433" />
  <testcase classname="net.synergyinfo.mypush.test.restInterface.TestRestfulInterface_mypush_xmppResource_user_get" name="test_user_get[4]" time="0.44" />
  <testcase classname="net.synergyinfo.mypush.test.restInterface.TestRestfulInterface_mypush_xmppResource_user_get" name="test_user_get[5]" time="0.383" />
  <testcase classname="net.synergyinfo.mypush.test.restInterface.TestRestfulInterface_mypush_xmppResource_user_get" name="test_user_get[6]" time="0.326" />
  <testcase classname="net.synergyinfo.mypush.test.restInterface.TestRestfulInterface_mypush_xmppResource_user_get" name="test_user_get[7]" time="0.332" />
  <testcase classname="net.synergyinfo.mypush.test.restInterface.TestRestfulInterface_mypush_xmppResource_user_get" name="test_user_get[8]" time="0.316" />
  <testcase classname="net.synergyinfo.mypush.test.restInterface.TestRestfulInterface_mypush_xmppResource_user_get" name="test_user_get[9]" time="0.376" />
  <testcase classname="net.synergyinfo.mypush.test.restInterface.TestRestfulInterface_mypush_xmppResource_user_get" name="test_user_get[10]" time="0.343" />
  <testcase classname="net.synergyinfo.mypush.test.restInterface.TestRestfulInterface_mypush_xmppResource_user_get" name="test_user_get[11]" time="0.281" />
  <testcase classname="net.synergyinfo.mypush.test.restInterface.TestRestfulInterface_mypush_xmppResource_user_get" name="test_user_get[12]" time="0.909" />
  <testcase classname="net.synergyinfo.mypush.test.restInterface.TestRestfulInterface_mypush_xmppResource_user_get" name="test_user_get[13]" time="0.339" />
  <testcase classname="net.synergyinfo.mypush.test.restInterface.TestRestfulInterface_mypush_xmppResource_user_get" name="test_user_get[14]" time="0.3" />
  <testcase classname="net.synergyinfo.mypush.test.restInterface.TestRestfulInterface_mypush_xmppResource_user_get" name="test_user_get[15]" time="0.291" />
  <testcase classname="net.synergyinfo.mypush.test.restInterface.TestRestfulInterface_mypush_xmppResource_user_get" name="test_user_get[16]" time="0.275" />
  <testcase classname="net.synergyinfo.mypush.test.restInterface.TestRestfulInterface_mypush_xmppResource_user_get" name="test_user_get[17]" time="0.326" />
  <testcase classname="net.synergyinfo.mypush.test.restInterface.TestRestfulInterface_mypush_xmppResource_user_get" name="test_user_get[18]" time="0.291" />
  <testcase classname="net.synergyinfo.mypush.test.restInterface.TestRestfulInterface_mypush_xmppResource_user_get" name="test_user_get[19]" time="0.292" />
  <testcase classname="net.synergyinfo.mypush.test.restInterface.TestRestfulInterface_mypush_xmppResource_user_get" name="test_user_get[20]" time="0.298" />
  <testcase classname="net.synergyinfo.mypush.test.restInterface.TestRestfulInterface_mypush_xmppResource_user_get" name="test_user_get[21]" time="0.275" />
  <testcase classname="net.synergyinfo.mypush.test.restInterface.TestRestfulInterface_mypush_xmppResource_user_get" name="test_user_get[22]" time="0.291" />
  <testcase classname="net.synergyinfo.mypush.test.restInterface.TestRestfulInterface_mypush_xmppResource_user_get" name="test_user_get[23]" time="0.299" />
  <testcase classname="net.synergyinfo.mypush.test.restInterface.TestRestfulInterface_mypush_xmppResource_user_get" name="test_user_get[24]" time="0.292" />
  <testcase classname="net.synergyinfo.mypush.test.restInterface.TestRestfulInterface_mypush_xmppResource_user_get" name="test_user_get[25]" time="0.266" />
  <testcase classname="net.synergyinfo.mypush.test.restInterface.TestRestfulInterface_mypush_xmppResource_user_get" name="test_user_get[26]" time="0.283" />
  <testcase classname="net.synergyinfo.mypush.test.restInterface.TestRestfulInterface_mypush_xmppResource_user_get" name="test_user_get[27]" time="0.333" />
  <testcase classname="net.synergyinfo.mypush.test.restInterface.TestRestfulInterface_mypush_xmppResource_user_get" name="test_user_get[28]" time="0.383" />
  <testcase classname="net.synergyinfo.mypush.test.restInterface.TestRestfulInterface_mypush_xmppResource_user_get" name="test_user_get[29]" time="0.351" />
  <system-out><![CDATA[- Test resource for:xmpp
- test_user_get
- http://192.168.0.212/MyPush/resources/xmpp/user/1234
- {"status":"error","msg":"User not found"}
- test_user_get
- http://192.168.0.212/MyPush/resources/xmpp/register
- {"status":"ok","msg":"user created","id":1122}
- id=1122
- test_user_get
- http://192.168.0.212/MyPush/resources/xmpp/user/1122
- {"status":"ok","msg":"wrong input","username":"testUser","userId":"1122","presence":"N\/A"}
- test_user_get
- http://192.168.0.212/MyPush/resources/xmpp/user/1122
- {"status":"ok","msg":"removed"}
- Test resource for:xmpp
- test_user_get
- http://192.168.0.212/MyPush/resources/xmpp/user/1234
- {"status":"error","msg":"User not found"}
- test_user_get
- http://192.168.0.212/MyPush/resources/xmpp/register
- {"status":"ok","msg":"user created","id":1123}
- id=1123
- test_user_get
- http://192.168.0.212/MyPush/resources/xmpp/user/1123
- {"status":"ok","msg":"wrong input","username":"testUser","userId":"1123","presence":"N\/A"}
- test_user_get
- http://192.168.0.212/MyPush/resources/xmpp/user/1123
- {"status":"ok","msg":"removed"}
- Test resource for:xmpp
- test_user_get
- http://192.168.0.212/MyPush/resources/xmpp/user/1234
- {"status":"error","msg":"User not found"}
- test_user_get
- http://192.168.0.212/MyPush/resources/xmpp/register
- {"status":"ok","msg":"user created","id":1124}
- id=1124
- test_user_get
- http://192.168.0.212/MyPush/resources/xmpp/user/1124
- {"status":"ok","msg":"wrong input","username":"testUser","userId":"1124","presence":"N\/A"}
- test_user_get
- http://192.168.0.212/MyPush/resources/xmpp/user/1124
- {"status":"ok","msg":"removed"}
- Test resource for:xmpp
- test_user_get
- http://192.168.0.212/MyPush/resources/xmpp/user/1234
- {"status":"error","msg":"User not found"}
- test_user_get
- http://192.168.0.212/MyPush/resources/xmpp/register
- {"status":"ok","msg":"user created","id":1125}
- id=1125
- test_user_get
- http://192.168.0.212/MyPush/resources/xmpp/user/1125
- {"status":"ok","msg":"wrong input","username":"testUser","userId":"1125","presence":"N\/A"}
- test_user_get
- http://192.168.0.212/MyPush/resources/xmpp/user/1125
- {"status":"ok","msg":"removed"}
- Test resource for:xmpp
- test_user_get
- http://192.168.0.212/MyPush/resources/xmpp/user/1234
- {"status":"error","msg":"User not found"}
- test_user_get
- http://192.168.0.212/MyPush/resources/xmpp/register
- {"status":"ok","msg":"user created","id":1126}
- id=1126
- test_user_get
- http://192.168.0.212/MyPush/resources/xmpp/user/1126
- {"status":"ok","msg":"wrong input","username":"testUser","userId":"1126","presence":"N\/A"}
- test_user_get
- http://192.168.0.212/MyPush/resources/xmpp/user/1126
- {"status":"ok","msg":"removed"}
- Test resource for:xmpp
- test_user_get
- http://192.168.0.212/MyPush/resources/xmpp/user/1234
- {"status":"error","msg":"User not found"}
- test_user_get
- http://192.168.0.212/MyPush/resources/xmpp/register
- {"status":"ok","msg":"user created","id":1127}
- id=1127
- test_user_get
- http://192.168.0.212/MyPush/resources/xmpp/user/1127
- {"status":"ok","msg":"wrong input","username":"testUser","userId":"1127","presence":"N\/A"}
- test_user_get
- http://192.168.0.212/MyPush/resources/xmpp/user/1127
- {"status":"ok","msg":"removed"}
- Test resource for:xmpp
- test_user_get
- http://192.168.0.212/MyPush/resources/xmpp/user/1234
- {"status":"error","msg":"User not found"}
- test_user_get
- http://192.168.0.212/MyPush/resources/xmpp/register
- {"status":"ok","msg":"user created","id":1128}
- id=1128
- test_user_get
- http://192.168.0.212/MyPush/resources/xmpp/user/1128
- {"status":"ok","msg":"wrong input","username":"testUser","userId":"1128","presence":"N\/A"}
- test_user_get
- http://192.168.0.212/MyPush/resources/xmpp/user/1128
- {"status":"ok","msg":"removed"}
- Test resource for:xmpp
- test_user_get
- http://192.168.0.212/MyPush/resources/xmpp/user/1234
- {"status":"error","msg":"User not found"}
- test_user_get
- http://192.168.0.212/MyPush/resources/xmpp/register
- {"status":"ok","msg":"user created","id":1129}
- id=1129
- test_user_get
- http://192.168.0.212/MyPush/resources/xmpp/user/1129
- {"status":"ok","msg":"wrong input","username":"testUser","userId":"1129","presence":"N\/A"}
- test_user_get
- http://192.168.0.212/MyPush/resources/xmpp/user/1129
- {"status":"ok","msg":"removed"}
- Test resource for:xmpp
- test_user_get
- http://192.168.0.212/MyPush/resources/xmpp/user/1234
- {"status":"error","msg":"User not found"}
- test_user_get
- http://192.168.0.212/MyPush/resources/xmpp/register
- {"status":"ok","msg":"user created","id":1130}
- id=1130
- test_user_get
- http://192.168.0.212/MyPush/resources/xmpp/user/1130
- {"status":"ok","msg":"wrong input","username":"testUser","userId":"1130","presence":"N\/A"}
- test_user_get
- http://192.168.0.212/MyPush/resources/xmpp/user/1130
- {"status":"ok","msg":"removed"}
- Test resource for:xmpp
- test_user_get
- http://192.168.0.212/MyPush/resources/xmpp/user/1234
- {"status":"error","msg":"User not found"}
- test_user_get
- http://192.168.0.212/MyPush/resources/xmpp/register
- {"status":"ok","msg":"user created","id":1131}
- id=1131
- test_user_get
- http://192.168.0.212/MyPush/resources/xmpp/user/1131
- {"status":"ok","msg":"wrong input","username":"testUser","userId":"1131","presence":"N\/A"}
- test_user_get
- http://192.168.0.212/MyPush/resources/xmpp/user/1131
- {"status":"ok","msg":"removed"}
- Test resource for:xmpp
- test_user_get
- http://192.168.0.212/MyPush/resources/xmpp/user/1234
- {"status":"error","msg":"User not found"}
- test_user_get
- http://192.168.0.212/MyPush/resources/xmpp/register
- {"status":"ok","msg":"user created","id":1132}
- id=1132
- test_user_get
- http://192.168.0.212/MyPush/resources/xmpp/user/1132
- {"status":"ok","msg":"wrong input","username":"testUser","userId":"1132","presence":"N\/A"}
- test_user_get
- http://192.168.0.212/MyPush/resources/xmpp/user/1132
- {"status":"ok","msg":"removed"}
- Test resource for:xmpp
- test_user_get
- http://192.168.0.212/MyPush/resources/xmpp/user/1234
- {"status":"error","msg":"User not found"}
- test_user_get
- http://192.168.0.212/MyPush/resources/xmpp/register
- {"status":"ok","msg":"user created","id":1133}
- id=1133
- test_user_get
- http://192.168.0.212/MyPush/resources/xmpp/user/1133
- {"status":"ok","msg":"wrong input","username":"testUser","userId":"1133","presence":"N\/A"}
- test_user_get
- http://192.168.0.212/MyPush/resources/xmpp/user/1133
- {"status":"ok","msg":"removed"}
- Test resource for:xmpp
- test_user_get
- http://192.168.0.212/MyPush/resources/xmpp/user/1234
- {"status":"error","msg":"User not found"}
- test_user_get
- http://192.168.0.212/MyPush/resources/xmpp/register
- {"status":"ok","msg":"user created","id":1134}
- id=1134
- test_user_get
- http://192.168.0.212/MyPush/resources/xmpp/user/1134
- {"status":"ok","msg":"wrong input","username":"testUser","userId":"1134","presence":"N\/A"}
- test_user_get
- http://192.168.0.212/MyPush/resources/xmpp/user/1134
- {"status":"ok","msg":"removed"}
- Test resource for:xmpp
- test_user_get
- http://192.168.0.212/MyPush/resources/xmpp/user/1234
- {"status":"error","msg":"User not found"}
- test_user_get
- http://192.168.0.212/MyPush/resources/xmpp/register
- {"status":"ok","msg":"user created","id":1135}
- id=1135
- test_user_get
- http://192.168.0.212/MyPush/resources/xmpp/user/1135
- {"status":"ok","msg":"wrong input","username":"testUser","userId":"1135","presence":"N\/A"}
- test_user_get
- http://192.168.0.212/MyPush/resources/xmpp/user/1135
- {"status":"ok","msg":"removed"}
- Test resource for:xmpp
- test_user_get
- http://192.168.0.212/MyPush/resources/xmpp/user/1234
- {"status":"error","msg":"User not found"}
- test_user_get
- http://192.168.0.212/MyPush/resources/xmpp/register
- {"status":"ok","msg":"user created","id":1136}
- id=1136
- test_user_get
- http://192.168.0.212/MyPush/resources/xmpp/user/1136
- {"status":"ok","msg":"wrong input","username":"testUser","userId":"1136","presence":"N\/A"}
- test_user_get
- http://192.168.0.212/MyPush/resources/xmpp/user/1136
- {"status":"ok","msg":"removed"}
- Test resource for:xmpp
- test_user_get
- http://192.168.0.212/MyPush/resources/xmpp/user/1234
- {"status":"error","msg":"User not found"}
- test_user_get
- http://192.168.0.212/MyPush/resources/xmpp/register
- {"status":"ok","msg":"user created","id":1137}
- id=1137
- test_user_get
- http://192.168.0.212/MyPush/resources/xmpp/user/1137
- {"status":"ok","msg":"wrong input","username":"testUser","userId":"1137","presence":"N\/A"}
- test_user_get
- http://192.168.0.212/MyPush/resources/xmpp/user/1137
- {"status":"ok","msg":"removed"}
- Test resource for:xmpp
- test_user_get
- http://192.168.0.212/MyPush/resources/xmpp/user/1234
- {"status":"error","msg":"User not found"}
- test_user_get
- http://192.168.0.212/MyPush/resources/xmpp/register
- {"status":"ok","msg":"user created","id":1138}
- id=1138
- test_user_get
- http://192.168.0.212/MyPush/resources/xmpp/user/1138
- {"status":"ok","msg":"wrong input","username":"testUser","userId":"1138","presence":"N\/A"}
- test_user_get
- http://192.168.0.212/MyPush/resources/xmpp/user/1138
- {"status":"ok","msg":"removed"}
- Test resource for:xmpp
- test_user_get
- http://192.168.0.212/MyPush/resources/xmpp/user/1234
- {"status":"error","msg":"User not found"}
- test_user_get
- http://192.168.0.212/MyPush/resources/xmpp/register
- {"status":"ok","msg":"user created","id":1139}
- id=1139
- test_user_get
- http://192.168.0.212/MyPush/resources/xmpp/user/1139
- {"status":"ok","msg":"wrong input","username":"testUser","userId":"1139","presence":"N\/A"}
- test_user_get
- http://192.168.0.212/MyPush/resources/xmpp/user/1139
- {"status":"ok","msg":"removed"}
- Test resource for:xmpp
- test_user_get
- http://192.168.0.212/MyPush/resources/xmpp/user/1234
- {"status":"error","msg":"User not found"}
- test_user_get
- http://192.168.0.212/MyPush/resources/xmpp/register
- {"status":"ok","msg":"user created","id":1140}
- id=1140
- test_user_get
- http://192.168.0.212/MyPush/resources/xmpp/user/1140
- {"status":"ok","msg":"wrong input","username":"testUser","userId":"1140","presence":"N\/A"}
- test_user_get
- http://192.168.0.212/MyPush/resources/xmpp/user/1140
- {"status":"ok","msg":"removed"}
- Test resource for:xmpp
- test_user_get
- http://192.168.0.212/MyPush/resources/xmpp/user/1234
- {"status":"error","msg":"User not found"}
- test_user_get
- http://192.168.0.212/MyPush/resources/xmpp/register
- {"status":"ok","msg":"user created","id":1141}
- id=1141
- test_user_get
- http://192.168.0.212/MyPush/resources/xmpp/user/1141
- {"status":"ok","msg":"wrong input","username":"testUser","userId":"1141","presence":"N\/A"}
- test_user_get
- http://192.168.0.212/MyPush/resources/xmpp/user/1141
- {"status":"ok","msg":"removed"}
- Test resource for:xmpp
- test_user_get
- http://192.168.0.212/MyPush/resources/xmpp/user/1234
- {"status":"error","msg":"User not found"}
- test_user_get
- http://192.168.0.212/MyPush/resources/xmpp/register
- {"status":"ok","msg":"user created","id":1142}
- id=1142
- test_user_get
- http://192.168.0.212/MyPush/resources/xmpp/user/1142
- {"status":"ok","msg":"wrong input","username":"testUser","userId":"1142","presence":"N\/A"}
- test_user_get
- http://192.168.0.212/MyPush/resources/xmpp/user/1142
- {"status":"ok","msg":"removed"}
- Test resource for:xmpp
- test_user_get
- http://192.168.0.212/MyPush/resources/xmpp/user/1234
- {"status":"error","msg":"User not found"}
- test_user_get
- http://192.168.0.212/MyPush/resources/xmpp/register
- {"status":"ok","msg":"user created","id":1143}
- id=1143
- test_user_get
- http://192.168.0.212/MyPush/resources/xmpp/user/1143
- {"status":"ok","msg":"wrong input","username":"testUser","userId":"1143","presence":"N\/A"}
- test_user_get
- http://192.168.0.212/MyPush/resources/xmpp/user/1143
- {"status":"ok","msg":"removed"}
- Test resource for:xmpp
- test_user_get
- http://192.168.0.212/MyPush/resources/xmpp/user/1234
- {"status":"error","msg":"User not found"}
- test_user_get
- http://192.168.0.212/MyPush/resources/xmpp/register
- {"status":"ok","msg":"user created","id":1144}
- id=1144
- test_user_get
- http://192.168.0.212/MyPush/resources/xmpp/user/1144
- {"status":"ok","msg":"wrong input","username":"testUser","userId":"1144","presence":"N\/A"}
- test_user_get
- http://192.168.0.212/MyPush/resources/xmpp/user/1144
- {"status":"ok","msg":"removed"}
- Test resource for:xmpp
- test_user_get
- http://192.168.0.212/MyPush/resources/xmpp/user/1234
- {"status":"error","msg":"User not found"}
- test_user_get
- http://192.168.0.212/MyPush/resources/xmpp/register
- {"status":"ok","msg":"user created","id":1145}
- id=1145
- test_user_get
- http://192.168.0.212/MyPush/resources/xmpp/user/1145
- {"status":"ok","msg":"wrong input","username":"testUser","userId":"1145","presence":"N\/A"}
- test_user_get
- http://192.168.0.212/MyPush/resources/xmpp/user/1145
- {"status":"ok","msg":"removed"}
- Test resource for:xmpp
- test_user_get
- http://192.168.0.212/MyPush/resources/xmpp/user/1234
- {"status":"error","msg":"User not found"}
- test_user_get
- http://192.168.0.212/MyPush/resources/xmpp/register
- {"status":"ok","msg":"user created","id":1146}
- id=1146
- test_user_get
- http://192.168.0.212/MyPush/resources/xmpp/user/1146
- {"status":"ok","msg":"wrong input","username":"testUser","userId":"1146","presence":"N\/A"}
- test_user_get
- http://192.168.0.212/MyPush/resources/xmpp/user/1146
- {"status":"ok","msg":"removed"}
- Test resource for:xmpp
- test_user_get
- http://192.168.0.212/MyPush/resources/xmpp/user/1234
- {"status":"error","msg":"User not found"}
- test_user_get
- http://192.168.0.212/MyPush/resources/xmpp/register
- {"status":"ok","msg":"user created","id":1147}
- id=1147
- test_user_get
- http://192.168.0.212/MyPush/resources/xmpp/user/1147
- {"status":"ok","msg":"wrong input","username":"testUser","userId":"1147","presence":"N\/A"}
- test_user_get
- http://192.168.0.212/MyPush/resources/xmpp/user/1147
- {"status":"ok","msg":"removed"}
- Test resource for:xmpp
- test_user_get
- http://192.168.0.212/MyPush/resources/xmpp/user/1234
- {"status":"error","msg":"User not found"}
- test_user_get
- http://192.168.0.212/MyPush/resources/xmpp/register
- {"status":"ok","msg":"user created","id":1148}
- id=1148
- test_user_get
- http://192.168.0.212/MyPush/resources/xmpp/user/1148
- {"status":"ok","msg":"wrong input","username":"testUser","userId":"1148","presence":"N\/A"}
- test_user_get
- http://192.168.0.212/MyPush/resources/xmpp/user/1148
- {"status":"ok","msg":"removed"}
- Test resource for:xmpp
- test_user_get
- http://192.168.0.212/MyPush/resources/xmpp/user/1234
- {"status":"error","msg":"User not found"}
- test_user_get
- http://192.168.0.212/MyPush/resources/xmpp/register
- {"status":"ok","msg":"user created","id":1149}
- id=1149
- test_user_get
- http://192.168.0.212/MyPush/resources/xmpp/user/1149
- {"status":"ok","msg":"wrong input","username":"testUser","userId":"1149","presence":"N\/A"}
- test_user_get
- http://192.168.0.212/MyPush/resources/xmpp/user/1149
- {"status":"ok","msg":"removed"}
- Test resource for:xmpp
- test_user_get
- http://192.168.0.212/MyPush/resources/xmpp/user/1234
- {"status":"error","msg":"User not found"}
- test_user_get
- http://192.168.0.212/MyPush/resources/xmpp/register
- {"status":"ok","msg":"user created","id":1150}
- id=1150
- test_user_get
- http://192.168.0.212/MyPush/resources/xmpp/user/1150
- {"status":"ok","msg":"wrong input","username":"testUser","userId":"1150","presence":"N\/A"}
- test_user_get
- http://192.168.0.212/MyPush/resources/xmpp/user/1150
- {"status":"ok","msg":"removed"}
- Test resource for:xmpp
- test_user_get
- http://192.168.0.212/MyPush/resources/xmpp/user/1234
- {"status":"error","msg":"User not found"}
- test_user_get
- http://192.168.0.212/MyPush/resources/xmpp/register
- {"status":"ok","msg":"user created","id":1151}
- id=1151
- test_user_get
- http://192.168.0.212/MyPush/resources/xmpp/user/1151
- {"status":"ok","msg":"wrong input","username":"testUser","userId":"1151","presence":"N\/A"}
- test_user_get
- http://192.168.0.212/MyPush/resources/xmpp/user/1151
- {"status":"ok","msg":"removed"}
]]></system-out>
  <system-err><![CDATA[]]></system-err>
</testsuite>
