<?xml version="1.0" encoding="UTF-8" ?>
<testsuite errors="0" failures="0" hostname="rimasakotekiMacBook-Pro.local" name="net.synergyinfo.mypush.test.restInterface.TestRestfulInterface_mypush_xmppResource_user_delete" tests="30" time="9.594" timestamp="2013-08-27T01:40:07">
  <properties>
    <property name="java.vendor" value="Apple Inc." />
    <property name="lib.dir" value="/Users/ade/Desktop/Desktop/tomcat_for_xmpp/webapps/MyPush/WEB-INF/lib" />
    <property name="sun.java.launcher" value="SUN_STANDARD" />
    <property name="eclipse.pdebuild.templates" value="/Users/ade/Desktop/eclipse/plugins/org.eclipse.pde.build_3.8.2.v20121114-140810/templates//" />
    <property name="sun.management.compiler" value="HotSpot 64-Bit Tiered Compilers" />
    <property name="os.name" value="Mac OS X" />
    <property name="sun.boot.class.path" value="/System/Library/Java/JavaVirtualMachines/1.6.0.jdk/Contents/Classes/jsfd.jar:/System/Library/Java/JavaVirtualMachines/1.6.0.jdk/Contents/Classes/classes.jar:/System/Library/Frameworks/JavaVM.framework/Frameworks/JavaRuntimeSupport.framework/Resources/Java/JavaRuntimeSupport.jar:/System/Library/Java/JavaVirtualMachines/1.6.0.jdk/Contents/Classes/ui.jar:/System/Library/Java/JavaVirtualMachines/1.6.0.jdk/Contents/Classes/laf.jar:/System/Library/Java/JavaVirtualMachines/1.6.0.jdk/Contents/Classes/sunrsasign.jar:/System/Library/Java/JavaVirtualMachines/1.6.0.jdk/Contents/Classes/jsse.jar:/System/Library/Java/JavaVirtualMachines/1.6.0.jdk/Contents/Classes/jce.jar:/System/Library/Java/JavaVirtualMachines/1.6.0.jdk/Contents/Classes/charsets.jar" />
    <property name="java.vm.specification.vendor" value="Sun Microsystems Inc." />
    <property name="ant.home" value="/Users/ade/Desktop/eclipse/plugins/org.apache.ant_1.8.3.v201301120609" />
    <property name="java.runtime.version" value="1.6.0_51-b11-457-11M4509" />
    <property name="user.name" value="ade" />
    <property name="awt.nativeDoubleBuffering" value="true" />
    <property name="user.language" value="zh" />
    <property name="sun.boot.library.path" value="/System/Library/Java/JavaVirtualMachines/1.6.0.jdk/Contents/Libraries" />
    <property name="ant.project.default-target" value="runall" />
    <property name="ant.project.name" value="eDocTest" />
    <property name="java.version" value="1.6.0_51" />
    <property name="tests.failed" value="true" />
    <property name="user.timezone" value="" />
    <property name="sun.arch.data.model" value="64" />
    <property name="java.endorsed.dirs" value="/System/Library/Java/JavaVirtualMachines/1.6.0.jdk/Contents/Home/lib/endorsed" />
    <property name="sun.cpu.isalist" value="" />
    <property name="sun.jnu.encoding" value="EUC_CN" />
    <property name="file.encoding.pkg" value="sun.io" />
    <property name="file.separator" value="/" />
    <property name="java.specification.name" value="Java Platform API Specification" />
    <property name="java.class.version" value="50.0" />
    <property name="user.country" value="CN" />
    <property name="java.home" value="/System/Library/Java/JavaVirtualMachines/1.6.0.jdk/Contents/Home" />
    <property name="java.vm.info" value="mixed mode" />
    <property name="ant.file" value="/Users/ade/Documents/workspace/MyPush/system_test/build.xml" />
    <property name="os.version" value="10.8.4" />
    <property name="temp.dir" value="temp" />
    <property name="path.separator" value=":" />
    <property name="java.vm.version" value="20.51-b01-457" />
    <property name="ant.library.dir" value="/Users/ade/Desktop/eclipse/plugins/org.apache.ant_1.8.3.v201301120609/lib" />
    <property name="junit.output.dir" value="junit" />
    <property name="java.awt.printerjob" value="apple.awt.CPrinterJob" />
    <property name="path" value="net/synergyinfo/mypush/test/restInterface" />
    <property name="sun.io.unicode.encoding" value="UnicodeLittle" />
    <property name="awt.toolkit" value="apple.awt.CToolkit" />
    <property name="eclipse.pdebuild.scripts" value="/Users/ade/Desktop/eclipse/plugins/org.eclipse.pde.build_3.8.2.v20121114-140810/scripts//" />
    <property name="user.home" value="/Users/ade" />
    <property name="ant.file.type.eDocTest" value="file" />
    <property name="java.specification.vendor" value="Sun Microsystems Inc." />
    <property name="java.library.path" value=".:/Library/Java/Extensions:/System/Library/Java/Extensions:/usr/lib/java" />
    <property name="java.vendor.url" value="http://www.apple.com/" />
    <property name="java.vm.vendor" value="Apple Inc." />
    <property name="gopherProxySet" value="false" />
    <property name="java.runtime.name" value="Java(TM) SE Runtime Environment" />
    <property name="sun.java.command" value="org.apache.tools.ant.taskdefs.optional.junit.JUnitTestRunner net.synergyinfo.mypush.test.restInterface.TestRestfulInterface_mypush_xmppResource_user_delete filtertrace=true haltOnError=false haltOnFailure=false formatter=org.apache.tools.ant.taskdefs.optional.junit.OutErrSummaryJUnitResultFormatter showoutput=true outputtoformatters=true logfailedtests=true logtestlistenerevents=false formatter=org.apache.tools.ant.taskdefs.optional.junit.XMLJUnitResultFormatter,/Users/ade/Documents/workspace/MyPush/system_test/junit/TEST-net.synergyinfo.mypush.test.restInterface.TestRestfulInterface_mypush_xmppResource_user_delete.xml crashfile=/Users/ade/Documents/workspace/MyPush/system_test/junitvmwatcher6242727953861672365.properties propsfile=/Users/ade/Documents/workspace/MyPush/system_test/junit6890241646809918854.properties" />
    <property name="java.class.path" value="/Users/ade/Documents/workspace/MyPush/system_test/temp:/Users/ade/Desktop/Desktop/tomcat_for_xmpp/webapps/MyPush/WEB-INF/lib/antlr-2.7.6.jar:/Users/ade/Desktop/Desktop/tomcat_for_xmpp/webapps/MyPush/WEB-INF/lib/asm-3.1.jar:/Users/ade/Desktop/Desktop/tomcat_for_xmpp/webapps/MyPush/WEB-INF/lib/asm-attrs.jar:/Users/ade/Desktop/Desktop/tomcat_for_xmpp/webapps/MyPush/WEB-INF/lib/bcprov-jdk15-140.jar:/Users/ade/Desktop/Desktop/tomcat_for_xmpp/webapps/MyPush/WEB-INF/lib/c3p0-0.9.2-pre8.jar:/Users/ade/Desktop/Desktop/tomcat_for_xmpp/webapps/MyPush/WEB-INF/lib/commons-beanutils-1.8.0.jar:/Users/ade/Desktop/Desktop/tomcat_for_xmpp/webapps/MyPush/WEB-INF/lib/commons-beanutils.jar:/Users/ade/Desktop/Desktop/tomcat_for_xmpp/webapps/MyPush/WEB-INF/lib/commons-codec-1.4.jar:/Users/ade/Desktop/Desktop/tomcat_for_xmpp/webapps/MyPush/WEB-INF/lib/commons-collections-3.2.1.jar:/Users/ade/Desktop/Desktop/tomcat_for_xmpp/webapps/MyPush/WEB-INF/lib/commons-configuration-1.6.jar:/Users/ade/Desktop/Desktop/tomcat_for_xmpp/webapps/MyPush/WEB-INF/lib/commons-dbcp-1.2.2.jar:/Users/ade/Desktop/Desktop/tomcat_for_xmpp/webapps/MyPush/WEB-INF/lib/commons-digester-2.0.jar:/Users/ade/Desktop/Desktop/tomcat_for_xmpp/webapps/MyPush/WEB-INF/lib/commons-httpclient-3.1.jar:/Users/ade/Desktop/Desktop/tomcat_for_xmpp/webapps/MyPush/WEB-INF/lib/commons-io-1.4.jar:/Users/ade/Desktop/Desktop/tomcat_for_xmpp/webapps/MyPush/WEB-INF/lib/commons-lang-2.4.jar:/Users/ade/Desktop/Desktop/tomcat_for_xmpp/webapps/MyPush/WEB-INF/lib/commons-lang-2.6.jar:/Users/ade/Desktop/Desktop/tomcat_for_xmpp/webapps/MyPush/WEB-INF/lib/commons-logging-1.1.1.jar:/Users/ade/Desktop/Desktop/tomcat_for_xmpp/webapps/MyPush/WEB-INF/lib/commons-pool-1.3.jar:/Users/ade/Desktop/Desktop/tomcat_for_xmpp/webapps/MyPush/WEB-INF/lib/dom4j-1.6.1.jar:/Users/ade/Desktop/Desktop/tomcat_for_xmpp/webapps/MyPush/WEB-INF/lib/dwr-2.0.3.jar:/Users/ade/Desktop/Desktop/tomcat_for_xmpp/webapps/MyPush/WEB-INF/lib/ehcache-1.6.1.jar:/Users/ade/Desktop/Desktop/tomcat_for_xmpp/webapps/MyPush/WEB-INF/lib/ejb3-persistence-1.0.2.GA.jar:/Users/ade/Desktop/Desktop/tomcat_for_xmpp/webapps/MyPush/WEB-INF/lib/ezmorph-1.0.4.jar:/Users/ade/Desktop/Desktop/tomcat_for_xmpp/webapps/MyPush/WEB-INF/lib/hibernate-annotations-3.4.0.GA.jar:/Users/ade/Desktop/Desktop/tomcat_for_xmpp/webapps/MyPush/WEB-INF/lib/hibernate-commons-annotations-3.1.0.GA.jar:/Users/ade/Desktop/Desktop/tomcat_for_xmpp/webapps/MyPush/WEB-INF/lib/hibernate-core-3.3.1.GA.jar:/Users/ade/Desktop/Desktop/tomcat_for_xmpp/webapps/MyPush/WEB-INF/lib/hsqldb-1.8.0.10.jar:/Users/ade/Desktop/Desktop/tomcat_for_xmpp/webapps/MyPush/WEB-INF/lib/jackson-core-asl-1.1.2.jar:/Users/ade/Desktop/Desktop/tomcat_for_xmpp/webapps/MyPush/WEB-INF/lib/jackson-jaxrs-1.1.2.jar:/Users/ade/Desktop/Desktop/tomcat_for_xmpp/webapps/MyPush/WEB-INF/lib/javassist-3.8.0.GA.jar:/Users/ade/Desktop/Desktop/tomcat_for_xmpp/webapps/MyPush/WEB-INF/lib/jcip-annotations-1.0.jar:/Users/ade/Desktop/Desktop/tomcat_for_xmpp/webapps/MyPush/WEB-INF/lib/jcommon-1.0.13.jar:/Users/ade/Desktop/Desktop/tomcat_for_xmpp/webapps/MyPush/WEB-INF/lib/jersey-bundle-1.12.jar:/Users/ade/Desktop/Desktop/tomcat_for_xmpp/webapps/MyPush/WEB-INF/lib/jersey-json-1.12.jar:/Users/ade/Desktop/Desktop/tomcat_for_xmpp/webapps/MyPush/WEB-INF/lib/jersey-multipart-1.12.jar:/Users/ade/Desktop/Desktop/tomcat_for_xmpp/webapps/MyPush/WEB-INF/lib/jersey-spring-1.0.1.jar:/Users/ade/Desktop/Desktop/tomcat_for_xmpp/webapps/MyPush/WEB-INF/lib/jettison-1.1.jar:/Users/ade/Desktop/Desktop/tomcat_for_xmpp/webapps/MyPush/WEB-INF/lib/jfreechart-1.0.9.jar:/Users/ade/Desktop/Desktop/tomcat_for_xmpp/webapps/MyPush/WEB-INF/lib/json-lib-2.4-jdk15.jar:/Users/ade/Desktop/Desktop/tomcat_for_xmpp/webapps/MyPush/WEB-INF/lib/jsr311-api-1.1.1.jar:/Users/ade/Desktop/Desktop/tomcat_for_xmpp/webapps/MyPush/WEB-INF/lib/jstl-1.1.2.jar:/Users/ade/Desktop/Desktop/tomcat_for_xmpp/webapps/MyPush/WEB-INF/lib/jta-1.1.jar:/Users/ade/Desktop/Desktop/tomcat_for_xmpp/webapps/MyPush/WEB-INF/lib/junit-4.4.jar:/Users/ade/Desktop/Desktop/tomcat_for_xmpp/webapps/MyPush/WEB-INF/lib/libidn-1.15.jar:/Users/ade/Desktop/Desktop/tomcat_for_xmpp/webapps/MyPush/WEB-INF/lib/log4j-1.2.12.jar:/Users/ade/Desktop/Desktop/tomcat_for_xmpp/webapps/MyPush/WEB-INF/lib/mchange-commons-java-0.2.3.3.jar:/Users/ade/Desktop/Desktop/tomcat_for_xmpp/webapps/MyPush/WEB-INF/lib/mina-core-2.0.0-RC1.jar:/Users/ade/Desktop/Desktop/tomcat_for_xmpp/webapps/MyPush/WEB-INF/lib/mina-integration-beans-2.0.0-RC1.jar:/Users/ade/Desktop/Desktop/tomcat_for_xmpp/webapps/MyPush/WEB-INF/lib/mysql-connector-java-5.1.6.jar:/Users/ade/Desktop/Desktop/tomcat_for_xmpp/webapps/MyPush/WEB-INF/lib/nekopull-0.2.4.jar:/Users/ade/Desktop/Desktop/tomcat_for_xmpp/webapps/MyPush/WEB-INF/lib/quartz-all-1.6.4.jar:/Users/ade/Desktop/Desktop/tomcat_for_xmpp/webapps/MyPush/WEB-INF/lib/servlet-api.jar:/Users/ade/Desktop/Desktop/tomcat_for_xmpp/webapps/MyPush/WEB-INF/lib/sitemesh-2.4.1.jar:/Users/ade/Desktop/Desktop/tomcat_for_xmpp/webapps/MyPush/WEB-INF/lib/slf4j-api-1.5.8.jar:/Users/ade/Desktop/Desktop/tomcat_for_xmpp/webapps/MyPush/WEB-INF/lib/slf4j-log4j12-1.5.8.jar:/Users/ade/Desktop/Desktop/tomcat_for_xmpp/webapps/MyPush/WEB-INF/lib/spring-2.5.6.jar:/Users/ade/Desktop/Desktop/tomcat_for_xmpp/webapps/MyPush/WEB-INF/lib/spring-webmvc-2.5.6.jar:/Users/ade/Desktop/Desktop/tomcat_for_xmpp/webapps/MyPush/WEB-INF/lib/standard-1.1.2.jar:/Users/ade/Desktop/Desktop/tomcat_for_xmpp/webapps/MyPush/WEB-INF/lib/starter.jar:/Users/ade/Desktop/Desktop/tomcat_for_xmpp/webapps/MyPush/WEB-INF/lib/tinder-1.2.1.jar:/Users/ade/Desktop/Desktop/tomcat_for_xmpp/webapps/MyPush/WEB-INF/lib/xercesImpl-2.9.1.jar:/Users/ade/Desktop/Desktop/tomcat_for_xmpp/webapps/MyPush/WEB-INF/lib/xml-apis-1.3.04.jar:/Users/ade/Desktop/Desktop/tomcat_for_xmpp/webapps/MyPush/WEB-INF/lib/xpp3-1.1.4c.jar:/Users/ade/Desktop/eclipse/plugins/org.apache.ant_1.8.3.v201301120609/lib/ant-launcher.jar:/Users/ade/Desktop/eclipse/plugins/org.apache.ant_1.8.3.v201301120609/lib/ant.jar:/Users/ade/Desktop/eclipse/plugins/org.apache.ant_1.8.3.v201301120609/lib/ant-junit.jar:/Users/ade/Desktop/eclipse/plugins/org.apache.ant_1.8.3.v201301120609/lib/ant-junit4.jar" />
    <property name="ant.version" value="Apache Ant(TM) version 1.8.3 compiled on February 26 2012" />
    <property name="java.vm.specification.name" value="Java Virtual Machine Specification" />
    <property name="java.vm.specification.version" value="1.0" />
    <property name="sun.cpu.endian" value="little" />
    <property name="sun.os.patch.level" value="unknown" />
    <property name="eclipse.pdebuild.home" value="/Users/ade/Desktop/eclipse/plugins/org.eclipse.pde.build_3.8.2.v20121114-140810/.//" />
    <property name="java.io.tmpdir" value="/var/folders/38/0r4r59td1y70q1dqctsntjvm0000gr/T/" />
    <property name="java.vendor.url.bug" value="http://bugreport.apple.com/" />
    <property name="mrj.build" value="11M4509" />
    <property name="os.arch" value="x86_64" />
    <property name="java.awt.graphicsenv" value="apple.awt.CGraphicsEnvironment" />
    <property name="java.ext.dirs" value="/Library/Java/Extensions:/System/Library/Java/Extensions:/System/Library/Java/JavaVirtualMachines/1.6.0.jdk/Contents/Home/lib/ext" />
    <property name="mrj.version" value="1070.1.6.0_51-457" />
    <property name="user.dir" value="/Users/ade/Documents/workspace/MyPush/system_test" />
    <property name="line.separator" value="&#xa;" />
    <property name="java.vm.name" value="Java HotSpot(TM) 64-Bit Server VM" />
    <property name="basedir" value="/Users/ade/Documents/workspace/MyPush/system_test" />
    <property name="ant.java.version" value="1.6" />
    <property name="ant.core.lib" value="/Users/ade/Desktop/eclipse/plugins/org.apache.ant_1.8.3.v201301120609/lib/ant.jar" />
    <property name="file.encoding" value="EUC_CN" />
    <property name="ant.file.eDocTest" value="/Users/ade/Documents/workspace/MyPush/system_test/build.xml" />
    <property name="java.specification.version" value="1.6" />
    <property name="src.dir" value="." />
    <property name="ant.project.invoked-targets" value="runall" />
  </properties>
  <testcase classname="net.synergyinfo.mypush.test.restInterface.TestRestfulInterface_mypush_xmppResource_user_delete" name="test_register_and_delete[0]" time="0.828" />
  <testcase classname="net.synergyinfo.mypush.test.restInterface.TestRestfulInterface_mypush_xmppResource_user_delete" name="test_register_and_delete[1]" time="0.421" />
  <testcase classname="net.synergyinfo.mypush.test.restInterface.TestRestfulInterface_mypush_xmppResource_user_delete" name="test_register_and_delete[2]" time="0.414" />
  <testcase classname="net.synergyinfo.mypush.test.restInterface.TestRestfulInterface_mypush_xmppResource_user_delete" name="test_register_and_delete[3]" time="0.348" />
  <testcase classname="net.synergyinfo.mypush.test.restInterface.TestRestfulInterface_mypush_xmppResource_user_delete" name="test_register_and_delete[4]" time="0.336" />
  <testcase classname="net.synergyinfo.mypush.test.restInterface.TestRestfulInterface_mypush_xmppResource_user_delete" name="test_register_and_delete[5]" time="0.332" />
  <testcase classname="net.synergyinfo.mypush.test.restInterface.TestRestfulInterface_mypush_xmppResource_user_delete" name="test_register_and_delete[6]" time="0.325" />
  <testcase classname="net.synergyinfo.mypush.test.restInterface.TestRestfulInterface_mypush_xmppResource_user_delete" name="test_register_and_delete[7]" time="0.383" />
  <testcase classname="net.synergyinfo.mypush.test.restInterface.TestRestfulInterface_mypush_xmppResource_user_delete" name="test_register_and_delete[8]" time="0.285" />
  <testcase classname="net.synergyinfo.mypush.test.restInterface.TestRestfulInterface_mypush_xmppResource_user_delete" name="test_register_and_delete[9]" time="0.278" />
  <testcase classname="net.synergyinfo.mypush.test.restInterface.TestRestfulInterface_mypush_xmppResource_user_delete" name="test_register_and_delete[10]" time="0.298" />
  <testcase classname="net.synergyinfo.mypush.test.restInterface.TestRestfulInterface_mypush_xmppResource_user_delete" name="test_register_and_delete[11]" time="0.266" />
  <testcase classname="net.synergyinfo.mypush.test.restInterface.TestRestfulInterface_mypush_xmppResource_user_delete" name="test_register_and_delete[12]" time="0.237" />
  <testcase classname="net.synergyinfo.mypush.test.restInterface.TestRestfulInterface_mypush_xmppResource_user_delete" name="test_register_and_delete[13]" time="0.297" />
  <testcase classname="net.synergyinfo.mypush.test.restInterface.TestRestfulInterface_mypush_xmppResource_user_delete" name="test_register_and_delete[14]" time="0.251" />
  <testcase classname="net.synergyinfo.mypush.test.restInterface.TestRestfulInterface_mypush_xmppResource_user_delete" name="test_register_and_delete[15]" time="0.238" />
  <testcase classname="net.synergyinfo.mypush.test.restInterface.TestRestfulInterface_mypush_xmppResource_user_delete" name="test_register_and_delete[16]" time="0.251" />
  <testcase classname="net.synergyinfo.mypush.test.restInterface.TestRestfulInterface_mypush_xmppResource_user_delete" name="test_register_and_delete[17]" time="0.287" />
  <testcase classname="net.synergyinfo.mypush.test.restInterface.TestRestfulInterface_mypush_xmppResource_user_delete" name="test_register_and_delete[18]" time="0.275" />
  <testcase classname="net.synergyinfo.mypush.test.restInterface.TestRestfulInterface_mypush_xmppResource_user_delete" name="test_register_and_delete[19]" time="0.238" />
  <testcase classname="net.synergyinfo.mypush.test.restInterface.TestRestfulInterface_mypush_xmppResource_user_delete" name="test_register_and_delete[20]" time="0.259" />
  <testcase classname="net.synergyinfo.mypush.test.restInterface.TestRestfulInterface_mypush_xmppResource_user_delete" name="test_register_and_delete[21]" time="0.232" />
  <testcase classname="net.synergyinfo.mypush.test.restInterface.TestRestfulInterface_mypush_xmppResource_user_delete" name="test_register_and_delete[22]" time="0.606" />
  <testcase classname="net.synergyinfo.mypush.test.restInterface.TestRestfulInterface_mypush_xmppResource_user_delete" name="test_register_and_delete[23]" time="0.246" />
  <testcase classname="net.synergyinfo.mypush.test.restInterface.TestRestfulInterface_mypush_xmppResource_user_delete" name="test_register_and_delete[24]" time="0.27" />
  <testcase classname="net.synergyinfo.mypush.test.restInterface.TestRestfulInterface_mypush_xmppResource_user_delete" name="test_register_and_delete[25]" time="0.256" />
  <testcase classname="net.synergyinfo.mypush.test.restInterface.TestRestfulInterface_mypush_xmppResource_user_delete" name="test_register_and_delete[26]" time="0.231" />
  <testcase classname="net.synergyinfo.mypush.test.restInterface.TestRestfulInterface_mypush_xmppResource_user_delete" name="test_register_and_delete[27]" time="0.248" />
  <testcase classname="net.synergyinfo.mypush.test.restInterface.TestRestfulInterface_mypush_xmppResource_user_delete" name="test_register_and_delete[28]" time="0.241" />
  <testcase classname="net.synergyinfo.mypush.test.restInterface.TestRestfulInterface_mypush_xmppResource_user_delete" name="test_register_and_delete[29]" time="0.224" />
  <system-out><![CDATA[- Test resource for:xmpp
- test_register_and_delete
- http://192.168.0.212/MyPush/resources/xmpp/register
- {"status":"ok","msg":"user created","id":1092}
- id=1092
- test_register_and_delete
- http://192.168.0.212/MyPush/resources/xmpp/user/1092
- {"status":"ok","msg":"removed"}
- test_register_and_delete
- http://192.168.0.212/MyPush/resources/xmpp/user/1092
- {"status":"error","msg":"User not found"}
- Test resource for:xmpp
- test_register_and_delete
- http://192.168.0.212/MyPush/resources/xmpp/register
- {"status":"ok","msg":"user created","id":1093}
- id=1093
- test_register_and_delete
- http://192.168.0.212/MyPush/resources/xmpp/user/1093
- {"status":"ok","msg":"removed"}
- test_register_and_delete
- http://192.168.0.212/MyPush/resources/xmpp/user/1093
- {"status":"error","msg":"User not found"}
- Test resource for:xmpp
- test_register_and_delete
- http://192.168.0.212/MyPush/resources/xmpp/register
- {"status":"ok","msg":"user created","id":1094}
- id=1094
- test_register_and_delete
- http://192.168.0.212/MyPush/resources/xmpp/user/1094
- {"status":"ok","msg":"removed"}
- test_register_and_delete
- http://192.168.0.212/MyPush/resources/xmpp/user/1094
- {"status":"error","msg":"User not found"}
- Test resource for:xmpp
- test_register_and_delete
- http://192.168.0.212/MyPush/resources/xmpp/register
- {"status":"ok","msg":"user created","id":1095}
- id=1095
- test_register_and_delete
- http://192.168.0.212/MyPush/resources/xmpp/user/1095
- {"status":"ok","msg":"removed"}
- test_register_and_delete
- http://192.168.0.212/MyPush/resources/xmpp/user/1095
- {"status":"error","msg":"User not found"}
- Test resource for:xmpp
- test_register_and_delete
- http://192.168.0.212/MyPush/resources/xmpp/register
- {"status":"ok","msg":"user created","id":1096}
- id=1096
- test_register_and_delete
- http://192.168.0.212/MyPush/resources/xmpp/user/1096
- {"status":"ok","msg":"removed"}
- test_register_and_delete
- http://192.168.0.212/MyPush/resources/xmpp/user/1096
- {"status":"error","msg":"User not found"}
- Test resource for:xmpp
- test_register_and_delete
- http://192.168.0.212/MyPush/resources/xmpp/register
- {"status":"ok","msg":"user created","id":1097}
- id=1097
- test_register_and_delete
- http://192.168.0.212/MyPush/resources/xmpp/user/1097
- {"status":"ok","msg":"removed"}
- test_register_and_delete
- http://192.168.0.212/MyPush/resources/xmpp/user/1097
- {"status":"error","msg":"User not found"}
- Test resource for:xmpp
- test_register_and_delete
- http://192.168.0.212/MyPush/resources/xmpp/register
- {"status":"ok","msg":"user created","id":1098}
- id=1098
- test_register_and_delete
- http://192.168.0.212/MyPush/resources/xmpp/user/1098
- {"status":"ok","msg":"removed"}
- test_register_and_delete
- http://192.168.0.212/MyPush/resources/xmpp/user/1098
- {"status":"error","msg":"User not found"}
- Test resource for:xmpp
- test_register_and_delete
- http://192.168.0.212/MyPush/resources/xmpp/register
- {"status":"ok","msg":"user created","id":1099}
- id=1099
- test_register_and_delete
- http://192.168.0.212/MyPush/resources/xmpp/user/1099
- {"status":"ok","msg":"removed"}
- test_register_and_delete
- http://192.168.0.212/MyPush/resources/xmpp/user/1099
- {"status":"error","msg":"User not found"}
- Test resource for:xmpp
- test_register_and_delete
- http://192.168.0.212/MyPush/resources/xmpp/register
- {"status":"ok","msg":"user created","id":1100}
- id=1100
- test_register_and_delete
- http://192.168.0.212/MyPush/resources/xmpp/user/1100
- {"status":"ok","msg":"removed"}
- test_register_and_delete
- http://192.168.0.212/MyPush/resources/xmpp/user/1100
- {"status":"error","msg":"User not found"}
- Test resource for:xmpp
- test_register_and_delete
- http://192.168.0.212/MyPush/resources/xmpp/register
- {"status":"ok","msg":"user created","id":1101}
- id=1101
- test_register_and_delete
- http://192.168.0.212/MyPush/resources/xmpp/user/1101
- {"status":"ok","msg":"removed"}
- test_register_and_delete
- http://192.168.0.212/MyPush/resources/xmpp/user/1101
- {"status":"error","msg":"User not found"}
- Test resource for:xmpp
- test_register_and_delete
- http://192.168.0.212/MyPush/resources/xmpp/register
- {"status":"ok","msg":"user created","id":1102}
- id=1102
- test_register_and_delete
- http://192.168.0.212/MyPush/resources/xmpp/user/1102
- {"status":"ok","msg":"removed"}
- test_register_and_delete
- http://192.168.0.212/MyPush/resources/xmpp/user/1102
- {"status":"error","msg":"User not found"}
- Test resource for:xmpp
- test_register_and_delete
- http://192.168.0.212/MyPush/resources/xmpp/register
- {"status":"ok","msg":"user created","id":1103}
- id=1103
- test_register_and_delete
- http://192.168.0.212/MyPush/resources/xmpp/user/1103
- {"status":"ok","msg":"removed"}
- test_register_and_delete
- http://192.168.0.212/MyPush/resources/xmpp/user/1103
- {"status":"error","msg":"User not found"}
- Test resource for:xmpp
- test_register_and_delete
- http://192.168.0.212/MyPush/resources/xmpp/register
- {"status":"ok","msg":"user created","id":1104}
- id=1104
- test_register_and_delete
- http://192.168.0.212/MyPush/resources/xmpp/user/1104
- {"status":"ok","msg":"removed"}
- test_register_and_delete
- http://192.168.0.212/MyPush/resources/xmpp/user/1104
- {"status":"error","msg":"User not found"}
- Test resource for:xmpp
- test_register_and_delete
- http://192.168.0.212/MyPush/resources/xmpp/register
- {"status":"ok","msg":"user created","id":1105}
- id=1105
- test_register_and_delete
- http://192.168.0.212/MyPush/resources/xmpp/user/1105
- {"status":"ok","msg":"removed"}
- test_register_and_delete
- http://192.168.0.212/MyPush/resources/xmpp/user/1105
- {"status":"error","msg":"User not found"}
- Test resource for:xmpp
- test_register_and_delete
- http://192.168.0.212/MyPush/resources/xmpp/register
- {"status":"ok","msg":"user created","id":1106}
- id=1106
- test_register_and_delete
- http://192.168.0.212/MyPush/resources/xmpp/user/1106
- {"status":"ok","msg":"removed"}
- test_register_and_delete
- http://192.168.0.212/MyPush/resources/xmpp/user/1106
- {"status":"error","msg":"User not found"}
- Test resource for:xmpp
- test_register_and_delete
- http://192.168.0.212/MyPush/resources/xmpp/register
- {"status":"ok","msg":"user created","id":1107}
- id=1107
- test_register_and_delete
- http://192.168.0.212/MyPush/resources/xmpp/user/1107
- {"status":"ok","msg":"removed"}
- test_register_and_delete
- http://192.168.0.212/MyPush/resources/xmpp/user/1107
- {"status":"error","msg":"User not found"}
- Test resource for:xmpp
- test_register_and_delete
- http://192.168.0.212/MyPush/resources/xmpp/register
- {"status":"ok","msg":"user created","id":1108}
- id=1108
- test_register_and_delete
- http://192.168.0.212/MyPush/resources/xmpp/user/1108
- {"status":"ok","msg":"removed"}
- test_register_and_delete
- http://192.168.0.212/MyPush/resources/xmpp/user/1108
- {"status":"error","msg":"User not found"}
- Test resource for:xmpp
- test_register_and_delete
- http://192.168.0.212/MyPush/resources/xmpp/register
- {"status":"ok","msg":"user created","id":1109}
- id=1109
- test_register_and_delete
- http://192.168.0.212/MyPush/resources/xmpp/user/1109
- {"status":"ok","msg":"removed"}
- test_register_and_delete
- http://192.168.0.212/MyPush/resources/xmpp/user/1109
- {"status":"error","msg":"User not found"}
- Test resource for:xmpp
- test_register_and_delete
- http://192.168.0.212/MyPush/resources/xmpp/register
- {"status":"ok","msg":"user created","id":1110}
- id=1110
- test_register_and_delete
- http://192.168.0.212/MyPush/resources/xmpp/user/1110
- {"status":"ok","msg":"removed"}
- test_register_and_delete
- http://192.168.0.212/MyPush/resources/xmpp/user/1110
- {"status":"error","msg":"User not found"}
- Test resource for:xmpp
- test_register_and_delete
- http://192.168.0.212/MyPush/resources/xmpp/register
- {"status":"ok","msg":"user created","id":1111}
- id=1111
- test_register_and_delete
- http://192.168.0.212/MyPush/resources/xmpp/user/1111
- {"status":"ok","msg":"removed"}
- test_register_and_delete
- http://192.168.0.212/MyPush/resources/xmpp/user/1111
- {"status":"error","msg":"User not found"}
- Test resource for:xmpp
- test_register_and_delete
- http://192.168.0.212/MyPush/resources/xmpp/register
- {"status":"ok","msg":"user created","id":1112}
- id=1112
- test_register_and_delete
- http://192.168.0.212/MyPush/resources/xmpp/user/1112
- {"status":"ok","msg":"removed"}
- test_register_and_delete
- http://192.168.0.212/MyPush/resources/xmpp/user/1112
- {"status":"error","msg":"User not found"}
- Test resource for:xmpp
- test_register_and_delete
- http://192.168.0.212/MyPush/resources/xmpp/register
- {"status":"ok","msg":"user created","id":1113}
- id=1113
- test_register_and_delete
- http://192.168.0.212/MyPush/resources/xmpp/user/1113
- {"status":"ok","msg":"removed"}
- test_register_and_delete
- http://192.168.0.212/MyPush/resources/xmpp/user/1113
- {"status":"error","msg":"User not found"}
- Test resource for:xmpp
- test_register_and_delete
- http://192.168.0.212/MyPush/resources/xmpp/register
- {"status":"ok","msg":"user created","id":1114}
- id=1114
- test_register_and_delete
- http://192.168.0.212/MyPush/resources/xmpp/user/1114
- {"status":"ok","msg":"removed"}
- test_register_and_delete
- http://192.168.0.212/MyPush/resources/xmpp/user/1114
- {"status":"error","msg":"User not found"}
- Test resource for:xmpp
- test_register_and_delete
- http://192.168.0.212/MyPush/resources/xmpp/register
- {"status":"ok","msg":"user created","id":1115}
- id=1115
- test_register_and_delete
- http://192.168.0.212/MyPush/resources/xmpp/user/1115
- {"status":"ok","msg":"removed"}
- test_register_and_delete
- http://192.168.0.212/MyPush/resources/xmpp/user/1115
- {"status":"error","msg":"User not found"}
- Test resource for:xmpp
- test_register_and_delete
- http://192.168.0.212/MyPush/resources/xmpp/register
- {"status":"ok","msg":"user created","id":1116}
- id=1116
- test_register_and_delete
- http://192.168.0.212/MyPush/resources/xmpp/user/1116
- {"status":"ok","msg":"removed"}
- test_register_and_delete
- http://192.168.0.212/MyPush/resources/xmpp/user/1116
- {"status":"error","msg":"User not found"}
- Test resource for:xmpp
- test_register_and_delete
- http://192.168.0.212/MyPush/resources/xmpp/register
- {"status":"ok","msg":"user created","id":1117}
- id=1117
- test_register_and_delete
- http://192.168.0.212/MyPush/resources/xmpp/user/1117
- {"status":"ok","msg":"removed"}
- test_register_and_delete
- http://192.168.0.212/MyPush/resources/xmpp/user/1117
- {"status":"error","msg":"User not found"}
- Test resource for:xmpp
- test_register_and_delete
- http://192.168.0.212/MyPush/resources/xmpp/register
- {"status":"ok","msg":"user created","id":1118}
- id=1118
- test_register_and_delete
- http://192.168.0.212/MyPush/resources/xmpp/user/1118
- {"status":"ok","msg":"removed"}
- test_register_and_delete
- http://192.168.0.212/MyPush/resources/xmpp/user/1118
- {"status":"error","msg":"User not found"}
- Test resource for:xmpp
- test_register_and_delete
- http://192.168.0.212/MyPush/resources/xmpp/register
- {"status":"ok","msg":"user created","id":1119}
- id=1119
- test_register_and_delete
- http://192.168.0.212/MyPush/resources/xmpp/user/1119
- {"status":"ok","msg":"removed"}
- test_register_and_delete
- http://192.168.0.212/MyPush/resources/xmpp/user/1119
- {"status":"error","msg":"User not found"}
- Test resource for:xmpp
- test_register_and_delete
- http://192.168.0.212/MyPush/resources/xmpp/register
- {"status":"ok","msg":"user created","id":1120}
- id=1120
- test_register_and_delete
- http://192.168.0.212/MyPush/resources/xmpp/user/1120
- {"status":"ok","msg":"removed"}
- test_register_and_delete
- http://192.168.0.212/MyPush/resources/xmpp/user/1120
- {"status":"error","msg":"User not found"}
- Test resource for:xmpp
- test_register_and_delete
- http://192.168.0.212/MyPush/resources/xmpp/register
- {"status":"ok","msg":"user created","id":1121}
- id=1121
- test_register_and_delete
- http://192.168.0.212/MyPush/resources/xmpp/user/1121
- {"status":"ok","msg":"removed"}
- test_register_and_delete
- http://192.168.0.212/MyPush/resources/xmpp/user/1121
- {"status":"error","msg":"User not found"}
]]></system-out>
  <system-err><![CDATA[]]></system-err>
</testsuite>
