<?xml version="1.0" encoding="UTF-8" ?>
<testsuite errors="0" failures="0" hostname="rimasakotekiMacBook-Pro.local" name="net.synergyinfo.mypush.test.restInterface.TestRestfulInterface_mypush_xmppResource_devId_data" tests="60" time="8.11" timestamp="2013-08-27T01:39:53">
  <properties>
    <property name="java.vendor" value="Apple Inc." />
    <property name="lib.dir" value="/Users/ade/Desktop/Desktop/tomcat_for_xmpp/webapps/MyPush/WEB-INF/lib" />
    <property name="sun.java.launcher" value="SUN_STANDARD" />
    <property name="eclipse.pdebuild.templates" value="/Users/ade/Desktop/eclipse/plugins/org.eclipse.pde.build_3.8.2.v20121114-140810/templates//" />
    <property name="sun.management.compiler" value="HotSpot 64-Bit Tiered Compilers" />
    <property name="os.name" value="Mac OS X" />
    <property name="sun.boot.class.path" value="/System/Library/Java/JavaVirtualMachines/1.6.0.jdk/Contents/Classes/jsfd.jar:/System/Library/Java/JavaVirtualMachines/1.6.0.jdk/Contents/Classes/classes.jar:/System/Library/Frameworks/JavaVM.framework/Frameworks/JavaRuntimeSupport.framework/Resources/Java/JavaRuntimeSupport.jar:/System/Library/Java/JavaVirtualMachines/1.6.0.jdk/Contents/Classes/ui.jar:/System/Library/Java/JavaVirtualMachines/1.6.0.jdk/Contents/Classes/laf.jar:/System/Library/Java/JavaVirtualMachines/1.6.0.jdk/Contents/Classes/sunrsasign.jar:/System/Library/Java/JavaVirtualMachines/1.6.0.jdk/Contents/Classes/jsse.jar:/System/Library/Java/JavaVirtualMachines/1.6.0.jdk/Contents/Classes/jce.jar:/System/Library/Java/JavaVirtualMachines/1.6.0.jdk/Contents/Classes/charsets.jar" />
    <property name="java.vm.specification.vendor" value="Sun Microsystems Inc." />
    <property name="ant.home" value="/Users/ade/Desktop/eclipse/plugins/org.apache.ant_1.8.3.v201301120609" />
    <property name="java.runtime.version" value="1.6.0_51-b11-457-11M4509" />
    <property name="user.name" value="ade" />
    <property name="awt.nativeDoubleBuffering" value="true" />
    <property name="user.language" value="zh" />
    <property name="sun.boot.library.path" value="/System/Library/Java/JavaVirtualMachines/1.6.0.jdk/Contents/Libraries" />
    <property name="ant.project.default-target" value="runall" />
    <property name="ant.project.name" value="eDocTest" />
    <property name="java.version" value="1.6.0_51" />
    <property name="tests.failed" value="true" />
    <property name="user.timezone" value="" />
    <property name="sun.arch.data.model" value="64" />
    <property name="java.endorsed.dirs" value="/System/Library/Java/JavaVirtualMachines/1.6.0.jdk/Contents/Home/lib/endorsed" />
    <property name="sun.cpu.isalist" value="" />
    <property name="sun.jnu.encoding" value="EUC_CN" />
    <property name="file.encoding.pkg" value="sun.io" />
    <property name="file.separator" value="/" />
    <property name="java.specification.name" value="Java Platform API Specification" />
    <property name="java.class.version" value="50.0" />
    <property name="user.country" value="CN" />
    <property name="java.home" value="/System/Library/Java/JavaVirtualMachines/1.6.0.jdk/Contents/Home" />
    <property name="java.vm.info" value="mixed mode" />
    <property name="ant.file" value="/Users/ade/Documents/workspace/MyPush/system_test/build.xml" />
    <property name="os.version" value="10.8.4" />
    <property name="temp.dir" value="temp" />
    <property name="path.separator" value=":" />
    <property name="java.vm.version" value="20.51-b01-457" />
    <property name="ant.library.dir" value="/Users/ade/Desktop/eclipse/plugins/org.apache.ant_1.8.3.v201301120609/lib" />
    <property name="junit.output.dir" value="junit" />
    <property name="java.awt.printerjob" value="apple.awt.CPrinterJob" />
    <property name="path" value="net/synergyinfo/mypush/test/restInterface" />
    <property name="sun.io.unicode.encoding" value="UnicodeLittle" />
    <property name="awt.toolkit" value="apple.awt.CToolkit" />
    <property name="eclipse.pdebuild.scripts" value="/Users/ade/Desktop/eclipse/plugins/org.eclipse.pde.build_3.8.2.v20121114-140810/scripts//" />
    <property name="user.home" value="/Users/ade" />
    <property name="ant.file.type.eDocTest" value="file" />
    <property name="java.specification.vendor" value="Sun Microsystems Inc." />
    <property name="java.library.path" value=".:/Library/Java/Extensions:/System/Library/Java/Extensions:/usr/lib/java" />
    <property name="java.vendor.url" value="http://www.apple.com/" />
    <property name="java.vm.vendor" value="Apple Inc." />
    <property name="gopherProxySet" value="false" />
    <property name="java.runtime.name" value="Java(TM) SE Runtime Environment" />
    <property name="sun.java.command" value="org.apache.tools.ant.taskdefs.optional.junit.JUnitTestRunner net.synergyinfo.mypush.test.restInterface.TestRestfulInterface_mypush_xmppResource_devId_data filtertrace=true haltOnError=false haltOnFailure=false formatter=org.apache.tools.ant.taskdefs.optional.junit.OutErrSummaryJUnitResultFormatter showoutput=true outputtoformatters=true logfailedtests=true logtestlistenerevents=false formatter=org.apache.tools.ant.taskdefs.optional.junit.XMLJUnitResultFormatter,/Users/ade/Documents/workspace/MyPush/system_test/junit/TEST-net.synergyinfo.mypush.test.restInterface.TestRestfulInterface_mypush_xmppResource_devId_data.xml crashfile=/Users/ade/Documents/workspace/MyPush/system_test/junitvmwatcher8928482786542307572.properties propsfile=/Users/ade/Documents/workspace/MyPush/system_test/junit6736399512983796874.properties" />
    <property name="java.class.path" value="/Users/ade/Documents/workspace/MyPush/system_test/temp:/Users/ade/Desktop/Desktop/tomcat_for_xmpp/webapps/MyPush/WEB-INF/lib/antlr-2.7.6.jar:/Users/ade/Desktop/Desktop/tomcat_for_xmpp/webapps/MyPush/WEB-INF/lib/asm-3.1.jar:/Users/ade/Desktop/Desktop/tomcat_for_xmpp/webapps/MyPush/WEB-INF/lib/asm-attrs.jar:/Users/ade/Desktop/Desktop/tomcat_for_xmpp/webapps/MyPush/WEB-INF/lib/bcprov-jdk15-140.jar:/Users/ade/Desktop/Desktop/tomcat_for_xmpp/webapps/MyPush/WEB-INF/lib/c3p0-0.9.2-pre8.jar:/Users/ade/Desktop/Desktop/tomcat_for_xmpp/webapps/MyPush/WEB-INF/lib/commons-beanutils-1.8.0.jar:/Users/ade/Desktop/Desktop/tomcat_for_xmpp/webapps/MyPush/WEB-INF/lib/commons-beanutils.jar:/Users/ade/Desktop/Desktop/tomcat_for_xmpp/webapps/MyPush/WEB-INF/lib/commons-codec-1.4.jar:/Users/ade/Desktop/Desktop/tomcat_for_xmpp/webapps/MyPush/WEB-INF/lib/commons-collections-3.2.1.jar:/Users/ade/Desktop/Desktop/tomcat_for_xmpp/webapps/MyPush/WEB-INF/lib/commons-configuration-1.6.jar:/Users/ade/Desktop/Desktop/tomcat_for_xmpp/webapps/MyPush/WEB-INF/lib/commons-dbcp-1.2.2.jar:/Users/ade/Desktop/Desktop/tomcat_for_xmpp/webapps/MyPush/WEB-INF/lib/commons-digester-2.0.jar:/Users/ade/Desktop/Desktop/tomcat_for_xmpp/webapps/MyPush/WEB-INF/lib/commons-httpclient-3.1.jar:/Users/ade/Desktop/Desktop/tomcat_for_xmpp/webapps/MyPush/WEB-INF/lib/commons-io-1.4.jar:/Users/ade/Desktop/Desktop/tomcat_for_xmpp/webapps/MyPush/WEB-INF/lib/commons-lang-2.4.jar:/Users/ade/Desktop/Desktop/tomcat_for_xmpp/webapps/MyPush/WEB-INF/lib/commons-lang-2.6.jar:/Users/ade/Desktop/Desktop/tomcat_for_xmpp/webapps/MyPush/WEB-INF/lib/commons-logging-1.1.1.jar:/Users/ade/Desktop/Desktop/tomcat_for_xmpp/webapps/MyPush/WEB-INF/lib/commons-pool-1.3.jar:/Users/ade/Desktop/Desktop/tomcat_for_xmpp/webapps/MyPush/WEB-INF/lib/dom4j-1.6.1.jar:/Users/ade/Desktop/Desktop/tomcat_for_xmpp/webapps/MyPush/WEB-INF/lib/dwr-2.0.3.jar:/Users/ade/Desktop/Desktop/tomcat_for_xmpp/webapps/MyPush/WEB-INF/lib/ehcache-1.6.1.jar:/Users/ade/Desktop/Desktop/tomcat_for_xmpp/webapps/MyPush/WEB-INF/lib/ejb3-persistence-1.0.2.GA.jar:/Users/ade/Desktop/Desktop/tomcat_for_xmpp/webapps/MyPush/WEB-INF/lib/ezmorph-1.0.4.jar:/Users/ade/Desktop/Desktop/tomcat_for_xmpp/webapps/MyPush/WEB-INF/lib/hibernate-annotations-3.4.0.GA.jar:/Users/ade/Desktop/Desktop/tomcat_for_xmpp/webapps/MyPush/WEB-INF/lib/hibernate-commons-annotations-3.1.0.GA.jar:/Users/ade/Desktop/Desktop/tomcat_for_xmpp/webapps/MyPush/WEB-INF/lib/hibernate-core-3.3.1.GA.jar:/Users/ade/Desktop/Desktop/tomcat_for_xmpp/webapps/MyPush/WEB-INF/lib/hsqldb-1.8.0.10.jar:/Users/ade/Desktop/Desktop/tomcat_for_xmpp/webapps/MyPush/WEB-INF/lib/jackson-core-asl-1.1.2.jar:/Users/ade/Desktop/Desktop/tomcat_for_xmpp/webapps/MyPush/WEB-INF/lib/jackson-jaxrs-1.1.2.jar:/Users/ade/Desktop/Desktop/tomcat_for_xmpp/webapps/MyPush/WEB-INF/lib/javassist-3.8.0.GA.jar:/Users/ade/Desktop/Desktop/tomcat_for_xmpp/webapps/MyPush/WEB-INF/lib/jcip-annotations-1.0.jar:/Users/ade/Desktop/Desktop/tomcat_for_xmpp/webapps/MyPush/WEB-INF/lib/jcommon-1.0.13.jar:/Users/ade/Desktop/Desktop/tomcat_for_xmpp/webapps/MyPush/WEB-INF/lib/jersey-bundle-1.12.jar:/Users/ade/Desktop/Desktop/tomcat_for_xmpp/webapps/MyPush/WEB-INF/lib/jersey-json-1.12.jar:/Users/ade/Desktop/Desktop/tomcat_for_xmpp/webapps/MyPush/WEB-INF/lib/jersey-multipart-1.12.jar:/Users/ade/Desktop/Desktop/tomcat_for_xmpp/webapps/MyPush/WEB-INF/lib/jersey-spring-1.0.1.jar:/Users/ade/Desktop/Desktop/tomcat_for_xmpp/webapps/MyPush/WEB-INF/lib/jettison-1.1.jar:/Users/ade/Desktop/Desktop/tomcat_for_xmpp/webapps/MyPush/WEB-INF/lib/jfreechart-1.0.9.jar:/Users/ade/Desktop/Desktop/tomcat_for_xmpp/webapps/MyPush/WEB-INF/lib/json-lib-2.4-jdk15.jar:/Users/ade/Desktop/Desktop/tomcat_for_xmpp/webapps/MyPush/WEB-INF/lib/jsr311-api-1.1.1.jar:/Users/ade/Desktop/Desktop/tomcat_for_xmpp/webapps/MyPush/WEB-INF/lib/jstl-1.1.2.jar:/Users/ade/Desktop/Desktop/tomcat_for_xmpp/webapps/MyPush/WEB-INF/lib/jta-1.1.jar:/Users/ade/Desktop/Desktop/tomcat_for_xmpp/webapps/MyPush/WEB-INF/lib/junit-4.4.jar:/Users/ade/Desktop/Desktop/tomcat_for_xmpp/webapps/MyPush/WEB-INF/lib/libidn-1.15.jar:/Users/ade/Desktop/Desktop/tomcat_for_xmpp/webapps/MyPush/WEB-INF/lib/log4j-1.2.12.jar:/Users/ade/Desktop/Desktop/tomcat_for_xmpp/webapps/MyPush/WEB-INF/lib/mchange-commons-java-0.2.3.3.jar:/Users/ade/Desktop/Desktop/tomcat_for_xmpp/webapps/MyPush/WEB-INF/lib/mina-core-2.0.0-RC1.jar:/Users/ade/Desktop/Desktop/tomcat_for_xmpp/webapps/MyPush/WEB-INF/lib/mina-integration-beans-2.0.0-RC1.jar:/Users/ade/Desktop/Desktop/tomcat_for_xmpp/webapps/MyPush/WEB-INF/lib/mysql-connector-java-5.1.6.jar:/Users/ade/Desktop/Desktop/tomcat_for_xmpp/webapps/MyPush/WEB-INF/lib/nekopull-0.2.4.jar:/Users/ade/Desktop/Desktop/tomcat_for_xmpp/webapps/MyPush/WEB-INF/lib/quartz-all-1.6.4.jar:/Users/ade/Desktop/Desktop/tomcat_for_xmpp/webapps/MyPush/WEB-INF/lib/servlet-api.jar:/Users/ade/Desktop/Desktop/tomcat_for_xmpp/webapps/MyPush/WEB-INF/lib/sitemesh-2.4.1.jar:/Users/ade/Desktop/Desktop/tomcat_for_xmpp/webapps/MyPush/WEB-INF/lib/slf4j-api-1.5.8.jar:/Users/ade/Desktop/Desktop/tomcat_for_xmpp/webapps/MyPush/WEB-INF/lib/slf4j-log4j12-1.5.8.jar:/Users/ade/Desktop/Desktop/tomcat_for_xmpp/webapps/MyPush/WEB-INF/lib/spring-2.5.6.jar:/Users/ade/Desktop/Desktop/tomcat_for_xmpp/webapps/MyPush/WEB-INF/lib/spring-webmvc-2.5.6.jar:/Users/ade/Desktop/Desktop/tomcat_for_xmpp/webapps/MyPush/WEB-INF/lib/standard-1.1.2.jar:/Users/ade/Desktop/Desktop/tomcat_for_xmpp/webapps/MyPush/WEB-INF/lib/starter.jar:/Users/ade/Desktop/Desktop/tomcat_for_xmpp/webapps/MyPush/WEB-INF/lib/tinder-1.2.1.jar:/Users/ade/Desktop/Desktop/tomcat_for_xmpp/webapps/MyPush/WEB-INF/lib/xercesImpl-2.9.1.jar:/Users/ade/Desktop/Desktop/tomcat_for_xmpp/webapps/MyPush/WEB-INF/lib/xml-apis-1.3.04.jar:/Users/ade/Desktop/Desktop/tomcat_for_xmpp/webapps/MyPush/WEB-INF/lib/xpp3-1.1.4c.jar:/Users/ade/Desktop/eclipse/plugins/org.apache.ant_1.8.3.v201301120609/lib/ant-launcher.jar:/Users/ade/Desktop/eclipse/plugins/org.apache.ant_1.8.3.v201301120609/lib/ant.jar:/Users/ade/Desktop/eclipse/plugins/org.apache.ant_1.8.3.v201301120609/lib/ant-junit.jar:/Users/ade/Desktop/eclipse/plugins/org.apache.ant_1.8.3.v201301120609/lib/ant-junit4.jar" />
    <property name="ant.version" value="Apache Ant(TM) version 1.8.3 compiled on February 26 2012" />
    <property name="java.vm.specification.name" value="Java Virtual Machine Specification" />
    <property name="java.vm.specification.version" value="1.0" />
    <property name="sun.cpu.endian" value="little" />
    <property name="sun.os.patch.level" value="unknown" />
    <property name="eclipse.pdebuild.home" value="/Users/ade/Desktop/eclipse/plugins/org.eclipse.pde.build_3.8.2.v20121114-140810/.//" />
    <property name="java.io.tmpdir" value="/var/folders/38/0r4r59td1y70q1dqctsntjvm0000gr/T/" />
    <property name="java.vendor.url.bug" value="http://bugreport.apple.com/" />
    <property name="mrj.build" value="11M4509" />
    <property name="os.arch" value="x86_64" />
    <property name="java.awt.graphicsenv" value="apple.awt.CGraphicsEnvironment" />
    <property name="java.ext.dirs" value="/Library/Java/Extensions:/System/Library/Java/Extensions:/System/Library/Java/JavaVirtualMachines/1.6.0.jdk/Contents/Home/lib/ext" />
    <property name="mrj.version" value="1070.1.6.0_51-457" />
    <property name="user.dir" value="/Users/ade/Documents/workspace/MyPush/system_test" />
    <property name="line.separator" value="&#xa;" />
    <property name="java.vm.name" value="Java HotSpot(TM) 64-Bit Server VM" />
    <property name="basedir" value="/Users/ade/Documents/workspace/MyPush/system_test" />
    <property name="ant.java.version" value="1.6" />
    <property name="ant.core.lib" value="/Users/ade/Desktop/eclipse/plugins/org.apache.ant_1.8.3.v201301120609/lib/ant.jar" />
    <property name="file.encoding" value="EUC_CN" />
    <property name="ant.file.eDocTest" value="/Users/ade/Documents/workspace/MyPush/system_test/build.xml" />
    <property name="java.specification.version" value="1.6" />
    <property name="src.dir" value="." />
    <property name="ant.project.invoked-targets" value="runall" />
  </properties>
  <testcase classname="net.synergyinfo.mypush.test.restInterface.TestRestfulInterface_mypush_xmppResource_devId_data" name="test_push_check_devId_data[0]" time="0.525" />
  <testcase classname="net.synergyinfo.mypush.test.restInterface.TestRestfulInterface_mypush_xmppResource_devId_data" name="test_push_check_devId_data[1]" time="0.205" />
  <testcase classname="net.synergyinfo.mypush.test.restInterface.TestRestfulInterface_mypush_xmppResource_devId_data" name="test_push_check_devId_data[2]" time="0.141" />
  <testcase classname="net.synergyinfo.mypush.test.restInterface.TestRestfulInterface_mypush_xmppResource_devId_data" name="test_push_check_devId_data[3]" time="0.15" />
  <testcase classname="net.synergyinfo.mypush.test.restInterface.TestRestfulInterface_mypush_xmppResource_devId_data" name="test_push_check_devId_data[4]" time="0.14" />
  <testcase classname="net.synergyinfo.mypush.test.restInterface.TestRestfulInterface_mypush_xmppResource_devId_data" name="test_push_check_devId_data[5]" time="0.2" />
  <testcase classname="net.synergyinfo.mypush.test.restInterface.TestRestfulInterface_mypush_xmppResource_devId_data" name="test_push_check_devId_data[6]" time="0.149" />
  <testcase classname="net.synergyinfo.mypush.test.restInterface.TestRestfulInterface_mypush_xmppResource_devId_data" name="test_push_check_devId_data[7]" time="0.142" />
  <testcase classname="net.synergyinfo.mypush.test.restInterface.TestRestfulInterface_mypush_xmppResource_devId_data" name="test_push_check_devId_data[8]" time="0.132" />
  <testcase classname="net.synergyinfo.mypush.test.restInterface.TestRestfulInterface_mypush_xmppResource_devId_data" name="test_push_check_devId_data[9]" time="0.126" />
  <testcase classname="net.synergyinfo.mypush.test.restInterface.TestRestfulInterface_mypush_xmppResource_devId_data" name="test_push_check_devId_data[10]" time="0.148" />
  <testcase classname="net.synergyinfo.mypush.test.restInterface.TestRestfulInterface_mypush_xmppResource_devId_data" name="test_push_check_devId_data[11]" time="0.15" />
  <testcase classname="net.synergyinfo.mypush.test.restInterface.TestRestfulInterface_mypush_xmppResource_devId_data" name="test_push_check_devId_data[12]" time="0.124" />
  <testcase classname="net.synergyinfo.mypush.test.restInterface.TestRestfulInterface_mypush_xmppResource_devId_data" name="test_push_check_devId_data[13]" time="0.124" />
  <testcase classname="net.synergyinfo.mypush.test.restInterface.TestRestfulInterface_mypush_xmppResource_devId_data" name="test_push_check_devId_data[14]" time="0.153" />
  <testcase classname="net.synergyinfo.mypush.test.restInterface.TestRestfulInterface_mypush_xmppResource_devId_data" name="test_push_check_devId_data[15]" time="0.129" />
  <testcase classname="net.synergyinfo.mypush.test.restInterface.TestRestfulInterface_mypush_xmppResource_devId_data" name="test_push_check_devId_data[16]" time="0.107" />
  <testcase classname="net.synergyinfo.mypush.test.restInterface.TestRestfulInterface_mypush_xmppResource_devId_data" name="test_push_check_devId_data[17]" time="0.116" />
  <testcase classname="net.synergyinfo.mypush.test.restInterface.TestRestfulInterface_mypush_xmppResource_devId_data" name="test_push_check_devId_data[18]" time="0.132" />
  <testcase classname="net.synergyinfo.mypush.test.restInterface.TestRestfulInterface_mypush_xmppResource_devId_data" name="test_push_check_devId_data[19]" time="0.125" />
  <testcase classname="net.synergyinfo.mypush.test.restInterface.TestRestfulInterface_mypush_xmppResource_devId_data" name="test_push_check_devId_data[20]" time="0.106" />
  <testcase classname="net.synergyinfo.mypush.test.restInterface.TestRestfulInterface_mypush_xmppResource_devId_data" name="test_push_check_devId_data[21]" time="0.109" />
  <testcase classname="net.synergyinfo.mypush.test.restInterface.TestRestfulInterface_mypush_xmppResource_devId_data" name="test_push_check_devId_data[22]" time="0.123" />
  <testcase classname="net.synergyinfo.mypush.test.restInterface.TestRestfulInterface_mypush_xmppResource_devId_data" name="test_push_check_devId_data[23]" time="0.117" />
  <testcase classname="net.synergyinfo.mypush.test.restInterface.TestRestfulInterface_mypush_xmppResource_devId_data" name="test_push_check_devId_data[24]" time="0.115" />
  <testcase classname="net.synergyinfo.mypush.test.restInterface.TestRestfulInterface_mypush_xmppResource_devId_data" name="test_push_check_devId_data[25]" time="0.108" />
  <testcase classname="net.synergyinfo.mypush.test.restInterface.TestRestfulInterface_mypush_xmppResource_devId_data" name="test_push_check_devId_data[26]" time="0.106" />
  <testcase classname="net.synergyinfo.mypush.test.restInterface.TestRestfulInterface_mypush_xmppResource_devId_data" name="test_push_check_devId_data[27]" time="0.108" />
  <testcase classname="net.synergyinfo.mypush.test.restInterface.TestRestfulInterface_mypush_xmppResource_devId_data" name="test_push_check_devId_data[28]" time="0.108" />
  <testcase classname="net.synergyinfo.mypush.test.restInterface.TestRestfulInterface_mypush_xmppResource_devId_data" name="test_push_check_devId_data[29]" time="0.107" />
  <testcase classname="net.synergyinfo.mypush.test.restInterface.TestRestfulInterface_mypush_xmppResource_devId_data" name="test_push_check_devId_data[30]" time="0.14" />
  <testcase classname="net.synergyinfo.mypush.test.restInterface.TestRestfulInterface_mypush_xmppResource_devId_data" name="test_push_check_devId_data[31]" time="0.119" />
  <testcase classname="net.synergyinfo.mypush.test.restInterface.TestRestfulInterface_mypush_xmppResource_devId_data" name="test_push_check_devId_data[32]" time="0.117" />
  <testcase classname="net.synergyinfo.mypush.test.restInterface.TestRestfulInterface_mypush_xmppResource_devId_data" name="test_push_check_devId_data[33]" time="0.115" />
  <testcase classname="net.synergyinfo.mypush.test.restInterface.TestRestfulInterface_mypush_xmppResource_devId_data" name="test_push_check_devId_data[34]" time="0.113" />
  <testcase classname="net.synergyinfo.mypush.test.restInterface.TestRestfulInterface_mypush_xmppResource_devId_data" name="test_push_check_devId_data[35]" time="0.083" />
  <testcase classname="net.synergyinfo.mypush.test.restInterface.TestRestfulInterface_mypush_xmppResource_devId_data" name="test_push_check_devId_data[36]" time="0.112" />
  <testcase classname="net.synergyinfo.mypush.test.restInterface.TestRestfulInterface_mypush_xmppResource_devId_data" name="test_push_check_devId_data[37]" time="0.107" />
  <testcase classname="net.synergyinfo.mypush.test.restInterface.TestRestfulInterface_mypush_xmppResource_devId_data" name="test_push_check_devId_data[38]" time="0.108" />
  <testcase classname="net.synergyinfo.mypush.test.restInterface.TestRestfulInterface_mypush_xmppResource_devId_data" name="test_push_check_devId_data[39]" time="0.123" />
  <testcase classname="net.synergyinfo.mypush.test.restInterface.TestRestfulInterface_mypush_xmppResource_devId_data" name="test_push_check_devId_data[40]" time="0.116" />
  <testcase classname="net.synergyinfo.mypush.test.restInterface.TestRestfulInterface_mypush_xmppResource_devId_data" name="test_push_check_devId_data[41]" time="0.125" />
  <testcase classname="net.synergyinfo.mypush.test.restInterface.TestRestfulInterface_mypush_xmppResource_devId_data" name="test_push_check_devId_data[42]" time="0.116" />
  <testcase classname="net.synergyinfo.mypush.test.restInterface.TestRestfulInterface_mypush_xmppResource_devId_data" name="test_push_check_devId_data[43]" time="0.107" />
  <testcase classname="net.synergyinfo.mypush.test.restInterface.TestRestfulInterface_mypush_xmppResource_devId_data" name="test_push_check_devId_data[44]" time="0.11" />
  <testcase classname="net.synergyinfo.mypush.test.restInterface.TestRestfulInterface_mypush_xmppResource_devId_data" name="test_push_check_devId_data[45]" time="0.106" />
  <testcase classname="net.synergyinfo.mypush.test.restInterface.TestRestfulInterface_mypush_xmppResource_devId_data" name="test_push_check_devId_data[46]" time="0.119" />
  <testcase classname="net.synergyinfo.mypush.test.restInterface.TestRestfulInterface_mypush_xmppResource_devId_data" name="test_push_check_devId_data[47]" time="0.122" />
  <testcase classname="net.synergyinfo.mypush.test.restInterface.TestRestfulInterface_mypush_xmppResource_devId_data" name="test_push_check_devId_data[48]" time="0.135" />
  <testcase classname="net.synergyinfo.mypush.test.restInterface.TestRestfulInterface_mypush_xmppResource_devId_data" name="test_push_check_devId_data[49]" time="0.114" />
  <testcase classname="net.synergyinfo.mypush.test.restInterface.TestRestfulInterface_mypush_xmppResource_devId_data" name="test_push_check_devId_data[50]" time="0.126" />
  <testcase classname="net.synergyinfo.mypush.test.restInterface.TestRestfulInterface_mypush_xmppResource_devId_data" name="test_push_check_devId_data[51]" time="0.131" />
  <testcase classname="net.synergyinfo.mypush.test.restInterface.TestRestfulInterface_mypush_xmppResource_devId_data" name="test_push_check_devId_data[52]" time="0.116" />
  <testcase classname="net.synergyinfo.mypush.test.restInterface.TestRestfulInterface_mypush_xmppResource_devId_data" name="test_push_check_devId_data[53]" time="0.155" />
  <testcase classname="net.synergyinfo.mypush.test.restInterface.TestRestfulInterface_mypush_xmppResource_devId_data" name="test_push_check_devId_data[54]" time="0.119" />
  <testcase classname="net.synergyinfo.mypush.test.restInterface.TestRestfulInterface_mypush_xmppResource_devId_data" name="test_push_check_devId_data[55]" time="0.125" />
  <testcase classname="net.synergyinfo.mypush.test.restInterface.TestRestfulInterface_mypush_xmppResource_devId_data" name="test_push_check_devId_data[56]" time="0.11" />
  <testcase classname="net.synergyinfo.mypush.test.restInterface.TestRestfulInterface_mypush_xmppResource_devId_data" name="test_push_check_devId_data[57]" time="0.116" />
  <testcase classname="net.synergyinfo.mypush.test.restInterface.TestRestfulInterface_mypush_xmppResource_devId_data" name="test_push_check_devId_data[58]" time="0.136" />
  <testcase classname="net.synergyinfo.mypush.test.restInterface.TestRestfulInterface_mypush_xmppResource_devId_data" name="test_push_check_devId_data[59]" time="0.14" />
  <system-out><![CDATA[- Test resource for:xmpp
- test_push_check_devId_data
- http://192.168.0.212/MyPush/resources/xmpp/push
- {"status":"ok","msg":"finished","id":"a3c254ae0ffa4643b23d8561db40d629"}
- Test resource for:xmpp
- test_push_check_devId_data
- http://192.168.0.212/MyPush/resources/xmpp/push
- {"status":"ok","msg":"finished","id":"ad4cc45a779d41dbae4e21e16ca2f129"}
- Test resource for:xmpp
- test_push_check_devId_data
- http://192.168.0.212/MyPush/resources/xmpp/push
- {"status":"ok","msg":"finished","id":"9bfa01ae835d4f108f3c3b1bebd05ba5"}
- Test resource for:xmpp
- test_push_check_devId_data
- http://192.168.0.212/MyPush/resources/xmpp/push
- {"status":"ok","msg":"finished","id":"64909d4c6be04fb79a982672b94154c4"}
- Test resource for:xmpp
- test_push_check_devId_data
- http://192.168.0.212/MyPush/resources/xmpp/push
- {"status":"ok","msg":"finished","id":"532af73ceff2450d8d4c8c0ef5ae0832"}
- Test resource for:xmpp
- test_push_check_devId_data
- http://192.168.0.212/MyPush/resources/xmpp/push
- {"status":"ok","msg":"finished","id":"820895f75d5445f892aab905de49994a"}
- Test resource for:xmpp
- test_push_check_devId_data
- http://192.168.0.212/MyPush/resources/xmpp/push
- {"status":"ok","msg":"finished","id":"846d75c8097040e48eaf3d3c91f7762b"}
- Test resource for:xmpp
- test_push_check_devId_data
- http://192.168.0.212/MyPush/resources/xmpp/push
- {"status":"ok","msg":"finished","id":"4c57e99cd98647d18470bb3f45e95654"}
- Test resource for:xmpp
- test_push_check_devId_data
- http://192.168.0.212/MyPush/resources/xmpp/push
- {"status":"ok","msg":"finished","id":"83784566d6a4430791667ad812f13d13"}
- Test resource for:xmpp
- test_push_check_devId_data
- http://192.168.0.212/MyPush/resources/xmpp/push
- {"status":"ok","msg":"finished","id":"ff5d1220e593402996be4b754ffd7472"}
- Test resource for:xmpp
- test_push_check_devId_data
- http://192.168.0.212/MyPush/resources/xmpp/push
- {"status":"ok","msg":"finished","id":"0f28216263f24e079570f727c1e41148"}
- Test resource for:xmpp
- test_push_check_devId_data
- http://192.168.0.212/MyPush/resources/xmpp/push
- {"status":"ok","msg":"finished","id":"51e756226e9c4832bf2985b933ae4e51"}
- Test resource for:xmpp
- test_push_check_devId_data
- http://192.168.0.212/MyPush/resources/xmpp/push
- {"status":"ok","msg":"finished","id":"4601ee78f07347b8a33cd1fef29f04d7"}
- Test resource for:xmpp
- test_push_check_devId_data
- http://192.168.0.212/MyPush/resources/xmpp/push
- {"status":"ok","msg":"finished","id":"84fc911c894d4be1bb1b734f62351a5a"}
- Test resource for:xmpp
- test_push_check_devId_data
- http://192.168.0.212/MyPush/resources/xmpp/push
- {"status":"ok","msg":"finished","id":"8ec6a35e9e2d40bd82dc262d2d5e75e0"}
- Test resource for:xmpp
- test_push_check_devId_data
- http://192.168.0.212/MyPush/resources/xmpp/push
- {"status":"ok","msg":"finished","id":"a1370f355bde4658aa8777941bc6c73a"}
- Test resource for:xmpp
- test_push_check_devId_data
- http://192.168.0.212/MyPush/resources/xmpp/push
- {"status":"ok","msg":"finished","id":"c38dd502bdd04226a467827a416418b2"}
- Test resource for:xmpp
- test_push_check_devId_data
- http://192.168.0.212/MyPush/resources/xmpp/push
- {"status":"ok","msg":"finished","id":"d6116a53642b4f4fb29ba4a345c73b20"}
- Test resource for:xmpp
- test_push_check_devId_data
- http://192.168.0.212/MyPush/resources/xmpp/push
- {"status":"ok","msg":"finished","id":"4e1f6041869d4bb7bb54818effb8e93e"}
- Test resource for:xmpp
- test_push_check_devId_data
- http://192.168.0.212/MyPush/resources/xmpp/push
- {"status":"ok","msg":"finished","id":"1e7de48c00c84e27b14591436eb68810"}
- Test resource for:xmpp
- test_push_check_devId_data
- http://192.168.0.212/MyPush/resources/xmpp/push
- {"status":"ok","msg":"finished","id":"d252c4d656df41aa8593fa7e6fe65bf1"}
- Test resource for:xmpp
- test_push_check_devId_data
- http://192.168.0.212/MyPush/resources/xmpp/push
- {"status":"ok","msg":"finished","id":"97919676030c4bf992a9065e47387619"}
- Test resource for:xmpp
- test_push_check_devId_data
- http://192.168.0.212/MyPush/resources/xmpp/push
- {"status":"ok","msg":"finished","id":"6b2b91fc5f274636910e369361a21454"}
- Test resource for:xmpp
- test_push_check_devId_data
- http://192.168.0.212/MyPush/resources/xmpp/push
- {"status":"ok","msg":"finished","id":"29657dec47374be5aa2e2c2bc3f2e1e5"}
- Test resource for:xmpp
- test_push_check_devId_data
- http://192.168.0.212/MyPush/resources/xmpp/push
- {"status":"ok","msg":"finished","id":"06dc446f1460421a971babe77f9bcf37"}
- Test resource for:xmpp
- test_push_check_devId_data
- http://192.168.0.212/MyPush/resources/xmpp/push
- {"status":"ok","msg":"finished","id":"49ca2d2719554f1dbbb3e812c8a26da6"}
- Test resource for:xmpp
- test_push_check_devId_data
- http://192.168.0.212/MyPush/resources/xmpp/push
- {"status":"ok","msg":"finished","id":"230f8f0c1b06407a9fe5bc8f1eeb3d00"}
- Test resource for:xmpp
- test_push_check_devId_data
- http://192.168.0.212/MyPush/resources/xmpp/push
- {"status":"ok","msg":"finished","id":"48b78dad86dc4daeaa4bc9b0ad97b08a"}
- Test resource for:xmpp
- test_push_check_devId_data
- http://192.168.0.212/MyPush/resources/xmpp/push
- {"status":"ok","msg":"finished","id":"2bb4e694cde24c71b4feb5629a9614e8"}
- Test resource for:xmpp
- test_push_check_devId_data
- http://192.168.0.212/MyPush/resources/xmpp/push
- {"status":"ok","msg":"finished","id":"49b627c94edb4796b2771fb746c0f03c"}
- Test resource for:xmpp
- test_push_check_devId_data
- http://192.168.0.212/MyPush/resources/xmpp/push
- {"status":"ok","msg":"finished","id":"ca304003ad9544b29c404e7fbff22f06"}
- Test resource for:xmpp
- test_push_check_devId_data
- http://192.168.0.212/MyPush/resources/xmpp/push
- {"status":"ok","msg":"finished","id":"8bd3f17e540145cb9883da706adc72c4"}
- Test resource for:xmpp
- test_push_check_devId_data
- http://192.168.0.212/MyPush/resources/xmpp/push
- {"status":"ok","msg":"finished","id":"9a8a8c52c3f14cd0930b3d84346d162e"}
- Test resource for:xmpp
- test_push_check_devId_data
- http://192.168.0.212/MyPush/resources/xmpp/push
- {"status":"ok","msg":"finished","id":"cce2d007659a493bb5e76dde7667c478"}
- Test resource for:xmpp
- test_push_check_devId_data
- http://192.168.0.212/MyPush/resources/xmpp/push
- {"status":"ok","msg":"finished","id":"5fb3f2438ae943b6a22072dd332ffc65"}
- Test resource for:xmpp
- test_push_check_devId_data
- http://192.168.0.212/MyPush/resources/xmpp/push
- {"status":"ok","msg":"finished","id":"63723cf6ca484832b0cd18c85075b608"}
- Test resource for:xmpp
- test_push_check_devId_data
- http://192.168.0.212/MyPush/resources/xmpp/push
- {"status":"ok","msg":"finished","id":"32667646137545109ce1c4571f9ae201"}
- Test resource for:xmpp
- test_push_check_devId_data
- http://192.168.0.212/MyPush/resources/xmpp/push
- {"status":"ok","msg":"finished","id":"c5e262a7d0a14f7baa58de8513e4529f"}
- Test resource for:xmpp
- test_push_check_devId_data
- http://192.168.0.212/MyPush/resources/xmpp/push
- {"status":"ok","msg":"finished","id":"728300233dc8495c8d075915c03a0b4a"}
- Test resource for:xmpp
- test_push_check_devId_data
- http://192.168.0.212/MyPush/resources/xmpp/push
- {"status":"ok","msg":"finished","id":"fcd464a1ebeb444fb675068c723db37e"}
- Test resource for:xmpp
- test_push_check_devId_data
- http://192.168.0.212/MyPush/resources/xmpp/push
- {"status":"ok","msg":"finished","id":"abccc7ec4449447e847c77effff1f531"}
- Test resource for:xmpp
- test_push_check_devId_data
- http://192.168.0.212/MyPush/resources/xmpp/push
- {"status":"ok","msg":"finished","id":"1a415d3452a546d3a7044dd67c6459b4"}
- Test resource for:xmpp
- test_push_check_devId_data
- http://192.168.0.212/MyPush/resources/xmpp/push
- {"status":"ok","msg":"finished","id":"bd262e0a495b4a99960414d8e2abffe2"}
- Test resource for:xmpp
- test_push_check_devId_data
- http://192.168.0.212/MyPush/resources/xmpp/push
- {"status":"ok","msg":"finished","id":"7865f8bfc68d4975a01fcd85c22c81e8"}
- Test resource for:xmpp
- test_push_check_devId_data
- http://192.168.0.212/MyPush/resources/xmpp/push
- {"status":"ok","msg":"finished","id":"f7dd123221e44d239e0642a1ce5186c4"}
- Test resource for:xmpp
- test_push_check_devId_data
- http://192.168.0.212/MyPush/resources/xmpp/push
- {"status":"ok","msg":"finished","id":"1357659b84754e61b67a18c31b5a6e74"}
- Test resource for:xmpp
- test_push_check_devId_data
- http://192.168.0.212/MyPush/resources/xmpp/push
- {"status":"ok","msg":"finished","id":"6329574fd6474305a47f57aa69abbbe3"}
- Test resource for:xmpp
- test_push_check_devId_data
- http://192.168.0.212/MyPush/resources/xmpp/push
- {"status":"ok","msg":"finished","id":"12c24f8dc4614eef883945cdd36c6bee"}
- Test resource for:xmpp
- test_push_check_devId_data
- http://192.168.0.212/MyPush/resources/xmpp/push
- {"status":"ok","msg":"finished","id":"378602abb63e40da9f9fad7eef9ffc46"}
- Test resource for:xmpp
- test_push_check_devId_data
- http://192.168.0.212/MyPush/resources/xmpp/push
- {"status":"ok","msg":"finished","id":"f8dcf523cd3c40ec84dbddfc62a52972"}
- Test resource for:xmpp
- test_push_check_devId_data
- http://192.168.0.212/MyPush/resources/xmpp/push
- {"status":"ok","msg":"finished","id":"59820695fba64d5e97152e173cd821a8"}
- Test resource for:xmpp
- test_push_check_devId_data
- http://192.168.0.212/MyPush/resources/xmpp/push
- {"status":"ok","msg":"finished","id":"2a87a1e265ca4b638fc868b0721967ce"}
- Test resource for:xmpp
- test_push_check_devId_data
- http://192.168.0.212/MyPush/resources/xmpp/push
- {"status":"ok","msg":"finished","id":"8de908f347a044a08fc7738d2f121046"}
- Test resource for:xmpp
- test_push_check_devId_data
- http://192.168.0.212/MyPush/resources/xmpp/push
- {"status":"ok","msg":"finished","id":"7e48e83ed02c48348c25959d3d663474"}
- Test resource for:xmpp
- test_push_check_devId_data
- http://192.168.0.212/MyPush/resources/xmpp/push
- {"status":"ok","msg":"finished","id":"552214e5e27c4d958c28b21b4c0cb87c"}
- Test resource for:xmpp
- test_push_check_devId_data
- http://192.168.0.212/MyPush/resources/xmpp/push
- {"status":"ok","msg":"finished","id":"057ee27ae66a44dab705b8170f0d1eb8"}
- Test resource for:xmpp
- test_push_check_devId_data
- http://192.168.0.212/MyPush/resources/xmpp/push
- {"status":"ok","msg":"finished","id":"5894bc5d37bd4af1b8744bcdbcda7333"}
- Test resource for:xmpp
- test_push_check_devId_data
- http://192.168.0.212/MyPush/resources/xmpp/push
- {"status":"ok","msg":"finished","id":"cf2d079b37aa4d23a66748391b935c48"}
- Test resource for:xmpp
- test_push_check_devId_data
- http://192.168.0.212/MyPush/resources/xmpp/push
- {"status":"ok","msg":"finished","id":"c0351f4fe44b480d9e5c46d689d32f89"}
- Test resource for:xmpp
- test_push_check_devId_data
- http://192.168.0.212/MyPush/resources/xmpp/push
- {"status":"ok","msg":"finished","id":"513704b908af47bb8c5efdf20c299e97"}
]]></system-out>
  <system-err><![CDATA[]]></system-err>
</testsuite>
