<?xml version="1.0" encoding="UTF-8" ?>
<testsuite errors="1" failures="0" hostname="rimasakotekiMacBook-Pro.local" name="temp.net.synergyinfo.mypush.test.restInterface.TestRestfulInterface_mypush_xmppResource" tests="1" time="0.0" timestamp="2013-08-27T01:40:30">
  <properties>
    <property name="java.vendor" value="Apple Inc." />
    <property name="lib.dir" value="/Users/ade/Desktop/Desktop/tomcat_for_xmpp/webapps/MyPush/WEB-INF/lib" />
    <property name="sun.java.launcher" value="SUN_STANDARD" />
    <property name="eclipse.pdebuild.templates" value="/Users/ade/Desktop/eclipse/plugins/org.eclipse.pde.build_3.8.2.v20121114-140810/templates//" />
    <property name="sun.management.compiler" value="HotSpot 64-Bit Tiered Compilers" />
    <property name="os.name" value="Mac OS X" />
    <property name="sun.boot.class.path" value="/System/Library/Java/JavaVirtualMachines/1.6.0.jdk/Contents/Classes/jsfd.jar:/System/Library/Java/JavaVirtualMachines/1.6.0.jdk/Contents/Classes/classes.jar:/System/Library/Frameworks/JavaVM.framework/Frameworks/JavaRuntimeSupport.framework/Resources/Java/JavaRuntimeSupport.jar:/System/Library/Java/JavaVirtualMachines/1.6.0.jdk/Contents/Classes/ui.jar:/System/Library/Java/JavaVirtualMachines/1.6.0.jdk/Contents/Classes/laf.jar:/System/Library/Java/JavaVirtualMachines/1.6.0.jdk/Contents/Classes/sunrsasign.jar:/System/Library/Java/JavaVirtualMachines/1.6.0.jdk/Contents/Classes/jsse.jar:/System/Library/Java/JavaVirtualMachines/1.6.0.jdk/Contents/Classes/jce.jar:/System/Library/Java/JavaVirtualMachines/1.6.0.jdk/Contents/Classes/charsets.jar" />
    <property name="java.vm.specification.vendor" value="Sun Microsystems Inc." />
    <property name="ant.home" value="/Users/ade/Desktop/eclipse/plugins/org.apache.ant_1.8.3.v201301120609" />
    <property name="java.runtime.version" value="1.6.0_51-b11-457-11M4509" />
    <property name="user.name" value="ade" />
    <property name="awt.nativeDoubleBuffering" value="true" />
    <property name="user.language" value="zh" />
    <property name="sun.boot.library.path" value="/System/Library/Java/JavaVirtualMachines/1.6.0.jdk/Contents/Libraries" />
    <property name="ant.project.default-target" value="runall" />
    <property name="ant.project.name" value="eDocTest" />
    <property name="java.version" value="1.6.0_51" />
    <property name="tests.failed" value="true" />
    <property name="user.timezone" value="" />
    <property name="sun.arch.data.model" value="64" />
    <property name="java.endorsed.dirs" value="/System/Library/Java/JavaVirtualMachines/1.6.0.jdk/Contents/Home/lib/endorsed" />
    <property name="sun.cpu.isalist" value="" />
    <property name="sun.jnu.encoding" value="EUC_CN" />
    <property name="file.encoding.pkg" value="sun.io" />
    <property name="file.separator" value="/" />
    <property name="java.specification.name" value="Java Platform API Specification" />
    <property name="java.class.version" value="50.0" />
    <property name="user.country" value="CN" />
    <property name="java.home" value="/System/Library/Java/JavaVirtualMachines/1.6.0.jdk/Contents/Home" />
    <property name="java.vm.info" value="mixed mode" />
    <property name="ant.file" value="/Users/ade/Documents/workspace/MyPush/system_test/build.xml" />
    <property name="os.version" value="10.8.4" />
    <property name="temp.dir" value="temp" />
    <property name="path.separator" value=":" />
    <property name="java.vm.version" value="20.51-b01-457" />
    <property name="ant.library.dir" value="/Users/ade/Desktop/eclipse/plugins/org.apache.ant_1.8.3.v201301120609/lib" />
    <property name="junit.output.dir" value="junit" />
    <property name="java.awt.printerjob" value="apple.awt.CPrinterJob" />
    <property name="path" value="net/synergyinfo/mypush/test/restInterface" />
    <property name="sun.io.unicode.encoding" value="UnicodeLittle" />
    <property name="awt.toolkit" value="apple.awt.CToolkit" />
    <property name="eclipse.pdebuild.scripts" value="/Users/ade/Desktop/eclipse/plugins/org.eclipse.pde.build_3.8.2.v20121114-140810/scripts//" />
    <property name="user.home" value="/Users/ade" />
    <property name="ant.file.type.eDocTest" value="file" />
    <property name="java.specification.vendor" value="Sun Microsystems Inc." />
    <property name="java.library.path" value=".:/Library/Java/Extensions:/System/Library/Java/Extensions:/usr/lib/java" />
    <property name="java.vendor.url" value="http://www.apple.com/" />
    <property name="java.vm.vendor" value="Apple Inc." />
    <property name="gopherProxySet" value="false" />
    <property name="java.runtime.name" value="Java(TM) SE Runtime Environment" />
    <property name="sun.java.command" value="org.apache.tools.ant.taskdefs.optional.junit.JUnitTestRunner temp.net.synergyinfo.mypush.test.restInterface.TestRestfulInterface_mypush_xmppResource filtertrace=true haltOnError=false haltOnFailure=false formatter=org.apache.tools.ant.taskdefs.optional.junit.OutErrSummaryJUnitResultFormatter showoutput=true outputtoformatters=true logfailedtests=true logtestlistenerevents=false formatter=org.apache.tools.ant.taskdefs.optional.junit.XMLJUnitResultFormatter,/Users/ade/Documents/workspace/MyPush/system_test/junit/TEST-temp.net.synergyinfo.mypush.test.restInterface.TestRestfulInterface_mypush_xmppResource.xml crashfile=/Users/ade/Documents/workspace/MyPush/system_test/junitvmwatcher488355230586201356.properties propsfile=/Users/ade/Documents/workspace/MyPush/system_test/junit7776836329680254879.properties" />
    <property name="java.class.path" value="/Users/ade/Documents/workspace/MyPush/system_test/temp:/Users/ade/Desktop/Desktop/tomcat_for_xmpp/webapps/MyPush/WEB-INF/lib/antlr-2.7.6.jar:/Users/ade/Desktop/Desktop/tomcat_for_xmpp/webapps/MyPush/WEB-INF/lib/asm-3.1.jar:/Users/ade/Desktop/Desktop/tomcat_for_xmpp/webapps/MyPush/WEB-INF/lib/asm-attrs.jar:/Users/ade/Desktop/Desktop/tomcat_for_xmpp/webapps/MyPush/WEB-INF/lib/bcprov-jdk15-140.jar:/Users/ade/Desktop/Desktop/tomcat_for_xmpp/webapps/MyPush/WEB-INF/lib/c3p0-0.9.2-pre8.jar:/Users/ade/Desktop/Desktop/tomcat_for_xmpp/webapps/MyPush/WEB-INF/lib/commons-beanutils-1.8.0.jar:/Users/ade/Desktop/Desktop/tomcat_for_xmpp/webapps/MyPush/WEB-INF/lib/commons-beanutils.jar:/Users/ade/Desktop/Desktop/tomcat_for_xmpp/webapps/MyPush/WEB-INF/lib/commons-codec-1.4.jar:/Users/ade/Desktop/Desktop/tomcat_for_xmpp/webapps/MyPush/WEB-INF/lib/commons-collections-3.2.1.jar:/Users/ade/Desktop/Desktop/tomcat_for_xmpp/webapps/MyPush/WEB-INF/lib/commons-configuration-1.6.jar:/Users/ade/Desktop/Desktop/tomcat_for_xmpp/webapps/MyPush/WEB-INF/lib/commons-dbcp-1.2.2.jar:/Users/ade/Desktop/Desktop/tomcat_for_xmpp/webapps/MyPush/WEB-INF/lib/commons-digester-2.0.jar:/Users/ade/Desktop/Desktop/tomcat_for_xmpp/webapps/MyPush/WEB-INF/lib/commons-httpclient-3.1.jar:/Users/ade/Desktop/Desktop/tomcat_for_xmpp/webapps/MyPush/WEB-INF/lib/commons-io-1.4.jar:/Users/ade/Desktop/Desktop/tomcat_for_xmpp/webapps/MyPush/WEB-INF/lib/commons-lang-2.4.jar:/Users/ade/Desktop/Desktop/tomcat_for_xmpp/webapps/MyPush/WEB-INF/lib/commons-lang-2.6.jar:/Users/ade/Desktop/Desktop/tomcat_for_xmpp/webapps/MyPush/WEB-INF/lib/commons-logging-1.1.1.jar:/Users/ade/Desktop/Desktop/tomcat_for_xmpp/webapps/MyPush/WEB-INF/lib/commons-pool-1.3.jar:/Users/ade/Desktop/Desktop/tomcat_for_xmpp/webapps/MyPush/WEB-INF/lib/dom4j-1.6.1.jar:/Users/ade/Desktop/Desktop/tomcat_for_xmpp/webapps/MyPush/WEB-INF/lib/dwr-2.0.3.jar:/Users/ade/Desktop/Desktop/tomcat_for_xmpp/webapps/MyPush/WEB-INF/lib/ehcache-1.6.1.jar:/Users/ade/Desktop/Desktop/tomcat_for_xmpp/webapps/MyPush/WEB-INF/lib/ejb3-persistence-1.0.2.GA.jar:/Users/ade/Desktop/Desktop/tomcat_for_xmpp/webapps/MyPush/WEB-INF/lib/ezmorph-1.0.4.jar:/Users/ade/Desktop/Desktop/tomcat_for_xmpp/webapps/MyPush/WEB-INF/lib/hibernate-annotations-3.4.0.GA.jar:/Users/ade/Desktop/Desktop/tomcat_for_xmpp/webapps/MyPush/WEB-INF/lib/hibernate-commons-annotations-3.1.0.GA.jar:/Users/ade/Desktop/Desktop/tomcat_for_xmpp/webapps/MyPush/WEB-INF/lib/hibernate-core-3.3.1.GA.jar:/Users/ade/Desktop/Desktop/tomcat_for_xmpp/webapps/MyPush/WEB-INF/lib/hsqldb-1.8.0.10.jar:/Users/ade/Desktop/Desktop/tomcat_for_xmpp/webapps/MyPush/WEB-INF/lib/jackson-core-asl-1.1.2.jar:/Users/ade/Desktop/Desktop/tomcat_for_xmpp/webapps/MyPush/WEB-INF/lib/jackson-jaxrs-1.1.2.jar:/Users/ade/Desktop/Desktop/tomcat_for_xmpp/webapps/MyPush/WEB-INF/lib/javassist-3.8.0.GA.jar:/Users/ade/Desktop/Desktop/tomcat_for_xmpp/webapps/MyPush/WEB-INF/lib/jcip-annotations-1.0.jar:/Users/ade/Desktop/Desktop/tomcat_for_xmpp/webapps/MyPush/WEB-INF/lib/jcommon-1.0.13.jar:/Users/ade/Desktop/Desktop/tomcat_for_xmpp/webapps/MyPush/WEB-INF/lib/jersey-bundle-1.12.jar:/Users/ade/Desktop/Desktop/tomcat_for_xmpp/webapps/MyPush/WEB-INF/lib/jersey-json-1.12.jar:/Users/ade/Desktop/Desktop/tomcat_for_xmpp/webapps/MyPush/WEB-INF/lib/jersey-multipart-1.12.jar:/Users/ade/Desktop/Desktop/tomcat_for_xmpp/webapps/MyPush/WEB-INF/lib/jersey-spring-1.0.1.jar:/Users/ade/Desktop/Desktop/tomcat_for_xmpp/webapps/MyPush/WEB-INF/lib/jettison-1.1.jar:/Users/ade/Desktop/Desktop/tomcat_for_xmpp/webapps/MyPush/WEB-INF/lib/jfreechart-1.0.9.jar:/Users/ade/Desktop/Desktop/tomcat_for_xmpp/webapps/MyPush/WEB-INF/lib/json-lib-2.4-jdk15.jar:/Users/ade/Desktop/Desktop/tomcat_for_xmpp/webapps/MyPush/WEB-INF/lib/jsr311-api-1.1.1.jar:/Users/ade/Desktop/Desktop/tomcat_for_xmpp/webapps/MyPush/WEB-INF/lib/jstl-1.1.2.jar:/Users/ade/Desktop/Desktop/tomcat_for_xmpp/webapps/MyPush/WEB-INF/lib/jta-1.1.jar:/Users/ade/Desktop/Desktop/tomcat_for_xmpp/webapps/MyPush/WEB-INF/lib/junit-4.4.jar:/Users/ade/Desktop/Desktop/tomcat_for_xmpp/webapps/MyPush/WEB-INF/lib/libidn-1.15.jar:/Users/ade/Desktop/Desktop/tomcat_for_xmpp/webapps/MyPush/WEB-INF/lib/log4j-1.2.12.jar:/Users/ade/Desktop/Desktop/tomcat_for_xmpp/webapps/MyPush/WEB-INF/lib/mchange-commons-java-0.2.3.3.jar:/Users/ade/Desktop/Desktop/tomcat_for_xmpp/webapps/MyPush/WEB-INF/lib/mina-core-2.0.0-RC1.jar:/Users/ade/Desktop/Desktop/tomcat_for_xmpp/webapps/MyPush/WEB-INF/lib/mina-integration-beans-2.0.0-RC1.jar:/Users/ade/Desktop/Desktop/tomcat_for_xmpp/webapps/MyPush/WEB-INF/lib/mysql-connector-java-5.1.6.jar:/Users/ade/Desktop/Desktop/tomcat_for_xmpp/webapps/MyPush/WEB-INF/lib/nekopull-0.2.4.jar:/Users/ade/Desktop/Desktop/tomcat_for_xmpp/webapps/MyPush/WEB-INF/lib/quartz-all-1.6.4.jar:/Users/ade/Desktop/Desktop/tomcat_for_xmpp/webapps/MyPush/WEB-INF/lib/servlet-api.jar:/Users/ade/Desktop/Desktop/tomcat_for_xmpp/webapps/MyPush/WEB-INF/lib/sitemesh-2.4.1.jar:/Users/ade/Desktop/Desktop/tomcat_for_xmpp/webapps/MyPush/WEB-INF/lib/slf4j-api-1.5.8.jar:/Users/ade/Desktop/Desktop/tomcat_for_xmpp/webapps/MyPush/WEB-INF/lib/slf4j-log4j12-1.5.8.jar:/Users/ade/Desktop/Desktop/tomcat_for_xmpp/webapps/MyPush/WEB-INF/lib/spring-2.5.6.jar:/Users/ade/Desktop/Desktop/tomcat_for_xmpp/webapps/MyPush/WEB-INF/lib/spring-webmvc-2.5.6.jar:/Users/ade/Desktop/Desktop/tomcat_for_xmpp/webapps/MyPush/WEB-INF/lib/standard-1.1.2.jar:/Users/ade/Desktop/Desktop/tomcat_for_xmpp/webapps/MyPush/WEB-INF/lib/starter.jar:/Users/ade/Desktop/Desktop/tomcat_for_xmpp/webapps/MyPush/WEB-INF/lib/tinder-1.2.1.jar:/Users/ade/Desktop/Desktop/tomcat_for_xmpp/webapps/MyPush/WEB-INF/lib/xercesImpl-2.9.1.jar:/Users/ade/Desktop/Desktop/tomcat_for_xmpp/webapps/MyPush/WEB-INF/lib/xml-apis-1.3.04.jar:/Users/ade/Desktop/Desktop/tomcat_for_xmpp/webapps/MyPush/WEB-INF/lib/xpp3-1.1.4c.jar:/Users/ade/Desktop/eclipse/plugins/org.apache.ant_1.8.3.v201301120609/lib/ant-launcher.jar:/Users/ade/Desktop/eclipse/plugins/org.apache.ant_1.8.3.v201301120609/lib/ant.jar:/Users/ade/Desktop/eclipse/plugins/org.apache.ant_1.8.3.v201301120609/lib/ant-junit.jar:/Users/ade/Desktop/eclipse/plugins/org.apache.ant_1.8.3.v201301120609/lib/ant-junit4.jar" />
    <property name="ant.version" value="Apache Ant(TM) version 1.8.3 compiled on February 26 2012" />
    <property name="java.vm.specification.name" value="Java Virtual Machine Specification" />
    <property name="java.vm.specification.version" value="1.0" />
    <property name="sun.cpu.endian" value="little" />
    <property name="sun.os.patch.level" value="unknown" />
    <property name="eclipse.pdebuild.home" value="/Users/ade/Desktop/eclipse/plugins/org.eclipse.pde.build_3.8.2.v20121114-140810/.//" />
    <property name="java.io.tmpdir" value="/var/folders/38/0r4r59td1y70q1dqctsntjvm0000gr/T/" />
    <property name="java.vendor.url.bug" value="http://bugreport.apple.com/" />
    <property name="mrj.build" value="11M4509" />
    <property name="os.arch" value="x86_64" />
    <property name="java.awt.graphicsenv" value="apple.awt.CGraphicsEnvironment" />
    <property name="java.ext.dirs" value="/Library/Java/Extensions:/System/Library/Java/Extensions:/System/Library/Java/JavaVirtualMachines/1.6.0.jdk/Contents/Home/lib/ext" />
    <property name="mrj.version" value="1070.1.6.0_51-457" />
    <property name="user.dir" value="/Users/ade/Documents/workspace/MyPush/system_test" />
    <property name="line.separator" value="&#xa;" />
    <property name="java.vm.name" value="Java HotSpot(TM) 64-Bit Server VM" />
    <property name="basedir" value="/Users/ade/Documents/workspace/MyPush/system_test" />
    <property name="ant.java.version" value="1.6" />
    <property name="ant.core.lib" value="/Users/ade/Desktop/eclipse/plugins/org.apache.ant_1.8.3.v201301120609/lib/ant.jar" />
    <property name="file.encoding" value="EUC_CN" />
    <property name="ant.file.eDocTest" value="/Users/ade/Documents/workspace/MyPush/system_test/build.xml" />
    <property name="java.specification.version" value="1.6" />
    <property name="src.dir" value="." />
    <property name="ant.project.invoked-targets" value="runall" />
  </properties>
  <error message="temp.net.synergyinfo.mypush.test.restInterface.TestRestfulInterface_mypush_xmppResource" type="java.lang.ClassNotFoundException">java.lang.ClassNotFoundException: temp.net.synergyinfo.mypush.test.restInterface.TestRestfulInterface_mypush_xmppResource
	at java.net.URLClassLoader$1.run(URLClassLoader.java:202)
	at java.security.AccessController.doPrivileged(Native Method)
	at java.net.URLClassLoader.findClass(URLClassLoader.java:190)
	at java.lang.ClassLoader.loadClass(ClassLoader.java:306)
	at sun.misc.Launcher$AppClassLoader.loadClass(Launcher.java:301)
	at java.lang.ClassLoader.loadClass(ClassLoader.java:247)
	at java.lang.Class.forName0(Native Method)
	at java.lang.Class.forName(Class.java:171)
</error>
  <system-out><![CDATA[]]></system-out>
  <system-err><![CDATA[]]></system-err>
</testsuite>
