<?xml version="1.0" encoding="UTF-8" ?>
<testsuite errors="0" failures="0" hostname="rimasakotekiMacBook-Pro.local" name="net.synergyinfo.mypush.test.restInterface.TestRestfulInterface_mypush_xmppResource_a_lot" tests="1000" time="93.861" timestamp="2013-08-27T01:38:17">
  <properties>
    <property name="java.vendor" value="Apple Inc." />
    <property name="lib.dir" value="/Users/ade/Desktop/Desktop/tomcat_for_xmpp/webapps/MyPush/WEB-INF/lib" />
    <property name="sun.java.launcher" value="SUN_STANDARD" />
    <property name="eclipse.pdebuild.templates" value="/Users/ade/Desktop/eclipse/plugins/org.eclipse.pde.build_3.8.2.v20121114-140810/templates//" />
    <property name="sun.management.compiler" value="HotSpot 64-Bit Tiered Compilers" />
    <property name="os.name" value="Mac OS X" />
    <property name="sun.boot.class.path" value="/System/Library/Java/JavaVirtualMachines/1.6.0.jdk/Contents/Classes/jsfd.jar:/System/Library/Java/JavaVirtualMachines/1.6.0.jdk/Contents/Classes/classes.jar:/System/Library/Frameworks/JavaVM.framework/Frameworks/JavaRuntimeSupport.framework/Resources/Java/JavaRuntimeSupport.jar:/System/Library/Java/JavaVirtualMachines/1.6.0.jdk/Contents/Classes/ui.jar:/System/Library/Java/JavaVirtualMachines/1.6.0.jdk/Contents/Classes/laf.jar:/System/Library/Java/JavaVirtualMachines/1.6.0.jdk/Contents/Classes/sunrsasign.jar:/System/Library/Java/JavaVirtualMachines/1.6.0.jdk/Contents/Classes/jsse.jar:/System/Library/Java/JavaVirtualMachines/1.6.0.jdk/Contents/Classes/jce.jar:/System/Library/Java/JavaVirtualMachines/1.6.0.jdk/Contents/Classes/charsets.jar" />
    <property name="java.vm.specification.vendor" value="Sun Microsystems Inc." />
    <property name="ant.home" value="/Users/ade/Desktop/eclipse/plugins/org.apache.ant_1.8.3.v201301120609" />
    <property name="java.runtime.version" value="1.6.0_51-b11-457-11M4509" />
    <property name="user.name" value="ade" />
    <property name="awt.nativeDoubleBuffering" value="true" />
    <property name="user.language" value="zh" />
    <property name="sun.boot.library.path" value="/System/Library/Java/JavaVirtualMachines/1.6.0.jdk/Contents/Libraries" />
    <property name="ant.project.default-target" value="runall" />
    <property name="ant.project.name" value="eDocTest" />
    <property name="java.version" value="1.6.0_51" />
    <property name="tests.failed" value="true" />
    <property name="user.timezone" value="" />
    <property name="sun.arch.data.model" value="64" />
    <property name="java.endorsed.dirs" value="/System/Library/Java/JavaVirtualMachines/1.6.0.jdk/Contents/Home/lib/endorsed" />
    <property name="sun.cpu.isalist" value="" />
    <property name="sun.jnu.encoding" value="EUC_CN" />
    <property name="file.encoding.pkg" value="sun.io" />
    <property name="file.separator" value="/" />
    <property name="java.specification.name" value="Java Platform API Specification" />
    <property name="java.class.version" value="50.0" />
    <property name="user.country" value="CN" />
    <property name="java.home" value="/System/Library/Java/JavaVirtualMachines/1.6.0.jdk/Contents/Home" />
    <property name="java.vm.info" value="mixed mode" />
    <property name="ant.file" value="/Users/ade/Documents/workspace/MyPush/system_test/build.xml" />
    <property name="os.version" value="10.8.4" />
    <property name="temp.dir" value="temp" />
    <property name="path.separator" value=":" />
    <property name="java.vm.version" value="20.51-b01-457" />
    <property name="ant.library.dir" value="/Users/ade/Desktop/eclipse/plugins/org.apache.ant_1.8.3.v201301120609/lib" />
    <property name="junit.output.dir" value="junit" />
    <property name="java.awt.printerjob" value="apple.awt.CPrinterJob" />
    <property name="path" value="net/synergyinfo/mypush/test/restInterface" />
    <property name="sun.io.unicode.encoding" value="UnicodeLittle" />
    <property name="awt.toolkit" value="apple.awt.CToolkit" />
    <property name="eclipse.pdebuild.scripts" value="/Users/ade/Desktop/eclipse/plugins/org.eclipse.pde.build_3.8.2.v20121114-140810/scripts//" />
    <property name="user.home" value="/Users/ade" />
    <property name="ant.file.type.eDocTest" value="file" />
    <property name="java.specification.vendor" value="Sun Microsystems Inc." />
    <property name="java.library.path" value=".:/Library/Java/Extensions:/System/Library/Java/Extensions:/usr/lib/java" />
    <property name="java.vendor.url" value="http://www.apple.com/" />
    <property name="java.vm.vendor" value="Apple Inc." />
    <property name="gopherProxySet" value="false" />
    <property name="java.runtime.name" value="Java(TM) SE Runtime Environment" />
    <property name="sun.java.command" value="org.apache.tools.ant.taskdefs.optional.junit.JUnitTestRunner net.synergyinfo.mypush.test.restInterface.TestRestfulInterface_mypush_xmppResource_a_lot filtertrace=true haltOnError=false haltOnFailure=false formatter=org.apache.tools.ant.taskdefs.optional.junit.OutErrSummaryJUnitResultFormatter showoutput=true outputtoformatters=true logfailedtests=true logtestlistenerevents=false formatter=org.apache.tools.ant.taskdefs.optional.junit.XMLJUnitResultFormatter,/Users/ade/Documents/workspace/MyPush/system_test/junit/TEST-net.synergyinfo.mypush.test.restInterface.TestRestfulInterface_mypush_xmppResource_a_lot.xml crashfile=/Users/ade/Documents/workspace/MyPush/system_test/junitvmwatcher1886899575999412735.properties propsfile=/Users/ade/Documents/workspace/MyPush/system_test/junit7738701833046756019.properties" />
    <property name="java.class.path" value="/Users/ade/Documents/workspace/MyPush/system_test/temp:/Users/ade/Desktop/Desktop/tomcat_for_xmpp/webapps/MyPush/WEB-INF/lib/antlr-2.7.6.jar:/Users/ade/Desktop/Desktop/tomcat_for_xmpp/webapps/MyPush/WEB-INF/lib/asm-3.1.jar:/Users/ade/Desktop/Desktop/tomcat_for_xmpp/webapps/MyPush/WEB-INF/lib/asm-attrs.jar:/Users/ade/Desktop/Desktop/tomcat_for_xmpp/webapps/MyPush/WEB-INF/lib/bcprov-jdk15-140.jar:/Users/ade/Desktop/Desktop/tomcat_for_xmpp/webapps/MyPush/WEB-INF/lib/c3p0-0.9.2-pre8.jar:/Users/ade/Desktop/Desktop/tomcat_for_xmpp/webapps/MyPush/WEB-INF/lib/commons-beanutils-1.8.0.jar:/Users/ade/Desktop/Desktop/tomcat_for_xmpp/webapps/MyPush/WEB-INF/lib/commons-beanutils.jar:/Users/ade/Desktop/Desktop/tomcat_for_xmpp/webapps/MyPush/WEB-INF/lib/commons-codec-1.4.jar:/Users/ade/Desktop/Desktop/tomcat_for_xmpp/webapps/MyPush/WEB-INF/lib/commons-collections-3.2.1.jar:/Users/ade/Desktop/Desktop/tomcat_for_xmpp/webapps/MyPush/WEB-INF/lib/commons-configuration-1.6.jar:/Users/ade/Desktop/Desktop/tomcat_for_xmpp/webapps/MyPush/WEB-INF/lib/commons-dbcp-1.2.2.jar:/Users/ade/Desktop/Desktop/tomcat_for_xmpp/webapps/MyPush/WEB-INF/lib/commons-digester-2.0.jar:/Users/ade/Desktop/Desktop/tomcat_for_xmpp/webapps/MyPush/WEB-INF/lib/commons-httpclient-3.1.jar:/Users/ade/Desktop/Desktop/tomcat_for_xmpp/webapps/MyPush/WEB-INF/lib/commons-io-1.4.jar:/Users/ade/Desktop/Desktop/tomcat_for_xmpp/webapps/MyPush/WEB-INF/lib/commons-lang-2.4.jar:/Users/ade/Desktop/Desktop/tomcat_for_xmpp/webapps/MyPush/WEB-INF/lib/commons-lang-2.6.jar:/Users/ade/Desktop/Desktop/tomcat_for_xmpp/webapps/MyPush/WEB-INF/lib/commons-logging-1.1.1.jar:/Users/ade/Desktop/Desktop/tomcat_for_xmpp/webapps/MyPush/WEB-INF/lib/commons-pool-1.3.jar:/Users/ade/Desktop/Desktop/tomcat_for_xmpp/webapps/MyPush/WEB-INF/lib/dom4j-1.6.1.jar:/Users/ade/Desktop/Desktop/tomcat_for_xmpp/webapps/MyPush/WEB-INF/lib/dwr-2.0.3.jar:/Users/ade/Desktop/Desktop/tomcat_for_xmpp/webapps/MyPush/WEB-INF/lib/ehcache-1.6.1.jar:/Users/ade/Desktop/Desktop/tomcat_for_xmpp/webapps/MyPush/WEB-INF/lib/ejb3-persistence-1.0.2.GA.jar:/Users/ade/Desktop/Desktop/tomcat_for_xmpp/webapps/MyPush/WEB-INF/lib/ezmorph-1.0.4.jar:/Users/ade/Desktop/Desktop/tomcat_for_xmpp/webapps/MyPush/WEB-INF/lib/hibernate-annotations-3.4.0.GA.jar:/Users/ade/Desktop/Desktop/tomcat_for_xmpp/webapps/MyPush/WEB-INF/lib/hibernate-commons-annotations-3.1.0.GA.jar:/Users/ade/Desktop/Desktop/tomcat_for_xmpp/webapps/MyPush/WEB-INF/lib/hibernate-core-3.3.1.GA.jar:/Users/ade/Desktop/Desktop/tomcat_for_xmpp/webapps/MyPush/WEB-INF/lib/hsqldb-1.8.0.10.jar:/Users/ade/Desktop/Desktop/tomcat_for_xmpp/webapps/MyPush/WEB-INF/lib/jackson-core-asl-1.1.2.jar:/Users/ade/Desktop/Desktop/tomcat_for_xmpp/webapps/MyPush/WEB-INF/lib/jackson-jaxrs-1.1.2.jar:/Users/ade/Desktop/Desktop/tomcat_for_xmpp/webapps/MyPush/WEB-INF/lib/javassist-3.8.0.GA.jar:/Users/ade/Desktop/Desktop/tomcat_for_xmpp/webapps/MyPush/WEB-INF/lib/jcip-annotations-1.0.jar:/Users/ade/Desktop/Desktop/tomcat_for_xmpp/webapps/MyPush/WEB-INF/lib/jcommon-1.0.13.jar:/Users/ade/Desktop/Desktop/tomcat_for_xmpp/webapps/MyPush/WEB-INF/lib/jersey-bundle-1.12.jar:/Users/ade/Desktop/Desktop/tomcat_for_xmpp/webapps/MyPush/WEB-INF/lib/jersey-json-1.12.jar:/Users/ade/Desktop/Desktop/tomcat_for_xmpp/webapps/MyPush/WEB-INF/lib/jersey-multipart-1.12.jar:/Users/ade/Desktop/Desktop/tomcat_for_xmpp/webapps/MyPush/WEB-INF/lib/jersey-spring-1.0.1.jar:/Users/ade/Desktop/Desktop/tomcat_for_xmpp/webapps/MyPush/WEB-INF/lib/jettison-1.1.jar:/Users/ade/Desktop/Desktop/tomcat_for_xmpp/webapps/MyPush/WEB-INF/lib/jfreechart-1.0.9.jar:/Users/ade/Desktop/Desktop/tomcat_for_xmpp/webapps/MyPush/WEB-INF/lib/json-lib-2.4-jdk15.jar:/Users/ade/Desktop/Desktop/tomcat_for_xmpp/webapps/MyPush/WEB-INF/lib/jsr311-api-1.1.1.jar:/Users/ade/Desktop/Desktop/tomcat_for_xmpp/webapps/MyPush/WEB-INF/lib/jstl-1.1.2.jar:/Users/ade/Desktop/Desktop/tomcat_for_xmpp/webapps/MyPush/WEB-INF/lib/jta-1.1.jar:/Users/ade/Desktop/Desktop/tomcat_for_xmpp/webapps/MyPush/WEB-INF/lib/junit-4.4.jar:/Users/ade/Desktop/Desktop/tomcat_for_xmpp/webapps/MyPush/WEB-INF/lib/libidn-1.15.jar:/Users/ade/Desktop/Desktop/tomcat_for_xmpp/webapps/MyPush/WEB-INF/lib/log4j-1.2.12.jar:/Users/ade/Desktop/Desktop/tomcat_for_xmpp/webapps/MyPush/WEB-INF/lib/mchange-commons-java-0.2.3.3.jar:/Users/ade/Desktop/Desktop/tomcat_for_xmpp/webapps/MyPush/WEB-INF/lib/mina-core-2.0.0-RC1.jar:/Users/ade/Desktop/Desktop/tomcat_for_xmpp/webapps/MyPush/WEB-INF/lib/mina-integration-beans-2.0.0-RC1.jar:/Users/ade/Desktop/Desktop/tomcat_for_xmpp/webapps/MyPush/WEB-INF/lib/mysql-connector-java-5.1.6.jar:/Users/ade/Desktop/Desktop/tomcat_for_xmpp/webapps/MyPush/WEB-INF/lib/nekopull-0.2.4.jar:/Users/ade/Desktop/Desktop/tomcat_for_xmpp/webapps/MyPush/WEB-INF/lib/quartz-all-1.6.4.jar:/Users/ade/Desktop/Desktop/tomcat_for_xmpp/webapps/MyPush/WEB-INF/lib/servlet-api.jar:/Users/ade/Desktop/Desktop/tomcat_for_xmpp/webapps/MyPush/WEB-INF/lib/sitemesh-2.4.1.jar:/Users/ade/Desktop/Desktop/tomcat_for_xmpp/webapps/MyPush/WEB-INF/lib/slf4j-api-1.5.8.jar:/Users/ade/Desktop/Desktop/tomcat_for_xmpp/webapps/MyPush/WEB-INF/lib/slf4j-log4j12-1.5.8.jar:/Users/ade/Desktop/Desktop/tomcat_for_xmpp/webapps/MyPush/WEB-INF/lib/spring-2.5.6.jar:/Users/ade/Desktop/Desktop/tomcat_for_xmpp/webapps/MyPush/WEB-INF/lib/spring-webmvc-2.5.6.jar:/Users/ade/Desktop/Desktop/tomcat_for_xmpp/webapps/MyPush/WEB-INF/lib/standard-1.1.2.jar:/Users/ade/Desktop/Desktop/tomcat_for_xmpp/webapps/MyPush/WEB-INF/lib/starter.jar:/Users/ade/Desktop/Desktop/tomcat_for_xmpp/webapps/MyPush/WEB-INF/lib/tinder-1.2.1.jar:/Users/ade/Desktop/Desktop/tomcat_for_xmpp/webapps/MyPush/WEB-INF/lib/xercesImpl-2.9.1.jar:/Users/ade/Desktop/Desktop/tomcat_for_xmpp/webapps/MyPush/WEB-INF/lib/xml-apis-1.3.04.jar:/Users/ade/Desktop/Desktop/tomcat_for_xmpp/webapps/MyPush/WEB-INF/lib/xpp3-1.1.4c.jar:/Users/ade/Desktop/eclipse/plugins/org.apache.ant_1.8.3.v201301120609/lib/ant-launcher.jar:/Users/ade/Desktop/eclipse/plugins/org.apache.ant_1.8.3.v201301120609/lib/ant.jar:/Users/ade/Desktop/eclipse/plugins/org.apache.ant_1.8.3.v201301120609/lib/ant-junit.jar:/Users/ade/Desktop/eclipse/plugins/org.apache.ant_1.8.3.v201301120609/lib/ant-junit4.jar" />
    <property name="ant.version" value="Apache Ant(TM) version 1.8.3 compiled on February 26 2012" />
    <property name="java.vm.specification.name" value="Java Virtual Machine Specification" />
    <property name="java.vm.specification.version" value="1.0" />
    <property name="sun.cpu.endian" value="little" />
    <property name="sun.os.patch.level" value="unknown" />
    <property name="eclipse.pdebuild.home" value="/Users/ade/Desktop/eclipse/plugins/org.eclipse.pde.build_3.8.2.v20121114-140810/.//" />
    <property name="java.io.tmpdir" value="/var/folders/38/0r4r59td1y70q1dqctsntjvm0000gr/T/" />
    <property name="java.vendor.url.bug" value="http://bugreport.apple.com/" />
    <property name="mrj.build" value="11M4509" />
    <property name="os.arch" value="x86_64" />
    <property name="java.awt.graphicsenv" value="apple.awt.CGraphicsEnvironment" />
    <property name="java.ext.dirs" value="/Library/Java/Extensions:/System/Library/Java/Extensions:/System/Library/Java/JavaVirtualMachines/1.6.0.jdk/Contents/Home/lib/ext" />
    <property name="mrj.version" value="1070.1.6.0_51-457" />
    <property name="user.dir" value="/Users/ade/Documents/workspace/MyPush/system_test" />
    <property name="line.separator" value="&#xa;" />
    <property name="java.vm.name" value="Java HotSpot(TM) 64-Bit Server VM" />
    <property name="basedir" value="/Users/ade/Documents/workspace/MyPush/system_test" />
    <property name="ant.java.version" value="1.6" />
    <property name="ant.core.lib" value="/Users/ade/Desktop/eclipse/plugins/org.apache.ant_1.8.3.v201301120609/lib/ant.jar" />
    <property name="file.encoding" value="EUC_CN" />
    <property name="ant.file.eDocTest" value="/Users/ade/Documents/workspace/MyPush/system_test/build.xml" />
    <property name="java.specification.version" value="1.6" />
    <property name="src.dir" value="." />
    <property name="ant.project.invoked-targets" value="runall" />
  </properties>
  <testcase classname="net.synergyinfo.mypush.test.restInterface.TestRestfulInterface_mypush_xmppResource_a_lot" name="test_push_check_response_status[0]" time="0.448" />
  <testcase classname="net.synergyinfo.mypush.test.restInterface.TestRestfulInterface_mypush_xmppResource_a_lot" name="test_push_check_response_status[1]" time="0.17" />
  <testcase classname="net.synergyinfo.mypush.test.restInterface.TestRestfulInterface_mypush_xmppResource_a_lot" name="test_push_check_response_status[2]" time="0.151" />
  <testcase classname="net.synergyinfo.mypush.test.restInterface.TestRestfulInterface_mypush_xmppResource_a_lot" name="test_push_check_response_status[3]" time="0.132" />
  <testcase classname="net.synergyinfo.mypush.test.restInterface.TestRestfulInterface_mypush_xmppResource_a_lot" name="test_push_check_response_status[4]" time="0.124" />
  <testcase classname="net.synergyinfo.mypush.test.restInterface.TestRestfulInterface_mypush_xmppResource_a_lot" name="test_push_check_response_status[5]" time="0.132" />
  <testcase classname="net.synergyinfo.mypush.test.restInterface.TestRestfulInterface_mypush_xmppResource_a_lot" name="test_push_check_response_status[6]" time="0.117" />
  <testcase classname="net.synergyinfo.mypush.test.restInterface.TestRestfulInterface_mypush_xmppResource_a_lot" name="test_push_check_response_status[7]" time="0.115" />
  <testcase classname="net.synergyinfo.mypush.test.restInterface.TestRestfulInterface_mypush_xmppResource_a_lot" name="test_push_check_response_status[8]" time="0.108" />
  <testcase classname="net.synergyinfo.mypush.test.restInterface.TestRestfulInterface_mypush_xmppResource_a_lot" name="test_push_check_response_status[9]" time="0.1" />
  <testcase classname="net.synergyinfo.mypush.test.restInterface.TestRestfulInterface_mypush_xmppResource_a_lot" name="test_push_check_response_status[10]" time="0.125" />
  <testcase classname="net.synergyinfo.mypush.test.restInterface.TestRestfulInterface_mypush_xmppResource_a_lot" name="test_push_check_response_status[11]" time="0.14" />
  <testcase classname="net.synergyinfo.mypush.test.restInterface.TestRestfulInterface_mypush_xmppResource_a_lot" name="test_push_check_response_status[12]" time="0.133" />
  <testcase classname="net.synergyinfo.mypush.test.restInterface.TestRestfulInterface_mypush_xmppResource_a_lot" name="test_push_check_response_status[13]" time="0.125" />
  <testcase classname="net.synergyinfo.mypush.test.restInterface.TestRestfulInterface_mypush_xmppResource_a_lot" name="test_push_check_response_status[14]" time="0.135" />
  <testcase classname="net.synergyinfo.mypush.test.restInterface.TestRestfulInterface_mypush_xmppResource_a_lot" name="test_push_check_response_status[15]" time="0.123" />
  <testcase classname="net.synergyinfo.mypush.test.restInterface.TestRestfulInterface_mypush_xmppResource_a_lot" name="test_push_check_response_status[16]" time="0.106" />
  <testcase classname="net.synergyinfo.mypush.test.restInterface.TestRestfulInterface_mypush_xmppResource_a_lot" name="test_push_check_response_status[17]" time="0.099" />
  <testcase classname="net.synergyinfo.mypush.test.restInterface.TestRestfulInterface_mypush_xmppResource_a_lot" name="test_push_check_response_status[18]" time="0.125" />
  <testcase classname="net.synergyinfo.mypush.test.restInterface.TestRestfulInterface_mypush_xmppResource_a_lot" name="test_push_check_response_status[19]" time="0.117" />
  <testcase classname="net.synergyinfo.mypush.test.restInterface.TestRestfulInterface_mypush_xmppResource_a_lot" name="test_push_check_response_status[20]" time="0.117" />
  <testcase classname="net.synergyinfo.mypush.test.restInterface.TestRestfulInterface_mypush_xmppResource_a_lot" name="test_push_check_response_status[21]" time="0.115" />
  <testcase classname="net.synergyinfo.mypush.test.restInterface.TestRestfulInterface_mypush_xmppResource_a_lot" name="test_push_check_response_status[22]" time="0.117" />
  <testcase classname="net.synergyinfo.mypush.test.restInterface.TestRestfulInterface_mypush_xmppResource_a_lot" name="test_push_check_response_status[23]" time="0.107" />
  <testcase classname="net.synergyinfo.mypush.test.restInterface.TestRestfulInterface_mypush_xmppResource_a_lot" name="test_push_check_response_status[24]" time="0.116" />
  <testcase classname="net.synergyinfo.mypush.test.restInterface.TestRestfulInterface_mypush_xmppResource_a_lot" name="test_push_check_response_status[25]" time="0.107" />
  <testcase classname="net.synergyinfo.mypush.test.restInterface.TestRestfulInterface_mypush_xmppResource_a_lot" name="test_push_check_response_status[26]" time="0.116" />
  <testcase classname="net.synergyinfo.mypush.test.restInterface.TestRestfulInterface_mypush_xmppResource_a_lot" name="test_push_check_response_status[27]" time="0.109" />
  <testcase classname="net.synergyinfo.mypush.test.restInterface.TestRestfulInterface_mypush_xmppResource_a_lot" name="test_push_check_response_status[28]" time="0.1" />
  <testcase classname="net.synergyinfo.mypush.test.restInterface.TestRestfulInterface_mypush_xmppResource_a_lot" name="test_push_check_response_status[29]" time="0.107" />
  <testcase classname="net.synergyinfo.mypush.test.restInterface.TestRestfulInterface_mypush_xmppResource_a_lot" name="test_push_check_response_status[30]" time="0.139" />
  <testcase classname="net.synergyinfo.mypush.test.restInterface.TestRestfulInterface_mypush_xmppResource_a_lot" name="test_push_check_response_status[31]" time="0.11" />
  <testcase classname="net.synergyinfo.mypush.test.restInterface.TestRestfulInterface_mypush_xmppResource_a_lot" name="test_push_check_response_status[32]" time="0.1" />
  <testcase classname="net.synergyinfo.mypush.test.restInterface.TestRestfulInterface_mypush_xmppResource_a_lot" name="test_push_check_response_status[33]" time="0.109" />
  <testcase classname="net.synergyinfo.mypush.test.restInterface.TestRestfulInterface_mypush_xmppResource_a_lot" name="test_push_check_response_status[34]" time="0.11" />
  <testcase classname="net.synergyinfo.mypush.test.restInterface.TestRestfulInterface_mypush_xmppResource_a_lot" name="test_push_check_response_status[35]" time="0.106" />
  <testcase classname="net.synergyinfo.mypush.test.restInterface.TestRestfulInterface_mypush_xmppResource_a_lot" name="test_push_check_response_status[36]" time="0.091" />
  <testcase classname="net.synergyinfo.mypush.test.restInterface.TestRestfulInterface_mypush_xmppResource_a_lot" name="test_push_check_response_status[37]" time="0.1" />
  <testcase classname="net.synergyinfo.mypush.test.restInterface.TestRestfulInterface_mypush_xmppResource_a_lot" name="test_push_check_response_status[38]" time="0.108" />
  <testcase classname="net.synergyinfo.mypush.test.restInterface.TestRestfulInterface_mypush_xmppResource_a_lot" name="test_push_check_response_status[39]" time="0.099" />
  <testcase classname="net.synergyinfo.mypush.test.restInterface.TestRestfulInterface_mypush_xmppResource_a_lot" name="test_push_check_response_status[40]" time="0.166" />
  <testcase classname="net.synergyinfo.mypush.test.restInterface.TestRestfulInterface_mypush_xmppResource_a_lot" name="test_push_check_response_status[41]" time="0.125" />
  <testcase classname="net.synergyinfo.mypush.test.restInterface.TestRestfulInterface_mypush_xmppResource_a_lot" name="test_push_check_response_status[42]" time="0.116" />
  <testcase classname="net.synergyinfo.mypush.test.restInterface.TestRestfulInterface_mypush_xmppResource_a_lot" name="test_push_check_response_status[43]" time="0.091" />
  <testcase classname="net.synergyinfo.mypush.test.restInterface.TestRestfulInterface_mypush_xmppResource_a_lot" name="test_push_check_response_status[44]" time="0.092" />
  <testcase classname="net.synergyinfo.mypush.test.restInterface.TestRestfulInterface_mypush_xmppResource_a_lot" name="test_push_check_response_status[45]" time="0.099" />
  <testcase classname="net.synergyinfo.mypush.test.restInterface.TestRestfulInterface_mypush_xmppResource_a_lot" name="test_push_check_response_status[46]" time="0.1" />
  <testcase classname="net.synergyinfo.mypush.test.restInterface.TestRestfulInterface_mypush_xmppResource_a_lot" name="test_push_check_response_status[47]" time="0.099" />
  <testcase classname="net.synergyinfo.mypush.test.restInterface.TestRestfulInterface_mypush_xmppResource_a_lot" name="test_push_check_response_status[48]" time="0.095" />
  <testcase classname="net.synergyinfo.mypush.test.restInterface.TestRestfulInterface_mypush_xmppResource_a_lot" name="test_push_check_response_status[49]" time="0.101" />
  <testcase classname="net.synergyinfo.mypush.test.restInterface.TestRestfulInterface_mypush_xmppResource_a_lot" name="test_push_check_response_status[50]" time="0.108" />
  <testcase classname="net.synergyinfo.mypush.test.restInterface.TestRestfulInterface_mypush_xmppResource_a_lot" name="test_push_check_response_status[51]" time="0.098" />
  <testcase classname="net.synergyinfo.mypush.test.restInterface.TestRestfulInterface_mypush_xmppResource_a_lot" name="test_push_check_response_status[52]" time="0.116" />
  <testcase classname="net.synergyinfo.mypush.test.restInterface.TestRestfulInterface_mypush_xmppResource_a_lot" name="test_push_check_response_status[53]" time="0.1" />
  <testcase classname="net.synergyinfo.mypush.test.restInterface.TestRestfulInterface_mypush_xmppResource_a_lot" name="test_push_check_response_status[54]" time="0.117" />
  <testcase classname="net.synergyinfo.mypush.test.restInterface.TestRestfulInterface_mypush_xmppResource_a_lot" name="test_push_check_response_status[55]" time="0.1" />
  <testcase classname="net.synergyinfo.mypush.test.restInterface.TestRestfulInterface_mypush_xmppResource_a_lot" name="test_push_check_response_status[56]" time="0.099" />
  <testcase classname="net.synergyinfo.mypush.test.restInterface.TestRestfulInterface_mypush_xmppResource_a_lot" name="test_push_check_response_status[57]" time="0.109" />
  <testcase classname="net.synergyinfo.mypush.test.restInterface.TestRestfulInterface_mypush_xmppResource_a_lot" name="test_push_check_response_status[58]" time="0.125" />
  <testcase classname="net.synergyinfo.mypush.test.restInterface.TestRestfulInterface_mypush_xmppResource_a_lot" name="test_push_check_response_status[59]" time="0.105" />
  <testcase classname="net.synergyinfo.mypush.test.restInterface.TestRestfulInterface_mypush_xmppResource_a_lot" name="test_push_check_response_status[60]" time="0.127" />
  <testcase classname="net.synergyinfo.mypush.test.restInterface.TestRestfulInterface_mypush_xmppResource_a_lot" name="test_push_check_response_status[61]" time="0.1" />
  <testcase classname="net.synergyinfo.mypush.test.restInterface.TestRestfulInterface_mypush_xmppResource_a_lot" name="test_push_check_response_status[62]" time="0.081" />
  <testcase classname="net.synergyinfo.mypush.test.restInterface.TestRestfulInterface_mypush_xmppResource_a_lot" name="test_push_check_response_status[63]" time="0.119" />
  <testcase classname="net.synergyinfo.mypush.test.restInterface.TestRestfulInterface_mypush_xmppResource_a_lot" name="test_push_check_response_status[64]" time="0.116" />
  <testcase classname="net.synergyinfo.mypush.test.restInterface.TestRestfulInterface_mypush_xmppResource_a_lot" name="test_push_check_response_status[65]" time="0.092" />
  <testcase classname="net.synergyinfo.mypush.test.restInterface.TestRestfulInterface_mypush_xmppResource_a_lot" name="test_push_check_response_status[66]" time="0.092" />
  <testcase classname="net.synergyinfo.mypush.test.restInterface.TestRestfulInterface_mypush_xmppResource_a_lot" name="test_push_check_response_status[67]" time="0.083" />
  <testcase classname="net.synergyinfo.mypush.test.restInterface.TestRestfulInterface_mypush_xmppResource_a_lot" name="test_push_check_response_status[68]" time="0.082" />
  <testcase classname="net.synergyinfo.mypush.test.restInterface.TestRestfulInterface_mypush_xmppResource_a_lot" name="test_push_check_response_status[69]" time="0.092" />
  <testcase classname="net.synergyinfo.mypush.test.restInterface.TestRestfulInterface_mypush_xmppResource_a_lot" name="test_push_check_response_status[70]" time="0.091" />
  <testcase classname="net.synergyinfo.mypush.test.restInterface.TestRestfulInterface_mypush_xmppResource_a_lot" name="test_push_check_response_status[71]" time="0.083" />
  <testcase classname="net.synergyinfo.mypush.test.restInterface.TestRestfulInterface_mypush_xmppResource_a_lot" name="test_push_check_response_status[72]" time="0.101" />
  <testcase classname="net.synergyinfo.mypush.test.restInterface.TestRestfulInterface_mypush_xmppResource_a_lot" name="test_push_check_response_status[73]" time="0.098" />
  <testcase classname="net.synergyinfo.mypush.test.restInterface.TestRestfulInterface_mypush_xmppResource_a_lot" name="test_push_check_response_status[74]" time="0.1" />
  <testcase classname="net.synergyinfo.mypush.test.restInterface.TestRestfulInterface_mypush_xmppResource_a_lot" name="test_push_check_response_status[75]" time="0.091" />
  <testcase classname="net.synergyinfo.mypush.test.restInterface.TestRestfulInterface_mypush_xmppResource_a_lot" name="test_push_check_response_status[76]" time="0.097" />
  <testcase classname="net.synergyinfo.mypush.test.restInterface.TestRestfulInterface_mypush_xmppResource_a_lot" name="test_push_check_response_status[77]" time="0.103" />
  <testcase classname="net.synergyinfo.mypush.test.restInterface.TestRestfulInterface_mypush_xmppResource_a_lot" name="test_push_check_response_status[78]" time="0.1" />
  <testcase classname="net.synergyinfo.mypush.test.restInterface.TestRestfulInterface_mypush_xmppResource_a_lot" name="test_push_check_response_status[79]" time="0.104" />
  <testcase classname="net.synergyinfo.mypush.test.restInterface.TestRestfulInterface_mypush_xmppResource_a_lot" name="test_push_check_response_status[80]" time="0.1" />
  <testcase classname="net.synergyinfo.mypush.test.restInterface.TestRestfulInterface_mypush_xmppResource_a_lot" name="test_push_check_response_status[81]" time="0.095" />
  <testcase classname="net.synergyinfo.mypush.test.restInterface.TestRestfulInterface_mypush_xmppResource_a_lot" name="test_push_check_response_status[82]" time="0.094" />
  <testcase classname="net.synergyinfo.mypush.test.restInterface.TestRestfulInterface_mypush_xmppResource_a_lot" name="test_push_check_response_status[83]" time="0.139" />
  <testcase classname="net.synergyinfo.mypush.test.restInterface.TestRestfulInterface_mypush_xmppResource_a_lot" name="test_push_check_response_status[84]" time="0.09" />
  <testcase classname="net.synergyinfo.mypush.test.restInterface.TestRestfulInterface_mypush_xmppResource_a_lot" name="test_push_check_response_status[85]" time="0.075" />
  <testcase classname="net.synergyinfo.mypush.test.restInterface.TestRestfulInterface_mypush_xmppResource_a_lot" name="test_push_check_response_status[86]" time="0.099" />
  <testcase classname="net.synergyinfo.mypush.test.restInterface.TestRestfulInterface_mypush_xmppResource_a_lot" name="test_push_check_response_status[87]" time="0.083" />
  <testcase classname="net.synergyinfo.mypush.test.restInterface.TestRestfulInterface_mypush_xmppResource_a_lot" name="test_push_check_response_status[88]" time="0.091" />
  <testcase classname="net.synergyinfo.mypush.test.restInterface.TestRestfulInterface_mypush_xmppResource_a_lot" name="test_push_check_response_status[89]" time="0.092" />
  <testcase classname="net.synergyinfo.mypush.test.restInterface.TestRestfulInterface_mypush_xmppResource_a_lot" name="test_push_check_response_status[90]" time="0.082" />
  <testcase classname="net.synergyinfo.mypush.test.restInterface.TestRestfulInterface_mypush_xmppResource_a_lot" name="test_push_check_response_status[91]" time="0.092" />
  <testcase classname="net.synergyinfo.mypush.test.restInterface.TestRestfulInterface_mypush_xmppResource_a_lot" name="test_push_check_response_status[92]" time="0.082" />
  <testcase classname="net.synergyinfo.mypush.test.restInterface.TestRestfulInterface_mypush_xmppResource_a_lot" name="test_push_check_response_status[93]" time="0.083" />
  <testcase classname="net.synergyinfo.mypush.test.restInterface.TestRestfulInterface_mypush_xmppResource_a_lot" name="test_push_check_response_status[94]" time="0.083" />
  <testcase classname="net.synergyinfo.mypush.test.restInterface.TestRestfulInterface_mypush_xmppResource_a_lot" name="test_push_check_response_status[95]" time="0.082" />
  <testcase classname="net.synergyinfo.mypush.test.restInterface.TestRestfulInterface_mypush_xmppResource_a_lot" name="test_push_check_response_status[96]" time="0.1" />
  <testcase classname="net.synergyinfo.mypush.test.restInterface.TestRestfulInterface_mypush_xmppResource_a_lot" name="test_push_check_response_status[97]" time="0.1" />
  <testcase classname="net.synergyinfo.mypush.test.restInterface.TestRestfulInterface_mypush_xmppResource_a_lot" name="test_push_check_response_status[98]" time="0.084" />
  <testcase classname="net.synergyinfo.mypush.test.restInterface.TestRestfulInterface_mypush_xmppResource_a_lot" name="test_push_check_response_status[99]" time="0.09" />
  <testcase classname="net.synergyinfo.mypush.test.restInterface.TestRestfulInterface_mypush_xmppResource_a_lot" name="test_push_check_response_status[100]" time="0.099" />
  <testcase classname="net.synergyinfo.mypush.test.restInterface.TestRestfulInterface_mypush_xmppResource_a_lot" name="test_push_check_response_status[101]" time="0.083" />
  <testcase classname="net.synergyinfo.mypush.test.restInterface.TestRestfulInterface_mypush_xmppResource_a_lot" name="test_push_check_response_status[102]" time="0.091" />
  <testcase classname="net.synergyinfo.mypush.test.restInterface.TestRestfulInterface_mypush_xmppResource_a_lot" name="test_push_check_response_status[103]" time="0.091" />
  <testcase classname="net.synergyinfo.mypush.test.restInterface.TestRestfulInterface_mypush_xmppResource_a_lot" name="test_push_check_response_status[104]" time="0.091" />
  <testcase classname="net.synergyinfo.mypush.test.restInterface.TestRestfulInterface_mypush_xmppResource_a_lot" name="test_push_check_response_status[105]" time="0.083" />
  <testcase classname="net.synergyinfo.mypush.test.restInterface.TestRestfulInterface_mypush_xmppResource_a_lot" name="test_push_check_response_status[106]" time="0.099" />
  <testcase classname="net.synergyinfo.mypush.test.restInterface.TestRestfulInterface_mypush_xmppResource_a_lot" name="test_push_check_response_status[107]" time="0.084" />
  <testcase classname="net.synergyinfo.mypush.test.restInterface.TestRestfulInterface_mypush_xmppResource_a_lot" name="test_push_check_response_status[108]" time="0.091" />
  <testcase classname="net.synergyinfo.mypush.test.restInterface.TestRestfulInterface_mypush_xmppResource_a_lot" name="test_push_check_response_status[109]" time="0.099" />
  <testcase classname="net.synergyinfo.mypush.test.restInterface.TestRestfulInterface_mypush_xmppResource_a_lot" name="test_push_check_response_status[110]" time="0.083" />
  <testcase classname="net.synergyinfo.mypush.test.restInterface.TestRestfulInterface_mypush_xmppResource_a_lot" name="test_push_check_response_status[111]" time="0.084" />
  <testcase classname="net.synergyinfo.mypush.test.restInterface.TestRestfulInterface_mypush_xmppResource_a_lot" name="test_push_check_response_status[112]" time="0.127" />
  <testcase classname="net.synergyinfo.mypush.test.restInterface.TestRestfulInterface_mypush_xmppResource_a_lot" name="test_push_check_response_status[113]" time="0.114" />
  <testcase classname="net.synergyinfo.mypush.test.restInterface.TestRestfulInterface_mypush_xmppResource_a_lot" name="test_push_check_response_status[114]" time="0.125" />
  <testcase classname="net.synergyinfo.mypush.test.restInterface.TestRestfulInterface_mypush_xmppResource_a_lot" name="test_push_check_response_status[115]" time="0.092" />
  <testcase classname="net.synergyinfo.mypush.test.restInterface.TestRestfulInterface_mypush_xmppResource_a_lot" name="test_push_check_response_status[116]" time="0.091" />
  <testcase classname="net.synergyinfo.mypush.test.restInterface.TestRestfulInterface_mypush_xmppResource_a_lot" name="test_push_check_response_status[117]" time="0.095" />
  <testcase classname="net.synergyinfo.mypush.test.restInterface.TestRestfulInterface_mypush_xmppResource_a_lot" name="test_push_check_response_status[118]" time="0.087" />
  <testcase classname="net.synergyinfo.mypush.test.restInterface.TestRestfulInterface_mypush_xmppResource_a_lot" name="test_push_check_response_status[119]" time="0.084" />
  <testcase classname="net.synergyinfo.mypush.test.restInterface.TestRestfulInterface_mypush_xmppResource_a_lot" name="test_push_check_response_status[120]" time="0.091" />
  <testcase classname="net.synergyinfo.mypush.test.restInterface.TestRestfulInterface_mypush_xmppResource_a_lot" name="test_push_check_response_status[121]" time="0.09" />
  <testcase classname="net.synergyinfo.mypush.test.restInterface.TestRestfulInterface_mypush_xmppResource_a_lot" name="test_push_check_response_status[122]" time="0.084" />
  <testcase classname="net.synergyinfo.mypush.test.restInterface.TestRestfulInterface_mypush_xmppResource_a_lot" name="test_push_check_response_status[123]" time="0.09" />
  <testcase classname="net.synergyinfo.mypush.test.restInterface.TestRestfulInterface_mypush_xmppResource_a_lot" name="test_push_check_response_status[124]" time="0.083" />
  <testcase classname="net.synergyinfo.mypush.test.restInterface.TestRestfulInterface_mypush_xmppResource_a_lot" name="test_push_check_response_status[125]" time="0.085" />
  <testcase classname="net.synergyinfo.mypush.test.restInterface.TestRestfulInterface_mypush_xmppResource_a_lot" name="test_push_check_response_status[126]" time="0.1" />
  <testcase classname="net.synergyinfo.mypush.test.restInterface.TestRestfulInterface_mypush_xmppResource_a_lot" name="test_push_check_response_status[127]" time="0.091" />
  <testcase classname="net.synergyinfo.mypush.test.restInterface.TestRestfulInterface_mypush_xmppResource_a_lot" name="test_push_check_response_status[128]" time="0.1" />
  <testcase classname="net.synergyinfo.mypush.test.restInterface.TestRestfulInterface_mypush_xmppResource_a_lot" name="test_push_check_response_status[129]" time="0.098" />
  <testcase classname="net.synergyinfo.mypush.test.restInterface.TestRestfulInterface_mypush_xmppResource_a_lot" name="test_push_check_response_status[130]" time="0.084" />
  <testcase classname="net.synergyinfo.mypush.test.restInterface.TestRestfulInterface_mypush_xmppResource_a_lot" name="test_push_check_response_status[131]" time="0.083" />
  <testcase classname="net.synergyinfo.mypush.test.restInterface.TestRestfulInterface_mypush_xmppResource_a_lot" name="test_push_check_response_status[132]" time="0.089" />
  <testcase classname="net.synergyinfo.mypush.test.restInterface.TestRestfulInterface_mypush_xmppResource_a_lot" name="test_push_check_response_status[133]" time="0.083" />
  <testcase classname="net.synergyinfo.mypush.test.restInterface.TestRestfulInterface_mypush_xmppResource_a_lot" name="test_push_check_response_status[134]" time="0.1" />
  <testcase classname="net.synergyinfo.mypush.test.restInterface.TestRestfulInterface_mypush_xmppResource_a_lot" name="test_push_check_response_status[135]" time="0.092" />
  <testcase classname="net.synergyinfo.mypush.test.restInterface.TestRestfulInterface_mypush_xmppResource_a_lot" name="test_push_check_response_status[136]" time="0.095" />
  <testcase classname="net.synergyinfo.mypush.test.restInterface.TestRestfulInterface_mypush_xmppResource_a_lot" name="test_push_check_response_status[137]" time="0.121" />
  <testcase classname="net.synergyinfo.mypush.test.restInterface.TestRestfulInterface_mypush_xmppResource_a_lot" name="test_push_check_response_status[138]" time="0.1" />
  <testcase classname="net.synergyinfo.mypush.test.restInterface.TestRestfulInterface_mypush_xmppResource_a_lot" name="test_push_check_response_status[139]" time="0.084" />
  <testcase classname="net.synergyinfo.mypush.test.restInterface.TestRestfulInterface_mypush_xmppResource_a_lot" name="test_push_check_response_status[140]" time="0.099" />
  <testcase classname="net.synergyinfo.mypush.test.restInterface.TestRestfulInterface_mypush_xmppResource_a_lot" name="test_push_check_response_status[141]" time="0.083" />
  <testcase classname="net.synergyinfo.mypush.test.restInterface.TestRestfulInterface_mypush_xmppResource_a_lot" name="test_push_check_response_status[142]" time="0.092" />
  <testcase classname="net.synergyinfo.mypush.test.restInterface.TestRestfulInterface_mypush_xmppResource_a_lot" name="test_push_check_response_status[143]" time="0.091" />
  <testcase classname="net.synergyinfo.mypush.test.restInterface.TestRestfulInterface_mypush_xmppResource_a_lot" name="test_push_check_response_status[144]" time="0.099" />
  <testcase classname="net.synergyinfo.mypush.test.restInterface.TestRestfulInterface_mypush_xmppResource_a_lot" name="test_push_check_response_status[145]" time="0.099" />
  <testcase classname="net.synergyinfo.mypush.test.restInterface.TestRestfulInterface_mypush_xmppResource_a_lot" name="test_push_check_response_status[146]" time="0.083" />
  <testcase classname="net.synergyinfo.mypush.test.restInterface.TestRestfulInterface_mypush_xmppResource_a_lot" name="test_push_check_response_status[147]" time="0.108" />
  <testcase classname="net.synergyinfo.mypush.test.restInterface.TestRestfulInterface_mypush_xmppResource_a_lot" name="test_push_check_response_status[148]" time="0.09" />
  <testcase classname="net.synergyinfo.mypush.test.restInterface.TestRestfulInterface_mypush_xmppResource_a_lot" name="test_push_check_response_status[149]" time="0.083" />
  <testcase classname="net.synergyinfo.mypush.test.restInterface.TestRestfulInterface_mypush_xmppResource_a_lot" name="test_push_check_response_status[150]" time="0.103" />
  <testcase classname="net.synergyinfo.mypush.test.restInterface.TestRestfulInterface_mypush_xmppResource_a_lot" name="test_push_check_response_status[151]" time="0.088" />
  <testcase classname="net.synergyinfo.mypush.test.restInterface.TestRestfulInterface_mypush_xmppResource_a_lot" name="test_push_check_response_status[152]" time="0.083" />
  <testcase classname="net.synergyinfo.mypush.test.restInterface.TestRestfulInterface_mypush_xmppResource_a_lot" name="test_push_check_response_status[153]" time="0.091" />
  <testcase classname="net.synergyinfo.mypush.test.restInterface.TestRestfulInterface_mypush_xmppResource_a_lot" name="test_push_check_response_status[154]" time="0.082" />
  <testcase classname="net.synergyinfo.mypush.test.restInterface.TestRestfulInterface_mypush_xmppResource_a_lot" name="test_push_check_response_status[155]" time="0.092" />
  <testcase classname="net.synergyinfo.mypush.test.restInterface.TestRestfulInterface_mypush_xmppResource_a_lot" name="test_push_check_response_status[156]" time="0.09" />
  <testcase classname="net.synergyinfo.mypush.test.restInterface.TestRestfulInterface_mypush_xmppResource_a_lot" name="test_push_check_response_status[157]" time="0.083" />
  <testcase classname="net.synergyinfo.mypush.test.restInterface.TestRestfulInterface_mypush_xmppResource_a_lot" name="test_push_check_response_status[158]" time="0.092" />
  <testcase classname="net.synergyinfo.mypush.test.restInterface.TestRestfulInterface_mypush_xmppResource_a_lot" name="test_push_check_response_status[159]" time="0.092" />
  <testcase classname="net.synergyinfo.mypush.test.restInterface.TestRestfulInterface_mypush_xmppResource_a_lot" name="test_push_check_response_status[160]" time="0.091" />
  <testcase classname="net.synergyinfo.mypush.test.restInterface.TestRestfulInterface_mypush_xmppResource_a_lot" name="test_push_check_response_status[161]" time="0.083" />
  <testcase classname="net.synergyinfo.mypush.test.restInterface.TestRestfulInterface_mypush_xmppResource_a_lot" name="test_push_check_response_status[162]" time="0.084" />
  <testcase classname="net.synergyinfo.mypush.test.restInterface.TestRestfulInterface_mypush_xmppResource_a_lot" name="test_push_check_response_status[163]" time="0.091" />
  <testcase classname="net.synergyinfo.mypush.test.restInterface.TestRestfulInterface_mypush_xmppResource_a_lot" name="test_push_check_response_status[164]" time="0.092" />
  <testcase classname="net.synergyinfo.mypush.test.restInterface.TestRestfulInterface_mypush_xmppResource_a_lot" name="test_push_check_response_status[165]" time="0.09" />
  <testcase classname="net.synergyinfo.mypush.test.restInterface.TestRestfulInterface_mypush_xmppResource_a_lot" name="test_push_check_response_status[166]" time="0.084" />
  <testcase classname="net.synergyinfo.mypush.test.restInterface.TestRestfulInterface_mypush_xmppResource_a_lot" name="test_push_check_response_status[167]" time="0.124" />
  <testcase classname="net.synergyinfo.mypush.test.restInterface.TestRestfulInterface_mypush_xmppResource_a_lot" name="test_push_check_response_status[168]" time="0.158" />
  <testcase classname="net.synergyinfo.mypush.test.restInterface.TestRestfulInterface_mypush_xmppResource_a_lot" name="test_push_check_response_status[169]" time="0.09" />
  <testcase classname="net.synergyinfo.mypush.test.restInterface.TestRestfulInterface_mypush_xmppResource_a_lot" name="test_push_check_response_status[170]" time="0.098" />
  <testcase classname="net.synergyinfo.mypush.test.restInterface.TestRestfulInterface_mypush_xmppResource_a_lot" name="test_push_check_response_status[171]" time="0.11" />
  <testcase classname="net.synergyinfo.mypush.test.restInterface.TestRestfulInterface_mypush_xmppResource_a_lot" name="test_push_check_response_status[172]" time="0.116" />
  <testcase classname="net.synergyinfo.mypush.test.restInterface.TestRestfulInterface_mypush_xmppResource_a_lot" name="test_push_check_response_status[173]" time="0.085" />
  <testcase classname="net.synergyinfo.mypush.test.restInterface.TestRestfulInterface_mypush_xmppResource_a_lot" name="test_push_check_response_status[174]" time="0.112" />
  <testcase classname="net.synergyinfo.mypush.test.restInterface.TestRestfulInterface_mypush_xmppResource_a_lot" name="test_push_check_response_status[175]" time="0.087" />
  <testcase classname="net.synergyinfo.mypush.test.restInterface.TestRestfulInterface_mypush_xmppResource_a_lot" name="test_push_check_response_status[176]" time="0.099" />
  <testcase classname="net.synergyinfo.mypush.test.restInterface.TestRestfulInterface_mypush_xmppResource_a_lot" name="test_push_check_response_status[177]" time="0.099" />
  <testcase classname="net.synergyinfo.mypush.test.restInterface.TestRestfulInterface_mypush_xmppResource_a_lot" name="test_push_check_response_status[178]" time="0.099" />
  <testcase classname="net.synergyinfo.mypush.test.restInterface.TestRestfulInterface_mypush_xmppResource_a_lot" name="test_push_check_response_status[179]" time="0.092" />
  <testcase classname="net.synergyinfo.mypush.test.restInterface.TestRestfulInterface_mypush_xmppResource_a_lot" name="test_push_check_response_status[180]" time="0.093" />
  <testcase classname="net.synergyinfo.mypush.test.restInterface.TestRestfulInterface_mypush_xmppResource_a_lot" name="test_push_check_response_status[181]" time="0.082" />
  <testcase classname="net.synergyinfo.mypush.test.restInterface.TestRestfulInterface_mypush_xmppResource_a_lot" name="test_push_check_response_status[182]" time="0.091" />
  <testcase classname="net.synergyinfo.mypush.test.restInterface.TestRestfulInterface_mypush_xmppResource_a_lot" name="test_push_check_response_status[183]" time="0.085" />
  <testcase classname="net.synergyinfo.mypush.test.restInterface.TestRestfulInterface_mypush_xmppResource_a_lot" name="test_push_check_response_status[184]" time="0.099" />
  <testcase classname="net.synergyinfo.mypush.test.restInterface.TestRestfulInterface_mypush_xmppResource_a_lot" name="test_push_check_response_status[185]" time="0.089" />
  <testcase classname="net.synergyinfo.mypush.test.restInterface.TestRestfulInterface_mypush_xmppResource_a_lot" name="test_push_check_response_status[186]" time="0.083" />
  <testcase classname="net.synergyinfo.mypush.test.restInterface.TestRestfulInterface_mypush_xmppResource_a_lot" name="test_push_check_response_status[187]" time="0.091" />
  <testcase classname="net.synergyinfo.mypush.test.restInterface.TestRestfulInterface_mypush_xmppResource_a_lot" name="test_push_check_response_status[188]" time="0.092" />
  <testcase classname="net.synergyinfo.mypush.test.restInterface.TestRestfulInterface_mypush_xmppResource_a_lot" name="test_push_check_response_status[189]" time="0.1" />
  <testcase classname="net.synergyinfo.mypush.test.restInterface.TestRestfulInterface_mypush_xmppResource_a_lot" name="test_push_check_response_status[190]" time="0.09" />
  <testcase classname="net.synergyinfo.mypush.test.restInterface.TestRestfulInterface_mypush_xmppResource_a_lot" name="test_push_check_response_status[191]" time="0.084" />
  <testcase classname="net.synergyinfo.mypush.test.restInterface.TestRestfulInterface_mypush_xmppResource_a_lot" name="test_push_check_response_status[192]" time="0.1" />
  <testcase classname="net.synergyinfo.mypush.test.restInterface.TestRestfulInterface_mypush_xmppResource_a_lot" name="test_push_check_response_status[193]" time="0.123" />
  <testcase classname="net.synergyinfo.mypush.test.restInterface.TestRestfulInterface_mypush_xmppResource_a_lot" name="test_push_check_response_status[194]" time="0.084" />
  <testcase classname="net.synergyinfo.mypush.test.restInterface.TestRestfulInterface_mypush_xmppResource_a_lot" name="test_push_check_response_status[195]" time="0.075" />
  <testcase classname="net.synergyinfo.mypush.test.restInterface.TestRestfulInterface_mypush_xmppResource_a_lot" name="test_push_check_response_status[196]" time="0.092" />
  <testcase classname="net.synergyinfo.mypush.test.restInterface.TestRestfulInterface_mypush_xmppResource_a_lot" name="test_push_check_response_status[197]" time="0.083" />
  <testcase classname="net.synergyinfo.mypush.test.restInterface.TestRestfulInterface_mypush_xmppResource_a_lot" name="test_push_check_response_status[198]" time="0.091" />
  <testcase classname="net.synergyinfo.mypush.test.restInterface.TestRestfulInterface_mypush_xmppResource_a_lot" name="test_push_check_response_status[199]" time="0.092" />
  <testcase classname="net.synergyinfo.mypush.test.restInterface.TestRestfulInterface_mypush_xmppResource_a_lot" name="test_push_check_response_status[200]" time="0.108" />
  <testcase classname="net.synergyinfo.mypush.test.restInterface.TestRestfulInterface_mypush_xmppResource_a_lot" name="test_push_check_response_status[201]" time="0.092" />
  <testcase classname="net.synergyinfo.mypush.test.restInterface.TestRestfulInterface_mypush_xmppResource_a_lot" name="test_push_check_response_status[202]" time="0.092" />
  <testcase classname="net.synergyinfo.mypush.test.restInterface.TestRestfulInterface_mypush_xmppResource_a_lot" name="test_push_check_response_status[203]" time="0.083" />
  <testcase classname="net.synergyinfo.mypush.test.restInterface.TestRestfulInterface_mypush_xmppResource_a_lot" name="test_push_check_response_status[204]" time="0.092" />
  <testcase classname="net.synergyinfo.mypush.test.restInterface.TestRestfulInterface_mypush_xmppResource_a_lot" name="test_push_check_response_status[205]" time="0.082" />
  <testcase classname="net.synergyinfo.mypush.test.restInterface.TestRestfulInterface_mypush_xmppResource_a_lot" name="test_push_check_response_status[206]" time="0.082" />
  <testcase classname="net.synergyinfo.mypush.test.restInterface.TestRestfulInterface_mypush_xmppResource_a_lot" name="test_push_check_response_status[207]" time="0.083" />
  <testcase classname="net.synergyinfo.mypush.test.restInterface.TestRestfulInterface_mypush_xmppResource_a_lot" name="test_push_check_response_status[208]" time="0.091" />
  <testcase classname="net.synergyinfo.mypush.test.restInterface.TestRestfulInterface_mypush_xmppResource_a_lot" name="test_push_check_response_status[209]" time="0.091" />
  <testcase classname="net.synergyinfo.mypush.test.restInterface.TestRestfulInterface_mypush_xmppResource_a_lot" name="test_push_check_response_status[210]" time="0.091" />
  <testcase classname="net.synergyinfo.mypush.test.restInterface.TestRestfulInterface_mypush_xmppResource_a_lot" name="test_push_check_response_status[211]" time="0.083" />
  <testcase classname="net.synergyinfo.mypush.test.restInterface.TestRestfulInterface_mypush_xmppResource_a_lot" name="test_push_check_response_status[212]" time="0.091" />
  <testcase classname="net.synergyinfo.mypush.test.restInterface.TestRestfulInterface_mypush_xmppResource_a_lot" name="test_push_check_response_status[213]" time="0.091" />
  <testcase classname="net.synergyinfo.mypush.test.restInterface.TestRestfulInterface_mypush_xmppResource_a_lot" name="test_push_check_response_status[214]" time="0.084" />
  <testcase classname="net.synergyinfo.mypush.test.restInterface.TestRestfulInterface_mypush_xmppResource_a_lot" name="test_push_check_response_status[215]" time="0.091" />
  <testcase classname="net.synergyinfo.mypush.test.restInterface.TestRestfulInterface_mypush_xmppResource_a_lot" name="test_push_check_response_status[216]" time="0.091" />
  <testcase classname="net.synergyinfo.mypush.test.restInterface.TestRestfulInterface_mypush_xmppResource_a_lot" name="test_push_check_response_status[217]" time="0.084" />
  <testcase classname="net.synergyinfo.mypush.test.restInterface.TestRestfulInterface_mypush_xmppResource_a_lot" name="test_push_check_response_status[218]" time="0.099" />
  <testcase classname="net.synergyinfo.mypush.test.restInterface.TestRestfulInterface_mypush_xmppResource_a_lot" name="test_push_check_response_status[219]" time="0.091" />
  <testcase classname="net.synergyinfo.mypush.test.restInterface.TestRestfulInterface_mypush_xmppResource_a_lot" name="test_push_check_response_status[220]" time="0.103" />
  <testcase classname="net.synergyinfo.mypush.test.restInterface.TestRestfulInterface_mypush_xmppResource_a_lot" name="test_push_check_response_status[221]" time="0.106" />
  <testcase classname="net.synergyinfo.mypush.test.restInterface.TestRestfulInterface_mypush_xmppResource_a_lot" name="test_push_check_response_status[222]" time="0.099" />
  <testcase classname="net.synergyinfo.mypush.test.restInterface.TestRestfulInterface_mypush_xmppResource_a_lot" name="test_push_check_response_status[223]" time="0.093" />
  <testcase classname="net.synergyinfo.mypush.test.restInterface.TestRestfulInterface_mypush_xmppResource_a_lot" name="test_push_check_response_status[224]" time="0.082" />
  <testcase classname="net.synergyinfo.mypush.test.restInterface.TestRestfulInterface_mypush_xmppResource_a_lot" name="test_push_check_response_status[225]" time="0.091" />
  <testcase classname="net.synergyinfo.mypush.test.restInterface.TestRestfulInterface_mypush_xmppResource_a_lot" name="test_push_check_response_status[226]" time="0.099" />
  <testcase classname="net.synergyinfo.mypush.test.restInterface.TestRestfulInterface_mypush_xmppResource_a_lot" name="test_push_check_response_status[227]" time="0.083" />
  <testcase classname="net.synergyinfo.mypush.test.restInterface.TestRestfulInterface_mypush_xmppResource_a_lot" name="test_push_check_response_status[228]" time="0.093" />
  <testcase classname="net.synergyinfo.mypush.test.restInterface.TestRestfulInterface_mypush_xmppResource_a_lot" name="test_push_check_response_status[229]" time="0.081" />
  <testcase classname="net.synergyinfo.mypush.test.restInterface.TestRestfulInterface_mypush_xmppResource_a_lot" name="test_push_check_response_status[230]" time="0.083" />
  <testcase classname="net.synergyinfo.mypush.test.restInterface.TestRestfulInterface_mypush_xmppResource_a_lot" name="test_push_check_response_status[231]" time="0.083" />
  <testcase classname="net.synergyinfo.mypush.test.restInterface.TestRestfulInterface_mypush_xmppResource_a_lot" name="test_push_check_response_status[232]" time="0.298" />
  <testcase classname="net.synergyinfo.mypush.test.restInterface.TestRestfulInterface_mypush_xmppResource_a_lot" name="test_push_check_response_status[233]" time="0.084" />
  <testcase classname="net.synergyinfo.mypush.test.restInterface.TestRestfulInterface_mypush_xmppResource_a_lot" name="test_push_check_response_status[234]" time="0.086" />
  <testcase classname="net.synergyinfo.mypush.test.restInterface.TestRestfulInterface_mypush_xmppResource_a_lot" name="test_push_check_response_status[235]" time="0.089" />
  <testcase classname="net.synergyinfo.mypush.test.restInterface.TestRestfulInterface_mypush_xmppResource_a_lot" name="test_push_check_response_status[236]" time="0.083" />
  <testcase classname="net.synergyinfo.mypush.test.restInterface.TestRestfulInterface_mypush_xmppResource_a_lot" name="test_push_check_response_status[237]" time="0.083" />
  <testcase classname="net.synergyinfo.mypush.test.restInterface.TestRestfulInterface_mypush_xmppResource_a_lot" name="test_push_check_response_status[238]" time="0.084" />
  <testcase classname="net.synergyinfo.mypush.test.restInterface.TestRestfulInterface_mypush_xmppResource_a_lot" name="test_push_check_response_status[239]" time="0.099" />
  <testcase classname="net.synergyinfo.mypush.test.restInterface.TestRestfulInterface_mypush_xmppResource_a_lot" name="test_push_check_response_status[240]" time="0.084" />
  <testcase classname="net.synergyinfo.mypush.test.restInterface.TestRestfulInterface_mypush_xmppResource_a_lot" name="test_push_check_response_status[241]" time="0.086" />
  <testcase classname="net.synergyinfo.mypush.test.restInterface.TestRestfulInterface_mypush_xmppResource_a_lot" name="test_push_check_response_status[242]" time="0.091" />
  <testcase classname="net.synergyinfo.mypush.test.restInterface.TestRestfulInterface_mypush_xmppResource_a_lot" name="test_push_check_response_status[243]" time="0.116" />
  <testcase classname="net.synergyinfo.mypush.test.restInterface.TestRestfulInterface_mypush_xmppResource_a_lot" name="test_push_check_response_status[244]" time="0.084" />
  <testcase classname="net.synergyinfo.mypush.test.restInterface.TestRestfulInterface_mypush_xmppResource_a_lot" name="test_push_check_response_status[245]" time="0.082" />
  <testcase classname="net.synergyinfo.mypush.test.restInterface.TestRestfulInterface_mypush_xmppResource_a_lot" name="test_push_check_response_status[246]" time="0.075" />
  <testcase classname="net.synergyinfo.mypush.test.restInterface.TestRestfulInterface_mypush_xmppResource_a_lot" name="test_push_check_response_status[247]" time="0.082" />
  <testcase classname="net.synergyinfo.mypush.test.restInterface.TestRestfulInterface_mypush_xmppResource_a_lot" name="test_push_check_response_status[248]" time="0.084" />
  <testcase classname="net.synergyinfo.mypush.test.restInterface.TestRestfulInterface_mypush_xmppResource_a_lot" name="test_push_check_response_status[249]" time="0.602" />
  <testcase classname="net.synergyinfo.mypush.test.restInterface.TestRestfulInterface_mypush_xmppResource_a_lot" name="test_push_check_response_status[250]" time="0.105" />
  <testcase classname="net.synergyinfo.mypush.test.restInterface.TestRestfulInterface_mypush_xmppResource_a_lot" name="test_push_check_response_status[251]" time="0.102" />
  <testcase classname="net.synergyinfo.mypush.test.restInterface.TestRestfulInterface_mypush_xmppResource_a_lot" name="test_push_check_response_status[252]" time="0.089" />
  <testcase classname="net.synergyinfo.mypush.test.restInterface.TestRestfulInterface_mypush_xmppResource_a_lot" name="test_push_check_response_status[253]" time="0.092" />
  <testcase classname="net.synergyinfo.mypush.test.restInterface.TestRestfulInterface_mypush_xmppResource_a_lot" name="test_push_check_response_status[254]" time="0.083" />
  <testcase classname="net.synergyinfo.mypush.test.restInterface.TestRestfulInterface_mypush_xmppResource_a_lot" name="test_push_check_response_status[255]" time="0.093" />
  <testcase classname="net.synergyinfo.mypush.test.restInterface.TestRestfulInterface_mypush_xmppResource_a_lot" name="test_push_check_response_status[256]" time="0.131" />
  <testcase classname="net.synergyinfo.mypush.test.restInterface.TestRestfulInterface_mypush_xmppResource_a_lot" name="test_push_check_response_status[257]" time="0.092" />
  <testcase classname="net.synergyinfo.mypush.test.restInterface.TestRestfulInterface_mypush_xmppResource_a_lot" name="test_push_check_response_status[258]" time="0.091" />
  <testcase classname="net.synergyinfo.mypush.test.restInterface.TestRestfulInterface_mypush_xmppResource_a_lot" name="test_push_check_response_status[259]" time="0.083" />
  <testcase classname="net.synergyinfo.mypush.test.restInterface.TestRestfulInterface_mypush_xmppResource_a_lot" name="test_push_check_response_status[260]" time="0.099" />
  <testcase classname="net.synergyinfo.mypush.test.restInterface.TestRestfulInterface_mypush_xmppResource_a_lot" name="test_push_check_response_status[261]" time="0.092" />
  <testcase classname="net.synergyinfo.mypush.test.restInterface.TestRestfulInterface_mypush_xmppResource_a_lot" name="test_push_check_response_status[262]" time="0.083" />
  <testcase classname="net.synergyinfo.mypush.test.restInterface.TestRestfulInterface_mypush_xmppResource_a_lot" name="test_push_check_response_status[263]" time="0.092" />
  <testcase classname="net.synergyinfo.mypush.test.restInterface.TestRestfulInterface_mypush_xmppResource_a_lot" name="test_push_check_response_status[264]" time="0.083" />
  <testcase classname="net.synergyinfo.mypush.test.restInterface.TestRestfulInterface_mypush_xmppResource_a_lot" name="test_push_check_response_status[265]" time="0.074" />
  <testcase classname="net.synergyinfo.mypush.test.restInterface.TestRestfulInterface_mypush_xmppResource_a_lot" name="test_push_check_response_status[266]" time="0.083" />
  <testcase classname="net.synergyinfo.mypush.test.restInterface.TestRestfulInterface_mypush_xmppResource_a_lot" name="test_push_check_response_status[267]" time="0.085" />
  <testcase classname="net.synergyinfo.mypush.test.restInterface.TestRestfulInterface_mypush_xmppResource_a_lot" name="test_push_check_response_status[268]" time="0.113" />
  <testcase classname="net.synergyinfo.mypush.test.restInterface.TestRestfulInterface_mypush_xmppResource_a_lot" name="test_push_check_response_status[269]" time="0.084" />
  <testcase classname="net.synergyinfo.mypush.test.restInterface.TestRestfulInterface_mypush_xmppResource_a_lot" name="test_push_check_response_status[270]" time="0.074" />
  <testcase classname="net.synergyinfo.mypush.test.restInterface.TestRestfulInterface_mypush_xmppResource_a_lot" name="test_push_check_response_status[271]" time="0.092" />
  <testcase classname="net.synergyinfo.mypush.test.restInterface.TestRestfulInterface_mypush_xmppResource_a_lot" name="test_push_check_response_status[272]" time="0.091" />
  <testcase classname="net.synergyinfo.mypush.test.restInterface.TestRestfulInterface_mypush_xmppResource_a_lot" name="test_push_check_response_status[273]" time="0.098" />
  <testcase classname="net.synergyinfo.mypush.test.restInterface.TestRestfulInterface_mypush_xmppResource_a_lot" name="test_push_check_response_status[274]" time="0.075" />
  <testcase classname="net.synergyinfo.mypush.test.restInterface.TestRestfulInterface_mypush_xmppResource_a_lot" name="test_push_check_response_status[275]" time="0.114" />
  <testcase classname="net.synergyinfo.mypush.test.restInterface.TestRestfulInterface_mypush_xmppResource_a_lot" name="test_push_check_response_status[276]" time="0.061" />
  <testcase classname="net.synergyinfo.mypush.test.restInterface.TestRestfulInterface_mypush_xmppResource_a_lot" name="test_push_check_response_status[277]" time="0.081" />
  <testcase classname="net.synergyinfo.mypush.test.restInterface.TestRestfulInterface_mypush_xmppResource_a_lot" name="test_push_check_response_status[278]" time="0.083" />
  <testcase classname="net.synergyinfo.mypush.test.restInterface.TestRestfulInterface_mypush_xmppResource_a_lot" name="test_push_check_response_status[279]" time="0.085" />
  <testcase classname="net.synergyinfo.mypush.test.restInterface.TestRestfulInterface_mypush_xmppResource_a_lot" name="test_push_check_response_status[280]" time="0.08" />
  <testcase classname="net.synergyinfo.mypush.test.restInterface.TestRestfulInterface_mypush_xmppResource_a_lot" name="test_push_check_response_status[281]" time="0.083" />
  <testcase classname="net.synergyinfo.mypush.test.restInterface.TestRestfulInterface_mypush_xmppResource_a_lot" name="test_push_check_response_status[282]" time="0.084" />
  <testcase classname="net.synergyinfo.mypush.test.restInterface.TestRestfulInterface_mypush_xmppResource_a_lot" name="test_push_check_response_status[283]" time="0.091" />
  <testcase classname="net.synergyinfo.mypush.test.restInterface.TestRestfulInterface_mypush_xmppResource_a_lot" name="test_push_check_response_status[284]" time="0.082" />
  <testcase classname="net.synergyinfo.mypush.test.restInterface.TestRestfulInterface_mypush_xmppResource_a_lot" name="test_push_check_response_status[285]" time="0.075" />
  <testcase classname="net.synergyinfo.mypush.test.restInterface.TestRestfulInterface_mypush_xmppResource_a_lot" name="test_push_check_response_status[286]" time="0.091" />
  <testcase classname="net.synergyinfo.mypush.test.restInterface.TestRestfulInterface_mypush_xmppResource_a_lot" name="test_push_check_response_status[287]" time="0.091" />
  <testcase classname="net.synergyinfo.mypush.test.restInterface.TestRestfulInterface_mypush_xmppResource_a_lot" name="test_push_check_response_status[288]" time="0.083" />
  <testcase classname="net.synergyinfo.mypush.test.restInterface.TestRestfulInterface_mypush_xmppResource_a_lot" name="test_push_check_response_status[289]" time="0.091" />
  <testcase classname="net.synergyinfo.mypush.test.restInterface.TestRestfulInterface_mypush_xmppResource_a_lot" name="test_push_check_response_status[290]" time="0.133" />
  <testcase classname="net.synergyinfo.mypush.test.restInterface.TestRestfulInterface_mypush_xmppResource_a_lot" name="test_push_check_response_status[291]" time="0.099" />
  <testcase classname="net.synergyinfo.mypush.test.restInterface.TestRestfulInterface_mypush_xmppResource_a_lot" name="test_push_check_response_status[292]" time="0.09" />
  <testcase classname="net.synergyinfo.mypush.test.restInterface.TestRestfulInterface_mypush_xmppResource_a_lot" name="test_push_check_response_status[293]" time="0.141" />
  <testcase classname="net.synergyinfo.mypush.test.restInterface.TestRestfulInterface_mypush_xmppResource_a_lot" name="test_push_check_response_status[294]" time="0.082" />
  <testcase classname="net.synergyinfo.mypush.test.restInterface.TestRestfulInterface_mypush_xmppResource_a_lot" name="test_push_check_response_status[295]" time="0.083" />
  <testcase classname="net.synergyinfo.mypush.test.restInterface.TestRestfulInterface_mypush_xmppResource_a_lot" name="test_push_check_response_status[296]" time="0.084" />
  <testcase classname="net.synergyinfo.mypush.test.restInterface.TestRestfulInterface_mypush_xmppResource_a_lot" name="test_push_check_response_status[297]" time="0.081" />
  <testcase classname="net.synergyinfo.mypush.test.restInterface.TestRestfulInterface_mypush_xmppResource_a_lot" name="test_push_check_response_status[298]" time="0.083" />
  <testcase classname="net.synergyinfo.mypush.test.restInterface.TestRestfulInterface_mypush_xmppResource_a_lot" name="test_push_check_response_status[299]" time="0.083" />
  <testcase classname="net.synergyinfo.mypush.test.restInterface.TestRestfulInterface_mypush_xmppResource_a_lot" name="test_push_check_response_status[300]" time="0.083" />
  <testcase classname="net.synergyinfo.mypush.test.restInterface.TestRestfulInterface_mypush_xmppResource_a_lot" name="test_push_check_response_status[301]" time="0.083" />
  <testcase classname="net.synergyinfo.mypush.test.restInterface.TestRestfulInterface_mypush_xmppResource_a_lot" name="test_push_check_response_status[302]" time="0.109" />
  <testcase classname="net.synergyinfo.mypush.test.restInterface.TestRestfulInterface_mypush_xmppResource_a_lot" name="test_push_check_response_status[303]" time="0.082" />
  <testcase classname="net.synergyinfo.mypush.test.restInterface.TestRestfulInterface_mypush_xmppResource_a_lot" name="test_push_check_response_status[304]" time="0.091" />
  <testcase classname="net.synergyinfo.mypush.test.restInterface.TestRestfulInterface_mypush_xmppResource_a_lot" name="test_push_check_response_status[305]" time="0.092" />
  <testcase classname="net.synergyinfo.mypush.test.restInterface.TestRestfulInterface_mypush_xmppResource_a_lot" name="test_push_check_response_status[306]" time="0.091" />
  <testcase classname="net.synergyinfo.mypush.test.restInterface.TestRestfulInterface_mypush_xmppResource_a_lot" name="test_push_check_response_status[307]" time="0.083" />
  <testcase classname="net.synergyinfo.mypush.test.restInterface.TestRestfulInterface_mypush_xmppResource_a_lot" name="test_push_check_response_status[308]" time="0.09" />
  <testcase classname="net.synergyinfo.mypush.test.restInterface.TestRestfulInterface_mypush_xmppResource_a_lot" name="test_push_check_response_status[309]" time="0.083" />
  <testcase classname="net.synergyinfo.mypush.test.restInterface.TestRestfulInterface_mypush_xmppResource_a_lot" name="test_push_check_response_status[310]" time="0.083" />
  <testcase classname="net.synergyinfo.mypush.test.restInterface.TestRestfulInterface_mypush_xmppResource_a_lot" name="test_push_check_response_status[311]" time="0.083" />
  <testcase classname="net.synergyinfo.mypush.test.restInterface.TestRestfulInterface_mypush_xmppResource_a_lot" name="test_push_check_response_status[312]" time="0.101" />
  <testcase classname="net.synergyinfo.mypush.test.restInterface.TestRestfulInterface_mypush_xmppResource_a_lot" name="test_push_check_response_status[313]" time="0.09" />
  <testcase classname="net.synergyinfo.mypush.test.restInterface.TestRestfulInterface_mypush_xmppResource_a_lot" name="test_push_check_response_status[314]" time="0.083" />
  <testcase classname="net.synergyinfo.mypush.test.restInterface.TestRestfulInterface_mypush_xmppResource_a_lot" name="test_push_check_response_status[315]" time="0.083" />
  <testcase classname="net.synergyinfo.mypush.test.restInterface.TestRestfulInterface_mypush_xmppResource_a_lot" name="test_push_check_response_status[316]" time="0.092" />
  <testcase classname="net.synergyinfo.mypush.test.restInterface.TestRestfulInterface_mypush_xmppResource_a_lot" name="test_push_check_response_status[317]" time="0.083" />
  <testcase classname="net.synergyinfo.mypush.test.restInterface.TestRestfulInterface_mypush_xmppResource_a_lot" name="test_push_check_response_status[318]" time="0.083" />
  <testcase classname="net.synergyinfo.mypush.test.restInterface.TestRestfulInterface_mypush_xmppResource_a_lot" name="test_push_check_response_status[319]" time="0.084" />
  <testcase classname="net.synergyinfo.mypush.test.restInterface.TestRestfulInterface_mypush_xmppResource_a_lot" name="test_push_check_response_status[320]" time="0.083" />
  <testcase classname="net.synergyinfo.mypush.test.restInterface.TestRestfulInterface_mypush_xmppResource_a_lot" name="test_push_check_response_status[321]" time="0.075" />
  <testcase classname="net.synergyinfo.mypush.test.restInterface.TestRestfulInterface_mypush_xmppResource_a_lot" name="test_push_check_response_status[322]" time="0.084" />
  <testcase classname="net.synergyinfo.mypush.test.restInterface.TestRestfulInterface_mypush_xmppResource_a_lot" name="test_push_check_response_status[323]" time="0.083" />
  <testcase classname="net.synergyinfo.mypush.test.restInterface.TestRestfulInterface_mypush_xmppResource_a_lot" name="test_push_check_response_status[324]" time="0.12" />
  <testcase classname="net.synergyinfo.mypush.test.restInterface.TestRestfulInterface_mypush_xmppResource_a_lot" name="test_push_check_response_status[325]" time="0.096" />
  <testcase classname="net.synergyinfo.mypush.test.restInterface.TestRestfulInterface_mypush_xmppResource_a_lot" name="test_push_check_response_status[326]" time="0.082" />
  <testcase classname="net.synergyinfo.mypush.test.restInterface.TestRestfulInterface_mypush_xmppResource_a_lot" name="test_push_check_response_status[327]" time="0.083" />
  <testcase classname="net.synergyinfo.mypush.test.restInterface.TestRestfulInterface_mypush_xmppResource_a_lot" name="test_push_check_response_status[328]" time="0.108" />
  <testcase classname="net.synergyinfo.mypush.test.restInterface.TestRestfulInterface_mypush_xmppResource_a_lot" name="test_push_check_response_status[329]" time="0.083" />
  <testcase classname="net.synergyinfo.mypush.test.restInterface.TestRestfulInterface_mypush_xmppResource_a_lot" name="test_push_check_response_status[330]" time="0.084" />
  <testcase classname="net.synergyinfo.mypush.test.restInterface.TestRestfulInterface_mypush_xmppResource_a_lot" name="test_push_check_response_status[331]" time="0.092" />
  <testcase classname="net.synergyinfo.mypush.test.restInterface.TestRestfulInterface_mypush_xmppResource_a_lot" name="test_push_check_response_status[332]" time="0.083" />
  <testcase classname="net.synergyinfo.mypush.test.restInterface.TestRestfulInterface_mypush_xmppResource_a_lot" name="test_push_check_response_status[333]" time="0.084" />
  <testcase classname="net.synergyinfo.mypush.test.restInterface.TestRestfulInterface_mypush_xmppResource_a_lot" name="test_push_check_response_status[334]" time="0.091" />
  <testcase classname="net.synergyinfo.mypush.test.restInterface.TestRestfulInterface_mypush_xmppResource_a_lot" name="test_push_check_response_status[335]" time="0.083" />
  <testcase classname="net.synergyinfo.mypush.test.restInterface.TestRestfulInterface_mypush_xmppResource_a_lot" name="test_push_check_response_status[336]" time="0.091" />
  <testcase classname="net.synergyinfo.mypush.test.restInterface.TestRestfulInterface_mypush_xmppResource_a_lot" name="test_push_check_response_status[337]" time="0.084" />
  <testcase classname="net.synergyinfo.mypush.test.restInterface.TestRestfulInterface_mypush_xmppResource_a_lot" name="test_push_check_response_status[338]" time="0.09" />
  <testcase classname="net.synergyinfo.mypush.test.restInterface.TestRestfulInterface_mypush_xmppResource_a_lot" name="test_push_check_response_status[339]" time="0.091" />
  <testcase classname="net.synergyinfo.mypush.test.restInterface.TestRestfulInterface_mypush_xmppResource_a_lot" name="test_push_check_response_status[340]" time="0.083" />
  <testcase classname="net.synergyinfo.mypush.test.restInterface.TestRestfulInterface_mypush_xmppResource_a_lot" name="test_push_check_response_status[341]" time="0.086" />
  <testcase classname="net.synergyinfo.mypush.test.restInterface.TestRestfulInterface_mypush_xmppResource_a_lot" name="test_push_check_response_status[342]" time="0.08" />
  <testcase classname="net.synergyinfo.mypush.test.restInterface.TestRestfulInterface_mypush_xmppResource_a_lot" name="test_push_check_response_status[343]" time="0.084" />
  <testcase classname="net.synergyinfo.mypush.test.restInterface.TestRestfulInterface_mypush_xmppResource_a_lot" name="test_push_check_response_status[344]" time="0.083" />
  <testcase classname="net.synergyinfo.mypush.test.restInterface.TestRestfulInterface_mypush_xmppResource_a_lot" name="test_push_check_response_status[345]" time="0.082" />
  <testcase classname="net.synergyinfo.mypush.test.restInterface.TestRestfulInterface_mypush_xmppResource_a_lot" name="test_push_check_response_status[346]" time="0.082" />
  <testcase classname="net.synergyinfo.mypush.test.restInterface.TestRestfulInterface_mypush_xmppResource_a_lot" name="test_push_check_response_status[347]" time="0.092" />
  <testcase classname="net.synergyinfo.mypush.test.restInterface.TestRestfulInterface_mypush_xmppResource_a_lot" name="test_push_check_response_status[348]" time="0.084" />
  <testcase classname="net.synergyinfo.mypush.test.restInterface.TestRestfulInterface_mypush_xmppResource_a_lot" name="test_push_check_response_status[349]" time="0.084" />
  <testcase classname="net.synergyinfo.mypush.test.restInterface.TestRestfulInterface_mypush_xmppResource_a_lot" name="test_push_check_response_status[350]" time="0.083" />
  <testcase classname="net.synergyinfo.mypush.test.restInterface.TestRestfulInterface_mypush_xmppResource_a_lot" name="test_push_check_response_status[351]" time="0.075" />
  <testcase classname="net.synergyinfo.mypush.test.restInterface.TestRestfulInterface_mypush_xmppResource_a_lot" name="test_push_check_response_status[352]" time="0.092" />
  <testcase classname="net.synergyinfo.mypush.test.restInterface.TestRestfulInterface_mypush_xmppResource_a_lot" name="test_push_check_response_status[353]" time="0.091" />
  <testcase classname="net.synergyinfo.mypush.test.restInterface.TestRestfulInterface_mypush_xmppResource_a_lot" name="test_push_check_response_status[354]" time="0.091" />
  <testcase classname="net.synergyinfo.mypush.test.restInterface.TestRestfulInterface_mypush_xmppResource_a_lot" name="test_push_check_response_status[355]" time="0.091" />
  <testcase classname="net.synergyinfo.mypush.test.restInterface.TestRestfulInterface_mypush_xmppResource_a_lot" name="test_push_check_response_status[356]" time="0.075" />
  <testcase classname="net.synergyinfo.mypush.test.restInterface.TestRestfulInterface_mypush_xmppResource_a_lot" name="test_push_check_response_status[357]" time="0.092" />
  <testcase classname="net.synergyinfo.mypush.test.restInterface.TestRestfulInterface_mypush_xmppResource_a_lot" name="test_push_check_response_status[358]" time="0.091" />
  <testcase classname="net.synergyinfo.mypush.test.restInterface.TestRestfulInterface_mypush_xmppResource_a_lot" name="test_push_check_response_status[359]" time="0.091" />
  <testcase classname="net.synergyinfo.mypush.test.restInterface.TestRestfulInterface_mypush_xmppResource_a_lot" name="test_push_check_response_status[360]" time="0.083" />
  <testcase classname="net.synergyinfo.mypush.test.restInterface.TestRestfulInterface_mypush_xmppResource_a_lot" name="test_push_check_response_status[361]" time="0.083" />
  <testcase classname="net.synergyinfo.mypush.test.restInterface.TestRestfulInterface_mypush_xmppResource_a_lot" name="test_push_check_response_status[362]" time="0.1" />
  <testcase classname="net.synergyinfo.mypush.test.restInterface.TestRestfulInterface_mypush_xmppResource_a_lot" name="test_push_check_response_status[363]" time="0.083" />
  <testcase classname="net.synergyinfo.mypush.test.restInterface.TestRestfulInterface_mypush_xmppResource_a_lot" name="test_push_check_response_status[364]" time="0.083" />
  <testcase classname="net.synergyinfo.mypush.test.restInterface.TestRestfulInterface_mypush_xmppResource_a_lot" name="test_push_check_response_status[365]" time="0.075" />
  <testcase classname="net.synergyinfo.mypush.test.restInterface.TestRestfulInterface_mypush_xmppResource_a_lot" name="test_push_check_response_status[366]" time="0.084" />
  <testcase classname="net.synergyinfo.mypush.test.restInterface.TestRestfulInterface_mypush_xmppResource_a_lot" name="test_push_check_response_status[367]" time="0.091" />
  <testcase classname="net.synergyinfo.mypush.test.restInterface.TestRestfulInterface_mypush_xmppResource_a_lot" name="test_push_check_response_status[368]" time="0.092" />
  <testcase classname="net.synergyinfo.mypush.test.restInterface.TestRestfulInterface_mypush_xmppResource_a_lot" name="test_push_check_response_status[369]" time="0.083" />
  <testcase classname="net.synergyinfo.mypush.test.restInterface.TestRestfulInterface_mypush_xmppResource_a_lot" name="test_push_check_response_status[370]" time="0.099" />
  <testcase classname="net.synergyinfo.mypush.test.restInterface.TestRestfulInterface_mypush_xmppResource_a_lot" name="test_push_check_response_status[371]" time="0.091" />
  <testcase classname="net.synergyinfo.mypush.test.restInterface.TestRestfulInterface_mypush_xmppResource_a_lot" name="test_push_check_response_status[372]" time="0.083" />
  <testcase classname="net.synergyinfo.mypush.test.restInterface.TestRestfulInterface_mypush_xmppResource_a_lot" name="test_push_check_response_status[373]" time="0.083" />
  <testcase classname="net.synergyinfo.mypush.test.restInterface.TestRestfulInterface_mypush_xmppResource_a_lot" name="test_push_check_response_status[374]" time="0.083" />
  <testcase classname="net.synergyinfo.mypush.test.restInterface.TestRestfulInterface_mypush_xmppResource_a_lot" name="test_push_check_response_status[375]" time="0.083" />
  <testcase classname="net.synergyinfo.mypush.test.restInterface.TestRestfulInterface_mypush_xmppResource_a_lot" name="test_push_check_response_status[376]" time="0.092" />
  <testcase classname="net.synergyinfo.mypush.test.restInterface.TestRestfulInterface_mypush_xmppResource_a_lot" name="test_push_check_response_status[377]" time="0.1" />
  <testcase classname="net.synergyinfo.mypush.test.restInterface.TestRestfulInterface_mypush_xmppResource_a_lot" name="test_push_check_response_status[378]" time="0.083" />
  <testcase classname="net.synergyinfo.mypush.test.restInterface.TestRestfulInterface_mypush_xmppResource_a_lot" name="test_push_check_response_status[379]" time="0.082" />
  <testcase classname="net.synergyinfo.mypush.test.restInterface.TestRestfulInterface_mypush_xmppResource_a_lot" name="test_push_check_response_status[380]" time="0.083" />
  <testcase classname="net.synergyinfo.mypush.test.restInterface.TestRestfulInterface_mypush_xmppResource_a_lot" name="test_push_check_response_status[381]" time="0.083" />
  <testcase classname="net.synergyinfo.mypush.test.restInterface.TestRestfulInterface_mypush_xmppResource_a_lot" name="test_push_check_response_status[382]" time="0.116" />
  <testcase classname="net.synergyinfo.mypush.test.restInterface.TestRestfulInterface_mypush_xmppResource_a_lot" name="test_push_check_response_status[383]" time="0.084" />
  <testcase classname="net.synergyinfo.mypush.test.restInterface.TestRestfulInterface_mypush_xmppResource_a_lot" name="test_push_check_response_status[384]" time="0.091" />
  <testcase classname="net.synergyinfo.mypush.test.restInterface.TestRestfulInterface_mypush_xmppResource_a_lot" name="test_push_check_response_status[385]" time="0.091" />
  <testcase classname="net.synergyinfo.mypush.test.restInterface.TestRestfulInterface_mypush_xmppResource_a_lot" name="test_push_check_response_status[386]" time="0.099" />
  <testcase classname="net.synergyinfo.mypush.test.restInterface.TestRestfulInterface_mypush_xmppResource_a_lot" name="test_push_check_response_status[387]" time="0.091" />
  <testcase classname="net.synergyinfo.mypush.test.restInterface.TestRestfulInterface_mypush_xmppResource_a_lot" name="test_push_check_response_status[388]" time="0.091" />
  <testcase classname="net.synergyinfo.mypush.test.restInterface.TestRestfulInterface_mypush_xmppResource_a_lot" name="test_push_check_response_status[389]" time="0.1" />
  <testcase classname="net.synergyinfo.mypush.test.restInterface.TestRestfulInterface_mypush_xmppResource_a_lot" name="test_push_check_response_status[390]" time="0.091" />
  <testcase classname="net.synergyinfo.mypush.test.restInterface.TestRestfulInterface_mypush_xmppResource_a_lot" name="test_push_check_response_status[391]" time="0.083" />
  <testcase classname="net.synergyinfo.mypush.test.restInterface.TestRestfulInterface_mypush_xmppResource_a_lot" name="test_push_check_response_status[392]" time="0.104" />
  <testcase classname="net.synergyinfo.mypush.test.restInterface.TestRestfulInterface_mypush_xmppResource_a_lot" name="test_push_check_response_status[393]" time="0.083" />
  <testcase classname="net.synergyinfo.mypush.test.restInterface.TestRestfulInterface_mypush_xmppResource_a_lot" name="test_push_check_response_status[394]" time="0.091" />
  <testcase classname="net.synergyinfo.mypush.test.restInterface.TestRestfulInterface_mypush_xmppResource_a_lot" name="test_push_check_response_status[395]" time="0.079" />
  <testcase classname="net.synergyinfo.mypush.test.restInterface.TestRestfulInterface_mypush_xmppResource_a_lot" name="test_push_check_response_status[396]" time="0.092" />
  <testcase classname="net.synergyinfo.mypush.test.restInterface.TestRestfulInterface_mypush_xmppResource_a_lot" name="test_push_check_response_status[397]" time="0.083" />
  <testcase classname="net.synergyinfo.mypush.test.restInterface.TestRestfulInterface_mypush_xmppResource_a_lot" name="test_push_check_response_status[398]" time="0.083" />
  <testcase classname="net.synergyinfo.mypush.test.restInterface.TestRestfulInterface_mypush_xmppResource_a_lot" name="test_push_check_response_status[399]" time="0.099" />
  <testcase classname="net.synergyinfo.mypush.test.restInterface.TestRestfulInterface_mypush_xmppResource_a_lot" name="test_push_check_response_status[400]" time="0.092" />
  <testcase classname="net.synergyinfo.mypush.test.restInterface.TestRestfulInterface_mypush_xmppResource_a_lot" name="test_push_check_response_status[401]" time="0.082" />
  <testcase classname="net.synergyinfo.mypush.test.restInterface.TestRestfulInterface_mypush_xmppResource_a_lot" name="test_push_check_response_status[402]" time="0.091" />
  <testcase classname="net.synergyinfo.mypush.test.restInterface.TestRestfulInterface_mypush_xmppResource_a_lot" name="test_push_check_response_status[403]" time="0.083" />
  <testcase classname="net.synergyinfo.mypush.test.restInterface.TestRestfulInterface_mypush_xmppResource_a_lot" name="test_push_check_response_status[404]" time="0.084" />
  <testcase classname="net.synergyinfo.mypush.test.restInterface.TestRestfulInterface_mypush_xmppResource_a_lot" name="test_push_check_response_status[405]" time="0.091" />
  <testcase classname="net.synergyinfo.mypush.test.restInterface.TestRestfulInterface_mypush_xmppResource_a_lot" name="test_push_check_response_status[406]" time="0.083" />
  <testcase classname="net.synergyinfo.mypush.test.restInterface.TestRestfulInterface_mypush_xmppResource_a_lot" name="test_push_check_response_status[407]" time="0.083" />
  <testcase classname="net.synergyinfo.mypush.test.restInterface.TestRestfulInterface_mypush_xmppResource_a_lot" name="test_push_check_response_status[408]" time="0.083" />
  <testcase classname="net.synergyinfo.mypush.test.restInterface.TestRestfulInterface_mypush_xmppResource_a_lot" name="test_push_check_response_status[409]" time="0.101" />
  <testcase classname="net.synergyinfo.mypush.test.restInterface.TestRestfulInterface_mypush_xmppResource_a_lot" name="test_push_check_response_status[410]" time="0.1" />
  <testcase classname="net.synergyinfo.mypush.test.restInterface.TestRestfulInterface_mypush_xmppResource_a_lot" name="test_push_check_response_status[411]" time="0.081" />
  <testcase classname="net.synergyinfo.mypush.test.restInterface.TestRestfulInterface_mypush_xmppResource_a_lot" name="test_push_check_response_status[412]" time="0.083" />
  <testcase classname="net.synergyinfo.mypush.test.restInterface.TestRestfulInterface_mypush_xmppResource_a_lot" name="test_push_check_response_status[413]" time="0.092" />
  <testcase classname="net.synergyinfo.mypush.test.restInterface.TestRestfulInterface_mypush_xmppResource_a_lot" name="test_push_check_response_status[414]" time="0.091" />
  <testcase classname="net.synergyinfo.mypush.test.restInterface.TestRestfulInterface_mypush_xmppResource_a_lot" name="test_push_check_response_status[415]" time="0.182" />
  <testcase classname="net.synergyinfo.mypush.test.restInterface.TestRestfulInterface_mypush_xmppResource_a_lot" name="test_push_check_response_status[416]" time="0.083" />
  <testcase classname="net.synergyinfo.mypush.test.restInterface.TestRestfulInterface_mypush_xmppResource_a_lot" name="test_push_check_response_status[417]" time="0.091" />
  <testcase classname="net.synergyinfo.mypush.test.restInterface.TestRestfulInterface_mypush_xmppResource_a_lot" name="test_push_check_response_status[418]" time="0.091" />
  <testcase classname="net.synergyinfo.mypush.test.restInterface.TestRestfulInterface_mypush_xmppResource_a_lot" name="test_push_check_response_status[419]" time="0.083" />
  <testcase classname="net.synergyinfo.mypush.test.restInterface.TestRestfulInterface_mypush_xmppResource_a_lot" name="test_push_check_response_status[420]" time="0.083" />
  <testcase classname="net.synergyinfo.mypush.test.restInterface.TestRestfulInterface_mypush_xmppResource_a_lot" name="test_push_check_response_status[421]" time="0.083" />
  <testcase classname="net.synergyinfo.mypush.test.restInterface.TestRestfulInterface_mypush_xmppResource_a_lot" name="test_push_check_response_status[422]" time="0.084" />
  <testcase classname="net.synergyinfo.mypush.test.restInterface.TestRestfulInterface_mypush_xmppResource_a_lot" name="test_push_check_response_status[423]" time="0.092" />
  <testcase classname="net.synergyinfo.mypush.test.restInterface.TestRestfulInterface_mypush_xmppResource_a_lot" name="test_push_check_response_status[424]" time="0.083" />
  <testcase classname="net.synergyinfo.mypush.test.restInterface.TestRestfulInterface_mypush_xmppResource_a_lot" name="test_push_check_response_status[425]" time="0.085" />
  <testcase classname="net.synergyinfo.mypush.test.restInterface.TestRestfulInterface_mypush_xmppResource_a_lot" name="test_push_check_response_status[426]" time="0.091" />
  <testcase classname="net.synergyinfo.mypush.test.restInterface.TestRestfulInterface_mypush_xmppResource_a_lot" name="test_push_check_response_status[427]" time="0.09" />
  <testcase classname="net.synergyinfo.mypush.test.restInterface.TestRestfulInterface_mypush_xmppResource_a_lot" name="test_push_check_response_status[428]" time="0.083" />
  <testcase classname="net.synergyinfo.mypush.test.restInterface.TestRestfulInterface_mypush_xmppResource_a_lot" name="test_push_check_response_status[429]" time="0.083" />
  <testcase classname="net.synergyinfo.mypush.test.restInterface.TestRestfulInterface_mypush_xmppResource_a_lot" name="test_push_check_response_status[430]" time="0.082" />
  <testcase classname="net.synergyinfo.mypush.test.restInterface.TestRestfulInterface_mypush_xmppResource_a_lot" name="test_push_check_response_status[431]" time="0.092" />
  <testcase classname="net.synergyinfo.mypush.test.restInterface.TestRestfulInterface_mypush_xmppResource_a_lot" name="test_push_check_response_status[432]" time="0.083" />
  <testcase classname="net.synergyinfo.mypush.test.restInterface.TestRestfulInterface_mypush_xmppResource_a_lot" name="test_push_check_response_status[433]" time="0.083" />
  <testcase classname="net.synergyinfo.mypush.test.restInterface.TestRestfulInterface_mypush_xmppResource_a_lot" name="test_push_check_response_status[434]" time="0.082" />
  <testcase classname="net.synergyinfo.mypush.test.restInterface.TestRestfulInterface_mypush_xmppResource_a_lot" name="test_push_check_response_status[435]" time="0.082" />
  <testcase classname="net.synergyinfo.mypush.test.restInterface.TestRestfulInterface_mypush_xmppResource_a_lot" name="test_push_check_response_status[436]" time="0.108" />
  <testcase classname="net.synergyinfo.mypush.test.restInterface.TestRestfulInterface_mypush_xmppResource_a_lot" name="test_push_check_response_status[437]" time="0.121" />
  <testcase classname="net.synergyinfo.mypush.test.restInterface.TestRestfulInterface_mypush_xmppResource_a_lot" name="test_push_check_response_status[438]" time="0.083" />
  <testcase classname="net.synergyinfo.mypush.test.restInterface.TestRestfulInterface_mypush_xmppResource_a_lot" name="test_push_check_response_status[439]" time="0.098" />
  <testcase classname="net.synergyinfo.mypush.test.restInterface.TestRestfulInterface_mypush_xmppResource_a_lot" name="test_push_check_response_status[440]" time="0.091" />
  <testcase classname="net.synergyinfo.mypush.test.restInterface.TestRestfulInterface_mypush_xmppResource_a_lot" name="test_push_check_response_status[441]" time="0.084" />
  <testcase classname="net.synergyinfo.mypush.test.restInterface.TestRestfulInterface_mypush_xmppResource_a_lot" name="test_push_check_response_status[442]" time="0.091" />
  <testcase classname="net.synergyinfo.mypush.test.restInterface.TestRestfulInterface_mypush_xmppResource_a_lot" name="test_push_check_response_status[443]" time="0.1" />
  <testcase classname="net.synergyinfo.mypush.test.restInterface.TestRestfulInterface_mypush_xmppResource_a_lot" name="test_push_check_response_status[444]" time="0.091" />
  <testcase classname="net.synergyinfo.mypush.test.restInterface.TestRestfulInterface_mypush_xmppResource_a_lot" name="test_push_check_response_status[445]" time="0.083" />
  <testcase classname="net.synergyinfo.mypush.test.restInterface.TestRestfulInterface_mypush_xmppResource_a_lot" name="test_push_check_response_status[446]" time="0.082" />
  <testcase classname="net.synergyinfo.mypush.test.restInterface.TestRestfulInterface_mypush_xmppResource_a_lot" name="test_push_check_response_status[447]" time="0.091" />
  <testcase classname="net.synergyinfo.mypush.test.restInterface.TestRestfulInterface_mypush_xmppResource_a_lot" name="test_push_check_response_status[448]" time="0.084" />
  <testcase classname="net.synergyinfo.mypush.test.restInterface.TestRestfulInterface_mypush_xmppResource_a_lot" name="test_push_check_response_status[449]" time="0.083" />
  <testcase classname="net.synergyinfo.mypush.test.restInterface.TestRestfulInterface_mypush_xmppResource_a_lot" name="test_push_check_response_status[450]" time="0.083" />
  <testcase classname="net.synergyinfo.mypush.test.restInterface.TestRestfulInterface_mypush_xmppResource_a_lot" name="test_push_check_response_status[451]" time="0.091" />
  <testcase classname="net.synergyinfo.mypush.test.restInterface.TestRestfulInterface_mypush_xmppResource_a_lot" name="test_push_check_response_status[452]" time="0.091" />
  <testcase classname="net.synergyinfo.mypush.test.restInterface.TestRestfulInterface_mypush_xmppResource_a_lot" name="test_push_check_response_status[453]" time="0.091" />
  <testcase classname="net.synergyinfo.mypush.test.restInterface.TestRestfulInterface_mypush_xmppResource_a_lot" name="test_push_check_response_status[454]" time="0.075" />
  <testcase classname="net.synergyinfo.mypush.test.restInterface.TestRestfulInterface_mypush_xmppResource_a_lot" name="test_push_check_response_status[455]" time="0.084" />
  <testcase classname="net.synergyinfo.mypush.test.restInterface.TestRestfulInterface_mypush_xmppResource_a_lot" name="test_push_check_response_status[456]" time="0.082" />
  <testcase classname="net.synergyinfo.mypush.test.restInterface.TestRestfulInterface_mypush_xmppResource_a_lot" name="test_push_check_response_status[457]" time="0.084" />
  <testcase classname="net.synergyinfo.mypush.test.restInterface.TestRestfulInterface_mypush_xmppResource_a_lot" name="test_push_check_response_status[458]" time="0.09" />
  <testcase classname="net.synergyinfo.mypush.test.restInterface.TestRestfulInterface_mypush_xmppResource_a_lot" name="test_push_check_response_status[459]" time="0.083" />
  <testcase classname="net.synergyinfo.mypush.test.restInterface.TestRestfulInterface_mypush_xmppResource_a_lot" name="test_push_check_response_status[460]" time="0.092" />
  <testcase classname="net.synergyinfo.mypush.test.restInterface.TestRestfulInterface_mypush_xmppResource_a_lot" name="test_push_check_response_status[461]" time="0.099" />
  <testcase classname="net.synergyinfo.mypush.test.restInterface.TestRestfulInterface_mypush_xmppResource_a_lot" name="test_push_check_response_status[462]" time="0.084" />
  <testcase classname="net.synergyinfo.mypush.test.restInterface.TestRestfulInterface_mypush_xmppResource_a_lot" name="test_push_check_response_status[463]" time="0.075" />
  <testcase classname="net.synergyinfo.mypush.test.restInterface.TestRestfulInterface_mypush_xmppResource_a_lot" name="test_push_check_response_status[464]" time="0.091" />
  <testcase classname="net.synergyinfo.mypush.test.restInterface.TestRestfulInterface_mypush_xmppResource_a_lot" name="test_push_check_response_status[465]" time="0.09" />
  <testcase classname="net.synergyinfo.mypush.test.restInterface.TestRestfulInterface_mypush_xmppResource_a_lot" name="test_push_check_response_status[466]" time="0.083" />
  <testcase classname="net.synergyinfo.mypush.test.restInterface.TestRestfulInterface_mypush_xmppResource_a_lot" name="test_push_check_response_status[467]" time="0.092" />
  <testcase classname="net.synergyinfo.mypush.test.restInterface.TestRestfulInterface_mypush_xmppResource_a_lot" name="test_push_check_response_status[468]" time="0.091" />
  <testcase classname="net.synergyinfo.mypush.test.restInterface.TestRestfulInterface_mypush_xmppResource_a_lot" name="test_push_check_response_status[469]" time="0.091" />
  <testcase classname="net.synergyinfo.mypush.test.restInterface.TestRestfulInterface_mypush_xmppResource_a_lot" name="test_push_check_response_status[470]" time="0.091" />
  <testcase classname="net.synergyinfo.mypush.test.restInterface.TestRestfulInterface_mypush_xmppResource_a_lot" name="test_push_check_response_status[471]" time="0.099" />
  <testcase classname="net.synergyinfo.mypush.test.restInterface.TestRestfulInterface_mypush_xmppResource_a_lot" name="test_push_check_response_status[472]" time="0.101" />
  <testcase classname="net.synergyinfo.mypush.test.restInterface.TestRestfulInterface_mypush_xmppResource_a_lot" name="test_push_check_response_status[473]" time="0.1" />
  <testcase classname="net.synergyinfo.mypush.test.restInterface.TestRestfulInterface_mypush_xmppResource_a_lot" name="test_push_check_response_status[474]" time="0.102" />
  <testcase classname="net.synergyinfo.mypush.test.restInterface.TestRestfulInterface_mypush_xmppResource_a_lot" name="test_push_check_response_status[475]" time="0.111" />
  <testcase classname="net.synergyinfo.mypush.test.restInterface.TestRestfulInterface_mypush_xmppResource_a_lot" name="test_push_check_response_status[476]" time="0.086" />
  <testcase classname="net.synergyinfo.mypush.test.restInterface.TestRestfulInterface_mypush_xmppResource_a_lot" name="test_push_check_response_status[477]" time="0.091" />
  <testcase classname="net.synergyinfo.mypush.test.restInterface.TestRestfulInterface_mypush_xmppResource_a_lot" name="test_push_check_response_status[478]" time="0.091" />
  <testcase classname="net.synergyinfo.mypush.test.restInterface.TestRestfulInterface_mypush_xmppResource_a_lot" name="test_push_check_response_status[479]" time="0.116" />
  <testcase classname="net.synergyinfo.mypush.test.restInterface.TestRestfulInterface_mypush_xmppResource_a_lot" name="test_push_check_response_status[480]" time="0.099" />
  <testcase classname="net.synergyinfo.mypush.test.restInterface.TestRestfulInterface_mypush_xmppResource_a_lot" name="test_push_check_response_status[481]" time="0.099" />
  <testcase classname="net.synergyinfo.mypush.test.restInterface.TestRestfulInterface_mypush_xmppResource_a_lot" name="test_push_check_response_status[482]" time="0.091" />
  <testcase classname="net.synergyinfo.mypush.test.restInterface.TestRestfulInterface_mypush_xmppResource_a_lot" name="test_push_check_response_status[483]" time="0.109" />
  <testcase classname="net.synergyinfo.mypush.test.restInterface.TestRestfulInterface_mypush_xmppResource_a_lot" name="test_push_check_response_status[484]" time="0.093" />
  <testcase classname="net.synergyinfo.mypush.test.restInterface.TestRestfulInterface_mypush_xmppResource_a_lot" name="test_push_check_response_status[485]" time="0.089" />
  <testcase classname="net.synergyinfo.mypush.test.restInterface.TestRestfulInterface_mypush_xmppResource_a_lot" name="test_push_check_response_status[486]" time="0.108" />
  <testcase classname="net.synergyinfo.mypush.test.restInterface.TestRestfulInterface_mypush_xmppResource_a_lot" name="test_push_check_response_status[487]" time="0.092" />
  <testcase classname="net.synergyinfo.mypush.test.restInterface.TestRestfulInterface_mypush_xmppResource_a_lot" name="test_push_check_response_status[488]" time="0.091" />
  <testcase classname="net.synergyinfo.mypush.test.restInterface.TestRestfulInterface_mypush_xmppResource_a_lot" name="test_push_check_response_status[489]" time="0.083" />
  <testcase classname="net.synergyinfo.mypush.test.restInterface.TestRestfulInterface_mypush_xmppResource_a_lot" name="test_push_check_response_status[490]" time="0.083" />
  <testcase classname="net.synergyinfo.mypush.test.restInterface.TestRestfulInterface_mypush_xmppResource_a_lot" name="test_push_check_response_status[491]" time="0.117" />
  <testcase classname="net.synergyinfo.mypush.test.restInterface.TestRestfulInterface_mypush_xmppResource_a_lot" name="test_push_check_response_status[492]" time="0.082" />
  <testcase classname="net.synergyinfo.mypush.test.restInterface.TestRestfulInterface_mypush_xmppResource_a_lot" name="test_push_check_response_status[493]" time="0.084" />
  <testcase classname="net.synergyinfo.mypush.test.restInterface.TestRestfulInterface_mypush_xmppResource_a_lot" name="test_push_check_response_status[494]" time="0.093" />
  <testcase classname="net.synergyinfo.mypush.test.restInterface.TestRestfulInterface_mypush_xmppResource_a_lot" name="test_push_check_response_status[495]" time="0.082" />
  <testcase classname="net.synergyinfo.mypush.test.restInterface.TestRestfulInterface_mypush_xmppResource_a_lot" name="test_push_check_response_status[496]" time="0.091" />
  <testcase classname="net.synergyinfo.mypush.test.restInterface.TestRestfulInterface_mypush_xmppResource_a_lot" name="test_push_check_response_status[497]" time="0.107" />
  <testcase classname="net.synergyinfo.mypush.test.restInterface.TestRestfulInterface_mypush_xmppResource_a_lot" name="test_push_check_response_status[498]" time="0.084" />
  <testcase classname="net.synergyinfo.mypush.test.restInterface.TestRestfulInterface_mypush_xmppResource_a_lot" name="test_push_check_response_status[499]" time="0.083" />
  <testcase classname="net.synergyinfo.mypush.test.restInterface.TestRestfulInterface_mypush_xmppResource_a_lot" name="test_push_check_response_status[500]" time="0.077" />
  <testcase classname="net.synergyinfo.mypush.test.restInterface.TestRestfulInterface_mypush_xmppResource_a_lot" name="test_push_check_response_status[501]" time="0.084" />
  <testcase classname="net.synergyinfo.mypush.test.restInterface.TestRestfulInterface_mypush_xmppResource_a_lot" name="test_push_check_response_status[502]" time="0.135" />
  <testcase classname="net.synergyinfo.mypush.test.restInterface.TestRestfulInterface_mypush_xmppResource_a_lot" name="test_push_check_response_status[503]" time="0.09" />
  <testcase classname="net.synergyinfo.mypush.test.restInterface.TestRestfulInterface_mypush_xmppResource_a_lot" name="test_push_check_response_status[504]" time="0.083" />
  <testcase classname="net.synergyinfo.mypush.test.restInterface.TestRestfulInterface_mypush_xmppResource_a_lot" name="test_push_check_response_status[505]" time="0.074" />
  <testcase classname="net.synergyinfo.mypush.test.restInterface.TestRestfulInterface_mypush_xmppResource_a_lot" name="test_push_check_response_status[506]" time="0.092" />
  <testcase classname="net.synergyinfo.mypush.test.restInterface.TestRestfulInterface_mypush_xmppResource_a_lot" name="test_push_check_response_status[507]" time="0.083" />
  <testcase classname="net.synergyinfo.mypush.test.restInterface.TestRestfulInterface_mypush_xmppResource_a_lot" name="test_push_check_response_status[508]" time="0.083" />
  <testcase classname="net.synergyinfo.mypush.test.restInterface.TestRestfulInterface_mypush_xmppResource_a_lot" name="test_push_check_response_status[509]" time="0.083" />
  <testcase classname="net.synergyinfo.mypush.test.restInterface.TestRestfulInterface_mypush_xmppResource_a_lot" name="test_push_check_response_status[510]" time="0.099" />
  <testcase classname="net.synergyinfo.mypush.test.restInterface.TestRestfulInterface_mypush_xmppResource_a_lot" name="test_push_check_response_status[511]" time="0.099" />
  <testcase classname="net.synergyinfo.mypush.test.restInterface.TestRestfulInterface_mypush_xmppResource_a_lot" name="test_push_check_response_status[512]" time="0.083" />
  <testcase classname="net.synergyinfo.mypush.test.restInterface.TestRestfulInterface_mypush_xmppResource_a_lot" name="test_push_check_response_status[513]" time="0.148" />
  <testcase classname="net.synergyinfo.mypush.test.restInterface.TestRestfulInterface_mypush_xmppResource_a_lot" name="test_push_check_response_status[514]" time="0.109" />
  <testcase classname="net.synergyinfo.mypush.test.restInterface.TestRestfulInterface_mypush_xmppResource_a_lot" name="test_push_check_response_status[515]" time="0.092" />
  <testcase classname="net.synergyinfo.mypush.test.restInterface.TestRestfulInterface_mypush_xmppResource_a_lot" name="test_push_check_response_status[516]" time="0.091" />
  <testcase classname="net.synergyinfo.mypush.test.restInterface.TestRestfulInterface_mypush_xmppResource_a_lot" name="test_push_check_response_status[517]" time="0.084" />
  <testcase classname="net.synergyinfo.mypush.test.restInterface.TestRestfulInterface_mypush_xmppResource_a_lot" name="test_push_check_response_status[518]" time="0.092" />
  <testcase classname="net.synergyinfo.mypush.test.restInterface.TestRestfulInterface_mypush_xmppResource_a_lot" name="test_push_check_response_status[519]" time="0.091" />
  <testcase classname="net.synergyinfo.mypush.test.restInterface.TestRestfulInterface_mypush_xmppResource_a_lot" name="test_push_check_response_status[520]" time="0.082" />
  <testcase classname="net.synergyinfo.mypush.test.restInterface.TestRestfulInterface_mypush_xmppResource_a_lot" name="test_push_check_response_status[521]" time="0.084" />
  <testcase classname="net.synergyinfo.mypush.test.restInterface.TestRestfulInterface_mypush_xmppResource_a_lot" name="test_push_check_response_status[522]" time="0.092" />
  <testcase classname="net.synergyinfo.mypush.test.restInterface.TestRestfulInterface_mypush_xmppResource_a_lot" name="test_push_check_response_status[523]" time="0.098" />
  <testcase classname="net.synergyinfo.mypush.test.restInterface.TestRestfulInterface_mypush_xmppResource_a_lot" name="test_push_check_response_status[524]" time="0.084" />
  <testcase classname="net.synergyinfo.mypush.test.restInterface.TestRestfulInterface_mypush_xmppResource_a_lot" name="test_push_check_response_status[525]" time="0.082" />
  <testcase classname="net.synergyinfo.mypush.test.restInterface.TestRestfulInterface_mypush_xmppResource_a_lot" name="test_push_check_response_status[526]" time="0.108" />
  <testcase classname="net.synergyinfo.mypush.test.restInterface.TestRestfulInterface_mypush_xmppResource_a_lot" name="test_push_check_response_status[527]" time="0.083" />
  <testcase classname="net.synergyinfo.mypush.test.restInterface.TestRestfulInterface_mypush_xmppResource_a_lot" name="test_push_check_response_status[528]" time="0.091" />
  <testcase classname="net.synergyinfo.mypush.test.restInterface.TestRestfulInterface_mypush_xmppResource_a_lot" name="test_push_check_response_status[529]" time="0.083" />
  <testcase classname="net.synergyinfo.mypush.test.restInterface.TestRestfulInterface_mypush_xmppResource_a_lot" name="test_push_check_response_status[530]" time="0.092" />
  <testcase classname="net.synergyinfo.mypush.test.restInterface.TestRestfulInterface_mypush_xmppResource_a_lot" name="test_push_check_response_status[531]" time="0.082" />
  <testcase classname="net.synergyinfo.mypush.test.restInterface.TestRestfulInterface_mypush_xmppResource_a_lot" name="test_push_check_response_status[532]" time="0.083" />
  <testcase classname="net.synergyinfo.mypush.test.restInterface.TestRestfulInterface_mypush_xmppResource_a_lot" name="test_push_check_response_status[533]" time="0.092" />
  <testcase classname="net.synergyinfo.mypush.test.restInterface.TestRestfulInterface_mypush_xmppResource_a_lot" name="test_push_check_response_status[534]" time="0.082" />
  <testcase classname="net.synergyinfo.mypush.test.restInterface.TestRestfulInterface_mypush_xmppResource_a_lot" name="test_push_check_response_status[535]" time="0.084" />
  <testcase classname="net.synergyinfo.mypush.test.restInterface.TestRestfulInterface_mypush_xmppResource_a_lot" name="test_push_check_response_status[536]" time="0.091" />
  <testcase classname="net.synergyinfo.mypush.test.restInterface.TestRestfulInterface_mypush_xmppResource_a_lot" name="test_push_check_response_status[537]" time="0.083" />
  <testcase classname="net.synergyinfo.mypush.test.restInterface.TestRestfulInterface_mypush_xmppResource_a_lot" name="test_push_check_response_status[538]" time="0.082" />
  <testcase classname="net.synergyinfo.mypush.test.restInterface.TestRestfulInterface_mypush_xmppResource_a_lot" name="test_push_check_response_status[539]" time="0.083" />
  <testcase classname="net.synergyinfo.mypush.test.restInterface.TestRestfulInterface_mypush_xmppResource_a_lot" name="test_push_check_response_status[540]" time="0.075" />
  <testcase classname="net.synergyinfo.mypush.test.restInterface.TestRestfulInterface_mypush_xmppResource_a_lot" name="test_push_check_response_status[541]" time="0.083" />
  <testcase classname="net.synergyinfo.mypush.test.restInterface.TestRestfulInterface_mypush_xmppResource_a_lot" name="test_push_check_response_status[542]" time="0.083" />
  <testcase classname="net.synergyinfo.mypush.test.restInterface.TestRestfulInterface_mypush_xmppResource_a_lot" name="test_push_check_response_status[543]" time="0.091" />
  <testcase classname="net.synergyinfo.mypush.test.restInterface.TestRestfulInterface_mypush_xmppResource_a_lot" name="test_push_check_response_status[544]" time="0.084" />
  <testcase classname="net.synergyinfo.mypush.test.restInterface.TestRestfulInterface_mypush_xmppResource_a_lot" name="test_push_check_response_status[545]" time="0.083" />
  <testcase classname="net.synergyinfo.mypush.test.restInterface.TestRestfulInterface_mypush_xmppResource_a_lot" name="test_push_check_response_status[546]" time="0.141" />
  <testcase classname="net.synergyinfo.mypush.test.restInterface.TestRestfulInterface_mypush_xmppResource_a_lot" name="test_push_check_response_status[547]" time="0.092" />
  <testcase classname="net.synergyinfo.mypush.test.restInterface.TestRestfulInterface_mypush_xmppResource_a_lot" name="test_push_check_response_status[548]" time="0.083" />
  <testcase classname="net.synergyinfo.mypush.test.restInterface.TestRestfulInterface_mypush_xmppResource_a_lot" name="test_push_check_response_status[549]" time="0.084" />
  <testcase classname="net.synergyinfo.mypush.test.restInterface.TestRestfulInterface_mypush_xmppResource_a_lot" name="test_push_check_response_status[550]" time="0.091" />
  <testcase classname="net.synergyinfo.mypush.test.restInterface.TestRestfulInterface_mypush_xmppResource_a_lot" name="test_push_check_response_status[551]" time="0.082" />
  <testcase classname="net.synergyinfo.mypush.test.restInterface.TestRestfulInterface_mypush_xmppResource_a_lot" name="test_push_check_response_status[552]" time="0.083" />
  <testcase classname="net.synergyinfo.mypush.test.restInterface.TestRestfulInterface_mypush_xmppResource_a_lot" name="test_push_check_response_status[553]" time="0.082" />
  <testcase classname="net.synergyinfo.mypush.test.restInterface.TestRestfulInterface_mypush_xmppResource_a_lot" name="test_push_check_response_status[554]" time="0.083" />
  <testcase classname="net.synergyinfo.mypush.test.restInterface.TestRestfulInterface_mypush_xmppResource_a_lot" name="test_push_check_response_status[555]" time="0.082" />
  <testcase classname="net.synergyinfo.mypush.test.restInterface.TestRestfulInterface_mypush_xmppResource_a_lot" name="test_push_check_response_status[556]" time="0.082" />
  <testcase classname="net.synergyinfo.mypush.test.restInterface.TestRestfulInterface_mypush_xmppResource_a_lot" name="test_push_check_response_status[557]" time="0.083" />
  <testcase classname="net.synergyinfo.mypush.test.restInterface.TestRestfulInterface_mypush_xmppResource_a_lot" name="test_push_check_response_status[558]" time="0.091" />
  <testcase classname="net.synergyinfo.mypush.test.restInterface.TestRestfulInterface_mypush_xmppResource_a_lot" name="test_push_check_response_status[559]" time="0.091" />
  <testcase classname="net.synergyinfo.mypush.test.restInterface.TestRestfulInterface_mypush_xmppResource_a_lot" name="test_push_check_response_status[560]" time="0.091" />
  <testcase classname="net.synergyinfo.mypush.test.restInterface.TestRestfulInterface_mypush_xmppResource_a_lot" name="test_push_check_response_status[561]" time="0.083" />
  <testcase classname="net.synergyinfo.mypush.test.restInterface.TestRestfulInterface_mypush_xmppResource_a_lot" name="test_push_check_response_status[562]" time="0.092" />
  <testcase classname="net.synergyinfo.mypush.test.restInterface.TestRestfulInterface_mypush_xmppResource_a_lot" name="test_push_check_response_status[563]" time="0.091" />
  <testcase classname="net.synergyinfo.mypush.test.restInterface.TestRestfulInterface_mypush_xmppResource_a_lot" name="test_push_check_response_status[564]" time="0.084" />
  <testcase classname="net.synergyinfo.mypush.test.restInterface.TestRestfulInterface_mypush_xmppResource_a_lot" name="test_push_check_response_status[565]" time="0.09" />
  <testcase classname="net.synergyinfo.mypush.test.restInterface.TestRestfulInterface_mypush_xmppResource_a_lot" name="test_push_check_response_status[566]" time="0.091" />
  <testcase classname="net.synergyinfo.mypush.test.restInterface.TestRestfulInterface_mypush_xmppResource_a_lot" name="test_push_check_response_status[567]" time="0.084" />
  <testcase classname="net.synergyinfo.mypush.test.restInterface.TestRestfulInterface_mypush_xmppResource_a_lot" name="test_push_check_response_status[568]" time="0.083" />
  <testcase classname="net.synergyinfo.mypush.test.restInterface.TestRestfulInterface_mypush_xmppResource_a_lot" name="test_push_check_response_status[569]" time="0.083" />
  <testcase classname="net.synergyinfo.mypush.test.restInterface.TestRestfulInterface_mypush_xmppResource_a_lot" name="test_push_check_response_status[570]" time="0.083" />
  <testcase classname="net.synergyinfo.mypush.test.restInterface.TestRestfulInterface_mypush_xmppResource_a_lot" name="test_push_check_response_status[571]" time="0.091" />
  <testcase classname="net.synergyinfo.mypush.test.restInterface.TestRestfulInterface_mypush_xmppResource_a_lot" name="test_push_check_response_status[572]" time="0.079" />
  <testcase classname="net.synergyinfo.mypush.test.restInterface.TestRestfulInterface_mypush_xmppResource_a_lot" name="test_push_check_response_status[573]" time="0.084" />
  <testcase classname="net.synergyinfo.mypush.test.restInterface.TestRestfulInterface_mypush_xmppResource_a_lot" name="test_push_check_response_status[574]" time="0.082" />
  <testcase classname="net.synergyinfo.mypush.test.restInterface.TestRestfulInterface_mypush_xmppResource_a_lot" name="test_push_check_response_status[575]" time="0.083" />
  <testcase classname="net.synergyinfo.mypush.test.restInterface.TestRestfulInterface_mypush_xmppResource_a_lot" name="test_push_check_response_status[576]" time="0.075" />
  <testcase classname="net.synergyinfo.mypush.test.restInterface.TestRestfulInterface_mypush_xmppResource_a_lot" name="test_push_check_response_status[577]" time="0.082" />
  <testcase classname="net.synergyinfo.mypush.test.restInterface.TestRestfulInterface_mypush_xmppResource_a_lot" name="test_push_check_response_status[578]" time="0.083" />
  <testcase classname="net.synergyinfo.mypush.test.restInterface.TestRestfulInterface_mypush_xmppResource_a_lot" name="test_push_check_response_status[579]" time="0.116" />
  <testcase classname="net.synergyinfo.mypush.test.restInterface.TestRestfulInterface_mypush_xmppResource_a_lot" name="test_push_check_response_status[580]" time="0.083" />
  <testcase classname="net.synergyinfo.mypush.test.restInterface.TestRestfulInterface_mypush_xmppResource_a_lot" name="test_push_check_response_status[581]" time="0.09" />
  <testcase classname="net.synergyinfo.mypush.test.restInterface.TestRestfulInterface_mypush_xmppResource_a_lot" name="test_push_check_response_status[582]" time="0.084" />
  <testcase classname="net.synergyinfo.mypush.test.restInterface.TestRestfulInterface_mypush_xmppResource_a_lot" name="test_push_check_response_status[583]" time="0.092" />
  <testcase classname="net.synergyinfo.mypush.test.restInterface.TestRestfulInterface_mypush_xmppResource_a_lot" name="test_push_check_response_status[584]" time="0.082" />
  <testcase classname="net.synergyinfo.mypush.test.restInterface.TestRestfulInterface_mypush_xmppResource_a_lot" name="test_push_check_response_status[585]" time="0.082" />
  <testcase classname="net.synergyinfo.mypush.test.restInterface.TestRestfulInterface_mypush_xmppResource_a_lot" name="test_push_check_response_status[586]" time="0.075" />
  <testcase classname="net.synergyinfo.mypush.test.restInterface.TestRestfulInterface_mypush_xmppResource_a_lot" name="test_push_check_response_status[587]" time="0.084" />
  <testcase classname="net.synergyinfo.mypush.test.restInterface.TestRestfulInterface_mypush_xmppResource_a_lot" name="test_push_check_response_status[588]" time="0.083" />
  <testcase classname="net.synergyinfo.mypush.test.restInterface.TestRestfulInterface_mypush_xmppResource_a_lot" name="test_push_check_response_status[589]" time="0.084" />
  <testcase classname="net.synergyinfo.mypush.test.restInterface.TestRestfulInterface_mypush_xmppResource_a_lot" name="test_push_check_response_status[590]" time="0.082" />
  <testcase classname="net.synergyinfo.mypush.test.restInterface.TestRestfulInterface_mypush_xmppResource_a_lot" name="test_push_check_response_status[591]" time="0.083" />
  <testcase classname="net.synergyinfo.mypush.test.restInterface.TestRestfulInterface_mypush_xmppResource_a_lot" name="test_push_check_response_status[592]" time="0.082" />
  <testcase classname="net.synergyinfo.mypush.test.restInterface.TestRestfulInterface_mypush_xmppResource_a_lot" name="test_push_check_response_status[593]" time="0.075" />
  <testcase classname="net.synergyinfo.mypush.test.restInterface.TestRestfulInterface_mypush_xmppResource_a_lot" name="test_push_check_response_status[594]" time="0.092" />
  <testcase classname="net.synergyinfo.mypush.test.restInterface.TestRestfulInterface_mypush_xmppResource_a_lot" name="test_push_check_response_status[595]" time="0.083" />
  <testcase classname="net.synergyinfo.mypush.test.restInterface.TestRestfulInterface_mypush_xmppResource_a_lot" name="test_push_check_response_status[596]" time="0.083" />
  <testcase classname="net.synergyinfo.mypush.test.restInterface.TestRestfulInterface_mypush_xmppResource_a_lot" name="test_push_check_response_status[597]" time="0.092" />
  <testcase classname="net.synergyinfo.mypush.test.restInterface.TestRestfulInterface_mypush_xmppResource_a_lot" name="test_push_check_response_status[598]" time="0.084" />
  <testcase classname="net.synergyinfo.mypush.test.restInterface.TestRestfulInterface_mypush_xmppResource_a_lot" name="test_push_check_response_status[599]" time="0.091" />
  <testcase classname="net.synergyinfo.mypush.test.restInterface.TestRestfulInterface_mypush_xmppResource_a_lot" name="test_push_check_response_status[600]" time="0.075" />
  <testcase classname="net.synergyinfo.mypush.test.restInterface.TestRestfulInterface_mypush_xmppResource_a_lot" name="test_push_check_response_status[601]" time="0.091" />
  <testcase classname="net.synergyinfo.mypush.test.restInterface.TestRestfulInterface_mypush_xmppResource_a_lot" name="test_push_check_response_status[602]" time="0.088" />
  <testcase classname="net.synergyinfo.mypush.test.restInterface.TestRestfulInterface_mypush_xmppResource_a_lot" name="test_push_check_response_status[603]" time="0.124" />
  <testcase classname="net.synergyinfo.mypush.test.restInterface.TestRestfulInterface_mypush_xmppResource_a_lot" name="test_push_check_response_status[604]" time="0.075" />
  <testcase classname="net.synergyinfo.mypush.test.restInterface.TestRestfulInterface_mypush_xmppResource_a_lot" name="test_push_check_response_status[605]" time="0.083" />
  <testcase classname="net.synergyinfo.mypush.test.restInterface.TestRestfulInterface_mypush_xmppResource_a_lot" name="test_push_check_response_status[606]" time="0.082" />
  <testcase classname="net.synergyinfo.mypush.test.restInterface.TestRestfulInterface_mypush_xmppResource_a_lot" name="test_push_check_response_status[607]" time="0.092" />
  <testcase classname="net.synergyinfo.mypush.test.restInterface.TestRestfulInterface_mypush_xmppResource_a_lot" name="test_push_check_response_status[608]" time="0.082" />
  <testcase classname="net.synergyinfo.mypush.test.restInterface.TestRestfulInterface_mypush_xmppResource_a_lot" name="test_push_check_response_status[609]" time="0.091" />
  <testcase classname="net.synergyinfo.mypush.test.restInterface.TestRestfulInterface_mypush_xmppResource_a_lot" name="test_push_check_response_status[610]" time="0.085" />
  <testcase classname="net.synergyinfo.mypush.test.restInterface.TestRestfulInterface_mypush_xmppResource_a_lot" name="test_push_check_response_status[611]" time="0.089" />
  <testcase classname="net.synergyinfo.mypush.test.restInterface.TestRestfulInterface_mypush_xmppResource_a_lot" name="test_push_check_response_status[612]" time="0.091" />
  <testcase classname="net.synergyinfo.mypush.test.restInterface.TestRestfulInterface_mypush_xmppResource_a_lot" name="test_push_check_response_status[613]" time="0.082" />
  <testcase classname="net.synergyinfo.mypush.test.restInterface.TestRestfulInterface_mypush_xmppResource_a_lot" name="test_push_check_response_status[614]" time="0.083" />
  <testcase classname="net.synergyinfo.mypush.test.restInterface.TestRestfulInterface_mypush_xmppResource_a_lot" name="test_push_check_response_status[615]" time="0.083" />
  <testcase classname="net.synergyinfo.mypush.test.restInterface.TestRestfulInterface_mypush_xmppResource_a_lot" name="test_push_check_response_status[616]" time="0.084" />
  <testcase classname="net.synergyinfo.mypush.test.restInterface.TestRestfulInterface_mypush_xmppResource_a_lot" name="test_push_check_response_status[617]" time="0.124" />
  <testcase classname="net.synergyinfo.mypush.test.restInterface.TestRestfulInterface_mypush_xmppResource_a_lot" name="test_push_check_response_status[618]" time="0.062" />
  <testcase classname="net.synergyinfo.mypush.test.restInterface.TestRestfulInterface_mypush_xmppResource_a_lot" name="test_push_check_response_status[619]" time="0.095" />
  <testcase classname="net.synergyinfo.mypush.test.restInterface.TestRestfulInterface_mypush_xmppResource_a_lot" name="test_push_check_response_status[620]" time="0.141" />
  <testcase classname="net.synergyinfo.mypush.test.restInterface.TestRestfulInterface_mypush_xmppResource_a_lot" name="test_push_check_response_status[621]" time="0.093" />
  <testcase classname="net.synergyinfo.mypush.test.restInterface.TestRestfulInterface_mypush_xmppResource_a_lot" name="test_push_check_response_status[622]" time="0.123" />
  <testcase classname="net.synergyinfo.mypush.test.restInterface.TestRestfulInterface_mypush_xmppResource_a_lot" name="test_push_check_response_status[623]" time="0.083" />
  <testcase classname="net.synergyinfo.mypush.test.restInterface.TestRestfulInterface_mypush_xmppResource_a_lot" name="test_push_check_response_status[624]" time="0.082" />
  <testcase classname="net.synergyinfo.mypush.test.restInterface.TestRestfulInterface_mypush_xmppResource_a_lot" name="test_push_check_response_status[625]" time="0.083" />
  <testcase classname="net.synergyinfo.mypush.test.restInterface.TestRestfulInterface_mypush_xmppResource_a_lot" name="test_push_check_response_status[626]" time="0.109" />
  <testcase classname="net.synergyinfo.mypush.test.restInterface.TestRestfulInterface_mypush_xmppResource_a_lot" name="test_push_check_response_status[627]" time="0.091" />
  <testcase classname="net.synergyinfo.mypush.test.restInterface.TestRestfulInterface_mypush_xmppResource_a_lot" name="test_push_check_response_status[628]" time="0.082" />
  <testcase classname="net.synergyinfo.mypush.test.restInterface.TestRestfulInterface_mypush_xmppResource_a_lot" name="test_push_check_response_status[629]" time="0.074" />
  <testcase classname="net.synergyinfo.mypush.test.restInterface.TestRestfulInterface_mypush_xmppResource_a_lot" name="test_push_check_response_status[630]" time="0.075" />
  <testcase classname="net.synergyinfo.mypush.test.restInterface.TestRestfulInterface_mypush_xmppResource_a_lot" name="test_push_check_response_status[631]" time="0.082" />
  <testcase classname="net.synergyinfo.mypush.test.restInterface.TestRestfulInterface_mypush_xmppResource_a_lot" name="test_push_check_response_status[632]" time="0.083" />
  <testcase classname="net.synergyinfo.mypush.test.restInterface.TestRestfulInterface_mypush_xmppResource_a_lot" name="test_push_check_response_status[633]" time="0.082" />
  <testcase classname="net.synergyinfo.mypush.test.restInterface.TestRestfulInterface_mypush_xmppResource_a_lot" name="test_push_check_response_status[634]" time="0.083" />
  <testcase classname="net.synergyinfo.mypush.test.restInterface.TestRestfulInterface_mypush_xmppResource_a_lot" name="test_push_check_response_status[635]" time="0.083" />
  <testcase classname="net.synergyinfo.mypush.test.restInterface.TestRestfulInterface_mypush_xmppResource_a_lot" name="test_push_check_response_status[636]" time="0.232" />
  <testcase classname="net.synergyinfo.mypush.test.restInterface.TestRestfulInterface_mypush_xmppResource_a_lot" name="test_push_check_response_status[637]" time="0.082" />
  <testcase classname="net.synergyinfo.mypush.test.restInterface.TestRestfulInterface_mypush_xmppResource_a_lot" name="test_push_check_response_status[638]" time="0.084" />
  <testcase classname="net.synergyinfo.mypush.test.restInterface.TestRestfulInterface_mypush_xmppResource_a_lot" name="test_push_check_response_status[639]" time="0.082" />
  <testcase classname="net.synergyinfo.mypush.test.restInterface.TestRestfulInterface_mypush_xmppResource_a_lot" name="test_push_check_response_status[640]" time="0.083" />
  <testcase classname="net.synergyinfo.mypush.test.restInterface.TestRestfulInterface_mypush_xmppResource_a_lot" name="test_push_check_response_status[641]" time="0.082" />
  <testcase classname="net.synergyinfo.mypush.test.restInterface.TestRestfulInterface_mypush_xmppResource_a_lot" name="test_push_check_response_status[642]" time="0.075" />
  <testcase classname="net.synergyinfo.mypush.test.restInterface.TestRestfulInterface_mypush_xmppResource_a_lot" name="test_push_check_response_status[643]" time="0.083" />
  <testcase classname="net.synergyinfo.mypush.test.restInterface.TestRestfulInterface_mypush_xmppResource_a_lot" name="test_push_check_response_status[644]" time="0.091" />
  <testcase classname="net.synergyinfo.mypush.test.restInterface.TestRestfulInterface_mypush_xmppResource_a_lot" name="test_push_check_response_status[645]" time="0.083" />
  <testcase classname="net.synergyinfo.mypush.test.restInterface.TestRestfulInterface_mypush_xmppResource_a_lot" name="test_push_check_response_status[646]" time="0.075" />
  <testcase classname="net.synergyinfo.mypush.test.restInterface.TestRestfulInterface_mypush_xmppResource_a_lot" name="test_push_check_response_status[647]" time="0.083" />
  <testcase classname="net.synergyinfo.mypush.test.restInterface.TestRestfulInterface_mypush_xmppResource_a_lot" name="test_push_check_response_status[648]" time="0.083" />
  <testcase classname="net.synergyinfo.mypush.test.restInterface.TestRestfulInterface_mypush_xmppResource_a_lot" name="test_push_check_response_status[649]" time="0.084" />
  <testcase classname="net.synergyinfo.mypush.test.restInterface.TestRestfulInterface_mypush_xmppResource_a_lot" name="test_push_check_response_status[650]" time="0.082" />
  <testcase classname="net.synergyinfo.mypush.test.restInterface.TestRestfulInterface_mypush_xmppResource_a_lot" name="test_push_check_response_status[651]" time="0.083" />
  <testcase classname="net.synergyinfo.mypush.test.restInterface.TestRestfulInterface_mypush_xmppResource_a_lot" name="test_push_check_response_status[652]" time="0.075" />
  <testcase classname="net.synergyinfo.mypush.test.restInterface.TestRestfulInterface_mypush_xmppResource_a_lot" name="test_push_check_response_status[653]" time="0.084" />
  <testcase classname="net.synergyinfo.mypush.test.restInterface.TestRestfulInterface_mypush_xmppResource_a_lot" name="test_push_check_response_status[654]" time="0.092" />
  <testcase classname="net.synergyinfo.mypush.test.restInterface.TestRestfulInterface_mypush_xmppResource_a_lot" name="test_push_check_response_status[655]" time="0.083" />
  <testcase classname="net.synergyinfo.mypush.test.restInterface.TestRestfulInterface_mypush_xmppResource_a_lot" name="test_push_check_response_status[656]" time="0.09" />
  <testcase classname="net.synergyinfo.mypush.test.restInterface.TestRestfulInterface_mypush_xmppResource_a_lot" name="test_push_check_response_status[657]" time="0.092" />
  <testcase classname="net.synergyinfo.mypush.test.restInterface.TestRestfulInterface_mypush_xmppResource_a_lot" name="test_push_check_response_status[658]" time="0.108" />
  <testcase classname="net.synergyinfo.mypush.test.restInterface.TestRestfulInterface_mypush_xmppResource_a_lot" name="test_push_check_response_status[659]" time="0.092" />
  <testcase classname="net.synergyinfo.mypush.test.restInterface.TestRestfulInterface_mypush_xmppResource_a_lot" name="test_push_check_response_status[660]" time="0.083" />
  <testcase classname="net.synergyinfo.mypush.test.restInterface.TestRestfulInterface_mypush_xmppResource_a_lot" name="test_push_check_response_status[661]" time="0.092" />
  <testcase classname="net.synergyinfo.mypush.test.restInterface.TestRestfulInterface_mypush_xmppResource_a_lot" name="test_push_check_response_status[662]" time="0.092" />
  <testcase classname="net.synergyinfo.mypush.test.restInterface.TestRestfulInterface_mypush_xmppResource_a_lot" name="test_push_check_response_status[663]" time="0.083" />
  <testcase classname="net.synergyinfo.mypush.test.restInterface.TestRestfulInterface_mypush_xmppResource_a_lot" name="test_push_check_response_status[664]" time="0.091" />
  <testcase classname="net.synergyinfo.mypush.test.restInterface.TestRestfulInterface_mypush_xmppResource_a_lot" name="test_push_check_response_status[665]" time="0.082" />
  <testcase classname="net.synergyinfo.mypush.test.restInterface.TestRestfulInterface_mypush_xmppResource_a_lot" name="test_push_check_response_status[666]" time="0.083" />
  <testcase classname="net.synergyinfo.mypush.test.restInterface.TestRestfulInterface_mypush_xmppResource_a_lot" name="test_push_check_response_status[667]" time="0.093" />
  <testcase classname="net.synergyinfo.mypush.test.restInterface.TestRestfulInterface_mypush_xmppResource_a_lot" name="test_push_check_response_status[668]" time="0.081" />
  <testcase classname="net.synergyinfo.mypush.test.restInterface.TestRestfulInterface_mypush_xmppResource_a_lot" name="test_push_check_response_status[669]" time="0.084" />
  <testcase classname="net.synergyinfo.mypush.test.restInterface.TestRestfulInterface_mypush_xmppResource_a_lot" name="test_push_check_response_status[670]" time="0.091" />
  <testcase classname="net.synergyinfo.mypush.test.restInterface.TestRestfulInterface_mypush_xmppResource_a_lot" name="test_push_check_response_status[671]" time="0.088" />
  <testcase classname="net.synergyinfo.mypush.test.restInterface.TestRestfulInterface_mypush_xmppResource_a_lot" name="test_push_check_response_status[672]" time="0.079" />
  <testcase classname="net.synergyinfo.mypush.test.restInterface.TestRestfulInterface_mypush_xmppResource_a_lot" name="test_push_check_response_status[673]" time="0.081" />
  <testcase classname="net.synergyinfo.mypush.test.restInterface.TestRestfulInterface_mypush_xmppResource_a_lot" name="test_push_check_response_status[674]" time="0.091" />
  <testcase classname="net.synergyinfo.mypush.test.restInterface.TestRestfulInterface_mypush_xmppResource_a_lot" name="test_push_check_response_status[675]" time="0.083" />
  <testcase classname="net.synergyinfo.mypush.test.restInterface.TestRestfulInterface_mypush_xmppResource_a_lot" name="test_push_check_response_status[676]" time="0.075" />
  <testcase classname="net.synergyinfo.mypush.test.restInterface.TestRestfulInterface_mypush_xmppResource_a_lot" name="test_push_check_response_status[677]" time="0.091" />
  <testcase classname="net.synergyinfo.mypush.test.restInterface.TestRestfulInterface_mypush_xmppResource_a_lot" name="test_push_check_response_status[678]" time="0.082" />
  <testcase classname="net.synergyinfo.mypush.test.restInterface.TestRestfulInterface_mypush_xmppResource_a_lot" name="test_push_check_response_status[679]" time="0.083" />
  <testcase classname="net.synergyinfo.mypush.test.restInterface.TestRestfulInterface_mypush_xmppResource_a_lot" name="test_push_check_response_status[680]" time="0.083" />
  <testcase classname="net.synergyinfo.mypush.test.restInterface.TestRestfulInterface_mypush_xmppResource_a_lot" name="test_push_check_response_status[681]" time="0.082" />
  <testcase classname="net.synergyinfo.mypush.test.restInterface.TestRestfulInterface_mypush_xmppResource_a_lot" name="test_push_check_response_status[682]" time="0.083" />
  <testcase classname="net.synergyinfo.mypush.test.restInterface.TestRestfulInterface_mypush_xmppResource_a_lot" name="test_push_check_response_status[683]" time="0.109" />
  <testcase classname="net.synergyinfo.mypush.test.restInterface.TestRestfulInterface_mypush_xmppResource_a_lot" name="test_push_check_response_status[684]" time="0.083" />
  <testcase classname="net.synergyinfo.mypush.test.restInterface.TestRestfulInterface_mypush_xmppResource_a_lot" name="test_push_check_response_status[685]" time="0.083" />
  <testcase classname="net.synergyinfo.mypush.test.restInterface.TestRestfulInterface_mypush_xmppResource_a_lot" name="test_push_check_response_status[686]" time="0.092" />
  <testcase classname="net.synergyinfo.mypush.test.restInterface.TestRestfulInterface_mypush_xmppResource_a_lot" name="test_push_check_response_status[687]" time="0.082" />
  <testcase classname="net.synergyinfo.mypush.test.restInterface.TestRestfulInterface_mypush_xmppResource_a_lot" name="test_push_check_response_status[688]" time="0.075" />
  <testcase classname="net.synergyinfo.mypush.test.restInterface.TestRestfulInterface_mypush_xmppResource_a_lot" name="test_push_check_response_status[689]" time="0.083" />
  <testcase classname="net.synergyinfo.mypush.test.restInterface.TestRestfulInterface_mypush_xmppResource_a_lot" name="test_push_check_response_status[690]" time="0.087" />
  <testcase classname="net.synergyinfo.mypush.test.restInterface.TestRestfulInterface_mypush_xmppResource_a_lot" name="test_push_check_response_status[691]" time="0.088" />
  <testcase classname="net.synergyinfo.mypush.test.restInterface.TestRestfulInterface_mypush_xmppResource_a_lot" name="test_push_check_response_status[692]" time="0.124" />
  <testcase classname="net.synergyinfo.mypush.test.restInterface.TestRestfulInterface_mypush_xmppResource_a_lot" name="test_push_check_response_status[693]" time="0.084" />
  <testcase classname="net.synergyinfo.mypush.test.restInterface.TestRestfulInterface_mypush_xmppResource_a_lot" name="test_push_check_response_status[694]" time="0.082" />
  <testcase classname="net.synergyinfo.mypush.test.restInterface.TestRestfulInterface_mypush_xmppResource_a_lot" name="test_push_check_response_status[695]" time="0.1" />
  <testcase classname="net.synergyinfo.mypush.test.restInterface.TestRestfulInterface_mypush_xmppResource_a_lot" name="test_push_check_response_status[696]" time="0.083" />
  <testcase classname="net.synergyinfo.mypush.test.restInterface.TestRestfulInterface_mypush_xmppResource_a_lot" name="test_push_check_response_status[697]" time="0.076" />
  <testcase classname="net.synergyinfo.mypush.test.restInterface.TestRestfulInterface_mypush_xmppResource_a_lot" name="test_push_check_response_status[698]" time="0.085" />
  <testcase classname="net.synergyinfo.mypush.test.restInterface.TestRestfulInterface_mypush_xmppResource_a_lot" name="test_push_check_response_status[699]" time="0.081" />
  <testcase classname="net.synergyinfo.mypush.test.restInterface.TestRestfulInterface_mypush_xmppResource_a_lot" name="test_push_check_response_status[700]" time="0.091" />
  <testcase classname="net.synergyinfo.mypush.test.restInterface.TestRestfulInterface_mypush_xmppResource_a_lot" name="test_push_check_response_status[701]" time="0.116" />
  <testcase classname="net.synergyinfo.mypush.test.restInterface.TestRestfulInterface_mypush_xmppResource_a_lot" name="test_push_check_response_status[702]" time="0.083" />
  <testcase classname="net.synergyinfo.mypush.test.restInterface.TestRestfulInterface_mypush_xmppResource_a_lot" name="test_push_check_response_status[703]" time="0.084" />
  <testcase classname="net.synergyinfo.mypush.test.restInterface.TestRestfulInterface_mypush_xmppResource_a_lot" name="test_push_check_response_status[704]" time="0.082" />
  <testcase classname="net.synergyinfo.mypush.test.restInterface.TestRestfulInterface_mypush_xmppResource_a_lot" name="test_push_check_response_status[705]" time="0.092" />
  <testcase classname="net.synergyinfo.mypush.test.restInterface.TestRestfulInterface_mypush_xmppResource_a_lot" name="test_push_check_response_status[706]" time="0.083" />
  <testcase classname="net.synergyinfo.mypush.test.restInterface.TestRestfulInterface_mypush_xmppResource_a_lot" name="test_push_check_response_status[707]" time="0.083" />
  <testcase classname="net.synergyinfo.mypush.test.restInterface.TestRestfulInterface_mypush_xmppResource_a_lot" name="test_push_check_response_status[708]" time="0.075" />
  <testcase classname="net.synergyinfo.mypush.test.restInterface.TestRestfulInterface_mypush_xmppResource_a_lot" name="test_push_check_response_status[709]" time="0.083" />
  <testcase classname="net.synergyinfo.mypush.test.restInterface.TestRestfulInterface_mypush_xmppResource_a_lot" name="test_push_check_response_status[710]" time="0.075" />
  <testcase classname="net.synergyinfo.mypush.test.restInterface.TestRestfulInterface_mypush_xmppResource_a_lot" name="test_push_check_response_status[711]" time="0.083" />
  <testcase classname="net.synergyinfo.mypush.test.restInterface.TestRestfulInterface_mypush_xmppResource_a_lot" name="test_push_check_response_status[712]" time="0.083" />
  <testcase classname="net.synergyinfo.mypush.test.restInterface.TestRestfulInterface_mypush_xmppResource_a_lot" name="test_push_check_response_status[713]" time="0.075" />
  <testcase classname="net.synergyinfo.mypush.test.restInterface.TestRestfulInterface_mypush_xmppResource_a_lot" name="test_push_check_response_status[714]" time="0.074" />
  <testcase classname="net.synergyinfo.mypush.test.restInterface.TestRestfulInterface_mypush_xmppResource_a_lot" name="test_push_check_response_status[715]" time="0.076" />
  <testcase classname="net.synergyinfo.mypush.test.restInterface.TestRestfulInterface_mypush_xmppResource_a_lot" name="test_push_check_response_status[716]" time="0.102" />
  <testcase classname="net.synergyinfo.mypush.test.restInterface.TestRestfulInterface_mypush_xmppResource_a_lot" name="test_push_check_response_status[717]" time="0.088" />
  <testcase classname="net.synergyinfo.mypush.test.restInterface.TestRestfulInterface_mypush_xmppResource_a_lot" name="test_push_check_response_status[718]" time="0.075" />
  <testcase classname="net.synergyinfo.mypush.test.restInterface.TestRestfulInterface_mypush_xmppResource_a_lot" name="test_push_check_response_status[719]" time="0.084" />
  <testcase classname="net.synergyinfo.mypush.test.restInterface.TestRestfulInterface_mypush_xmppResource_a_lot" name="test_push_check_response_status[720]" time="0.083" />
  <testcase classname="net.synergyinfo.mypush.test.restInterface.TestRestfulInterface_mypush_xmppResource_a_lot" name="test_push_check_response_status[721]" time="0.092" />
  <testcase classname="net.synergyinfo.mypush.test.restInterface.TestRestfulInterface_mypush_xmppResource_a_lot" name="test_push_check_response_status[722]" time="0.082" />
  <testcase classname="net.synergyinfo.mypush.test.restInterface.TestRestfulInterface_mypush_xmppResource_a_lot" name="test_push_check_response_status[723]" time="0.085" />
  <testcase classname="net.synergyinfo.mypush.test.restInterface.TestRestfulInterface_mypush_xmppResource_a_lot" name="test_push_check_response_status[724]" time="0.09" />
  <testcase classname="net.synergyinfo.mypush.test.restInterface.TestRestfulInterface_mypush_xmppResource_a_lot" name="test_push_check_response_status[725]" time="0.09" />
  <testcase classname="net.synergyinfo.mypush.test.restInterface.TestRestfulInterface_mypush_xmppResource_a_lot" name="test_push_check_response_status[726]" time="0.084" />
  <testcase classname="net.synergyinfo.mypush.test.restInterface.TestRestfulInterface_mypush_xmppResource_a_lot" name="test_push_check_response_status[727]" time="0.096" />
  <testcase classname="net.synergyinfo.mypush.test.restInterface.TestRestfulInterface_mypush_xmppResource_a_lot" name="test_push_check_response_status[728]" time="0.086" />
  <testcase classname="net.synergyinfo.mypush.test.restInterface.TestRestfulInterface_mypush_xmppResource_a_lot" name="test_push_check_response_status[729]" time="0.083" />
  <testcase classname="net.synergyinfo.mypush.test.restInterface.TestRestfulInterface_mypush_xmppResource_a_lot" name="test_push_check_response_status[730]" time="0.101" />
  <testcase classname="net.synergyinfo.mypush.test.restInterface.TestRestfulInterface_mypush_xmppResource_a_lot" name="test_push_check_response_status[731]" time="0.083" />
  <testcase classname="net.synergyinfo.mypush.test.restInterface.TestRestfulInterface_mypush_xmppResource_a_lot" name="test_push_check_response_status[732]" time="0.076" />
  <testcase classname="net.synergyinfo.mypush.test.restInterface.TestRestfulInterface_mypush_xmppResource_a_lot" name="test_push_check_response_status[733]" time="0.141" />
  <testcase classname="net.synergyinfo.mypush.test.restInterface.TestRestfulInterface_mypush_xmppResource_a_lot" name="test_push_check_response_status[734]" time="0.085" />
  <testcase classname="net.synergyinfo.mypush.test.restInterface.TestRestfulInterface_mypush_xmppResource_a_lot" name="test_push_check_response_status[735]" time="0.09" />
  <testcase classname="net.synergyinfo.mypush.test.restInterface.TestRestfulInterface_mypush_xmppResource_a_lot" name="test_push_check_response_status[736]" time="0.091" />
  <testcase classname="net.synergyinfo.mypush.test.restInterface.TestRestfulInterface_mypush_xmppResource_a_lot" name="test_push_check_response_status[737]" time="0.092" />
  <testcase classname="net.synergyinfo.mypush.test.restInterface.TestRestfulInterface_mypush_xmppResource_a_lot" name="test_push_check_response_status[738]" time="0.083" />
  <testcase classname="net.synergyinfo.mypush.test.restInterface.TestRestfulInterface_mypush_xmppResource_a_lot" name="test_push_check_response_status[739]" time="0.082" />
  <testcase classname="net.synergyinfo.mypush.test.restInterface.TestRestfulInterface_mypush_xmppResource_a_lot" name="test_push_check_response_status[740]" time="0.083" />
  <testcase classname="net.synergyinfo.mypush.test.restInterface.TestRestfulInterface_mypush_xmppResource_a_lot" name="test_push_check_response_status[741]" time="0.091" />
  <testcase classname="net.synergyinfo.mypush.test.restInterface.TestRestfulInterface_mypush_xmppResource_a_lot" name="test_push_check_response_status[742]" time="0.082" />
  <testcase classname="net.synergyinfo.mypush.test.restInterface.TestRestfulInterface_mypush_xmppResource_a_lot" name="test_push_check_response_status[743]" time="0.133" />
  <testcase classname="net.synergyinfo.mypush.test.restInterface.TestRestfulInterface_mypush_xmppResource_a_lot" name="test_push_check_response_status[744]" time="0.083" />
  <testcase classname="net.synergyinfo.mypush.test.restInterface.TestRestfulInterface_mypush_xmppResource_a_lot" name="test_push_check_response_status[745]" time="0.091" />
  <testcase classname="net.synergyinfo.mypush.test.restInterface.TestRestfulInterface_mypush_xmppResource_a_lot" name="test_push_check_response_status[746]" time="0.09" />
  <testcase classname="net.synergyinfo.mypush.test.restInterface.TestRestfulInterface_mypush_xmppResource_a_lot" name="test_push_check_response_status[747]" time="0.081" />
  <testcase classname="net.synergyinfo.mypush.test.restInterface.TestRestfulInterface_mypush_xmppResource_a_lot" name="test_push_check_response_status[748]" time="0.077" />
  <testcase classname="net.synergyinfo.mypush.test.restInterface.TestRestfulInterface_mypush_xmppResource_a_lot" name="test_push_check_response_status[749]" time="0.083" />
  <testcase classname="net.synergyinfo.mypush.test.restInterface.TestRestfulInterface_mypush_xmppResource_a_lot" name="test_push_check_response_status[750]" time="0.084" />
  <testcase classname="net.synergyinfo.mypush.test.restInterface.TestRestfulInterface_mypush_xmppResource_a_lot" name="test_push_check_response_status[751]" time="0.091" />
  <testcase classname="net.synergyinfo.mypush.test.restInterface.TestRestfulInterface_mypush_xmppResource_a_lot" name="test_push_check_response_status[752]" time="0.091" />
  <testcase classname="net.synergyinfo.mypush.test.restInterface.TestRestfulInterface_mypush_xmppResource_a_lot" name="test_push_check_response_status[753]" time="0.084" />
  <testcase classname="net.synergyinfo.mypush.test.restInterface.TestRestfulInterface_mypush_xmppResource_a_lot" name="test_push_check_response_status[754]" time="0.083" />
  <testcase classname="net.synergyinfo.mypush.test.restInterface.TestRestfulInterface_mypush_xmppResource_a_lot" name="test_push_check_response_status[755]" time="0.083" />
  <testcase classname="net.synergyinfo.mypush.test.restInterface.TestRestfulInterface_mypush_xmppResource_a_lot" name="test_push_check_response_status[756]" time="0.09" />
  <testcase classname="net.synergyinfo.mypush.test.restInterface.TestRestfulInterface_mypush_xmppResource_a_lot" name="test_push_check_response_status[757]" time="0.081" />
  <testcase classname="net.synergyinfo.mypush.test.restInterface.TestRestfulInterface_mypush_xmppResource_a_lot" name="test_push_check_response_status[758]" time="0.086" />
  <testcase classname="net.synergyinfo.mypush.test.restInterface.TestRestfulInterface_mypush_xmppResource_a_lot" name="test_push_check_response_status[759]" time="0.083" />
  <testcase classname="net.synergyinfo.mypush.test.restInterface.TestRestfulInterface_mypush_xmppResource_a_lot" name="test_push_check_response_status[760]" time="0.083" />
  <testcase classname="net.synergyinfo.mypush.test.restInterface.TestRestfulInterface_mypush_xmppResource_a_lot" name="test_push_check_response_status[761]" time="0.091" />
  <testcase classname="net.synergyinfo.mypush.test.restInterface.TestRestfulInterface_mypush_xmppResource_a_lot" name="test_push_check_response_status[762]" time="0.091" />
  <testcase classname="net.synergyinfo.mypush.test.restInterface.TestRestfulInterface_mypush_xmppResource_a_lot" name="test_push_check_response_status[763]" time="0.084" />
  <testcase classname="net.synergyinfo.mypush.test.restInterface.TestRestfulInterface_mypush_xmppResource_a_lot" name="test_push_check_response_status[764]" time="0.09" />
  <testcase classname="net.synergyinfo.mypush.test.restInterface.TestRestfulInterface_mypush_xmppResource_a_lot" name="test_push_check_response_status[765]" time="0.082" />
  <testcase classname="net.synergyinfo.mypush.test.restInterface.TestRestfulInterface_mypush_xmppResource_a_lot" name="test_push_check_response_status[766]" time="0.076" />
  <testcase classname="net.synergyinfo.mypush.test.restInterface.TestRestfulInterface_mypush_xmppResource_a_lot" name="test_push_check_response_status[767]" time="0.082" />
  <testcase classname="net.synergyinfo.mypush.test.restInterface.TestRestfulInterface_mypush_xmppResource_a_lot" name="test_push_check_response_status[768]" time="0.092" />
  <testcase classname="net.synergyinfo.mypush.test.restInterface.TestRestfulInterface_mypush_xmppResource_a_lot" name="test_push_check_response_status[769]" time="0.116" />
  <testcase classname="net.synergyinfo.mypush.test.restInterface.TestRestfulInterface_mypush_xmppResource_a_lot" name="test_push_check_response_status[770]" time="0.083" />
  <testcase classname="net.synergyinfo.mypush.test.restInterface.TestRestfulInterface_mypush_xmppResource_a_lot" name="test_push_check_response_status[771]" time="0.076" />
  <testcase classname="net.synergyinfo.mypush.test.restInterface.TestRestfulInterface_mypush_xmppResource_a_lot" name="test_push_check_response_status[772]" time="0.091" />
  <testcase classname="net.synergyinfo.mypush.test.restInterface.TestRestfulInterface_mypush_xmppResource_a_lot" name="test_push_check_response_status[773]" time="0.124" />
  <testcase classname="net.synergyinfo.mypush.test.restInterface.TestRestfulInterface_mypush_xmppResource_a_lot" name="test_push_check_response_status[774]" time="0.083" />
  <testcase classname="net.synergyinfo.mypush.test.restInterface.TestRestfulInterface_mypush_xmppResource_a_lot" name="test_push_check_response_status[775]" time="0.092" />
  <testcase classname="net.synergyinfo.mypush.test.restInterface.TestRestfulInterface_mypush_xmppResource_a_lot" name="test_push_check_response_status[776]" time="0.09" />
  <testcase classname="net.synergyinfo.mypush.test.restInterface.TestRestfulInterface_mypush_xmppResource_a_lot" name="test_push_check_response_status[777]" time="0.084" />
  <testcase classname="net.synergyinfo.mypush.test.restInterface.TestRestfulInterface_mypush_xmppResource_a_lot" name="test_push_check_response_status[778]" time="0.092" />
  <testcase classname="net.synergyinfo.mypush.test.restInterface.TestRestfulInterface_mypush_xmppResource_a_lot" name="test_push_check_response_status[779]" time="0.082" />
  <testcase classname="net.synergyinfo.mypush.test.restInterface.TestRestfulInterface_mypush_xmppResource_a_lot" name="test_push_check_response_status[780]" time="0.075" />
  <testcase classname="net.synergyinfo.mypush.test.restInterface.TestRestfulInterface_mypush_xmppResource_a_lot" name="test_push_check_response_status[781]" time="0.09" />
  <testcase classname="net.synergyinfo.mypush.test.restInterface.TestRestfulInterface_mypush_xmppResource_a_lot" name="test_push_check_response_status[782]" time="0.083" />
  <testcase classname="net.synergyinfo.mypush.test.restInterface.TestRestfulInterface_mypush_xmppResource_a_lot" name="test_push_check_response_status[783]" time="0.083" />
  <testcase classname="net.synergyinfo.mypush.test.restInterface.TestRestfulInterface_mypush_xmppResource_a_lot" name="test_push_check_response_status[784]" time="0.092" />
  <testcase classname="net.synergyinfo.mypush.test.restInterface.TestRestfulInterface_mypush_xmppResource_a_lot" name="test_push_check_response_status[785]" time="0.082" />
  <testcase classname="net.synergyinfo.mypush.test.restInterface.TestRestfulInterface_mypush_xmppResource_a_lot" name="test_push_check_response_status[786]" time="0.076" />
  <testcase classname="net.synergyinfo.mypush.test.restInterface.TestRestfulInterface_mypush_xmppResource_a_lot" name="test_push_check_response_status[787]" time="0.4" />
  <testcase classname="net.synergyinfo.mypush.test.restInterface.TestRestfulInterface_mypush_xmppResource_a_lot" name="test_push_check_response_status[788]" time="0.082" />
  <testcase classname="net.synergyinfo.mypush.test.restInterface.TestRestfulInterface_mypush_xmppResource_a_lot" name="test_push_check_response_status[789]" time="0.091" />
  <testcase classname="net.synergyinfo.mypush.test.restInterface.TestRestfulInterface_mypush_xmppResource_a_lot" name="test_push_check_response_status[790]" time="0.083" />
  <testcase classname="net.synergyinfo.mypush.test.restInterface.TestRestfulInterface_mypush_xmppResource_a_lot" name="test_push_check_response_status[791]" time="0.092" />
  <testcase classname="net.synergyinfo.mypush.test.restInterface.TestRestfulInterface_mypush_xmppResource_a_lot" name="test_push_check_response_status[792]" time="0.082" />
  <testcase classname="net.synergyinfo.mypush.test.restInterface.TestRestfulInterface_mypush_xmppResource_a_lot" name="test_push_check_response_status[793]" time="0.108" />
  <testcase classname="net.synergyinfo.mypush.test.restInterface.TestRestfulInterface_mypush_xmppResource_a_lot" name="test_push_check_response_status[794]" time="0.092" />
  <testcase classname="net.synergyinfo.mypush.test.restInterface.TestRestfulInterface_mypush_xmppResource_a_lot" name="test_push_check_response_status[795]" time="0.075" />
  <testcase classname="net.synergyinfo.mypush.test.restInterface.TestRestfulInterface_mypush_xmppResource_a_lot" name="test_push_check_response_status[796]" time="0.083" />
  <testcase classname="net.synergyinfo.mypush.test.restInterface.TestRestfulInterface_mypush_xmppResource_a_lot" name="test_push_check_response_status[797]" time="0.083" />
  <testcase classname="net.synergyinfo.mypush.test.restInterface.TestRestfulInterface_mypush_xmppResource_a_lot" name="test_push_check_response_status[798]" time="0.091" />
  <testcase classname="net.synergyinfo.mypush.test.restInterface.TestRestfulInterface_mypush_xmppResource_a_lot" name="test_push_check_response_status[799]" time="0.075" />
  <testcase classname="net.synergyinfo.mypush.test.restInterface.TestRestfulInterface_mypush_xmppResource_a_lot" name="test_push_check_response_status[800]" time="0.075" />
  <testcase classname="net.synergyinfo.mypush.test.restInterface.TestRestfulInterface_mypush_xmppResource_a_lot" name="test_push_check_response_status[801]" time="0.083" />
  <testcase classname="net.synergyinfo.mypush.test.restInterface.TestRestfulInterface_mypush_xmppResource_a_lot" name="test_push_check_response_status[802]" time="0.074" />
  <testcase classname="net.synergyinfo.mypush.test.restInterface.TestRestfulInterface_mypush_xmppResource_a_lot" name="test_push_check_response_status[803]" time="0.167" />
  <testcase classname="net.synergyinfo.mypush.test.restInterface.TestRestfulInterface_mypush_xmppResource_a_lot" name="test_push_check_response_status[804]" time="0.082" />
  <testcase classname="net.synergyinfo.mypush.test.restInterface.TestRestfulInterface_mypush_xmppResource_a_lot" name="test_push_check_response_status[805]" time="0.075" />
  <testcase classname="net.synergyinfo.mypush.test.restInterface.TestRestfulInterface_mypush_xmppResource_a_lot" name="test_push_check_response_status[806]" time="0.091" />
  <testcase classname="net.synergyinfo.mypush.test.restInterface.TestRestfulInterface_mypush_xmppResource_a_lot" name="test_push_check_response_status[807]" time="0.083" />
  <testcase classname="net.synergyinfo.mypush.test.restInterface.TestRestfulInterface_mypush_xmppResource_a_lot" name="test_push_check_response_status[808]" time="0.083" />
  <testcase classname="net.synergyinfo.mypush.test.restInterface.TestRestfulInterface_mypush_xmppResource_a_lot" name="test_push_check_response_status[809]" time="0.091" />
  <testcase classname="net.synergyinfo.mypush.test.restInterface.TestRestfulInterface_mypush_xmppResource_a_lot" name="test_push_check_response_status[810]" time="0.082" />
  <testcase classname="net.synergyinfo.mypush.test.restInterface.TestRestfulInterface_mypush_xmppResource_a_lot" name="test_push_check_response_status[811]" time="0.075" />
  <testcase classname="net.synergyinfo.mypush.test.restInterface.TestRestfulInterface_mypush_xmppResource_a_lot" name="test_push_check_response_status[812]" time="0.074" />
  <testcase classname="net.synergyinfo.mypush.test.restInterface.TestRestfulInterface_mypush_xmppResource_a_lot" name="test_push_check_response_status[813]" time="0.075" />
  <testcase classname="net.synergyinfo.mypush.test.restInterface.TestRestfulInterface_mypush_xmppResource_a_lot" name="test_push_check_response_status[814]" time="0.082" />
  <testcase classname="net.synergyinfo.mypush.test.restInterface.TestRestfulInterface_mypush_xmppResource_a_lot" name="test_push_check_response_status[815]" time="0.083" />
  <testcase classname="net.synergyinfo.mypush.test.restInterface.TestRestfulInterface_mypush_xmppResource_a_lot" name="test_push_check_response_status[816]" time="0.083" />
  <testcase classname="net.synergyinfo.mypush.test.restInterface.TestRestfulInterface_mypush_xmppResource_a_lot" name="test_push_check_response_status[817]" time="0.076" />
  <testcase classname="net.synergyinfo.mypush.test.restInterface.TestRestfulInterface_mypush_xmppResource_a_lot" name="test_push_check_response_status[818]" time="0.088" />
  <testcase classname="net.synergyinfo.mypush.test.restInterface.TestRestfulInterface_mypush_xmppResource_a_lot" name="test_push_check_response_status[819]" time="0.077" />
  <testcase classname="net.synergyinfo.mypush.test.restInterface.TestRestfulInterface_mypush_xmppResource_a_lot" name="test_push_check_response_status[820]" time="0.092" />
  <testcase classname="net.synergyinfo.mypush.test.restInterface.TestRestfulInterface_mypush_xmppResource_a_lot" name="test_push_check_response_status[821]" time="0.083" />
  <testcase classname="net.synergyinfo.mypush.test.restInterface.TestRestfulInterface_mypush_xmppResource_a_lot" name="test_push_check_response_status[822]" time="0.083" />
  <testcase classname="net.synergyinfo.mypush.test.restInterface.TestRestfulInterface_mypush_xmppResource_a_lot" name="test_push_check_response_status[823]" time="0.083" />
  <testcase classname="net.synergyinfo.mypush.test.restInterface.TestRestfulInterface_mypush_xmppResource_a_lot" name="test_push_check_response_status[824]" time="0.125" />
  <testcase classname="net.synergyinfo.mypush.test.restInterface.TestRestfulInterface_mypush_xmppResource_a_lot" name="test_push_check_response_status[825]" time="0.092" />
  <testcase classname="net.synergyinfo.mypush.test.restInterface.TestRestfulInterface_mypush_xmppResource_a_lot" name="test_push_check_response_status[826]" time="0.083" />
  <testcase classname="net.synergyinfo.mypush.test.restInterface.TestRestfulInterface_mypush_xmppResource_a_lot" name="test_push_check_response_status[827]" time="0.108" />
  <testcase classname="net.synergyinfo.mypush.test.restInterface.TestRestfulInterface_mypush_xmppResource_a_lot" name="test_push_check_response_status[828]" time="0.087" />
  <testcase classname="net.synergyinfo.mypush.test.restInterface.TestRestfulInterface_mypush_xmppResource_a_lot" name="test_push_check_response_status[829]" time="0.086" />
  <testcase classname="net.synergyinfo.mypush.test.restInterface.TestRestfulInterface_mypush_xmppResource_a_lot" name="test_push_check_response_status[830]" time="0.09" />
  <testcase classname="net.synergyinfo.mypush.test.restInterface.TestRestfulInterface_mypush_xmppResource_a_lot" name="test_push_check_response_status[831]" time="0.085" />
  <testcase classname="net.synergyinfo.mypush.test.restInterface.TestRestfulInterface_mypush_xmppResource_a_lot" name="test_push_check_response_status[832]" time="0.142" />
  <testcase classname="net.synergyinfo.mypush.test.restInterface.TestRestfulInterface_mypush_xmppResource_a_lot" name="test_push_check_response_status[833]" time="0.082" />
  <testcase classname="net.synergyinfo.mypush.test.restInterface.TestRestfulInterface_mypush_xmppResource_a_lot" name="test_push_check_response_status[834]" time="0.399" />
  <testcase classname="net.synergyinfo.mypush.test.restInterface.TestRestfulInterface_mypush_xmppResource_a_lot" name="test_push_check_response_status[835]" time="0.083" />
  <testcase classname="net.synergyinfo.mypush.test.restInterface.TestRestfulInterface_mypush_xmppResource_a_lot" name="test_push_check_response_status[836]" time="0.083" />
  <testcase classname="net.synergyinfo.mypush.test.restInterface.TestRestfulInterface_mypush_xmppResource_a_lot" name="test_push_check_response_status[837]" time="0.083" />
  <testcase classname="net.synergyinfo.mypush.test.restInterface.TestRestfulInterface_mypush_xmppResource_a_lot" name="test_push_check_response_status[838]" time="0.083" />
  <testcase classname="net.synergyinfo.mypush.test.restInterface.TestRestfulInterface_mypush_xmppResource_a_lot" name="test_push_check_response_status[839]" time="0.083" />
  <testcase classname="net.synergyinfo.mypush.test.restInterface.TestRestfulInterface_mypush_xmppResource_a_lot" name="test_push_check_response_status[840]" time="0.083" />
  <testcase classname="net.synergyinfo.mypush.test.restInterface.TestRestfulInterface_mypush_xmppResource_a_lot" name="test_push_check_response_status[841]" time="0.082" />
  <testcase classname="net.synergyinfo.mypush.test.restInterface.TestRestfulInterface_mypush_xmppResource_a_lot" name="test_push_check_response_status[842]" time="0.116" />
  <testcase classname="net.synergyinfo.mypush.test.restInterface.TestRestfulInterface_mypush_xmppResource_a_lot" name="test_push_check_response_status[843]" time="0.101" />
  <testcase classname="net.synergyinfo.mypush.test.restInterface.TestRestfulInterface_mypush_xmppResource_a_lot" name="test_push_check_response_status[844]" time="0.083" />
  <testcase classname="net.synergyinfo.mypush.test.restInterface.TestRestfulInterface_mypush_xmppResource_a_lot" name="test_push_check_response_status[845]" time="0.09" />
  <testcase classname="net.synergyinfo.mypush.test.restInterface.TestRestfulInterface_mypush_xmppResource_a_lot" name="test_push_check_response_status[846]" time="0.09" />
  <testcase classname="net.synergyinfo.mypush.test.restInterface.TestRestfulInterface_mypush_xmppResource_a_lot" name="test_push_check_response_status[847]" time="0.084" />
  <testcase classname="net.synergyinfo.mypush.test.restInterface.TestRestfulInterface_mypush_xmppResource_a_lot" name="test_push_check_response_status[848]" time="0.09" />
  <testcase classname="net.synergyinfo.mypush.test.restInterface.TestRestfulInterface_mypush_xmppResource_a_lot" name="test_push_check_response_status[849]" time="0.092" />
  <testcase classname="net.synergyinfo.mypush.test.restInterface.TestRestfulInterface_mypush_xmppResource_a_lot" name="test_push_check_response_status[850]" time="0.083" />
  <testcase classname="net.synergyinfo.mypush.test.restInterface.TestRestfulInterface_mypush_xmppResource_a_lot" name="test_push_check_response_status[851]" time="0.082" />
  <testcase classname="net.synergyinfo.mypush.test.restInterface.TestRestfulInterface_mypush_xmppResource_a_lot" name="test_push_check_response_status[852]" time="0.085" />
  <testcase classname="net.synergyinfo.mypush.test.restInterface.TestRestfulInterface_mypush_xmppResource_a_lot" name="test_push_check_response_status[853]" time="0.083" />
  <testcase classname="net.synergyinfo.mypush.test.restInterface.TestRestfulInterface_mypush_xmppResource_a_lot" name="test_push_check_response_status[854]" time="0.082" />
  <testcase classname="net.synergyinfo.mypush.test.restInterface.TestRestfulInterface_mypush_xmppResource_a_lot" name="test_push_check_response_status[855]" time="0.084" />
  <testcase classname="net.synergyinfo.mypush.test.restInterface.TestRestfulInterface_mypush_xmppResource_a_lot" name="test_push_check_response_status[856]" time="0.156" />
  <testcase classname="net.synergyinfo.mypush.test.restInterface.TestRestfulInterface_mypush_xmppResource_a_lot" name="test_push_check_response_status[857]" time="0.092" />
  <testcase classname="net.synergyinfo.mypush.test.restInterface.TestRestfulInterface_mypush_xmppResource_a_lot" name="test_push_check_response_status[858]" time="0.083" />
  <testcase classname="net.synergyinfo.mypush.test.restInterface.TestRestfulInterface_mypush_xmppResource_a_lot" name="test_push_check_response_status[859]" time="0.076" />
  <testcase classname="net.synergyinfo.mypush.test.restInterface.TestRestfulInterface_mypush_xmppResource_a_lot" name="test_push_check_response_status[860]" time="0.091" />
  <testcase classname="net.synergyinfo.mypush.test.restInterface.TestRestfulInterface_mypush_xmppResource_a_lot" name="test_push_check_response_status[861]" time="0.084" />
  <testcase classname="net.synergyinfo.mypush.test.restInterface.TestRestfulInterface_mypush_xmppResource_a_lot" name="test_push_check_response_status[862]" time="0.082" />
  <testcase classname="net.synergyinfo.mypush.test.restInterface.TestRestfulInterface_mypush_xmppResource_a_lot" name="test_push_check_response_status[863]" time="0.082" />
  <testcase classname="net.synergyinfo.mypush.test.restInterface.TestRestfulInterface_mypush_xmppResource_a_lot" name="test_push_check_response_status[864]" time="0.092" />
  <testcase classname="net.synergyinfo.mypush.test.restInterface.TestRestfulInterface_mypush_xmppResource_a_lot" name="test_push_check_response_status[865]" time="0.084" />
  <testcase classname="net.synergyinfo.mypush.test.restInterface.TestRestfulInterface_mypush_xmppResource_a_lot" name="test_push_check_response_status[866]" time="0.091" />
  <testcase classname="net.synergyinfo.mypush.test.restInterface.TestRestfulInterface_mypush_xmppResource_a_lot" name="test_push_check_response_status[867]" time="0.117" />
  <testcase classname="net.synergyinfo.mypush.test.restInterface.TestRestfulInterface_mypush_xmppResource_a_lot" name="test_push_check_response_status[868]" time="0.083" />
  <testcase classname="net.synergyinfo.mypush.test.restInterface.TestRestfulInterface_mypush_xmppResource_a_lot" name="test_push_check_response_status[869]" time="0.074" />
  <testcase classname="net.synergyinfo.mypush.test.restInterface.TestRestfulInterface_mypush_xmppResource_a_lot" name="test_push_check_response_status[870]" time="0.075" />
  <testcase classname="net.synergyinfo.mypush.test.restInterface.TestRestfulInterface_mypush_xmppResource_a_lot" name="test_push_check_response_status[871]" time="0.092" />
  <testcase classname="net.synergyinfo.mypush.test.restInterface.TestRestfulInterface_mypush_xmppResource_a_lot" name="test_push_check_response_status[872]" time="0.091" />
  <testcase classname="net.synergyinfo.mypush.test.restInterface.TestRestfulInterface_mypush_xmppResource_a_lot" name="test_push_check_response_status[873]" time="0.091" />
  <testcase classname="net.synergyinfo.mypush.test.restInterface.TestRestfulInterface_mypush_xmppResource_a_lot" name="test_push_check_response_status[874]" time="0.082" />
  <testcase classname="net.synergyinfo.mypush.test.restInterface.TestRestfulInterface_mypush_xmppResource_a_lot" name="test_push_check_response_status[875]" time="0.075" />
  <testcase classname="net.synergyinfo.mypush.test.restInterface.TestRestfulInterface_mypush_xmppResource_a_lot" name="test_push_check_response_status[876]" time="0.09" />
  <testcase classname="net.synergyinfo.mypush.test.restInterface.TestRestfulInterface_mypush_xmppResource_a_lot" name="test_push_check_response_status[877]" time="0.091" />
  <testcase classname="net.synergyinfo.mypush.test.restInterface.TestRestfulInterface_mypush_xmppResource_a_lot" name="test_push_check_response_status[878]" time="0.1" />
  <testcase classname="net.synergyinfo.mypush.test.restInterface.TestRestfulInterface_mypush_xmppResource_a_lot" name="test_push_check_response_status[879]" time="0.124" />
  <testcase classname="net.synergyinfo.mypush.test.restInterface.TestRestfulInterface_mypush_xmppResource_a_lot" name="test_push_check_response_status[880]" time="0.089" />
  <testcase classname="net.synergyinfo.mypush.test.restInterface.TestRestfulInterface_mypush_xmppResource_a_lot" name="test_push_check_response_status[881]" time="0.07" />
  <testcase classname="net.synergyinfo.mypush.test.restInterface.TestRestfulInterface_mypush_xmppResource_a_lot" name="test_push_check_response_status[882]" time="0.083" />
  <testcase classname="net.synergyinfo.mypush.test.restInterface.TestRestfulInterface_mypush_xmppResource_a_lot" name="test_push_check_response_status[883]" time="0.082" />
  <testcase classname="net.synergyinfo.mypush.test.restInterface.TestRestfulInterface_mypush_xmppResource_a_lot" name="test_push_check_response_status[884]" time="0.091" />
  <testcase classname="net.synergyinfo.mypush.test.restInterface.TestRestfulInterface_mypush_xmppResource_a_lot" name="test_push_check_response_status[885]" time="0.082" />
  <testcase classname="net.synergyinfo.mypush.test.restInterface.TestRestfulInterface_mypush_xmppResource_a_lot" name="test_push_check_response_status[886]" time="0.075" />
  <testcase classname="net.synergyinfo.mypush.test.restInterface.TestRestfulInterface_mypush_xmppResource_a_lot" name="test_push_check_response_status[887]" time="0.091" />
  <testcase classname="net.synergyinfo.mypush.test.restInterface.TestRestfulInterface_mypush_xmppResource_a_lot" name="test_push_check_response_status[888]" time="0.091" />
  <testcase classname="net.synergyinfo.mypush.test.restInterface.TestRestfulInterface_mypush_xmppResource_a_lot" name="test_push_check_response_status[889]" time="0.084" />
  <testcase classname="net.synergyinfo.mypush.test.restInterface.TestRestfulInterface_mypush_xmppResource_a_lot" name="test_push_check_response_status[890]" time="0.091" />
  <testcase classname="net.synergyinfo.mypush.test.restInterface.TestRestfulInterface_mypush_xmppResource_a_lot" name="test_push_check_response_status[891]" time="0.082" />
  <testcase classname="net.synergyinfo.mypush.test.restInterface.TestRestfulInterface_mypush_xmppResource_a_lot" name="test_push_check_response_status[892]" time="0.092" />
  <testcase classname="net.synergyinfo.mypush.test.restInterface.TestRestfulInterface_mypush_xmppResource_a_lot" name="test_push_check_response_status[893]" time="0.076" />
  <testcase classname="net.synergyinfo.mypush.test.restInterface.TestRestfulInterface_mypush_xmppResource_a_lot" name="test_push_check_response_status[894]" time="0.083" />
  <testcase classname="net.synergyinfo.mypush.test.restInterface.TestRestfulInterface_mypush_xmppResource_a_lot" name="test_push_check_response_status[895]" time="0.075" />
  <testcase classname="net.synergyinfo.mypush.test.restInterface.TestRestfulInterface_mypush_xmppResource_a_lot" name="test_push_check_response_status[896]" time="0.082" />
  <testcase classname="net.synergyinfo.mypush.test.restInterface.TestRestfulInterface_mypush_xmppResource_a_lot" name="test_push_check_response_status[897]" time="0.075" />
  <testcase classname="net.synergyinfo.mypush.test.restInterface.TestRestfulInterface_mypush_xmppResource_a_lot" name="test_push_check_response_status[898]" time="0.083" />
  <testcase classname="net.synergyinfo.mypush.test.restInterface.TestRestfulInterface_mypush_xmppResource_a_lot" name="test_push_check_response_status[899]" time="0.082" />
  <testcase classname="net.synergyinfo.mypush.test.restInterface.TestRestfulInterface_mypush_xmppResource_a_lot" name="test_push_check_response_status[900]" time="0.083" />
  <testcase classname="net.synergyinfo.mypush.test.restInterface.TestRestfulInterface_mypush_xmppResource_a_lot" name="test_push_check_response_status[901]" time="0.094" />
  <testcase classname="net.synergyinfo.mypush.test.restInterface.TestRestfulInterface_mypush_xmppResource_a_lot" name="test_push_check_response_status[902]" time="0.081" />
  <testcase classname="net.synergyinfo.mypush.test.restInterface.TestRestfulInterface_mypush_xmppResource_a_lot" name="test_push_check_response_status[903]" time="0.082" />
  <testcase classname="net.synergyinfo.mypush.test.restInterface.TestRestfulInterface_mypush_xmppResource_a_lot" name="test_push_check_response_status[904]" time="0.076" />
  <testcase classname="net.synergyinfo.mypush.test.restInterface.TestRestfulInterface_mypush_xmppResource_a_lot" name="test_push_check_response_status[905]" time="0.083" />
  <testcase classname="net.synergyinfo.mypush.test.restInterface.TestRestfulInterface_mypush_xmppResource_a_lot" name="test_push_check_response_status[906]" time="0.083" />
  <testcase classname="net.synergyinfo.mypush.test.restInterface.TestRestfulInterface_mypush_xmppResource_a_lot" name="test_push_check_response_status[907]" time="0.091" />
  <testcase classname="net.synergyinfo.mypush.test.restInterface.TestRestfulInterface_mypush_xmppResource_a_lot" name="test_push_check_response_status[908]" time="0.075" />
  <testcase classname="net.synergyinfo.mypush.test.restInterface.TestRestfulInterface_mypush_xmppResource_a_lot" name="test_push_check_response_status[909]" time="0.083" />
  <testcase classname="net.synergyinfo.mypush.test.restInterface.TestRestfulInterface_mypush_xmppResource_a_lot" name="test_push_check_response_status[910]" time="0.1" />
  <testcase classname="net.synergyinfo.mypush.test.restInterface.TestRestfulInterface_mypush_xmppResource_a_lot" name="test_push_check_response_status[911]" time="0.082" />
  <testcase classname="net.synergyinfo.mypush.test.restInterface.TestRestfulInterface_mypush_xmppResource_a_lot" name="test_push_check_response_status[912]" time="0.083" />
  <testcase classname="net.synergyinfo.mypush.test.restInterface.TestRestfulInterface_mypush_xmppResource_a_lot" name="test_push_check_response_status[913]" time="0.116" />
  <testcase classname="net.synergyinfo.mypush.test.restInterface.TestRestfulInterface_mypush_xmppResource_a_lot" name="test_push_check_response_status[914]" time="0.099" />
  <testcase classname="net.synergyinfo.mypush.test.restInterface.TestRestfulInterface_mypush_xmppResource_a_lot" name="test_push_check_response_status[915]" time="0.084" />
  <testcase classname="net.synergyinfo.mypush.test.restInterface.TestRestfulInterface_mypush_xmppResource_a_lot" name="test_push_check_response_status[916]" time="0.083" />
  <testcase classname="net.synergyinfo.mypush.test.restInterface.TestRestfulInterface_mypush_xmppResource_a_lot" name="test_push_check_response_status[917]" time="0.083" />
  <testcase classname="net.synergyinfo.mypush.test.restInterface.TestRestfulInterface_mypush_xmppResource_a_lot" name="test_push_check_response_status[918]" time="0.076" />
  <testcase classname="net.synergyinfo.mypush.test.restInterface.TestRestfulInterface_mypush_xmppResource_a_lot" name="test_push_check_response_status[919]" time="0.074" />
  <testcase classname="net.synergyinfo.mypush.test.restInterface.TestRestfulInterface_mypush_xmppResource_a_lot" name="test_push_check_response_status[920]" time="0.082" />
  <testcase classname="net.synergyinfo.mypush.test.restInterface.TestRestfulInterface_mypush_xmppResource_a_lot" name="test_push_check_response_status[921]" time="0.075" />
  <testcase classname="net.synergyinfo.mypush.test.restInterface.TestRestfulInterface_mypush_xmppResource_a_lot" name="test_push_check_response_status[922]" time="0.084" />
  <testcase classname="net.synergyinfo.mypush.test.restInterface.TestRestfulInterface_mypush_xmppResource_a_lot" name="test_push_check_response_status[923]" time="0.09" />
  <testcase classname="net.synergyinfo.mypush.test.restInterface.TestRestfulInterface_mypush_xmppResource_a_lot" name="test_push_check_response_status[924]" time="0.075" />
  <testcase classname="net.synergyinfo.mypush.test.restInterface.TestRestfulInterface_mypush_xmppResource_a_lot" name="test_push_check_response_status[925]" time="0.084" />
  <testcase classname="net.synergyinfo.mypush.test.restInterface.TestRestfulInterface_mypush_xmppResource_a_lot" name="test_push_check_response_status[926]" time="0.09" />
  <testcase classname="net.synergyinfo.mypush.test.restInterface.TestRestfulInterface_mypush_xmppResource_a_lot" name="test_push_check_response_status[927]" time="0.084" />
  <testcase classname="net.synergyinfo.mypush.test.restInterface.TestRestfulInterface_mypush_xmppResource_a_lot" name="test_push_check_response_status[928]" time="0.091" />
  <testcase classname="net.synergyinfo.mypush.test.restInterface.TestRestfulInterface_mypush_xmppResource_a_lot" name="test_push_check_response_status[929]" time="0.083" />
  <testcase classname="net.synergyinfo.mypush.test.restInterface.TestRestfulInterface_mypush_xmppResource_a_lot" name="test_push_check_response_status[930]" time="0.091" />
  <testcase classname="net.synergyinfo.mypush.test.restInterface.TestRestfulInterface_mypush_xmppResource_a_lot" name="test_push_check_response_status[931]" time="0.082" />
  <testcase classname="net.synergyinfo.mypush.test.restInterface.TestRestfulInterface_mypush_xmppResource_a_lot" name="test_push_check_response_status[932]" time="0.084" />
  <testcase classname="net.synergyinfo.mypush.test.restInterface.TestRestfulInterface_mypush_xmppResource_a_lot" name="test_push_check_response_status[933]" time="0.084" />
  <testcase classname="net.synergyinfo.mypush.test.restInterface.TestRestfulInterface_mypush_xmppResource_a_lot" name="test_push_check_response_status[934]" time="0.091" />
  <testcase classname="net.synergyinfo.mypush.test.restInterface.TestRestfulInterface_mypush_xmppResource_a_lot" name="test_push_check_response_status[935]" time="0.082" />
  <testcase classname="net.synergyinfo.mypush.test.restInterface.TestRestfulInterface_mypush_xmppResource_a_lot" name="test_push_check_response_status[936]" time="0.082" />
  <testcase classname="net.synergyinfo.mypush.test.restInterface.TestRestfulInterface_mypush_xmppResource_a_lot" name="test_push_check_response_status[937]" time="0.083" />
  <testcase classname="net.synergyinfo.mypush.test.restInterface.TestRestfulInterface_mypush_xmppResource_a_lot" name="test_push_check_response_status[938]" time="0.108" />
  <testcase classname="net.synergyinfo.mypush.test.restInterface.TestRestfulInterface_mypush_xmppResource_a_lot" name="test_push_check_response_status[939]" time="0.076" />
  <testcase classname="net.synergyinfo.mypush.test.restInterface.TestRestfulInterface_mypush_xmppResource_a_lot" name="test_push_check_response_status[940]" time="0.082" />
  <testcase classname="net.synergyinfo.mypush.test.restInterface.TestRestfulInterface_mypush_xmppResource_a_lot" name="test_push_check_response_status[941]" time="0.075" />
  <testcase classname="net.synergyinfo.mypush.test.restInterface.TestRestfulInterface_mypush_xmppResource_a_lot" name="test_push_check_response_status[942]" time="0.091" />
  <testcase classname="net.synergyinfo.mypush.test.restInterface.TestRestfulInterface_mypush_xmppResource_a_lot" name="test_push_check_response_status[943]" time="0.082" />
  <testcase classname="net.synergyinfo.mypush.test.restInterface.TestRestfulInterface_mypush_xmppResource_a_lot" name="test_push_check_response_status[944]" time="0.082" />
  <testcase classname="net.synergyinfo.mypush.test.restInterface.TestRestfulInterface_mypush_xmppResource_a_lot" name="test_push_check_response_status[945]" time="0.083" />
  <testcase classname="net.synergyinfo.mypush.test.restInterface.TestRestfulInterface_mypush_xmppResource_a_lot" name="test_push_check_response_status[946]" time="0.083" />
  <testcase classname="net.synergyinfo.mypush.test.restInterface.TestRestfulInterface_mypush_xmppResource_a_lot" name="test_push_check_response_status[947]" time="0.083" />
  <testcase classname="net.synergyinfo.mypush.test.restInterface.TestRestfulInterface_mypush_xmppResource_a_lot" name="test_push_check_response_status[948]" time="0.084" />
  <testcase classname="net.synergyinfo.mypush.test.restInterface.TestRestfulInterface_mypush_xmppResource_a_lot" name="test_push_check_response_status[949]" time="0.082" />
  <testcase classname="net.synergyinfo.mypush.test.restInterface.TestRestfulInterface_mypush_xmppResource_a_lot" name="test_push_check_response_status[950]" time="0.083" />
  <testcase classname="net.synergyinfo.mypush.test.restInterface.TestRestfulInterface_mypush_xmppResource_a_lot" name="test_push_check_response_status[951]" time="0.075" />
  <testcase classname="net.synergyinfo.mypush.test.restInterface.TestRestfulInterface_mypush_xmppResource_a_lot" name="test_push_check_response_status[952]" time="0.075" />
  <testcase classname="net.synergyinfo.mypush.test.restInterface.TestRestfulInterface_mypush_xmppResource_a_lot" name="test_push_check_response_status[953]" time="0.083" />
  <testcase classname="net.synergyinfo.mypush.test.restInterface.TestRestfulInterface_mypush_xmppResource_a_lot" name="test_push_check_response_status[954]" time="0.09" />
  <testcase classname="net.synergyinfo.mypush.test.restInterface.TestRestfulInterface_mypush_xmppResource_a_lot" name="test_push_check_response_status[955]" time="0.091" />
  <testcase classname="net.synergyinfo.mypush.test.restInterface.TestRestfulInterface_mypush_xmppResource_a_lot" name="test_push_check_response_status[956]" time="0.075" />
  <testcase classname="net.synergyinfo.mypush.test.restInterface.TestRestfulInterface_mypush_xmppResource_a_lot" name="test_push_check_response_status[957]" time="0.083" />
  <testcase classname="net.synergyinfo.mypush.test.restInterface.TestRestfulInterface_mypush_xmppResource_a_lot" name="test_push_check_response_status[958]" time="0.083" />
  <testcase classname="net.synergyinfo.mypush.test.restInterface.TestRestfulInterface_mypush_xmppResource_a_lot" name="test_push_check_response_status[959]" time="0.116" />
  <testcase classname="net.synergyinfo.mypush.test.restInterface.TestRestfulInterface_mypush_xmppResource_a_lot" name="test_push_check_response_status[960]" time="0.291" />
  <testcase classname="net.synergyinfo.mypush.test.restInterface.TestRestfulInterface_mypush_xmppResource_a_lot" name="test_push_check_response_status[961]" time="0.104" />
  <testcase classname="net.synergyinfo.mypush.test.restInterface.TestRestfulInterface_mypush_xmppResource_a_lot" name="test_push_check_response_status[962]" time="0.08" />
  <testcase classname="net.synergyinfo.mypush.test.restInterface.TestRestfulInterface_mypush_xmppResource_a_lot" name="test_push_check_response_status[963]" time="0.099" />
  <testcase classname="net.synergyinfo.mypush.test.restInterface.TestRestfulInterface_mypush_xmppResource_a_lot" name="test_push_check_response_status[964]" time="0.091" />
  <testcase classname="net.synergyinfo.mypush.test.restInterface.TestRestfulInterface_mypush_xmppResource_a_lot" name="test_push_check_response_status[965]" time="0.084" />
  <testcase classname="net.synergyinfo.mypush.test.restInterface.TestRestfulInterface_mypush_xmppResource_a_lot" name="test_push_check_response_status[966]" time="0.107" />
  <testcase classname="net.synergyinfo.mypush.test.restInterface.TestRestfulInterface_mypush_xmppResource_a_lot" name="test_push_check_response_status[967]" time="0.09" />
  <testcase classname="net.synergyinfo.mypush.test.restInterface.TestRestfulInterface_mypush_xmppResource_a_lot" name="test_push_check_response_status[968]" time="0.107" />
  <testcase classname="net.synergyinfo.mypush.test.restInterface.TestRestfulInterface_mypush_xmppResource_a_lot" name="test_push_check_response_status[969]" time="0.1" />
  <testcase classname="net.synergyinfo.mypush.test.restInterface.TestRestfulInterface_mypush_xmppResource_a_lot" name="test_push_check_response_status[970]" time="0.108" />
  <testcase classname="net.synergyinfo.mypush.test.restInterface.TestRestfulInterface_mypush_xmppResource_a_lot" name="test_push_check_response_status[971]" time="0.091" />
  <testcase classname="net.synergyinfo.mypush.test.restInterface.TestRestfulInterface_mypush_xmppResource_a_lot" name="test_push_check_response_status[972]" time="0.085" />
  <testcase classname="net.synergyinfo.mypush.test.restInterface.TestRestfulInterface_mypush_xmppResource_a_lot" name="test_push_check_response_status[973]" time="0.082" />
  <testcase classname="net.synergyinfo.mypush.test.restInterface.TestRestfulInterface_mypush_xmppResource_a_lot" name="test_push_check_response_status[974]" time="0.084" />
  <testcase classname="net.synergyinfo.mypush.test.restInterface.TestRestfulInterface_mypush_xmppResource_a_lot" name="test_push_check_response_status[975]" time="0.076" />
  <testcase classname="net.synergyinfo.mypush.test.restInterface.TestRestfulInterface_mypush_xmppResource_a_lot" name="test_push_check_response_status[976]" time="0.091" />
  <testcase classname="net.synergyinfo.mypush.test.restInterface.TestRestfulInterface_mypush_xmppResource_a_lot" name="test_push_check_response_status[977]" time="0.083" />
  <testcase classname="net.synergyinfo.mypush.test.restInterface.TestRestfulInterface_mypush_xmppResource_a_lot" name="test_push_check_response_status[978]" time="0.074" />
  <testcase classname="net.synergyinfo.mypush.test.restInterface.TestRestfulInterface_mypush_xmppResource_a_lot" name="test_push_check_response_status[979]" time="0.083" />
  <testcase classname="net.synergyinfo.mypush.test.restInterface.TestRestfulInterface_mypush_xmppResource_a_lot" name="test_push_check_response_status[980]" time="0.091" />
  <testcase classname="net.synergyinfo.mypush.test.restInterface.TestRestfulInterface_mypush_xmppResource_a_lot" name="test_push_check_response_status[981]" time="0.075" />
  <testcase classname="net.synergyinfo.mypush.test.restInterface.TestRestfulInterface_mypush_xmppResource_a_lot" name="test_push_check_response_status[982]" time="0.091" />
  <testcase classname="net.synergyinfo.mypush.test.restInterface.TestRestfulInterface_mypush_xmppResource_a_lot" name="test_push_check_response_status[983]" time="0.107" />
  <testcase classname="net.synergyinfo.mypush.test.restInterface.TestRestfulInterface_mypush_xmppResource_a_lot" name="test_push_check_response_status[984]" time="0.084" />
  <testcase classname="net.synergyinfo.mypush.test.restInterface.TestRestfulInterface_mypush_xmppResource_a_lot" name="test_push_check_response_status[985]" time="0.083" />
  <testcase classname="net.synergyinfo.mypush.test.restInterface.TestRestfulInterface_mypush_xmppResource_a_lot" name="test_push_check_response_status[986]" time="0.076" />
  <testcase classname="net.synergyinfo.mypush.test.restInterface.TestRestfulInterface_mypush_xmppResource_a_lot" name="test_push_check_response_status[987]" time="0.082" />
  <testcase classname="net.synergyinfo.mypush.test.restInterface.TestRestfulInterface_mypush_xmppResource_a_lot" name="test_push_check_response_status[988]" time="0.392" />
  <testcase classname="net.synergyinfo.mypush.test.restInterface.TestRestfulInterface_mypush_xmppResource_a_lot" name="test_push_check_response_status[989]" time="0.106" />
  <testcase classname="net.synergyinfo.mypush.test.restInterface.TestRestfulInterface_mypush_xmppResource_a_lot" name="test_push_check_response_status[990]" time="0.11" />
  <testcase classname="net.synergyinfo.mypush.test.restInterface.TestRestfulInterface_mypush_xmppResource_a_lot" name="test_push_check_response_status[991]" time="0.082" />
  <testcase classname="net.synergyinfo.mypush.test.restInterface.TestRestfulInterface_mypush_xmppResource_a_lot" name="test_push_check_response_status[992]" time="0.083" />
  <testcase classname="net.synergyinfo.mypush.test.restInterface.TestRestfulInterface_mypush_xmppResource_a_lot" name="test_push_check_response_status[993]" time="0.084" />
  <testcase classname="net.synergyinfo.mypush.test.restInterface.TestRestfulInterface_mypush_xmppResource_a_lot" name="test_push_check_response_status[994]" time="0.082" />
  <testcase classname="net.synergyinfo.mypush.test.restInterface.TestRestfulInterface_mypush_xmppResource_a_lot" name="test_push_check_response_status[995]" time="0.074" />
  <testcase classname="net.synergyinfo.mypush.test.restInterface.TestRestfulInterface_mypush_xmppResource_a_lot" name="test_push_check_response_status[996]" time="0.083" />
  <testcase classname="net.synergyinfo.mypush.test.restInterface.TestRestfulInterface_mypush_xmppResource_a_lot" name="test_push_check_response_status[997]" time="0.091" />
  <testcase classname="net.synergyinfo.mypush.test.restInterface.TestRestfulInterface_mypush_xmppResource_a_lot" name="test_push_check_response_status[998]" time="0.082" />
  <testcase classname="net.synergyinfo.mypush.test.restInterface.TestRestfulInterface_mypush_xmppResource_a_lot" name="test_push_check_response_status[999]" time="0.092" />
  <system-out><![CDATA[- Test resource for:xmpp
- test_push_check_response_status
- http://192.168.0.212/MyPush/resources/xmpp/push
- {"status":"ok","msg":"finished","id":"878209b6f1d24126bc249d73febb2fb4"}
- Test resource for:xmpp
- test_push_check_response_status
- http://192.168.0.212/MyPush/resources/xmpp/push
- {"status":"ok","msg":"finished","id":"c0133f7f6cf34fa3bd62b4d8b7113368"}
- Test resource for:xmpp
- test_push_check_response_status
- http://192.168.0.212/MyPush/resources/xmpp/push
- {"status":"ok","msg":"finished","id":"f6592d1f1bbc46c5be3816747564aaa3"}
- Test resource for:xmpp
- test_push_check_response_status
- http://192.168.0.212/MyPush/resources/xmpp/push
- {"status":"ok","msg":"finished","id":"4e74cf747fec41cf808bb653c4acd873"}
- Test resource for:xmpp
- test_push_check_response_status
- http://192.168.0.212/MyPush/resources/xmpp/push
- {"status":"ok","msg":"finished","id":"5a320d4e82aa4f929014a730067dcf70"}
- Test resource for:xmpp
- test_push_check_response_status
- http://192.168.0.212/MyPush/resources/xmpp/push
- {"status":"ok","msg":"finished","id":"45b727709f124a91bac9a7a77e3bbce3"}
- Test resource for:xmpp
- test_push_check_response_status
- http://192.168.0.212/MyPush/resources/xmpp/push
- {"status":"ok","msg":"finished","id":"0bb7d2d6a00e4b149d118221d43e9742"}
- Test resource for:xmpp
- test_push_check_response_status
- http://192.168.0.212/MyPush/resources/xmpp/push
- {"status":"ok","msg":"finished","id":"1093344ddaf64d31a31f7f17856f5143"}
- Test resource for:xmpp
- test_push_check_response_status
- http://192.168.0.212/MyPush/resources/xmpp/push
- {"status":"ok","msg":"finished","id":"7656ca4a2dd44ed3aef89e2c7dba3ea0"}
- Test resource for:xmpp
- test_push_check_response_status
- http://192.168.0.212/MyPush/resources/xmpp/push
- {"status":"ok","msg":"finished","id":"c639e3b4b6bd469fb5e3b76fa30055a5"}
- Test resource for:xmpp
- test_push_check_response_status
- http://192.168.0.212/MyPush/resources/xmpp/push
- {"status":"ok","msg":"finished","id":"d104957c4abd4a00b710ed9a4e06febc"}
- Test resource for:xmpp
- test_push_check_response_status
- http://192.168.0.212/MyPush/resources/xmpp/push
- {"status":"ok","msg":"finished","id":"46f857df57964c3693c3fbec22c75ea6"}
- Test resource for:xmpp
- test_push_check_response_status
- http://192.168.0.212/MyPush/resources/xmpp/push
- {"status":"ok","msg":"finished","id":"a2c1badbc70441659d45d2e37db17d25"}
- Test resource for:xmpp
- test_push_check_response_status
- http://192.168.0.212/MyPush/resources/xmpp/push
- {"status":"ok","msg":"finished","id":"db3da1d2509b4726b52693d847a37e9b"}
- Test resource for:xmpp
- test_push_check_response_status
- http://192.168.0.212/MyPush/resources/xmpp/push
- {"status":"ok","msg":"finished","id":"5f7a0c5619d940bbb7256da697befc63"}
- Test resource for:xmpp
- test_push_check_response_status
- http://192.168.0.212/MyPush/resources/xmpp/push
- {"status":"ok","msg":"finished","id":"a8b5164e57ac49168a0b4991c2ef3189"}
- Test resource for:xmpp
- test_push_check_response_status
- http://192.168.0.212/MyPush/resources/xmpp/push
- {"status":"ok","msg":"finished","id":"d223cd82709e44e9899261dd0694f4b6"}
- Test resource for:xmpp
- test_push_check_response_status
- http://192.168.0.212/MyPush/resources/xmpp/push
- {"status":"ok","msg":"finished","id":"b861dd18091a4ef6b6181151b98001ec"}
- Test resource for:xmpp
- test_push_check_response_status
- http://192.168.0.212/MyPush/resources/xmpp/push
- {"status":"ok","msg":"finished","id":"e43eec2f0f0a47f193aed9c868bfbe50"}
- Test resource for:xmpp
- test_push_check_response_status
- http://192.168.0.212/MyPush/resources/xmpp/push
- {"status":"ok","msg":"finished","id":"be72f93865054df5975dcc5c457e8528"}
- Test resource for:xmpp
- test_push_check_response_status
- http://192.168.0.212/MyPush/resources/xmpp/push
- {"status":"ok","msg":"finished","id":"cd80fe694deb4bc8bc7c622c3258d033"}
- Test resource for:xmpp
- test_push_check_response_status
- http://192.168.0.212/MyPush/resources/xmpp/push
- {"status":"ok","msg":"finished","id":"610ce3fac1874e0e90bbc0946d507fe8"}
- Test resource for:xmpp
- test_push_check_response_status
- http://192.168.0.212/MyPush/resources/xmpp/push
- {"status":"ok","msg":"finished","id":"a7eeba640aed425aa17ba4e83ef5e5a1"}
- Test resource for:xmpp
- test_push_check_response_status
- http://192.168.0.212/MyPush/resources/xmpp/push
- {"status":"ok","msg":"finished","id":"79fda6bdc35e412bbf88db8d359513a0"}
- Test resource for:xmpp
- test_push_check_response_status
- http://192.168.0.212/MyPush/resources/xmpp/push
- {"status":"ok","msg":"finished","id":"2679f37cc9a747038304230aad7bf64e"}
- Test resource for:xmpp
- test_push_check_response_status
- http://192.168.0.212/MyPush/resources/xmpp/push
- {"status":"ok","msg":"finished","id":"365a8a9fadba40c59accdd21acf250f5"}
- Test resource for:xmpp
- test_push_check_response_status
- http://192.168.0.212/MyPush/resources/xmpp/push
- {"status":"ok","msg":"finished","id":"3d46566c62444c589ed64f83c48e475f"}
- Test resource for:xmpp
- test_push_check_response_status
- http://192.168.0.212/MyPush/resources/xmpp/push
- {"status":"ok","msg":"finished","id":"4540f914517244cea50b98e821ccb82c"}
- Test resource for:xmpp
- test_push_check_response_status
- http://192.168.0.212/MyPush/resources/xmpp/push
- {"status":"ok","msg":"finished","id":"e1dda17bd9134290ae5916c0bdc0842b"}
- Test resource for:xmpp
- test_push_check_response_status
- http://192.168.0.212/MyPush/resources/xmpp/push
- {"status":"ok","msg":"finished","id":"0bd29c701b8d4bf9a4b3444d615aad4c"}
- Test resource for:xmpp
- test_push_check_response_status
- http://192.168.0.212/MyPush/resources/xmpp/push
- {"status":"ok","msg":"finished","id":"4635402ca42247638aa1b1a7d958fbab"}
- Test resource for:xmpp
- test_push_check_response_status
- http://192.168.0.212/MyPush/resources/xmpp/push
- {"status":"ok","msg":"finished","id":"418b1266e82e4d9fa2ee62cf0b29108f"}
- Test resource for:xmpp
- test_push_check_response_status
- http://192.168.0.212/MyPush/resources/xmpp/push
- {"status":"ok","msg":"finished","id":"286a9129e58d4e24bce0fa67698b3437"}
- Test resource for:xmpp
- test_push_check_response_status
- http://192.168.0.212/MyPush/resources/xmpp/push
- {"status":"ok","msg":"finished","id":"7ac2eae471f947a484a196724d3fef00"}
- Test resource for:xmpp
- test_push_check_response_status
- http://192.168.0.212/MyPush/resources/xmpp/push
- {"status":"ok","msg":"finished","id":"ee58d35f946444c5be630a849741c5f4"}
- Test resource for:xmpp
- test_push_check_response_status
- http://192.168.0.212/MyPush/resources/xmpp/push
- {"status":"ok","msg":"finished","id":"af9d2e7f110f49afa462c01aa18beb91"}
- Test resource for:xmpp
- test_push_check_response_status
- http://192.168.0.212/MyPush/resources/xmpp/push
- {"status":"ok","msg":"finished","id":"f7cf9edc12d94789bd7b705d33e93188"}
- Test resource for:xmpp
- test_push_check_response_status
- http://192.168.0.212/MyPush/resources/xmpp/push
- {"status":"ok","msg":"finished","id":"5aaab05c43f541e8910b70144762e2a0"}
- Test resource for:xmpp
- test_push_check_response_status
- http://192.168.0.212/MyPush/resources/xmpp/push
- {"status":"ok","msg":"finished","id":"4e38c3a435494796bb3d6b896d27afef"}
- Test resource for:xmpp
- test_push_check_response_status
- http://192.168.0.212/MyPush/resources/xmpp/push
- {"status":"ok","msg":"finished","id":"82e90265f2d8462492dde6c4cf29a2b4"}
- Test resource for:xmpp
- test_push_check_response_status
- http://192.168.0.212/MyPush/resources/xmpp/push
- {"status":"ok","msg":"finished","id":"1662fa4ed0f84bad98932a5ad50bac9b"}
- Test resource for:xmpp
- test_push_check_response_status
- http://192.168.0.212/MyPush/resources/xmpp/push
- {"status":"ok","msg":"finished","id":"c0273fe4e84149bebf8c74460915729c"}
- Test resource for:xmpp
- test_push_check_response_status
- http://192.168.0.212/MyPush/resources/xmpp/push
- {"status":"ok","msg":"finished","id":"6c6ae197ccbe46169fbfd021ee902b1a"}
- Test resource for:xmpp
- test_push_check_response_status
- http://192.168.0.212/MyPush/resources/xmpp/push
- {"status":"ok","msg":"finished","id":"cc049608fd6c49bda19e6c57068090c8"}
- Test resource for:xmpp
- test_push_check_response_status
- http://192.168.0.212/MyPush/resources/xmpp/push
- {"status":"ok","msg":"finished","id":"160c0c8c7a9349ed89705ad70cd5ef48"}
- Test resource for:xmpp
- test_push_check_response_status
- http://192.168.0.212/MyPush/resources/xmpp/push
- {"status":"ok","msg":"finished","id":"d6b6495624bd48ada25b8176f2334f90"}
- Test resource for:xmpp
- test_push_check_response_status
- http://192.168.0.212/MyPush/resources/xmpp/push
- {"status":"ok","msg":"finished","id":"167031fc11be4df8b8873ac2d705615f"}
- Test resource for:xmpp
- test_push_check_response_status
- http://192.168.0.212/MyPush/resources/xmpp/push
- {"status":"ok","msg":"finished","id":"8647b2bd5706492e92e0e3d8b260c157"}
- Test resource for:xmpp
- test_push_check_response_status
- http://192.168.0.212/MyPush/resources/xmpp/push
- {"status":"ok","msg":"finished","id":"1ca322686b584873a8ef4d37b2af9e7e"}
- Test resource for:xmpp
- test_push_check_response_status
- http://192.168.0.212/MyPush/resources/xmpp/push
- {"status":"ok","msg":"finished","id":"4d4cd76bd6834cddbffd7a3f7982a1cd"}
- Test resource for:xmpp
- test_push_check_response_status
- http://192.168.0.212/MyPush/resources/xmpp/push
- {"status":"ok","msg":"finished","id":"340351348bf7452a85f4316d8c42d91c"}
- Test resource for:xmpp
- test_push_check_response_status
- http://192.168.0.212/MyPush/resources/xmpp/push
- {"status":"ok","msg":"finished","id":"46a7078eed02494c95f9b12480520f1e"}
- Test resource for:xmpp
- test_push_check_response_status
- http://192.168.0.212/MyPush/resources/xmpp/push
- {"status":"ok","msg":"finished","id":"720514fd276947e1a904ac971c1c8419"}
- Test resource for:xmpp
- test_push_check_response_status
- http://192.168.0.212/MyPush/resources/xmpp/push
- {"status":"ok","msg":"finished","id":"654abd1491f648ce8b42a77ed1bf08b9"}
- Test resource for:xmpp
- test_push_check_response_status
- http://192.168.0.212/MyPush/resources/xmpp/push
- {"status":"ok","msg":"finished","id":"dce9188b9cba4a499ec1cef4e0918205"}
- Test resource for:xmpp
- test_push_check_response_status
- http://192.168.0.212/MyPush/resources/xmpp/push
- {"status":"ok","msg":"finished","id":"1117e384fbc44db398191db055311a7e"}
- Test resource for:xmpp
- test_push_check_response_status
- http://192.168.0.212/MyPush/resources/xmpp/push
- {"status":"ok","msg":"finished","id":"1f9da127bbb94ec094e4540ef00650a9"}
- Test resource for:xmpp
- test_push_check_response_status
- http://192.168.0.212/MyPush/resources/xmpp/push
- {"status":"ok","msg":"finished","id":"06e8754eb169477bb0946a6284576d59"}
- Test resource for:xmpp
- test_push_check_response_status
- http://192.168.0.212/MyPush/resources/xmpp/push
- {"status":"ok","msg":"finished","id":"e513a4e012804438a09d4d05d320d295"}
- Test resource for:xmpp
- test_push_check_response_status
- http://192.168.0.212/MyPush/resources/xmpp/push
- {"status":"ok","msg":"finished","id":"3433f014c0304c12b05083f029372962"}
- Test resource for:xmpp
- test_push_check_response_status
- http://192.168.0.212/MyPush/resources/xmpp/push
- {"status":"ok","msg":"finished","id":"f5dcfc1af21f48738158f08118444067"}
- Test resource for:xmpp
- test_push_check_response_status
- http://192.168.0.212/MyPush/resources/xmpp/push
- {"status":"ok","msg":"finished","id":"564718084b7942e4856fa3168c05028b"}
- Test resource for:xmpp
- test_push_check_response_status
- http://192.168.0.212/MyPush/resources/xmpp/push
- {"status":"ok","msg":"finished","id":"a1cfac92ca83419dbebf9d96911cd47b"}
- Test resource for:xmpp
- test_push_check_response_status
- http://192.168.0.212/MyPush/resources/xmpp/push
- {"status":"ok","msg":"finished","id":"4821983d46924d7a83976e39e8aad163"}
- Test resource for:xmpp
- test_push_check_response_status
- http://192.168.0.212/MyPush/resources/xmpp/push
- {"status":"ok","msg":"finished","id":"9e7280de1098402aa871ba24ec2a914c"}
- Test resource for:xmpp
- test_push_check_response_status
- http://192.168.0.212/MyPush/resources/xmpp/push
- {"status":"ok","msg":"finished","id":"d2b2c0567fe747e583c5ef304d3263e0"}
- Test resource for:xmpp
- test_push_check_response_status
- http://192.168.0.212/MyPush/resources/xmpp/push
- {"status":"ok","msg":"finished","id":"4661bb5ef0cc40f8bd076d85d94d96de"}
- Test resource for:xmpp
- test_push_check_response_status
- http://192.168.0.212/MyPush/resources/xmpp/push
- {"status":"ok","msg":"finished","id":"c6790b3fb9fd41a4904b2e70fc6166e8"}
- Test resource for:xmpp
- test_push_check_response_status
- http://192.168.0.212/MyPush/resources/xmpp/push
- {"status":"ok","msg":"finished","id":"34c281c4580b4ced9f57790946e46ddf"}
- Test resource for:xmpp
- test_push_check_response_status
- http://192.168.0.212/MyPush/resources/xmpp/push
- {"status":"ok","msg":"finished","id":"4c2d4b503e4d4e05b7e910cfa3dc39e3"}
- Test resource for:xmpp
- test_push_check_response_status
- http://192.168.0.212/MyPush/resources/xmpp/push
- {"status":"ok","msg":"finished","id":"d812342f75f742b2ae7e966a079f5ad6"}
- Test resource for:xmpp
- test_push_check_response_status
- http://192.168.0.212/MyPush/resources/xmpp/push
- {"status":"ok","msg":"finished","id":"c19b546ea722428b9e8294c0f254e983"}
- Test resource for:xmpp
- test_push_check_response_status
- http://192.168.0.212/MyPush/resources/xmpp/push
- {"status":"ok","msg":"finished","id":"b678bdbce63c42a8acb21c5dae72dee9"}
- Test resource for:xmpp
- test_push_check_response_status
- http://192.168.0.212/MyPush/resources/xmpp/push
- {"status":"ok","msg":"finished","id":"73ac722f232c48389b7955051058c447"}
- Test resource for:xmpp
- test_push_check_response_status
- http://192.168.0.212/MyPush/resources/xmpp/push
- {"status":"ok","msg":"finished","id":"73f108ad3f7745919b3d6527d33dbcd0"}
- Test resource for:xmpp
- test_push_check_response_status
- http://192.168.0.212/MyPush/resources/xmpp/push
- {"status":"ok","msg":"finished","id":"f60341b90f0a4fd4b60d515e532ae2fa"}
- Test resource for:xmpp
- test_push_check_response_status
- http://192.168.0.212/MyPush/resources/xmpp/push
- {"status":"ok","msg":"finished","id":"ad0e2fbac4464de4a9468316fbf25b7d"}
- Test resource for:xmpp
- test_push_check_response_status
- http://192.168.0.212/MyPush/resources/xmpp/push
- {"status":"ok","msg":"finished","id":"14c4133b8e1c491a822967e615352ff8"}
- Test resource for:xmpp
- test_push_check_response_status
- http://192.168.0.212/MyPush/resources/xmpp/push
- {"status":"ok","msg":"finished","id":"a02547a885fc4c84a9a29795afbb0b61"}
- Test resource for:xmpp
- test_push_check_response_status
- http://192.168.0.212/MyPush/resources/xmpp/push
- {"status":"ok","msg":"finished","id":"c45100199b824577998a5068f464b0c5"}
- Test resource for:xmpp
- test_push_check_response_status
- http://192.168.0.212/MyPush/resources/xmpp/push
- {"status":"ok","msg":"finished","id":"05b1e0764e7e49c6b1a8db8e9ac72ca0"}
- Test resource for:xmpp
- test_push_check_response_status
- http://192.168.0.212/MyPush/resources/xmpp/push
- {"status":"ok","msg":"finished","id":"ca9af38d4e3e48b8897683ee5f53dc1d"}
- Test resource for:xmpp
- test_push_check_response_status
- http://192.168.0.212/MyPush/resources/xmpp/push
- {"status":"ok","msg":"finished","id":"101eaffc68d94da5999ec0f845ef2958"}
- Test resource for:xmpp
- test_push_check_response_status
- http://192.168.0.212/MyPush/resources/xmpp/push
- {"status":"ok","msg":"finished","id":"9a66dd35778441079edd041cd689d9bd"}
- Test resource for:xmpp
- test_push_check_response_status
- http://192.168.0.212/MyPush/resources/xmpp/push
- {"status":"ok","msg":"finished","id":"5486d90161834ebe9eaccc0d606d4d92"}
- Test resource for:xmpp
- test_push_check_response_status
- http://192.168.0.212/MyPush/resources/xmpp/push
- {"status":"ok","msg":"finished","id":"f8f3b7b7dcbf4059bb43e0431194dc64"}
- Test resource for:xmpp
- test_push_check_response_status
- http://192.168.0.212/MyPush/resources/xmpp/push
- {"status":"ok","msg":"finished","id":"811d1f0bb9f645fcac36799f1ef8ddab"}
- Test resource for:xmpp
- test_push_check_response_status
- http://192.168.0.212/MyPush/resources/xmpp/push
- {"status":"ok","msg":"finished","id":"c0ad307db3c243c0a8942c102ca45b3a"}
- Test resource for:xmpp
- test_push_check_response_status
- http://192.168.0.212/MyPush/resources/xmpp/push
- {"status":"ok","msg":"finished","id":"d40a38e27b8f45cba156f62062583865"}
- Test resource for:xmpp
- test_push_check_response_status
- http://192.168.0.212/MyPush/resources/xmpp/push
- {"status":"ok","msg":"finished","id":"ba7ea6b39dc145cdb6a16f725d2ddc5a"}
- Test resource for:xmpp
- test_push_check_response_status
- http://192.168.0.212/MyPush/resources/xmpp/push
- {"status":"ok","msg":"finished","id":"71ca2f9d5640460f84483dbd50f32bf9"}
- Test resource for:xmpp
- test_push_check_response_status
- http://192.168.0.212/MyPush/resources/xmpp/push
- {"status":"ok","msg":"finished","id":"02ac7751e5264f00956fc69533f0003f"}
- Test resource for:xmpp
- test_push_check_response_status
- http://192.168.0.212/MyPush/resources/xmpp/push
- {"status":"ok","msg":"finished","id":"54167bb510d84bada85d946a79275826"}
- Test resource for:xmpp
- test_push_check_response_status
- http://192.168.0.212/MyPush/resources/xmpp/push
- {"status":"ok","msg":"finished","id":"db8f14268ca84ab8a723006e376e5879"}
- Test resource for:xmpp
- test_push_check_response_status
- http://192.168.0.212/MyPush/resources/xmpp/push
- {"status":"ok","msg":"finished","id":"5284a44c0627487dab7f9edbd1975779"}
- Test resource for:xmpp
- test_push_check_response_status
- http://192.168.0.212/MyPush/resources/xmpp/push
- {"status":"ok","msg":"finished","id":"d82905e5f3084d0e9478b6d95e0999ab"}
- Test resource for:xmpp
- test_push_check_response_status
- http://192.168.0.212/MyPush/resources/xmpp/push
- {"status":"ok","msg":"finished","id":"16d985971da2440387c540335a4ce7bf"}
- Test resource for:xmpp
- test_push_check_response_status
- http://192.168.0.212/MyPush/resources/xmpp/push
- {"status":"ok","msg":"finished","id":"e8b43cbbcbab47cc961a7fc6939131b5"}
- Test resource for:xmpp
- test_push_check_response_status
- http://192.168.0.212/MyPush/resources/xmpp/push
- {"status":"ok","msg":"finished","id":"7f57e61529054e43b5a45457a7897dc0"}
- Test resource for:xmpp
- test_push_check_response_status
- http://192.168.0.212/MyPush/resources/xmpp/push
- {"status":"ok","msg":"finished","id":"6b79114ea65b41b2a69d8fb13f931ca3"}
- Test resource for:xmpp
- test_push_check_response_status
- http://192.168.0.212/MyPush/resources/xmpp/push
- {"status":"ok","msg":"finished","id":"4aab699542464119950dfe7df6dce934"}
- Test resource for:xmpp
- test_push_check_response_status
- http://192.168.0.212/MyPush/resources/xmpp/push
- {"status":"ok","msg":"finished","id":"c73295c8d7a84de7b1ada8f7c056119a"}
- Test resource for:xmpp
- test_push_check_response_status
- http://192.168.0.212/MyPush/resources/xmpp/push
- {"status":"ok","msg":"finished","id":"f1a525450ec74264b1b5030087b33cab"}
- Test resource for:xmpp
- test_push_check_response_status
- http://192.168.0.212/MyPush/resources/xmpp/push
- {"status":"ok","msg":"finished","id":"45063ef67f6b4d97a05a25c816f60fa2"}
- Test resource for:xmpp
- test_push_check_response_status
- http://192.168.0.212/MyPush/resources/xmpp/push
- {"status":"ok","msg":"finished","id":"2953684859be47eeb21aeded7876a1cc"}
- Test resource for:xmpp
- test_push_check_response_status
- http://192.168.0.212/MyPush/resources/xmpp/push
- {"status":"ok","msg":"finished","id":"79896a5f1103423fa14410b67b99fba1"}
- Test resource for:xmpp
- test_push_check_response_status
- http://192.168.0.212/MyPush/resources/xmpp/push
- {"status":"ok","msg":"finished","id":"cf4c52e197be42599f100a3c665b62cf"}
- Test resource for:xmpp
- test_push_check_response_status
- http://192.168.0.212/MyPush/resources/xmpp/push
- {"status":"ok","msg":"finished","id":"ae0f2d6d43ed42aba6e5bc7999580056"}
- Test resource for:xmpp
- test_push_check_response_status
- http://192.168.0.212/MyPush/resources/xmpp/push
- {"status":"ok","msg":"finished","id":"65d2caecc7464594847cb57ccf7ae0bf"}
- Test resource for:xmpp
- test_push_check_response_status
- http://192.168.0.212/MyPush/resources/xmpp/push
- {"status":"ok","msg":"finished","id":"831b5e897f614061b10b86f19bb4912c"}
- Test resource for:xmpp
- test_push_check_response_status
- http://192.168.0.212/MyPush/resources/xmpp/push
- {"status":"ok","msg":"finished","id":"5b35457a802d4da0957ecee5d5bd872b"}
- Test resource for:xmpp
- test_push_check_response_status
- http://192.168.0.212/MyPush/resources/xmpp/push
- {"status":"ok","msg":"finished","id":"81ed65f5e1f1418d8885b1ff2388eb69"}
- Test resource for:xmpp
- test_push_check_response_status
- http://192.168.0.212/MyPush/resources/xmpp/push
- {"status":"ok","msg":"finished","id":"ab2845f8f8fd440ab220a3ccd23e89a1"}
- Test resource for:xmpp
- test_push_check_response_status
- http://192.168.0.212/MyPush/resources/xmpp/push
- {"status":"ok","msg":"finished","id":"bb0f4e8f278047d6bca4098ef37df818"}
- Test resource for:xmpp
- test_push_check_response_status
- http://192.168.0.212/MyPush/resources/xmpp/push
- {"status":"ok","msg":"finished","id":"30e5affb6e8e40aa9d41de60d6d288f1"}
- Test resource for:xmpp
- test_push_check_response_status
- http://192.168.0.212/MyPush/resources/xmpp/push
- {"status":"ok","msg":"finished","id":"1daaccc59b834e8a9bfe4e11935e5c87"}
- Test resource for:xmpp
- test_push_check_response_status
- http://192.168.0.212/MyPush/resources/xmpp/push
- {"status":"ok","msg":"finished","id":"e8e153d7aba64042b0d6fb8578f487a6"}
- Test resource for:xmpp
- test_push_check_response_status
- http://192.168.0.212/MyPush/resources/xmpp/push
- {"status":"ok","msg":"finished","id":"d95150287d2b4ff9936648fba56260f3"}
- Test resource for:xmpp
- test_push_check_response_status
- http://192.168.0.212/MyPush/resources/xmpp/push
- {"status":"ok","msg":"finished","id":"07120b53ab244ad4ba3ea1b751400b02"}
- Test resource for:xmpp
- test_push_check_response_status
- http://192.168.0.212/MyPush/resources/xmpp/push
- {"status":"ok","msg":"finished","id":"39e5c52b35cb4568aba7b31f9ad2e89e"}
- Test resource for:xmpp
- test_push_check_response_status
- http://192.168.0.212/MyPush/resources/xmpp/push
- {"status":"ok","msg":"finished","id":"c2015841ff9042d5a67056e5cb621e02"}
- Test resource for:xmpp
- test_push_check_response_status
- http://192.168.0.212/MyPush/resources/xmpp/push
- {"status":"ok","msg":"finished","id":"5b9e00580a5649f8b4e56e8b42bbf1b0"}
- Test resource for:xmpp
- test_push_check_response_status
- http://192.168.0.212/MyPush/resources/xmpp/push
- {"status":"ok","msg":"finished","id":"85180581ae814baf8a2534b3fcec592c"}
- Test resource for:xmpp
- test_push_check_response_status
- http://192.168.0.212/MyPush/resources/xmpp/push
- {"status":"ok","msg":"finished","id":"f622d2ce28754946a7458f6e4ad0db45"}
- Test resource for:xmpp
- test_push_check_response_status
- http://192.168.0.212/MyPush/resources/xmpp/push
- {"status":"ok","msg":"finished","id":"fc8402ccc48d42cca730e472af251a38"}
- Test resource for:xmpp
- test_push_check_response_status
- http://192.168.0.212/MyPush/resources/xmpp/push
- {"status":"ok","msg":"finished","id":"616c8f3a649f4c7eb3ed51d849abceeb"}
- Test resource for:xmpp
- test_push_check_response_status
- http://192.168.0.212/MyPush/resources/xmpp/push
- {"status":"ok","msg":"finished","id":"eb37b980a32e4ff89aa28a3e624e7c58"}
- Test resource for:xmpp
- test_push_check_response_status
- http://192.168.0.212/MyPush/resources/xmpp/push
- {"status":"ok","msg":"finished","id":"0161f7d3bec8440e8325f3e609391000"}
- Test resource for:xmpp
- test_push_check_response_status
- http://192.168.0.212/MyPush/resources/xmpp/push
- {"status":"ok","msg":"finished","id":"84fbe6615ab649779ed16f008e93e23e"}
- Test resource for:xmpp
- test_push_check_response_status
- http://192.168.0.212/MyPush/resources/xmpp/push
- {"status":"ok","msg":"finished","id":"aefb763a503d44019f39f96d8a23a1e3"}
- Test resource for:xmpp
- test_push_check_response_status
- http://192.168.0.212/MyPush/resources/xmpp/push
- {"status":"ok","msg":"finished","id":"4a45d5a8d8f64fd2a0707a1911a1b4b5"}
- Test resource for:xmpp
- test_push_check_response_status
- http://192.168.0.212/MyPush/resources/xmpp/push
- {"status":"ok","msg":"finished","id":"1279aadae25242b2ab66890cdaafb1e9"}
- Test resource for:xmpp
- test_push_check_response_status
- http://192.168.0.212/MyPush/resources/xmpp/push
- {"status":"ok","msg":"finished","id":"27c3b471a51143d7aad95a1ca40e2882"}
- Test resource for:xmpp
- test_push_check_response_status
- http://192.168.0.212/MyPush/resources/xmpp/push
- {"status":"ok","msg":"finished","id":"e29fcb5b1966485cbfa4d3f31c68a59e"}
- Test resource for:xmpp
- test_push_check_response_status
- http://192.168.0.212/MyPush/resources/xmpp/push
- {"status":"ok","msg":"finished","id":"543d0fcdd45a46fd802b973e7c719531"}
- Test resource for:xmpp
- test_push_check_response_status
- http://192.168.0.212/MyPush/resources/xmpp/push
- {"status":"ok","msg":"finished","id":"bc55f79a306d44e1b7cb20abd2265e67"}
- Test resource for:xmpp
- test_push_check_response_status
- http://192.168.0.212/MyPush/resources/xmpp/push
- {"status":"ok","msg":"finished","id":"d73625c73c0e48b5b4c8645349cd37d2"}
- Test resource for:xmpp
- test_push_check_response_status
- http://192.168.0.212/MyPush/resources/xmpp/push
- {"status":"ok","msg":"finished","id":"5182deb98b124933b6fcbed1ca19c3a7"}
- Test resource for:xmpp
- test_push_check_response_status
- http://192.168.0.212/MyPush/resources/xmpp/push
- {"status":"ok","msg":"finished","id":"2e3365be08e04870a9ec35740e302fa4"}
- Test resource for:xmpp
- test_push_check_response_status
- http://192.168.0.212/MyPush/resources/xmpp/push
- {"status":"ok","msg":"finished","id":"3f9056a3ddae46a18587e7d82d1fdc2c"}
- Test resource for:xmpp
- test_push_check_response_status
- http://192.168.0.212/MyPush/resources/xmpp/push
- {"status":"ok","msg":"finished","id":"d53d82c0ffef4365b39925115516da8d"}
- Test resource for:xmpp
- test_push_check_response_status
- http://192.168.0.212/MyPush/resources/xmpp/push
- {"status":"ok","msg":"finished","id":"ae127d7c0fdf49f8a7551ee02ff7b1d0"}
- Test resource for:xmpp
- test_push_check_response_status
- http://192.168.0.212/MyPush/resources/xmpp/push
- {"status":"ok","msg":"finished","id":"1e7ab93bc63b4c5ea61672e6aa169994"}
- Test resource for:xmpp
- test_push_check_response_status
- http://192.168.0.212/MyPush/resources/xmpp/push
- {"status":"ok","msg":"finished","id":"b70cbab2d60a4826a165486f7c7993fc"}
- Test resource for:xmpp
- test_push_check_response_status
- http://192.168.0.212/MyPush/resources/xmpp/push
- {"status":"ok","msg":"finished","id":"b82eb95a6f1843a3902b3033b59a1b21"}
- Test resource for:xmpp
- test_push_check_response_status
- http://192.168.0.212/MyPush/resources/xmpp/push
- {"status":"ok","msg":"finished","id":"6884221f3d74436cb1e22dad0ae145ae"}
- Test resource for:xmpp
- test_push_check_response_status
- http://192.168.0.212/MyPush/resources/xmpp/push
- {"status":"ok","msg":"finished","id":"0105aeda222c467bb55b4a17567226a8"}
- Test resource for:xmpp
- test_push_check_response_status
- http://192.168.0.212/MyPush/resources/xmpp/push
- {"status":"ok","msg":"finished","id":"a2a6354211224f03a1c1491988dd0c84"}
- Test resource for:xmpp
- test_push_check_response_status
- http://192.168.0.212/MyPush/resources/xmpp/push
- {"status":"ok","msg":"finished","id":"90ea1a2ee6ca4f4e8ee8439d8d5650bb"}
- Test resource for:xmpp
- test_push_check_response_status
- http://192.168.0.212/MyPush/resources/xmpp/push
- {"status":"ok","msg":"finished","id":"983fd79908fc4a26a0fe8cfa7fbe77b6"}
- Test resource for:xmpp
- test_push_check_response_status
- http://192.168.0.212/MyPush/resources/xmpp/push
- {"status":"ok","msg":"finished","id":"af55ef1b7f1f4f4785d4b23c0b110ebd"}
- Test resource for:xmpp
- test_push_check_response_status
- http://192.168.0.212/MyPush/resources/xmpp/push
- {"status":"ok","msg":"finished","id":"faea8a6ea7e24b25852783823a86741c"}
- Test resource for:xmpp
- test_push_check_response_status
- http://192.168.0.212/MyPush/resources/xmpp/push
- {"status":"ok","msg":"finished","id":"51748fadafa946e1803bd1315bfca46d"}
- Test resource for:xmpp
- test_push_check_response_status
- http://192.168.0.212/MyPush/resources/xmpp/push
- {"status":"ok","msg":"finished","id":"856bf3ee8f7a4fd3a52b6e7a67abcbf6"}
- Test resource for:xmpp
- test_push_check_response_status
- http://192.168.0.212/MyPush/resources/xmpp/push
- {"status":"ok","msg":"finished","id":"77d42cb061014f51ac591dbda9d38095"}
- Test resource for:xmpp
- test_push_check_response_status
- http://192.168.0.212/MyPush/resources/xmpp/push
- {"status":"ok","msg":"finished","id":"9a63e85b3b864ffdb015f004119d9949"}
- Test resource for:xmpp
- test_push_check_response_status
- http://192.168.0.212/MyPush/resources/xmpp/push
- {"status":"ok","msg":"finished","id":"aad1fc26d6eb4fc3b6d392f64c0d1b68"}
- Test resource for:xmpp
- test_push_check_response_status
- http://192.168.0.212/MyPush/resources/xmpp/push
- {"status":"ok","msg":"finished","id":"e812e55706884d2e9b7c7c1eec1a6ed6"}
- Test resource for:xmpp
- test_push_check_response_status
- http://192.168.0.212/MyPush/resources/xmpp/push
- {"status":"ok","msg":"finished","id":"961a93e9e61d4e79ae6f2ca949405007"}
- Test resource for:xmpp
- test_push_check_response_status
- http://192.168.0.212/MyPush/resources/xmpp/push
- {"status":"ok","msg":"finished","id":"b0899fb4b4e04db6a16ee105a2cb90ab"}
- Test resource for:xmpp
- test_push_check_response_status
- http://192.168.0.212/MyPush/resources/xmpp/push
- {"status":"ok","msg":"finished","id":"c42d4ec756904d429ed6d3c7b0ae16d9"}
- Test resource for:xmpp
- test_push_check_response_status
- http://192.168.0.212/MyPush/resources/xmpp/push
- {"status":"ok","msg":"finished","id":"d43843a2b0ec4fa38ee3634edc57d62e"}
- Test resource for:xmpp
- test_push_check_response_status
- http://192.168.0.212/MyPush/resources/xmpp/push
- {"status":"ok","msg":"finished","id":"b0a9d009587e4db59f1750cf5d323dcb"}
- Test resource for:xmpp
- test_push_check_response_status
- http://192.168.0.212/MyPush/resources/xmpp/push
- {"status":"ok","msg":"finished","id":"9c9ad018eeed41319ed5da1b591ed4d1"}
- Test resource for:xmpp
- test_push_check_response_status
- http://192.168.0.212/MyPush/resources/xmpp/push
- {"status":"ok","msg":"finished","id":"38440de7cf574392a2527f491b818e39"}
- Test resource for:xmpp
- test_push_check_response_status
- http://192.168.0.212/MyPush/resources/xmpp/push
- {"status":"ok","msg":"finished","id":"eadba96cc8a54b6480e9036f55a00a40"}
- Test resource for:xmpp
- test_push_check_response_status
- http://192.168.0.212/MyPush/resources/xmpp/push
- {"status":"ok","msg":"finished","id":"b895d9f13fdf45918b75bddc3f5b3064"}
- Test resource for:xmpp
- test_push_check_response_status
- http://192.168.0.212/MyPush/resources/xmpp/push
- {"status":"ok","msg":"finished","id":"427c5fce78cb4dceb4d710d790d2d2b6"}
- Test resource for:xmpp
- test_push_check_response_status
- http://192.168.0.212/MyPush/resources/xmpp/push
- {"status":"ok","msg":"finished","id":"2e4f0a993cf44ef093369195ec8395d5"}
- Test resource for:xmpp
- test_push_check_response_status
- http://192.168.0.212/MyPush/resources/xmpp/push
- {"status":"ok","msg":"finished","id":"fabab42cb89449928c641bb4d13a9615"}
- Test resource for:xmpp
- test_push_check_response_status
- http://192.168.0.212/MyPush/resources/xmpp/push
- {"status":"ok","msg":"finished","id":"34781a9c2c4b4ec2af14446bb517eca3"}
- Test resource for:xmpp
- test_push_check_response_status
- http://192.168.0.212/MyPush/resources/xmpp/push
- {"status":"ok","msg":"finished","id":"dbb8e5d1d4cf42f6b1b3329a15456660"}
- Test resource for:xmpp
- test_push_check_response_status
- http://192.168.0.212/MyPush/resources/xmpp/push
- {"status":"ok","msg":"finished","id":"79105b3f3ec4418fba5b23ee8275dfd5"}
- Test resource for:xmpp
- test_push_check_response_status
- http://192.168.0.212/MyPush/resources/xmpp/push
- {"status":"ok","msg":"finished","id":"b28346b905d340c2aa832693729bcb41"}
- Test resource for:xmpp
- test_push_check_response_status
- http://192.168.0.212/MyPush/resources/xmpp/push
- {"status":"ok","msg":"finished","id":"82bbdcb723ae4eaf93ee96c43b55c509"}
- Test resource for:xmpp
- test_push_check_response_status
- http://192.168.0.212/MyPush/resources/xmpp/push
- {"status":"ok","msg":"finished","id":"bd2312e184fe4bdb8f70d0461cdae839"}
- Test resource for:xmpp
- test_push_check_response_status
- http://192.168.0.212/MyPush/resources/xmpp/push
- {"status":"ok","msg":"finished","id":"2a925993e9f7407cb2964adfb019d1d0"}
- Test resource for:xmpp
- test_push_check_response_status
- http://192.168.0.212/MyPush/resources/xmpp/push
- {"status":"ok","msg":"finished","id":"ace809dde0394d4abcc23ed50ddd2c9a"}
- Test resource for:xmpp
- test_push_check_response_status
- http://192.168.0.212/MyPush/resources/xmpp/push
- {"status":"ok","msg":"finished","id":"bfc084186fd5495b96ffb641fc8081ef"}
- Test resource for:xmpp
- test_push_check_response_status
- http://192.168.0.212/MyPush/resources/xmpp/push
- {"status":"ok","msg":"finished","id":"63be463dd4c34270bb928eb0f35df034"}
- Test resource for:xmpp
- test_push_check_response_status
- http://192.168.0.212/MyPush/resources/xmpp/push
- {"status":"ok","msg":"finished","id":"20e669e69bfb4f43a833a221aa7ab671"}
- Test resource for:xmpp
- test_push_check_response_status
- http://192.168.0.212/MyPush/resources/xmpp/push
- {"status":"ok","msg":"finished","id":"67de06c3f56d4c49beeab4ea5f0c5a27"}
- Test resource for:xmpp
- test_push_check_response_status
- http://192.168.0.212/MyPush/resources/xmpp/push
- {"status":"ok","msg":"finished","id":"df532dc9f63f4ab6a2dedf57a4afc445"}
- Test resource for:xmpp
- test_push_check_response_status
- http://192.168.0.212/MyPush/resources/xmpp/push
- {"status":"ok","msg":"finished","id":"b06d777bb18a455bb634263be8795473"}
- Test resource for:xmpp
- test_push_check_response_status
- http://192.168.0.212/MyPush/resources/xmpp/push
- {"status":"ok","msg":"finished","id":"5b2870a40db84c6eba770abbb432dc25"}
- Test resource for:xmpp
- test_push_check_response_status
- http://192.168.0.212/MyPush/resources/xmpp/push
- {"status":"ok","msg":"finished","id":"d77caf5320334eafbdf89c982f11b422"}
- Test resource for:xmpp
- test_push_check_response_status
- http://192.168.0.212/MyPush/resources/xmpp/push
- {"status":"ok","msg":"finished","id":"d9a0f32c327e4306ba793f56306f498d"}
- Test resource for:xmpp
- test_push_check_response_status
- http://192.168.0.212/MyPush/resources/xmpp/push
- {"status":"ok","msg":"finished","id":"197e331bd312426581b4ae5eccb1c389"}
- Test resource for:xmpp
- test_push_check_response_status
- http://192.168.0.212/MyPush/resources/xmpp/push
- {"status":"ok","msg":"finished","id":"6bea3153e22c4410af29a5a4aa3414c5"}
- Test resource for:xmpp
- test_push_check_response_status
- http://192.168.0.212/MyPush/resources/xmpp/push
- {"status":"ok","msg":"finished","id":"a90a1b02bee442f39587bb35b09e3624"}
- Test resource for:xmpp
- test_push_check_response_status
- http://192.168.0.212/MyPush/resources/xmpp/push
- {"status":"ok","msg":"finished","id":"6ab9b0b5e238413c89b06cee4401917c"}
- Test resource for:xmpp
- test_push_check_response_status
- http://192.168.0.212/MyPush/resources/xmpp/push
- {"status":"ok","msg":"finished","id":"608fde637e4048ca9e6fe91ef6855cba"}
- Test resource for:xmpp
- test_push_check_response_status
- http://192.168.0.212/MyPush/resources/xmpp/push
- {"status":"ok","msg":"finished","id":"929c2c5786d84d1787555aefd517389a"}
- Test resource for:xmpp
- test_push_check_response_status
- http://192.168.0.212/MyPush/resources/xmpp/push
- {"status":"ok","msg":"finished","id":"f60b3cf9f77f4e02a7c450f9b45971e1"}
- Test resource for:xmpp
- test_push_check_response_status
- http://192.168.0.212/MyPush/resources/xmpp/push
- {"status":"ok","msg":"finished","id":"bd30f1eb8d744df0a4757a45da8a226e"}
- Test resource for:xmpp
- test_push_check_response_status
- http://192.168.0.212/MyPush/resources/xmpp/push
- {"status":"ok","msg":"finished","id":"fd7fe1df85a54585ae8ef2f4e3f733a4"}
- Test resource for:xmpp
- test_push_check_response_status
- http://192.168.0.212/MyPush/resources/xmpp/push
- {"status":"ok","msg":"finished","id":"d07e1f3092f94ebc8b3757d983974891"}
- Test resource for:xmpp
- test_push_check_response_status
- http://192.168.0.212/MyPush/resources/xmpp/push
- {"status":"ok","msg":"finished","id":"8962a0ba363b45659a8a779781320df4"}
- Test resource for:xmpp
- test_push_check_response_status
- http://192.168.0.212/MyPush/resources/xmpp/push
- {"status":"ok","msg":"finished","id":"a61b219c52ee4f4fa7e737c39fefcad8"}
- Test resource for:xmpp
- test_push_check_response_status
- http://192.168.0.212/MyPush/resources/xmpp/push
- {"status":"ok","msg":"finished","id":"f0c33fc7d4da42f18ff8b7848b920492"}
- Test resource for:xmpp
- test_push_check_response_status
- http://192.168.0.212/MyPush/resources/xmpp/push
- {"status":"ok","msg":"finished","id":"19323e91ee424f5586a633f736bcf5be"}
- Test resource for:xmpp
- test_push_check_response_status
- http://192.168.0.212/MyPush/resources/xmpp/push
- {"status":"ok","msg":"finished","id":"8424b70c9e8d4a1293011997b5c74b7f"}
- Test resource for:xmpp
- test_push_check_response_status
- http://192.168.0.212/MyPush/resources/xmpp/push
- {"status":"ok","msg":"finished","id":"c90cd79934d8474f905a2e0d48f487e8"}
- Test resource for:xmpp
- test_push_check_response_status
- http://192.168.0.212/MyPush/resources/xmpp/push
- {"status":"ok","msg":"finished","id":"1d94c6d8317a48ffb76422e9c230335b"}
- Test resource for:xmpp
- test_push_check_response_status
- http://192.168.0.212/MyPush/resources/xmpp/push
- {"status":"ok","msg":"finished","id":"3cd959e02c2745609c13f90894da7d28"}
- Test resource for:xmpp
- test_push_check_response_status
- http://192.168.0.212/MyPush/resources/xmpp/push
- {"status":"ok","msg":"finished","id":"6047d9fea8ce4627b229119c8b7ae7c7"}
- Test resource for:xmpp
- test_push_check_response_status
- http://192.168.0.212/MyPush/resources/xmpp/push
- {"status":"ok","msg":"finished","id":"9d15e23b63924b05945ab9f6c5cb42a6"}
- Test resource for:xmpp
- test_push_check_response_status
- http://192.168.0.212/MyPush/resources/xmpp/push
- {"status":"ok","msg":"finished","id":"b12a26209fbf4c89a470ccfac6575120"}
- Test resource for:xmpp
- test_push_check_response_status
- http://192.168.0.212/MyPush/resources/xmpp/push
- {"status":"ok","msg":"finished","id":"638c0250cfdb4f4aa0aed527a83d8b25"}
- Test resource for:xmpp
- test_push_check_response_status
- http://192.168.0.212/MyPush/resources/xmpp/push
- {"status":"ok","msg":"finished","id":"5f6e7bdd9d1041459aecd190728cd007"}
- Test resource for:xmpp
- test_push_check_response_status
- http://192.168.0.212/MyPush/resources/xmpp/push
- {"status":"ok","msg":"finished","id":"5b58f506cbc74cecb273c204cbead7c3"}
- Test resource for:xmpp
- test_push_check_response_status
- http://192.168.0.212/MyPush/resources/xmpp/push
- {"status":"ok","msg":"finished","id":"9aa9f863ae94403a9529178d8d056e4d"}
- Test resource for:xmpp
- test_push_check_response_status
- http://192.168.0.212/MyPush/resources/xmpp/push
- {"status":"ok","msg":"finished","id":"3e8fb0e9df964b13b2c438da2ce0f1f0"}
- Test resource for:xmpp
- test_push_check_response_status
- http://192.168.0.212/MyPush/resources/xmpp/push
- {"status":"ok","msg":"finished","id":"f541618b86ea48c5be2fe86e71afeee3"}
- Test resource for:xmpp
- test_push_check_response_status
- http://192.168.0.212/MyPush/resources/xmpp/push
- {"status":"ok","msg":"finished","id":"bbfa529d684c4b5c8cb5e569effb9e09"}
- Test resource for:xmpp
- test_push_check_response_status
- http://192.168.0.212/MyPush/resources/xmpp/push
- {"status":"ok","msg":"finished","id":"6debb42fd4274d13a45276b0b8923249"}
- Test resource for:xmpp
- test_push_check_response_status
- http://192.168.0.212/MyPush/resources/xmpp/push
- {"status":"ok","msg":"finished","id":"6c5c2e8d46054e009f618a193559a70b"}
- Test resource for:xmpp
- test_push_check_response_status
- http://192.168.0.212/MyPush/resources/xmpp/push
- {"status":"ok","msg":"finished","id":"cb54024a6ba14e1d861beeb4268f0498"}
- Test resource for:xmpp
- test_push_check_response_status
- http://192.168.0.212/MyPush/resources/xmpp/push
- {"status":"ok","msg":"finished","id":"759b9d226caa4db999c82d242154db21"}
- Test resource for:xmpp
- test_push_check_response_status
- http://192.168.0.212/MyPush/resources/xmpp/push
- {"status":"ok","msg":"finished","id":"51ba2453a5e94ef9af6f673d7eda6fe7"}
- Test resource for:xmpp
- test_push_check_response_status
- http://192.168.0.212/MyPush/resources/xmpp/push
- {"status":"ok","msg":"finished","id":"ae75e3d3fa1e4274b41efa3e866a357a"}
- Test resource for:xmpp
- test_push_check_response_status
- http://192.168.0.212/MyPush/resources/xmpp/push
- {"status":"ok","msg":"finished","id":"1978643a15e34ee0bd8e3aa3e3c9baa6"}
- Test resource for:xmpp
- test_push_check_response_status
- http://192.168.0.212/MyPush/resources/xmpp/push
- {"status":"ok","msg":"finished","id":"ef97c066d3a24495b2a0990456b18e8d"}
- Test resource for:xmpp
- test_push_check_response_status
- http://192.168.0.212/MyPush/resources/xmpp/push
- {"status":"ok","msg":"finished","id":"d1e6d65477874f7e8e562300afadb245"}
- Test resource for:xmpp
- test_push_check_response_status
- http://192.168.0.212/MyPush/resources/xmpp/push
- {"status":"ok","msg":"finished","id":"948897ebf03544ee84a055ba04bf91f5"}
- Test resource for:xmpp
- test_push_check_response_status
- http://192.168.0.212/MyPush/resources/xmpp/push
- {"status":"ok","msg":"finished","id":"79dfc50db9f14630ad343ee75b4ddba3"}
- Test resource for:xmpp
- test_push_check_response_status
- http://192.168.0.212/MyPush/resources/xmpp/push
- {"status":"ok","msg":"finished","id":"119897d20c7741328295077630e36737"}
- Test resource for:xmpp
- test_push_check_response_status
- http://192.168.0.212/MyPush/resources/xmpp/push
- {"status":"ok","msg":"finished","id":"686cf0e41ad148f89756acc337efd75f"}
- Test resource for:xmpp
- test_push_check_response_status
- http://192.168.0.212/MyPush/resources/xmpp/push
- {"status":"ok","msg":"finished","id":"88db487e1a604f2289a0d6d7101a1489"}
- Test resource for:xmpp
- test_push_check_response_status
- http://192.168.0.212/MyPush/resources/xmpp/push
- {"status":"ok","msg":"finished","id":"21187a32c3e14a65a61f963865cd0626"}
- Test resource for:xmpp
- test_push_check_response_status
- http://192.168.0.212/MyPush/resources/xmpp/push
- {"status":"ok","msg":"finished","id":"914e222ad2b6440394c3bd738c226573"}
- Test resource for:xmpp
- test_push_check_response_status
- http://192.168.0.212/MyPush/resources/xmpp/push
- {"status":"ok","msg":"finished","id":"01ef484536334a4bbfd525d41f003244"}
- Test resource for:xmpp
- test_push_check_response_status
- http://192.168.0.212/MyPush/resources/xmpp/push
- {"status":"ok","msg":"finished","id":"ac5da01868eb4590ba276765a3a6a1a7"}
- Test resource for:xmpp
- test_push_check_response_status
- http://192.168.0.212/MyPush/resources/xmpp/push
- {"status":"ok","msg":"finished","id":"a8c4b0faa19b4503bd180f661c6cdea5"}
- Test resource for:xmpp
- test_push_check_response_status
- http://192.168.0.212/MyPush/resources/xmpp/push
- {"status":"ok","msg":"finished","id":"cf4b6bcc6ac64b7cacc79ff38e90fb6d"}
- Test resource for:xmpp
- test_push_check_response_status
- http://192.168.0.212/MyPush/resources/xmpp/push
- {"status":"ok","msg":"finished","id":"b411a1190ad443799387848b17b38b83"}
- Test resource for:xmpp
- test_push_check_response_status
- http://192.168.0.212/MyPush/resources/xmpp/push
- {"status":"ok","msg":"finished","id":"64c5fa7778c44512a8648a8ba1d3acfa"}
- Test resource for:xmpp
- test_push_check_response_status
- http://192.168.0.212/MyPush/resources/xmpp/push
- {"status":"ok","msg":"finished","id":"536ac455e6c64eac9e5f9b7ddc077f9f"}
- Test resource for:xmpp
- test_push_check_response_status
- http://192.168.0.212/MyPush/resources/xmpp/push
- {"status":"ok","msg":"finished","id":"af672b8e147e4f20ad0d12a9f58cf0f7"}
- Test resource for:xmpp
- test_push_check_response_status
- http://192.168.0.212/MyPush/resources/xmpp/push
- {"status":"ok","msg":"finished","id":"08fe157cdb87445cb844a3db30204528"}
- Test resource for:xmpp
- test_push_check_response_status
- http://192.168.0.212/MyPush/resources/xmpp/push
- {"status":"ok","msg":"finished","id":"d46fa90f4e7240df8cd26a4f00778c91"}
- Test resource for:xmpp
- test_push_check_response_status
- http://192.168.0.212/MyPush/resources/xmpp/push
- {"status":"ok","msg":"finished","id":"4b8f38b352aa4b0f9f178b2e0da2efc7"}
- Test resource for:xmpp
- test_push_check_response_status
- http://192.168.0.212/MyPush/resources/xmpp/push
- {"status":"ok","msg":"finished","id":"3f2f9190b2b34234b6c7e9d68293de0d"}
- Test resource for:xmpp
- test_push_check_response_status
- http://192.168.0.212/MyPush/resources/xmpp/push
- {"status":"ok","msg":"finished","id":"94595f6c021d40ee8f8db127b205f3fe"}
- Test resource for:xmpp
- test_push_check_response_status
- http://192.168.0.212/MyPush/resources/xmpp/push
- {"status":"ok","msg":"finished","id":"10f2b22c6b9e4317aa285f50c38f95d5"}
- Test resource for:xmpp
- test_push_check_response_status
- http://192.168.0.212/MyPush/resources/xmpp/push
- {"status":"ok","msg":"finished","id":"c680d2c04e57463fbd9b9a8ce83dea95"}
- Test resource for:xmpp
- test_push_check_response_status
- http://192.168.0.212/MyPush/resources/xmpp/push
- {"status":"ok","msg":"finished","id":"3799f224a62347dfb2cfdc211280da72"}
- Test resource for:xmpp
- test_push_check_response_status
- http://192.168.0.212/MyPush/resources/xmpp/push
- {"status":"ok","msg":"finished","id":"e76a0b4d581b4ea298a3a074a9ce2a2c"}
- Test resource for:xmpp
- test_push_check_response_status
- http://192.168.0.212/MyPush/resources/xmpp/push
- {"status":"ok","msg":"finished","id":"5879a359e33344e3ad554c49adddf3e8"}
- Test resource for:xmpp
- test_push_check_response_status
- http://192.168.0.212/MyPush/resources/xmpp/push
- {"status":"ok","msg":"finished","id":"7d64cc42975f4ab3aea878d24cddb297"}
- Test resource for:xmpp
- test_push_check_response_status
- http://192.168.0.212/MyPush/resources/xmpp/push
- {"status":"ok","msg":"finished","id":"b8876fc0a87b4ba6b9795cf6f665ed6b"}
- Test resource for:xmpp
- test_push_check_response_status
- http://192.168.0.212/MyPush/resources/xmpp/push
- {"status":"ok","msg":"finished","id":"7754fbf2011d4d23bd1f02dd588aefff"}
- Test resource for:xmpp
- test_push_check_response_status
- http://192.168.0.212/MyPush/resources/xmpp/push
- {"status":"ok","msg":"finished","id":"2cc95bf6c468439f9b40545814ba8e1d"}
- Test resource for:xmpp
- test_push_check_response_status
- http://192.168.0.212/MyPush/resources/xmpp/push
- {"status":"ok","msg":"finished","id":"77b78f15a72949aca8c0cab45b18ec0c"}
- Test resource for:xmpp
- test_push_check_response_status
- http://192.168.0.212/MyPush/resources/xmpp/push
- {"status":"ok","msg":"finished","id":"c16fac073cf54d3e8d0b868df9138cd9"}
- Test resource for:xmpp
- test_push_check_response_status
- http://192.168.0.212/MyPush/resources/xmpp/push
- {"status":"ok","msg":"finished","id":"1d66b51cfa8f4facb9cdd39ae4fb9377"}
- Test resource for:xmpp
- test_push_check_response_status
- http://192.168.0.212/MyPush/resources/xmpp/push
- {"status":"ok","msg":"finished","id":"d9f63c3db36b4154b0aa53e0fe7ec322"}
- Test resource for:xmpp
- test_push_check_response_status
- http://192.168.0.212/MyPush/resources/xmpp/push
- {"status":"ok","msg":"finished","id":"8a6d981657244a499c4f728b2bf01ef0"}
- Test resource for:xmpp
- test_push_check_response_status
- http://192.168.0.212/MyPush/resources/xmpp/push
- {"status":"ok","msg":"finished","id":"b23da6e64fe84921bec2ff61b856d01d"}
- Test resource for:xmpp
- test_push_check_response_status
- http://192.168.0.212/MyPush/resources/xmpp/push
- {"status":"ok","msg":"finished","id":"f826683660504c919d6730e85f755cba"}
- Test resource for:xmpp
- test_push_check_response_status
- http://192.168.0.212/MyPush/resources/xmpp/push
- {"status":"ok","msg":"finished","id":"dc3426de86f44d1bb7646e89f8880a3d"}
- Test resource for:xmpp
- test_push_check_response_status
- http://192.168.0.212/MyPush/resources/xmpp/push
- {"status":"ok","msg":"finished","id":"7f4b817c0989447a8a87347b9e309968"}
- Test resource for:xmpp
- test_push_check_response_status
- http://192.168.0.212/MyPush/resources/xmpp/push
- {"status":"ok","msg":"finished","id":"645f130e52594402afbfaaaa8a27921b"}
- Test resource for:xmpp
- test_push_check_response_status
- http://192.168.0.212/MyPush/resources/xmpp/push
- {"status":"ok","msg":"finished","id":"a505d98cdc5b423cbcdd4c75b4e342f9"}
- Test resource for:xmpp
- test_push_check_response_status
- http://192.168.0.212/MyPush/resources/xmpp/push
- {"status":"ok","msg":"finished","id":"0e22f59d03944439a4796f94a05f72b7"}
- Test resource for:xmpp
- test_push_check_response_status
- http://192.168.0.212/MyPush/resources/xmpp/push
- {"status":"ok","msg":"finished","id":"d45c59fb6c8f40c78a368a0ca083e42d"}
- Test resource for:xmpp
- test_push_check_response_status
- http://192.168.0.212/MyPush/resources/xmpp/push
- {"status":"ok","msg":"finished","id":"235b6975a06642fc95e89d5c22cd6c8a"}
- Test resource for:xmpp
- test_push_check_response_status
- http://192.168.0.212/MyPush/resources/xmpp/push
- {"status":"ok","msg":"finished","id":"a04d004c51064e77a4b3264b0a408ca6"}
- Test resource for:xmpp
- test_push_check_response_status
- http://192.168.0.212/MyPush/resources/xmpp/push
- {"status":"ok","msg":"finished","id":"2bd41ac9ac1f4e7ba254461b72372a76"}
- Test resource for:xmpp
- test_push_check_response_status
- http://192.168.0.212/MyPush/resources/xmpp/push
- {"status":"ok","msg":"finished","id":"1c5b2ccdba4949088328befb36918306"}
- Test resource for:xmpp
- test_push_check_response_status
- http://192.168.0.212/MyPush/resources/xmpp/push
- {"status":"ok","msg":"finished","id":"7f54353a08284dba9efa79da43b0dc53"}
- Test resource for:xmpp
- test_push_check_response_status
- http://192.168.0.212/MyPush/resources/xmpp/push
- {"status":"ok","msg":"finished","id":"2135ed35812f4757aab27bcf931e7568"}
- Test resource for:xmpp
- test_push_check_response_status
- http://192.168.0.212/MyPush/resources/xmpp/push
- {"status":"ok","msg":"finished","id":"7683be35dbf842c2b8eeb0ef32e64ce9"}
- Test resource for:xmpp
- test_push_check_response_status
- http://192.168.0.212/MyPush/resources/xmpp/push
- {"status":"ok","msg":"finished","id":"baabb6d59f6542cda1dbc4da7a47d678"}
- Test resource for:xmpp
- test_push_check_response_status
- http://192.168.0.212/MyPush/resources/xmpp/push
- {"status":"ok","msg":"finished","id":"a2689373a1fb4c3eb2020080cd3dd055"}
- Test resource for:xmpp
- test_push_check_response_status
- http://192.168.0.212/MyPush/resources/xmpp/push
- {"status":"ok","msg":"finished","id":"bca6fb30ff7f4954a8820f40107515d8"}
- Test resource for:xmpp
- test_push_check_response_status
- http://192.168.0.212/MyPush/resources/xmpp/push
- {"status":"ok","msg":"finished","id":"c099010c4c6743f9a9910c861ecaa563"}
- Test resource for:xmpp
- test_push_check_response_status
- http://192.168.0.212/MyPush/resources/xmpp/push
- {"status":"ok","msg":"finished","id":"ffb5b0bd28cf418fbcb99f1bc40f70ee"}
- Test resource for:xmpp
- test_push_check_response_status
- http://192.168.0.212/MyPush/resources/xmpp/push
- {"status":"ok","msg":"finished","id":"c44f7314a8e240dd90d24925c41b8ef4"}
- Test resource for:xmpp
- test_push_check_response_status
- http://192.168.0.212/MyPush/resources/xmpp/push
- {"status":"ok","msg":"finished","id":"5b6ee2c233ae4b719f202ae748b4cfcd"}
- Test resource for:xmpp
- test_push_check_response_status
- http://192.168.0.212/MyPush/resources/xmpp/push
- {"status":"ok","msg":"finished","id":"26cc8a81da704b148f8a0cbcb8a1daa0"}
- Test resource for:xmpp
- test_push_check_response_status
- http://192.168.0.212/MyPush/resources/xmpp/push
- {"status":"ok","msg":"finished","id":"b579aeb2aee2445ca698e959e7f8ec9e"}
- Test resource for:xmpp
- test_push_check_response_status
- http://192.168.0.212/MyPush/resources/xmpp/push
- {"status":"ok","msg":"finished","id":"45782945751e40bfaf93ff54af9e132b"}
- Test resource for:xmpp
- test_push_check_response_status
- http://192.168.0.212/MyPush/resources/xmpp/push
- {"status":"ok","msg":"finished","id":"23b1d151750540738d0a066f49bdb490"}
- Test resource for:xmpp
- test_push_check_response_status
- http://192.168.0.212/MyPush/resources/xmpp/push
- {"status":"ok","msg":"finished","id":"10d67fa7faca42639fae80a022b15559"}
- Test resource for:xmpp
- test_push_check_response_status
- http://192.168.0.212/MyPush/resources/xmpp/push
- {"status":"ok","msg":"finished","id":"bb5898da87d043f3908f6fd3bcc458b0"}
- Test resource for:xmpp
- test_push_check_response_status
- http://192.168.0.212/MyPush/resources/xmpp/push
- {"status":"ok","msg":"finished","id":"5e077c0b11804099be5f9241a91f9890"}
- Test resource for:xmpp
- test_push_check_response_status
- http://192.168.0.212/MyPush/resources/xmpp/push
- {"status":"ok","msg":"finished","id":"c9c1852c0bfc496b909c1dc0f2cafe2c"}
- Test resource for:xmpp
- test_push_check_response_status
- http://192.168.0.212/MyPush/resources/xmpp/push
- {"status":"ok","msg":"finished","id":"f0c5d2342280492da4caa81892c45656"}
- Test resource for:xmpp
- test_push_check_response_status
- http://192.168.0.212/MyPush/resources/xmpp/push
- {"status":"ok","msg":"finished","id":"545ec3742b894f82a6e8974509d57308"}
- Test resource for:xmpp
- test_push_check_response_status
- http://192.168.0.212/MyPush/resources/xmpp/push
- {"status":"ok","msg":"finished","id":"4fb0b0d581bc473a9336c915027ec006"}
- Test resource for:xmpp
- test_push_check_response_status
- http://192.168.0.212/MyPush/resources/xmpp/push
- {"status":"ok","msg":"finished","id":"16f776db6fc644da9c975258fd75a062"}
- Test resource for:xmpp
- test_push_check_response_status
- http://192.168.0.212/MyPush/resources/xmpp/push
- {"status":"ok","msg":"finished","id":"5cef935ff4894f8cb2b8eff2667e55ce"}
- Test resource for:xmpp
- test_push_check_response_status
- http://192.168.0.212/MyPush/resources/xmpp/push
- {"status":"ok","msg":"finished","id":"17de990bac8f4ba78963d857e0cce296"}
- Test resource for:xmpp
- test_push_check_response_status
- http://192.168.0.212/MyPush/resources/xmpp/push
- {"status":"ok","msg":"finished","id":"112f27fec776424a840e4beb8d9a6be2"}
- Test resource for:xmpp
- test_push_check_response_status
- http://192.168.0.212/MyPush/resources/xmpp/push
- {"status":"ok","msg":"finished","id":"37c84b0a2b104b05bdb68d16b2878250"}
- Test resource for:xmpp
- test_push_check_response_status
- http://192.168.0.212/MyPush/resources/xmpp/push
- {"status":"ok","msg":"finished","id":"41ec6173e69f40438071d5f54a88f755"}
- Test resource for:xmpp
- test_push_check_response_status
- http://192.168.0.212/MyPush/resources/xmpp/push
- {"status":"ok","msg":"finished","id":"01f0b27f66954db2ab918d55790be64b"}
- Test resource for:xmpp
- test_push_check_response_status
- http://192.168.0.212/MyPush/resources/xmpp/push
- {"status":"ok","msg":"finished","id":"7340b9cbb13c4cc6a615f3406df22af3"}
- Test resource for:xmpp
- test_push_check_response_status
- http://192.168.0.212/MyPush/resources/xmpp/push
- {"status":"ok","msg":"finished","id":"ec2eb63d03fa4a8ca33adcaca2611343"}
- Test resource for:xmpp
- test_push_check_response_status
- http://192.168.0.212/MyPush/resources/xmpp/push
- {"status":"ok","msg":"finished","id":"a94e6107e78f48d79c837b4707709f1b"}
- Test resource for:xmpp
- test_push_check_response_status
- http://192.168.0.212/MyPush/resources/xmpp/push
- {"status":"ok","msg":"finished","id":"bbdf5cba847d4e5498ae102315296fc6"}
- Test resource for:xmpp
- test_push_check_response_status
- http://192.168.0.212/MyPush/resources/xmpp/push
- {"status":"ok","msg":"finished","id":"2f0f460080e84d969c1125af0f3372da"}
- Test resource for:xmpp
- test_push_check_response_status
- http://192.168.0.212/MyPush/resources/xmpp/push
- {"status":"ok","msg":"finished","id":"1e8ee9ee2d3b4d5e98622ef17cd01954"}
- Test resource for:xmpp
- test_push_check_response_status
- http://192.168.0.212/MyPush/resources/xmpp/push
- {"status":"ok","msg":"finished","id":"64385e4e31f24fae84604981dc64f59f"}
- Test resource for:xmpp
- test_push_check_response_status
- http://192.168.0.212/MyPush/resources/xmpp/push
- {"status":"ok","msg":"finished","id":"c4f0e0c808214f9ab0cd27874ae84014"}
- Test resource for:xmpp
- test_push_check_response_status
- http://192.168.0.212/MyPush/resources/xmpp/push
- {"status":"ok","msg":"finished","id":"efff0496fed94f848297aa37c0ea536e"}
- Test resource for:xmpp
- test_push_check_response_status
- http://192.168.0.212/MyPush/resources/xmpp/push
- {"status":"ok","msg":"finished","id":"b491621dede34b74ab7694d2f3115668"}
- Test resource for:xmpp
- test_push_check_response_status
- http://192.168.0.212/MyPush/resources/xmpp/push
- {"status":"ok","msg":"finished","id":"17c26088b7314feaaf383548abbb9512"}
- Test resource for:xmpp
- test_push_check_response_status
- http://192.168.0.212/MyPush/resources/xmpp/push
- {"status":"ok","msg":"finished","id":"7413c00f9ee546e9abfd6e390a3aa980"}
- Test resource for:xmpp
- test_push_check_response_status
- http://192.168.0.212/MyPush/resources/xmpp/push
- {"status":"ok","msg":"finished","id":"e7b1ac4499fa41bf9a489fed73c8a01e"}
- Test resource for:xmpp
- test_push_check_response_status
- http://192.168.0.212/MyPush/resources/xmpp/push
- {"status":"ok","msg":"finished","id":"ef241b3bb56a48029880b9a750dc8ced"}
- Test resource for:xmpp
- test_push_check_response_status
- http://192.168.0.212/MyPush/resources/xmpp/push
- {"status":"ok","msg":"finished","id":"b076cb07718e41fba62d2dd68e47c847"}
- Test resource for:xmpp
- test_push_check_response_status
- http://192.168.0.212/MyPush/resources/xmpp/push
- {"status":"ok","msg":"finished","id":"b675c2d5184249cbbaac413f7a3d7dda"}
- Test resource for:xmpp
- test_push_check_response_status
- http://192.168.0.212/MyPush/resources/xmpp/push
- {"status":"ok","msg":"finished","id":"283b022f669049a289593464ca169c1c"}
- Test resource for:xmpp
- test_push_check_response_status
- http://192.168.0.212/MyPush/resources/xmpp/push
- {"status":"ok","msg":"finished","id":"e92dcb5101b743aeb63e9f177c59c9ca"}
- Test resource for:xmpp
- test_push_check_response_status
- http://192.168.0.212/MyPush/resources/xmpp/push
- {"status":"ok","msg":"finished","id":"7290c38fbaf647f58bdcbe1723132771"}
- Test resource for:xmpp
- test_push_check_response_status
- http://192.168.0.212/MyPush/resources/xmpp/push
- {"status":"ok","msg":"finished","id":"f3b5674884b74b089fdb109927dd1207"}
- Test resource for:xmpp
- test_push_check_response_status
- http://192.168.0.212/MyPush/resources/xmpp/push
- {"status":"ok","msg":"finished","id":"0d84e6fdecf444c98e41727f665046eb"}
- Test resource for:xmpp
- test_push_check_response_status
- http://192.168.0.212/MyPush/resources/xmpp/push
- {"status":"ok","msg":"finished","id":"750aa466ff344b3b940ccec25316ef08"}
- Test resource for:xmpp
- test_push_check_response_status
- http://192.168.0.212/MyPush/resources/xmpp/push
- {"status":"ok","msg":"finished","id":"b6666f27f5264feea4a6a0d6487b6632"}
- Test resource for:xmpp
- test_push_check_response_status
- http://192.168.0.212/MyPush/resources/xmpp/push
- {"status":"ok","msg":"finished","id":"1bc0d349c6ae4f5cbde775ef9121134b"}
- Test resource for:xmpp
- test_push_check_response_status
- http://192.168.0.212/MyPush/resources/xmpp/push
- {"status":"ok","msg":"finished","id":"54e8af0aba9d4533bb58f652ce2acf33"}
- Test resource for:xmpp
- test_push_check_response_status
- http://192.168.0.212/MyPush/resources/xmpp/push
- {"status":"ok","msg":"finished","id":"6ada7ab664994618803825abe3137280"}
- Test resource for:xmpp
- test_push_check_response_status
- http://192.168.0.212/MyPush/resources/xmpp/push
- {"status":"ok","msg":"finished","id":"66f4a156c167466c9d182263ba6fe5d4"}
- Test resource for:xmpp
- test_push_check_response_status
- http://192.168.0.212/MyPush/resources/xmpp/push
- {"status":"ok","msg":"finished","id":"bb0131696ed94ce0b7095cb1e5111e57"}
- Test resource for:xmpp
- test_push_check_response_status
- http://192.168.0.212/MyPush/resources/xmpp/push
- {"status":"ok","msg":"finished","id":"95432b99010946e98e06761ab07b786c"}
- Test resource for:xmpp
- test_push_check_response_status
- http://192.168.0.212/MyPush/resources/xmpp/push
- {"status":"ok","msg":"finished","id":"4a603e03e4554d16a5c47dbd6bc846b1"}
- Test resource for:xmpp
- test_push_check_response_status
- http://192.168.0.212/MyPush/resources/xmpp/push
- {"status":"ok","msg":"finished","id":"6673661eb42141e98412f441c8571320"}
- Test resource for:xmpp
- test_push_check_response_status
- http://192.168.0.212/MyPush/resources/xmpp/push
- {"status":"ok","msg":"finished","id":"0c3bfa8ecc6d4d96bc3f805470871d5e"}
- Test resource for:xmpp
- test_push_check_response_status
- http://192.168.0.212/MyPush/resources/xmpp/push
- {"status":"ok","msg":"finished","id":"e52765fef3f44402bda97fb374a36f4a"}
- Test resource for:xmpp
- test_push_check_response_status
- http://192.168.0.212/MyPush/resources/xmpp/push
- {"status":"ok","msg":"finished","id":"285b9eedacbc4188a857f620f265eb77"}
- Test resource for:xmpp
- test_push_check_response_status
- http://192.168.0.212/MyPush/resources/xmpp/push
- {"status":"ok","msg":"finished","id":"487d092bb2444e68acb330362f26db73"}
- Test resource for:xmpp
- test_push_check_response_status
- http://192.168.0.212/MyPush/resources/xmpp/push
- {"status":"ok","msg":"finished","id":"9b2f925d0a90422a9d48ffb656b803d9"}
- Test resource for:xmpp
- test_push_check_response_status
- http://192.168.0.212/MyPush/resources/xmpp/push
- {"status":"ok","msg":"finished","id":"b05416075f7e4e139aa18732c6f78220"}
- Test resource for:xmpp
- test_push_check_response_status
- http://192.168.0.212/MyPush/resources/xmpp/push
- {"status":"ok","msg":"finished","id":"f0f619e9780f465ebe31d5e9978a46bf"}
- Test resource for:xmpp
- test_push_check_response_status
- http://192.168.0.212/MyPush/resources/xmpp/push
- {"status":"ok","msg":"finished","id":"fcde6f32e77f4b0c91849728b1d2421c"}
- Test resource for:xmpp
- test_push_check_response_status
- http://192.168.0.212/MyPush/resources/xmpp/push
- {"status":"ok","msg":"finished","id":"73dcccaaac724054a73db7451e5709f8"}
- Test resource for:xmpp
- test_push_check_response_status
- http://192.168.0.212/MyPush/resources/xmpp/push
- {"status":"ok","msg":"finished","id":"6df08741c7744bfc80e189c0db8623ff"}
- Test resource for:xmpp
- test_push_check_response_status
- http://192.168.0.212/MyPush/resources/xmpp/push
- {"status":"ok","msg":"finished","id":"9561c837674840948b21b5aaaa1c2403"}
- Test resource for:xmpp
- test_push_check_response_status
- http://192.168.0.212/MyPush/resources/xmpp/push
- {"status":"ok","msg":"finished","id":"f857215165424d6eb052e36847bba0af"}
- Test resource for:xmpp
- test_push_check_response_status
- http://192.168.0.212/MyPush/resources/xmpp/push
- {"status":"ok","msg":"finished","id":"d74c96ce18de45e196c5cc45c3b8ec84"}
- Test resource for:xmpp
- test_push_check_response_status
- http://192.168.0.212/MyPush/resources/xmpp/push
- {"status":"ok","msg":"finished","id":"65b6ea34247b48538ce0dc5afe5fe7c5"}
- Test resource for:xmpp
- test_push_check_response_status
- http://192.168.0.212/MyPush/resources/xmpp/push
- {"status":"ok","msg":"finished","id":"e6727e5d671c42519140244606c26315"}
- Test resource for:xmpp
- test_push_check_response_status
- http://192.168.0.212/MyPush/resources/xmpp/push
- {"status":"ok","msg":"finished","id":"357673ee5ed14079b872f67612a058f3"}
- Test resource for:xmpp
- test_push_check_response_status
- http://192.168.0.212/MyPush/resources/xmpp/push
- {"status":"ok","msg":"finished","id":"510e9bb37f7a4ea384995662e074b2b5"}
- Test resource for:xmpp
- test_push_check_response_status
- http://192.168.0.212/MyPush/resources/xmpp/push
- {"status":"ok","msg":"finished","id":"b300884c852140b2b5199668861be246"}
- Test resource for:xmpp
- test_push_check_response_status
- http://192.168.0.212/MyPush/resources/xmpp/push
- {"status":"ok","msg":"finished","id":"f0c1a6c13bbd4e629b749d2c514559fc"}
- Test resource for:xmpp
- test_push_check_response_status
- http://192.168.0.212/MyPush/resources/xmpp/push
- {"status":"ok","msg":"finished","id":"4a9df176856f46ba8881f641d1f3131a"}
- Test resource for:xmpp
- test_push_check_response_status
- http://192.168.0.212/MyPush/resources/xmpp/push
- {"status":"ok","msg":"finished","id":"920bf5429c1e4e52996654c14544b891"}
- Test resource for:xmpp
- test_push_check_response_status
- http://192.168.0.212/MyPush/resources/xmpp/push
- {"status":"ok","msg":"finished","id":"a4dad27c0db349bdabc43a9425214c78"}
- Test resource for:xmpp
- test_push_check_response_status
- http://192.168.0.212/MyPush/resources/xmpp/push
- {"status":"ok","msg":"finished","id":"726be7a0539d4f0ea2b4994dc10c0937"}
- Test resource for:xmpp
- test_push_check_response_status
- http://192.168.0.212/MyPush/resources/xmpp/push
- {"status":"ok","msg":"finished","id":"48dedf9dab9b464ca114accd948a9ff6"}
- Test resource for:xmpp
- test_push_check_response_status
- http://192.168.0.212/MyPush/resources/xmpp/push
- {"status":"ok","msg":"finished","id":"062694be711d4851b6a45770280d76f5"}
- Test resource for:xmpp
- test_push_check_response_status
- http://192.168.0.212/MyPush/resources/xmpp/push
- {"status":"ok","msg":"finished","id":"2a44603527344530b230c19be9c8464b"}
- Test resource for:xmpp
- test_push_check_response_status
- http://192.168.0.212/MyPush/resources/xmpp/push
- {"status":"ok","msg":"finished","id":"b2528d7c19e04f648b80b985f93d50ec"}
- Test resource for:xmpp
- test_push_check_response_status
- http://192.168.0.212/MyPush/resources/xmpp/push
- {"status":"ok","msg":"finished","id":"30b4f1ae2d11495ab8a1bfa12455f763"}
- Test resource for:xmpp
- test_push_check_response_status
- http://192.168.0.212/MyPush/resources/xmpp/push
- {"status":"ok","msg":"finished","id":"e9d2756803ea4cafa76139a0b1f6bb5a"}
- Test resource for:xmpp
- test_push_check_response_status
- http://192.168.0.212/MyPush/resources/xmpp/push
- {"status":"ok","msg":"finished","id":"0556e9fb6a574ce58dc4847a9538ad7d"}
- Test resource for:xmpp
- test_push_check_response_status
- http://192.168.0.212/MyPush/resources/xmpp/push
- {"status":"ok","msg":"finished","id":"7eb8c8c9aa414c86bf21e9bde77f4ebd"}
- Test resource for:xmpp
- test_push_check_response_status
- http://192.168.0.212/MyPush/resources/xmpp/push
- {"status":"ok","msg":"finished","id":"c217123b5071416d9eb8ac598d194d81"}
- Test resource for:xmpp
- test_push_check_response_status
- http://192.168.0.212/MyPush/resources/xmpp/push
- {"status":"ok","msg":"finished","id":"9e99c6ab434f467180cbdd446d40e765"}
- Test resource for:xmpp
- test_push_check_response_status
- http://192.168.0.212/MyPush/resources/xmpp/push
- {"status":"ok","msg":"finished","id":"d06767ff980a48bfa31bd136ee078e14"}
- Test resource for:xmpp
- test_push_check_response_status
- http://192.168.0.212/MyPush/resources/xmpp/push
- {"status":"ok","msg":"finished","id":"1775d845e632418f867d2e7da6e8ebe2"}
- Test resource for:xmpp
- test_push_check_response_status
- http://192.168.0.212/MyPush/resources/xmpp/push
- {"status":"ok","msg":"finished","id":"469a6c12b7824e74bcd410e8d1f2171b"}
- Test resource for:xmpp
- test_push_check_response_status
- http://192.168.0.212/MyPush/resources/xmpp/push
- {"status":"ok","msg":"finished","id":"3fdf894dea7f40508ba583cb9d9bf6da"}
- Test resource for:xmpp
- test_push_check_response_status
- http://192.168.0.212/MyPush/resources/xmpp/push
- {"status":"ok","msg":"finished","id":"fba60b1ae8ac4203ae59d7d189c0bc27"}
- Test resource for:xmpp
- test_push_check_response_status
- http://192.168.0.212/MyPush/resources/xmpp/push
- {"status":"ok","msg":"finished","id":"f33e603a4d63431991b99e11dbeece35"}
- Test resource for:xmpp
- test_push_check_response_status
- http://192.168.0.212/MyPush/resources/xmpp/push
- {"status":"ok","msg":"finished","id":"8d58e5b21b364e36a8fde1ef24635ff6"}
- Test resource for:xmpp
- test_push_check_response_status
- http://192.168.0.212/MyPush/resources/xmpp/push
- {"status":"ok","msg":"finished","id":"1b151cfa5dc24a4793a380418aa72932"}
- Test resource for:xmpp
- test_push_check_response_status
- http://192.168.0.212/MyPush/resources/xmpp/push
- {"status":"ok","msg":"finished","id":"1a8bd820edef480db46e565ce5b0b4a3"}
- Test resource for:xmpp
- test_push_check_response_status
- http://192.168.0.212/MyPush/resources/xmpp/push
- {"status":"ok","msg":"finished","id":"b7ba2f9cd8b145df93261596ac39f0f8"}
- Test resource for:xmpp
- test_push_check_response_status
- http://192.168.0.212/MyPush/resources/xmpp/push
- {"status":"ok","msg":"finished","id":"f04b651bfbc74a4da650713abf9a4d16"}
- Test resource for:xmpp
- test_push_check_response_status
- http://192.168.0.212/MyPush/resources/xmpp/push
- {"status":"ok","msg":"finished","id":"fa033c6d1f734d2a9c9b64961c0a06e5"}
- Test resource for:xmpp
- test_push_check_response_status
- http://192.168.0.212/MyPush/resources/xmpp/push
- {"status":"ok","msg":"finished","id":"0f66f2cb747541608a64cd96aaefca88"}
- Test resource for:xmpp
- test_push_check_response_status
- http://192.168.0.212/MyPush/resources/xmpp/push
- {"status":"ok","msg":"finished","id":"5fce9e41a1bf4db8be73f02d4abdde65"}
- Test resource for:xmpp
- test_push_check_response_status
- http://192.168.0.212/MyPush/resources/xmpp/push
- {"status":"ok","msg":"finished","id":"5aa217af10914e2e91a6e9c7fae450d5"}
- Test resource for:xmpp
- test_push_check_response_status
- http://192.168.0.212/MyPush/resources/xmpp/push
- {"status":"ok","msg":"finished","id":"9b15b63ce4d74675bf30b2606bb16099"}
- Test resource for:xmpp
- test_push_check_response_status
- http://192.168.0.212/MyPush/resources/xmpp/push
- {"status":"ok","msg":"finished","id":"669015df682b4bd9a136fb86faaf675c"}
- Test resource for:xmpp
- test_push_check_response_status
- http://192.168.0.212/MyPush/resources/xmpp/push
- {"status":"ok","msg":"finished","id":"e7a338a0066d49f8bfb9e2020f4128a2"}
- Test resource for:xmpp
- test_push_check_response_status
- http://192.168.0.212/MyPush/resources/xmpp/push
- {"status":"ok","msg":"finished","id":"ed36663edf714b42b98c4a6ffc1dad6b"}
- Test resource for:xmpp
- test_push_check_response_status
- http://192.168.0.212/MyPush/resources/xmpp/push
- {"status":"ok","msg":"finished","id":"b6bb02b76f2b4d899b286d3532c00897"}
- Test resource for:xmpp
- test_push_check_response_status
- http://192.168.0.212/MyPush/resources/xmpp/push
- {"status":"ok","msg":"finished","id":"01e2f22bfcf54ca48b7cb3d9071bf7fa"}
- Test resource for:xmpp
- test_push_check_response_status
- http://192.168.0.212/MyPush/resources/xmpp/push
- {"status":"ok","msg":"finished","id":"0531a0583faf43a2bbeaeed176b3d2c7"}
- Test resource for:xmpp
- test_push_check_response_status
- http://192.168.0.212/MyPush/resources/xmpp/push
- {"status":"ok","msg":"finished","id":"4faef649b642404684e209cf54661096"}
- Test resource for:xmpp
- test_push_check_response_status
- http://192.168.0.212/MyPush/resources/xmpp/push
- {"status":"ok","msg":"finished","id":"819f9bda45bf420ea5dc76b18a310482"}
- Test resource for:xmpp
- test_push_check_response_status
- http://192.168.0.212/MyPush/resources/xmpp/push
- {"status":"ok","msg":"finished","id":"3be71361fd66446b9dc40bbcb6d4f50f"}
- Test resource for:xmpp
- test_push_check_response_status
- http://192.168.0.212/MyPush/resources/xmpp/push
- {"status":"ok","msg":"finished","id":"3f1ea8150d0b4808bc998efa1ba4d733"}
- Test resource for:xmpp
- test_push_check_response_status
- http://192.168.0.212/MyPush/resources/xmpp/push
- {"status":"ok","msg":"finished","id":"05004118a3264fcc8d1764f4d7535528"}
- Test resource for:xmpp
- test_push_check_response_status
- http://192.168.0.212/MyPush/resources/xmpp/push
- {"status":"ok","msg":"finished","id":"1f7915ed6ca242ce824fc2d0d8cb7807"}
- Test resource for:xmpp
- test_push_check_response_status
- http://192.168.0.212/MyPush/resources/xmpp/push
- {"status":"ok","msg":"finished","id":"54e426b756174bc3b39264d89cd96ccb"}
- Test resource for:xmpp
- test_push_check_response_status
- http://192.168.0.212/MyPush/resources/xmpp/push
- {"status":"ok","msg":"finished","id":"76ab32db2df84937a337b1c1eaa4cb70"}
- Test resource for:xmpp
- test_push_check_response_status
- http://192.168.0.212/MyPush/resources/xmpp/push
- {"status":"ok","msg":"finished","id":"5cde349df537469ea4798342bd5b1884"}
- Test resource for:xmpp
- test_push_check_response_status
- http://192.168.0.212/MyPush/resources/xmpp/push
- {"status":"ok","msg":"finished","id":"1a55995149ca44bb987b55a6c44b74d4"}
- Test resource for:xmpp
- test_push_check_response_status
- http://192.168.0.212/MyPush/resources/xmpp/push
- {"status":"ok","msg":"finished","id":"3614566addf7493995b3a5e4866c559c"}
- Test resource for:xmpp
- test_push_check_response_status
- http://192.168.0.212/MyPush/resources/xmpp/push
- {"status":"ok","msg":"finished","id":"12a87c08d1e04f178d18094b73a820cb"}
- Test resource for:xmpp
- test_push_check_response_status
- http://192.168.0.212/MyPush/resources/xmpp/push
- {"status":"ok","msg":"finished","id":"ffbb2320f7354b7db045031be6891efe"}
- Test resource for:xmpp
- test_push_check_response_status
- http://192.168.0.212/MyPush/resources/xmpp/push
- {"status":"ok","msg":"finished","id":"42c225f92c79455b995f7e1f55775a8c"}
- Test resource for:xmpp
- test_push_check_response_status
- http://192.168.0.212/MyPush/resources/xmpp/push
- {"status":"ok","msg":"finished","id":"4456363656ff4f558f18aa1db6e90646"}
- Test resource for:xmpp
- test_push_check_response_status
- http://192.168.0.212/MyPush/resources/xmpp/push
- {"status":"ok","msg":"finished","id":"acf31836e80d41fe90ff680fe7abd277"}
- Test resource for:xmpp
- test_push_check_response_status
- http://192.168.0.212/MyPush/resources/xmpp/push
- {"status":"ok","msg":"finished","id":"a20489ae80b24e218c155ec9ae308235"}
- Test resource for:xmpp
- test_push_check_response_status
- http://192.168.0.212/MyPush/resources/xmpp/push
- {"status":"ok","msg":"finished","id":"3a3c6ca77c3e4afcad2389035e8579a3"}
- Test resource for:xmpp
- test_push_check_response_status
- http://192.168.0.212/MyPush/resources/xmpp/push
- {"status":"ok","msg":"finished","id":"e719187744704bd39aed16de082e1db2"}
- Test resource for:xmpp
- test_push_check_response_status
- http://192.168.0.212/MyPush/resources/xmpp/push
- {"status":"ok","msg":"finished","id":"fa7552771c4e48cbb74b7b12e399aee0"}
- Test resource for:xmpp
- test_push_check_response_status
- http://192.168.0.212/MyPush/resources/xmpp/push
- {"status":"ok","msg":"finished","id":"6af229afdf2c4fbcb6c8d569ea379bc4"}
- Test resource for:xmpp
- test_push_check_response_status
- http://192.168.0.212/MyPush/resources/xmpp/push
- {"status":"ok","msg":"finished","id":"4b75a64641c042c1b70e8ea8153c4190"}
- Test resource for:xmpp
- test_push_check_response_status
- http://192.168.0.212/MyPush/resources/xmpp/push
- {"status":"ok","msg":"finished","id":"47b598a99d094061a21f245492d0c77f"}
- Test resource for:xmpp
- test_push_check_response_status
- http://192.168.0.212/MyPush/resources/xmpp/push
- {"status":"ok","msg":"finished","id":"9762500bdd6e427da41b062bae32c200"}
- Test resource for:xmpp
- test_push_check_response_status
- http://192.168.0.212/MyPush/resources/xmpp/push
- {"status":"ok","msg":"finished","id":"d6b6db4ebaef46b8a76f50382bca83d7"}
- Test resource for:xmpp
- test_push_check_response_status
- http://192.168.0.212/MyPush/resources/xmpp/push
- {"status":"ok","msg":"finished","id":"b80ee763ae8f42da9d44d34d26d6ad1f"}
- Test resource for:xmpp
- test_push_check_response_status
- http://192.168.0.212/MyPush/resources/xmpp/push
- {"status":"ok","msg":"finished","id":"863d48be677d43e3bc953cefb797bf98"}
- Test resource for:xmpp
- test_push_check_response_status
- http://192.168.0.212/MyPush/resources/xmpp/push
- {"status":"ok","msg":"finished","id":"efbe38a9783c4a7baf35647f6bbfc63a"}
- Test resource for:xmpp
- test_push_check_response_status
- http://192.168.0.212/MyPush/resources/xmpp/push
- {"status":"ok","msg":"finished","id":"1494b4eb266a4bacb87125ed093321f8"}
- Test resource for:xmpp
- test_push_check_response_status
- http://192.168.0.212/MyPush/resources/xmpp/push
- {"status":"ok","msg":"finished","id":"ead007e876fc4721a2bb0958d5038096"}
- Test resource for:xmpp
- test_push_check_response_status
- http://192.168.0.212/MyPush/resources/xmpp/push
- {"status":"ok","msg":"finished","id":"25dc3dce7f6b4480959968999736f913"}
- Test resource for:xmpp
- test_push_check_response_status
- http://192.168.0.212/MyPush/resources/xmpp/push
- {"status":"ok","msg":"finished","id":"f1463d8a4c5747e99321c9c60959905c"}
- Test resource for:xmpp
- test_push_check_response_status
- http://192.168.0.212/MyPush/resources/xmpp/push
- {"status":"ok","msg":"finished","id":"d871a3336e004d149b1b8b9b7572f5c4"}
- Test resource for:xmpp
- test_push_check_response_status
- http://192.168.0.212/MyPush/resources/xmpp/push
- {"status":"ok","msg":"finished","id":"f4f862d28ea047a9907ceecb06243f76"}
- Test resource for:xmpp
- test_push_check_response_status
- http://192.168.0.212/MyPush/resources/xmpp/push
- {"status":"ok","msg":"finished","id":"649050b51f814f9d90e3a369f756f0de"}
- Test resource for:xmpp
- test_push_check_response_status
- http://192.168.0.212/MyPush/resources/xmpp/push
- {"status":"ok","msg":"finished","id":"f78ad319524b4bff9e81e2b27747bf7c"}
- Test resource for:xmpp
- test_push_check_response_status
- http://192.168.0.212/MyPush/resources/xmpp/push
- {"status":"ok","msg":"finished","id":"f4ed1edf257547b0b7396c07ea2c94c7"}
- Test resource for:xmpp
- test_push_check_response_status
- http://192.168.0.212/MyPush/resources/xmpp/push
- {"status":"ok","msg":"finished","id":"9c34dea41ef946b78c862ec024663234"}
- Test resource for:xmpp
- test_push_check_response_status
- http://192.168.0.212/MyPush/resources/xmpp/push
- {"status":"ok","msg":"finished","id":"f48484134d1942a4b6d884cc21b81e3c"}
- Test resource for:xmpp
- test_push_check_response_status
- http://192.168.0.212/MyPush/resources/xmpp/push
- {"status":"ok","msg":"finished","id":"a1b726ee71b24d7789662c8ba7b987f9"}
- Test resource for:xmpp
- test_push_check_response_status
- http://192.168.0.212/MyPush/resources/xmpp/push
- {"status":"ok","msg":"finished","id":"7a6dfe04db5e4030a79b6533110792c5"}
- Test resource for:xmpp
- test_push_check_response_status
- http://192.168.0.212/MyPush/resources/xmpp/push
- {"status":"ok","msg":"finished","id":"2dfb265566b543388d5ccb863fc9403f"}
- Test resource for:xmpp
- test_push_check_response_status
- http://192.168.0.212/MyPush/resources/xmpp/push
- {"status":"ok","msg":"finished","id":"0a1ee26c6aeb40b6aa5eaeb52a5efd41"}
- Test resource for:xmpp
- test_push_check_response_status
- http://192.168.0.212/MyPush/resources/xmpp/push
- {"status":"ok","msg":"finished","id":"909855c175b04e0782254afeda86a095"}
- Test resource for:xmpp
- test_push_check_response_status
- http://192.168.0.212/MyPush/resources/xmpp/push
- {"status":"ok","msg":"finished","id":"1d08caaa217f4a12a9c23f3019f99af3"}
- Test resource for:xmpp
- test_push_check_response_status
- http://192.168.0.212/MyPush/resources/xmpp/push
- {"status":"ok","msg":"finished","id":"0fa4443d2e884c93a8c3e187da4de873"}
- Test resource for:xmpp
- test_push_check_response_status
- http://192.168.0.212/MyPush/resources/xmpp/push
- {"status":"ok","msg":"finished","id":"ea063ce64b024b58a5a1789ccf109c7a"}
- Test resource for:xmpp
- test_push_check_response_status
- http://192.168.0.212/MyPush/resources/xmpp/push
- {"status":"ok","msg":"finished","id":"ee25b5b8db10489c928ef491a5e0a245"}
- Test resource for:xmpp
- test_push_check_response_status
- http://192.168.0.212/MyPush/resources/xmpp/push
- {"status":"ok","msg":"finished","id":"e6b4738acff44c89b9f59e81655b0b03"}
- Test resource for:xmpp
- test_push_check_response_status
- http://192.168.0.212/MyPush/resources/xmpp/push
- {"status":"ok","msg":"finished","id":"0df0fddb3b15401e95211d451b03db16"}
- Test resource for:xmpp
- test_push_check_response_status
- http://192.168.0.212/MyPush/resources/xmpp/push
- {"status":"ok","msg":"finished","id":"a0204d6809bf44c689a7ff6046a8ee15"}
- Test resource for:xmpp
- test_push_check_response_status
- http://192.168.0.212/MyPush/resources/xmpp/push
- {"status":"ok","msg":"finished","id":"f34ededa76c841659d5df3f4c224d243"}
- Test resource for:xmpp
- test_push_check_response_status
- http://192.168.0.212/MyPush/resources/xmpp/push
- {"status":"ok","msg":"finished","id":"c5cfb1ee73d94a658599c634f5c9fe9f"}
- Test resource for:xmpp
- test_push_check_response_status
- http://192.168.0.212/MyPush/resources/xmpp/push
- {"status":"ok","msg":"finished","id":"c070d88acfb342d5ba235cb351dad6e8"}
- Test resource for:xmpp
- test_push_check_response_status
- http://192.168.0.212/MyPush/resources/xmpp/push
- {"status":"ok","msg":"finished","id":"9c4b1f4043d04139ad0f8ec54892b1ef"}
- Test resource for:xmpp
- test_push_check_response_status
- http://192.168.0.212/MyPush/resources/xmpp/push
- {"status":"ok","msg":"finished","id":"6d26c39b91fb4ffdb5aaffc9ddac66a3"}
- Test resource for:xmpp
- test_push_check_response_status
- http://192.168.0.212/MyPush/resources/xmpp/push
- {"status":"ok","msg":"finished","id":"2fad98ee0a5f4a47a7171b295b5a7bd0"}
- Test resource for:xmpp
- test_push_check_response_status
- http://192.168.0.212/MyPush/resources/xmpp/push
- {"status":"ok","msg":"finished","id":"66b3973657ac43c9ad75f9a3060754a2"}
- Test resource for:xmpp
- test_push_check_response_status
- http://192.168.0.212/MyPush/resources/xmpp/push
- {"status":"ok","msg":"finished","id":"4473b8e94d5a422397052f20a59482f2"}
- Test resource for:xmpp
- test_push_check_response_status
- http://192.168.0.212/MyPush/resources/xmpp/push
- {"status":"ok","msg":"finished","id":"20675210be2d48d9b09b454e110e4c65"}
- Test resource for:xmpp
- test_push_check_response_status
- http://192.168.0.212/MyPush/resources/xmpp/push
- {"status":"ok","msg":"finished","id":"38e95519c55645a781d26e8cd4971366"}
- Test resource for:xmpp
- test_push_check_response_status
- http://192.168.0.212/MyPush/resources/xmpp/push
- {"status":"ok","msg":"finished","id":"0bf4cbbe7f90484a9d25e23617ca4fac"}
- Test resource for:xmpp
- test_push_check_response_status
- http://192.168.0.212/MyPush/resources/xmpp/push
- {"status":"ok","msg":"finished","id":"4ed05619698b423ca505a78cc2a2d504"}
- Test resource for:xmpp
- test_push_check_response_status
- http://192.168.0.212/MyPush/resources/xmpp/push
- {"status":"ok","msg":"finished","id":"33f1535bc06a4cb7881893e49a01a6e7"}
- Test resource for:xmpp
- test_push_check_response_status
- http://192.168.0.212/MyPush/resources/xmpp/push
- {"status":"ok","msg":"finished","id":"0443f80f4245456099f47724d8d1af40"}
- Test resource for:xmpp
- test_push_check_response_status
- http://192.168.0.212/MyPush/resources/xmpp/push
- {"status":"ok","msg":"finished","id":"79dd411659be4472bec514c2fa9eee74"}
- Test resource for:xmpp
- test_push_check_response_status
- http://192.168.0.212/MyPush/resources/xmpp/push
- {"status":"ok","msg":"finished","id":"637415b538ff494385586c00ed5ce93c"}
- Test resource for:xmpp
- test_push_check_response_status
- http://192.168.0.212/MyPush/resources/xmpp/push
- {"status":"ok","msg":"finished","id":"779dda6cd3304e28acea391f7abad810"}
- Test resource for:xmpp
- test_push_check_response_status
- http://192.168.0.212/MyPush/resources/xmpp/push
- {"status":"ok","msg":"finished","id":"e250cffbaf0f45e6bb2685e26b0ff985"}
- Test resource for:xmpp
- test_push_check_response_status
- http://192.168.0.212/MyPush/resources/xmpp/push
- {"status":"ok","msg":"finished","id":"6d947bb466e94f42979b39b54f1886ea"}
- Test resource for:xmpp
- test_push_check_response_status
- http://192.168.0.212/MyPush/resources/xmpp/push
- {"status":"ok","msg":"finished","id":"c9700f4063cc4df89da772df2bbe6df9"}
- Test resource for:xmpp
- test_push_check_response_status
- http://192.168.0.212/MyPush/resources/xmpp/push
- {"status":"ok","msg":"finished","id":"550ef980bb1f4475b9967f0257e6390b"}
- Test resource for:xmpp
- test_push_check_response_status
- http://192.168.0.212/MyPush/resources/xmpp/push
- {"status":"ok","msg":"finished","id":"40de9d933a8743479157824b11646b0a"}
- Test resource for:xmpp
- test_push_check_response_status
- http://192.168.0.212/MyPush/resources/xmpp/push
- {"status":"ok","msg":"finished","id":"1b98ed861b6a454cbff6972f8f46c904"}
- Test resource for:xmpp
- test_push_check_response_status
- http://192.168.0.212/MyPush/resources/xmpp/push
- {"status":"ok","msg":"finished","id":"e42048e11e4d45c7b42f2d6379383185"}
- Test resource for:xmpp
- test_push_check_response_status
- http://192.168.0.212/MyPush/resources/xmpp/push
- {"status":"ok","msg":"finished","id":"4d8db16ef68d4090b522fc35d2a1f6a3"}
- Test resource for:xmpp
- test_push_check_response_status
- http://192.168.0.212/MyPush/resources/xmpp/push
- {"status":"ok","msg":"finished","id":"f29840dc99f54b6090e22705933a7b5d"}
- Test resource for:xmpp
- test_push_check_response_status
- http://192.168.0.212/MyPush/resources/xmpp/push
- {"status":"ok","msg":"finished","id":"a286242a799e4a0390b5d4eb4b98d4e3"}
- Test resource for:xmpp
- test_push_check_response_status
- http://192.168.0.212/MyPush/resources/xmpp/push
- {"status":"ok","msg":"finished","id":"502a935bf3634f70a1ad9f02b2b216c8"}
- Test resource for:xmpp
- test_push_check_response_status
- http://192.168.0.212/MyPush/resources/xmpp/push
- {"status":"ok","msg":"finished","id":"74d657939f48481981af34e2a1c084ed"}
- Test resource for:xmpp
- test_push_check_response_status
- http://192.168.0.212/MyPush/resources/xmpp/push
- {"status":"ok","msg":"finished","id":"2a75d5002f2f4c1692f6b28ae812df93"}
- Test resource for:xmpp
- test_push_check_response_status
- http://192.168.0.212/MyPush/resources/xmpp/push
- {"status":"ok","msg":"finished","id":"bb4a9accece84ab78eb2a4b857b1a63d"}
- Test resource for:xmpp
- test_push_check_response_status
- http://192.168.0.212/MyPush/resources/xmpp/push
- {"status":"ok","msg":"finished","id":"8b635d845cc24b26a5d2acbd14e4b087"}
- Test resource for:xmpp
- test_push_check_response_status
- http://192.168.0.212/MyPush/resources/xmpp/push
- {"status":"ok","msg":"finished","id":"e20afd31240d44dfaf55f8b01ba35fe1"}
- Test resource for:xmpp
- test_push_check_response_status
- http://192.168.0.212/MyPush/resources/xmpp/push
- {"status":"ok","msg":"finished","id":"dafe0cc0cd6e4d22a71ec8c31f508d0c"}
- Test resource for:xmpp
- test_push_check_response_status
- http://192.168.0.212/MyPush/resources/xmpp/push
- {"status":"ok","msg":"finished","id":"9fb299284f374ac1aa29cfa2b1a9874f"}
- Test resource for:xmpp
- test_push_check_response_status
- http://192.168.0.212/MyPush/resources/xmpp/push
- {"status":"ok","msg":"finished","id":"f70c8137e0e24800b53d260e257b9503"}
- Test resource for:xmpp
- test_push_check_response_status
- http://192.168.0.212/MyPush/resources/xmpp/push
- {"status":"ok","msg":"finished","id":"726a31b072674e97a796741ae6323e45"}
- Test resource for:xmpp
- test_push_check_response_status
- http://192.168.0.212/MyPush/resources/xmpp/push
- {"status":"ok","msg":"finished","id":"700217bd1a4f4032922ac9cf901ddc64"}
- Test resource for:xmpp
- test_push_check_response_status
- http://192.168.0.212/MyPush/resources/xmpp/push
- {"status":"ok","msg":"finished","id":"980e1121b4c0415cbb846b3ccdb59570"}
- Test resource for:xmpp
- test_push_check_response_status
- http://192.168.0.212/MyPush/resources/xmpp/push
- {"status":"ok","msg":"finished","id":"73ce076899e5413b97c56cd3698955da"}
- Test resource for:xmpp
- test_push_check_response_status
- http://192.168.0.212/MyPush/resources/xmpp/push
- {"status":"ok","msg":"finished","id":"08feedd0c2254f20afe867f2816485b5"}
- Test resource for:xmpp
- test_push_check_response_status
- http://192.168.0.212/MyPush/resources/xmpp/push
- {"status":"ok","msg":"finished","id":"73db1131798e4ff883aaa959b39c7089"}
- Test resource for:xmpp
- test_push_check_response_status
- http://192.168.0.212/MyPush/resources/xmpp/push
- {"status":"ok","msg":"finished","id":"aec1a83cc5d4417688a88b5fd35e08d8"}
- Test resource for:xmpp
- test_push_check_response_status
- http://192.168.0.212/MyPush/resources/xmpp/push
- {"status":"ok","msg":"finished","id":"e2a8a89e2b00448ba20dfa9d6fee402d"}
- Test resource for:xmpp
- test_push_check_response_status
- http://192.168.0.212/MyPush/resources/xmpp/push
- {"status":"ok","msg":"finished","id":"0c0714146cdc45abbd287dbe04467547"}
- Test resource for:xmpp
- test_push_check_response_status
- http://192.168.0.212/MyPush/resources/xmpp/push
- {"status":"ok","msg":"finished","id":"15360e27390840d6859794ee5a55bf12"}
- Test resource for:xmpp
- test_push_check_response_status
- http://192.168.0.212/MyPush/resources/xmpp/push
- {"status":"ok","msg":"finished","id":"7fdaed96838b46448f4a8792b1870299"}
- Test resource for:xmpp
- test_push_check_response_status
- http://192.168.0.212/MyPush/resources/xmpp/push
- {"status":"ok","msg":"finished","id":"b9600f8fd6cd4a218f4b142fff04f695"}
- Test resource for:xmpp
- test_push_check_response_status
- http://192.168.0.212/MyPush/resources/xmpp/push
- {"status":"ok","msg":"finished","id":"c9b6b15c83b04bf6b888947687d5abe6"}
- Test resource for:xmpp
- test_push_check_response_status
- http://192.168.0.212/MyPush/resources/xmpp/push
- {"status":"ok","msg":"finished","id":"577cfc702397445687d66f1844c0f413"}
- Test resource for:xmpp
- test_push_check_response_status
- http://192.168.0.212/MyPush/resources/xmpp/push
- {"status":"ok","msg":"finished","id":"7ef0ce31c82e452db687bcd5ea871bd2"}
- Test resource for:xmpp
- test_push_check_response_status
- http://192.168.0.212/MyPush/resources/xmpp/push
- {"status":"ok","msg":"finished","id":"3dbface549004d389e3b152b512da076"}
- Test resource for:xmpp
- test_push_check_response_status
- http://192.168.0.212/MyPush/resources/xmpp/push
- {"status":"ok","msg":"finished","id":"ae3733572c6f4450a4ec95bb5704b8c4"}
- Test resource for:xmpp
- test_push_check_response_status
- http://192.168.0.212/MyPush/resources/xmpp/push
- {"status":"ok","msg":"finished","id":"70b59fbb7ec34672b3b3d9a18c4dcab9"}
- Test resource for:xmpp
- test_push_check_response_status
- http://192.168.0.212/MyPush/resources/xmpp/push
- {"status":"ok","msg":"finished","id":"1da79a1fe1fa4dc19b6d52d83c128680"}
- Test resource for:xmpp
- test_push_check_response_status
- http://192.168.0.212/MyPush/resources/xmpp/push
- {"status":"ok","msg":"finished","id":"5c42e7e2fb1f4c06a82fcc87d6c52436"}
- Test resource for:xmpp
- test_push_check_response_status
- http://192.168.0.212/MyPush/resources/xmpp/push
- {"status":"ok","msg":"finished","id":"a2605bfa73684c878c7cb497fc47268c"}
- Test resource for:xmpp
- test_push_check_response_status
- http://192.168.0.212/MyPush/resources/xmpp/push
- {"status":"ok","msg":"finished","id":"71c6feb06e714a5c92200d6c7dce95af"}
- Test resource for:xmpp
- test_push_check_response_status
- http://192.168.0.212/MyPush/resources/xmpp/push
- {"status":"ok","msg":"finished","id":"2cf35b8661064b30941993f97731982f"}
- Test resource for:xmpp
- test_push_check_response_status
- http://192.168.0.212/MyPush/resources/xmpp/push
- {"status":"ok","msg":"finished","id":"949b936254324273a9a27719d97eeebd"}
- Test resource for:xmpp
- test_push_check_response_status
- http://192.168.0.212/MyPush/resources/xmpp/push
- {"status":"ok","msg":"finished","id":"929f356e5136482283a62134d32e404d"}
- Test resource for:xmpp
- test_push_check_response_status
- http://192.168.0.212/MyPush/resources/xmpp/push
- {"status":"ok","msg":"finished","id":"7adce9d0070b44849975fc1a6b402dc0"}
- Test resource for:xmpp
- test_push_check_response_status
- http://192.168.0.212/MyPush/resources/xmpp/push
- {"status":"ok","msg":"finished","id":"8ae741d31a31454ca2a1dce55f7ab958"}
- Test resource for:xmpp
- test_push_check_response_status
- http://192.168.0.212/MyPush/resources/xmpp/push
- {"status":"ok","msg":"finished","id":"c0a8fbf643eb4fa38adb3fc179c90d0a"}
- Test resource for:xmpp
- test_push_check_response_status
- http://192.168.0.212/MyPush/resources/xmpp/push
- {"status":"ok","msg":"finished","id":"3e03c07633f540d8929bbe960b20c1d7"}
- Test resource for:xmpp
- test_push_check_response_status
- http://192.168.0.212/MyPush/resources/xmpp/push
- {"status":"ok","msg":"finished","id":"45138755bde841048c7f80ebcb59ce82"}
- Test resource for:xmpp
- test_push_check_response_status
- http://192.168.0.212/MyPush/resources/xmpp/push
- {"status":"ok","msg":"finished","id":"3f371a952ec8439f8e49d12947f2d1e1"}
- Test resource for:xmpp
- test_push_check_response_status
- http://192.168.0.212/MyPush/resources/xmpp/push
- {"status":"ok","msg":"finished","id":"33f94ef8efdc454d8f85845849862a85"}
- Test resource for:xmpp
- test_push_check_response_status
- http://192.168.0.212/MyPush/resources/xmpp/push
- {"status":"ok","msg":"finished","id":"0186f71f2c1e423cb680fbbf434f8551"}
- Test resource for:xmpp
- test_push_check_response_status
- http://192.168.0.212/MyPush/resources/xmpp/push
- {"status":"ok","msg":"finished","id":"4502ea0b190e4871801c5ce91b78c951"}
- Test resource for:xmpp
- test_push_check_response_status
- http://192.168.0.212/MyPush/resources/xmpp/push
- {"status":"ok","msg":"finished","id":"77fb4e4f1e3e4baeaea99524c46cf9fc"}
- Test resource for:xmpp
- test_push_check_response_status
- http://192.168.0.212/MyPush/resources/xmpp/push
- {"status":"ok","msg":"finished","id":"0f729b68d56c4620bbf819eb62c01998"}
- Test resource for:xmpp
- test_push_check_response_status
- http://192.168.0.212/MyPush/resources/xmpp/push
- {"status":"ok","msg":"finished","id":"f0b62d35904449e6a40af5f1be61c843"}
- Test resource for:xmpp
- test_push_check_response_status
- http://192.168.0.212/MyPush/resources/xmpp/push
- {"status":"ok","msg":"finished","id":"31238eb38d0a468fa47f39550ed7cb25"}
- Test resource for:xmpp
- test_push_check_response_status
- http://192.168.0.212/MyPush/resources/xmpp/push
- {"status":"ok","msg":"finished","id":"d5ccc5b3d2d54dfbb2cb8605e183d2c0"}
- Test resource for:xmpp
- test_push_check_response_status
- http://192.168.0.212/MyPush/resources/xmpp/push
- {"status":"ok","msg":"finished","id":"26a1792a68424c159dab32c71a2106d4"}
- Test resource for:xmpp
- test_push_check_response_status
- http://192.168.0.212/MyPush/resources/xmpp/push
- {"status":"ok","msg":"finished","id":"e0669e1003904b6ba854db7a651a83fb"}
- Test resource for:xmpp
- test_push_check_response_status
- http://192.168.0.212/MyPush/resources/xmpp/push
- {"status":"ok","msg":"finished","id":"1492255055fb4b539f2e717376e0f3ef"}
- Test resource for:xmpp
- test_push_check_response_status
- http://192.168.0.212/MyPush/resources/xmpp/push
- {"status":"ok","msg":"finished","id":"6f86fe933d07467b95ac419b81208c46"}
- Test resource for:xmpp
- test_push_check_response_status
- http://192.168.0.212/MyPush/resources/xmpp/push
- {"status":"ok","msg":"finished","id":"f12b7dc84ef34402b34f9f1b794c7e56"}
- Test resource for:xmpp
- test_push_check_response_status
- http://192.168.0.212/MyPush/resources/xmpp/push
- {"status":"ok","msg":"finished","id":"83e6b64360a44684867937a1a6dbf3fd"}
- Test resource for:xmpp
- test_push_check_response_status
- http://192.168.0.212/MyPush/resources/xmpp/push
- {"status":"ok","msg":"finished","id":"1487476ad4844bc9b028e9020f661cc0"}
- Test resource for:xmpp
- test_push_check_response_status
- http://192.168.0.212/MyPush/resources/xmpp/push
- {"status":"ok","msg":"finished","id":"0b96ddd503e94c8d86e192da931b170e"}
- Test resource for:xmpp
- test_push_check_response_status
- http://192.168.0.212/MyPush/resources/xmpp/push
- {"status":"ok","msg":"finished","id":"4b2b46e0ffbc401ca4c5d762da8b1af1"}
- Test resource for:xmpp
- test_push_check_response_status
- http://192.168.0.212/MyPush/resources/xmpp/push
- {"status":"ok","msg":"finished","id":"96b55589e7144ed6ad71cb62f3635bcb"}
- Test resource for:xmpp
- test_push_check_response_status
- http://192.168.0.212/MyPush/resources/xmpp/push
- {"status":"ok","msg":"finished","id":"5a636ff278cd4b2e968a6eb5e7b9af09"}
- Test resource for:xmpp
- test_push_check_response_status
- http://192.168.0.212/MyPush/resources/xmpp/push
- {"status":"ok","msg":"finished","id":"2dde346682a04c4eaece20d45dbf756e"}
- Test resource for:xmpp
- test_push_check_response_status
- http://192.168.0.212/MyPush/resources/xmpp/push
- {"status":"ok","msg":"finished","id":"3c3fc3c3613042ceb1395ed51189ad58"}
- Test resource for:xmpp
- test_push_check_response_status
- http://192.168.0.212/MyPush/resources/xmpp/push
- {"status":"ok","msg":"finished","id":"cd5ca8a5aca54ac6983bdd5d2f5fdde1"}
- Test resource for:xmpp
- test_push_check_response_status
- http://192.168.0.212/MyPush/resources/xmpp/push
- {"status":"ok","msg":"finished","id":"26bf23933eb24edab716d1ea567e4789"}
- Test resource for:xmpp
- test_push_check_response_status
- http://192.168.0.212/MyPush/resources/xmpp/push
- {"status":"ok","msg":"finished","id":"9b45472bf70e484aa927168d5c595e9b"}
- Test resource for:xmpp
- test_push_check_response_status
- http://192.168.0.212/MyPush/resources/xmpp/push
- {"status":"ok","msg":"finished","id":"066490fa02e24789bc2e2650648dfcaa"}
- Test resource for:xmpp
- test_push_check_response_status
- http://192.168.0.212/MyPush/resources/xmpp/push
- {"status":"ok","msg":"finished","id":"8b032a8632674caa852db98e3873c978"}
- Test resource for:xmpp
- test_push_check_response_status
- http://192.168.0.212/MyPush/resources/xmpp/push
- {"status":"ok","msg":"finished","id":"75d93c21bf9948a18539391ba8716fad"}
- Test resource for:xmpp
- test_push_check_response_status
- http://192.168.0.212/MyPush/resources/xmpp/push
- {"status":"ok","msg":"finished","id":"4421a679fd7f4ab9a523faa4a5ddd217"}
- Test resource for:xmpp
- test_push_check_response_status
- http://192.168.0.212/MyPush/resources/xmpp/push
- {"status":"ok","msg":"finished","id":"a9c252cf78474e308d40fe3fda12726c"}
- Test resource for:xmpp
- test_push_check_response_status
- http://192.168.0.212/MyPush/resources/xmpp/push
- {"status":"ok","msg":"finished","id":"52180003a60b492da2edc58514cabecd"}
- Test resource for:xmpp
- test_push_check_response_status
- http://192.168.0.212/MyPush/resources/xmpp/push
- {"status":"ok","msg":"finished","id":"51b5aff018b94448b2b4859ca3a15112"}
- Test resource for:xmpp
- test_push_check_response_status
- http://192.168.0.212/MyPush/resources/xmpp/push
- {"status":"ok","msg":"finished","id":"1a6230a187f54da3b8fc60506ba7eab9"}
- Test resource for:xmpp
- test_push_check_response_status
- http://192.168.0.212/MyPush/resources/xmpp/push
- {"status":"ok","msg":"finished","id":"577571340c2f469884bd11048ce8b9b6"}
- Test resource for:xmpp
- test_push_check_response_status
- http://192.168.0.212/MyPush/resources/xmpp/push
- {"status":"ok","msg":"finished","id":"78d2be03f64845ac92f115a607fbc3ec"}
- Test resource for:xmpp
- test_push_check_response_status
- http://192.168.0.212/MyPush/resources/xmpp/push
- {"status":"ok","msg":"finished","id":"53d02949169646acaf144079853d62d9"}
- Test resource for:xmpp
- test_push_check_response_status
- http://192.168.0.212/MyPush/resources/xmpp/push
- {"status":"ok","msg":"finished","id":"eaf3bff4a0dd4f67ada7a9243ff2fd8f"}
- Test resource for:xmpp
- test_push_check_response_status
- http://192.168.0.212/MyPush/resources/xmpp/push
- {"status":"ok","msg":"finished","id":"2e448d205582416ba38a5488290c453f"}
- Test resource for:xmpp
- test_push_check_response_status
- http://192.168.0.212/MyPush/resources/xmpp/push
- {"status":"ok","msg":"finished","id":"ff5680bedd1a4da0b9b98affd5f3e222"}
- Test resource for:xmpp
- test_push_check_response_status
- http://192.168.0.212/MyPush/resources/xmpp/push
- {"status":"ok","msg":"finished","id":"0258fb6bb9464a2687d64e71443e9cf6"}
- Test resource for:xmpp
- test_push_check_response_status
- http://192.168.0.212/MyPush/resources/xmpp/push
- {"status":"ok","msg":"finished","id":"e5afdf79b873421ca5c5d35bb561635c"}
- Test resource for:xmpp
- test_push_check_response_status
- http://192.168.0.212/MyPush/resources/xmpp/push
- {"status":"ok","msg":"finished","id":"6d6093577daa4d6fbaa36d2085f53073"}
- Test resource for:xmpp
- test_push_check_response_status
- http://192.168.0.212/MyPush/resources/xmpp/push
- {"status":"ok","msg":"finished","id":"68002c5a6a0f4258bf9e60e7816eb992"}
- Test resource for:xmpp
- test_push_check_response_status
- http://192.168.0.212/MyPush/resources/xmpp/push
- {"status":"ok","msg":"finished","id":"d4463372e3af4d818f7fd820d184794f"}
- Test resource for:xmpp
- test_push_check_response_status
- http://192.168.0.212/MyPush/resources/xmpp/push
- {"status":"ok","msg":"finished","id":"ac51c96c3a12419bb979b54508fa719f"}
- Test resource for:xmpp
- test_push_check_response_status
- http://192.168.0.212/MyPush/resources/xmpp/push
- {"status":"ok","msg":"finished","id":"f55f91dbd6044586916a20ea06751a20"}
- Test resource for:xmpp
- test_push_check_response_status
- http://192.168.0.212/MyPush/resources/xmpp/push
- {"status":"ok","msg":"finished","id":"be7bf728bb2b4ef19de8af667c16ea74"}
- Test resource for:xmpp
- test_push_check_response_status
- http://192.168.0.212/MyPush/resources/xmpp/push
- {"status":"ok","msg":"finished","id":"1ab0a78528ac4c4f89a38ef0a44f2a2a"}
- Test resource for:xmpp
- test_push_check_response_status
- http://192.168.0.212/MyPush/resources/xmpp/push
- {"status":"ok","msg":"finished","id":"f1c9609d7ccb4ce3b8400a760e3d85a7"}
- Test resource for:xmpp
- test_push_check_response_status
- http://192.168.0.212/MyPush/resources/xmpp/push
- {"status":"ok","msg":"finished","id":"fb82e57c4fdc496abc4901a35bb89606"}
- Test resource for:xmpp
- test_push_check_response_status
- http://192.168.0.212/MyPush/resources/xmpp/push
- {"status":"ok","msg":"finished","id":"e275978c3af1461cad824a1a4037249c"}
- Test resource for:xmpp
- test_push_check_response_status
- http://192.168.0.212/MyPush/resources/xmpp/push
- {"status":"ok","msg":"finished","id":"2ad32d28043e4cc88512722a98097125"}
- Test resource for:xmpp
- test_push_check_response_status
- http://192.168.0.212/MyPush/resources/xmpp/push
- {"status":"ok","msg":"finished","id":"1d56a510457a4e2ea34b57e4178d81fb"}
- Test resource for:xmpp
- test_push_check_response_status
- http://192.168.0.212/MyPush/resources/xmpp/push
- {"status":"ok","msg":"finished","id":"ec6ab0696d04497a8ccde9b4682fd8ab"}
- Test resource for:xmpp
- test_push_check_response_status
- http://192.168.0.212/MyPush/resources/xmpp/push
- {"status":"ok","msg":"finished","id":"3b70ef865e194f80a0bd340fae00035b"}
- Test resource for:xmpp
- test_push_check_response_status
- http://192.168.0.212/MyPush/resources/xmpp/push
- {"status":"ok","msg":"finished","id":"0bbdd82e14ec4d77b396f026dd586dca"}
- Test resource for:xmpp
- test_push_check_response_status
- http://192.168.0.212/MyPush/resources/xmpp/push
- {"status":"ok","msg":"finished","id":"32f3ce3513f94bd988aa9f940f48deb5"}
- Test resource for:xmpp
- test_push_check_response_status
- http://192.168.0.212/MyPush/resources/xmpp/push
- {"status":"ok","msg":"finished","id":"cb8ebe6a06ab4b3db1420c47ce8d3848"}
- Test resource for:xmpp
- test_push_check_response_status
- http://192.168.0.212/MyPush/resources/xmpp/push
- {"status":"ok","msg":"finished","id":"cf069eb3cddf470f8fcede418ffc2d54"}
- Test resource for:xmpp
- test_push_check_response_status
- http://192.168.0.212/MyPush/resources/xmpp/push
- {"status":"ok","msg":"finished","id":"9128fc3117cf4fa494b64e9259665545"}
- Test resource for:xmpp
- test_push_check_response_status
- http://192.168.0.212/MyPush/resources/xmpp/push
- {"status":"ok","msg":"finished","id":"9b7fdb01ba9540f2b6fea969331b1fa9"}
- Test resource for:xmpp
- test_push_check_response_status
- http://192.168.0.212/MyPush/resources/xmpp/push
- {"status":"ok","msg":"finished","id":"85cdbbc3e35a4969a3f219a7521cc56c"}
- Test resource for:xmpp
- test_push_check_response_status
- http://192.168.0.212/MyPush/resources/xmpp/push
- {"status":"ok","msg":"finished","id":"889da6981b4444fa9b66d6bbfdaf22e6"}
- Test resource for:xmpp
- test_push_check_response_status
- http://192.168.0.212/MyPush/resources/xmpp/push
- {"status":"ok","msg":"finished","id":"ce74c7cf324a4fffbfa76404025c220f"}
- Test resource for:xmpp
- test_push_check_response_status
- http://192.168.0.212/MyPush/resources/xmpp/push
- {"status":"ok","msg":"finished","id":"aa3b415e216b47cc993da2cdadce0b53"}
- Test resource for:xmpp
- test_push_check_response_status
- http://192.168.0.212/MyPush/resources/xmpp/push
- {"status":"ok","msg":"finished","id":"cbbe2a31d4e64a658f570be6876f352c"}
- Test resource for:xmpp
- test_push_check_response_status
- http://192.168.0.212/MyPush/resources/xmpp/push
- {"status":"ok","msg":"finished","id":"47c8ff3b63a7426f82378174a6ee076a"}
- Test resource for:xmpp
- test_push_check_response_status
- http://192.168.0.212/MyPush/resources/xmpp/push
- {"status":"ok","msg":"finished","id":"9d56a591d6964a43baed3765f2cade42"}
- Test resource for:xmpp
- test_push_check_response_status
- http://192.168.0.212/MyPush/resources/xmpp/push
- {"status":"ok","msg":"finished","id":"b0001648d084477f87312d9a3bd4e4ac"}
- Test resource for:xmpp
- test_push_check_response_status
- http://192.168.0.212/MyPush/resources/xmpp/push
- {"status":"ok","msg":"finished","id":"d39e33c194b64ecb9cc10a960742b08b"}
- Test resource for:xmpp
- test_push_check_response_status
- http://192.168.0.212/MyPush/resources/xmpp/push
- {"status":"ok","msg":"finished","id":"cbae6104b49b4a57a9aede99c6341db0"}
- Test resource for:xmpp
- test_push_check_response_status
- http://192.168.0.212/MyPush/resources/xmpp/push
- {"status":"ok","msg":"finished","id":"930b782d5313475d902a7a05762d8e4e"}
- Test resource for:xmpp
- test_push_check_response_status
- http://192.168.0.212/MyPush/resources/xmpp/push
- {"status":"ok","msg":"finished","id":"ac042837a85e4f569c155a83727eea5a"}
- Test resource for:xmpp
- test_push_check_response_status
- http://192.168.0.212/MyPush/resources/xmpp/push
- {"status":"ok","msg":"finished","id":"35e2402a2f3842a88b77fd5a3a12601e"}
- Test resource for:xmpp
- test_push_check_response_status
- http://192.168.0.212/MyPush/resources/xmpp/push
- {"status":"ok","msg":"finished","id":"8902ceccae7b4e0a99e24996652a05b1"}
- Test resource for:xmpp
- test_push_check_response_status
- http://192.168.0.212/MyPush/resources/xmpp/push
- {"status":"ok","msg":"finished","id":"79cc505c9cbe4893a5e4d4d2251d3d94"}
- Test resource for:xmpp
- test_push_check_response_status
- http://192.168.0.212/MyPush/resources/xmpp/push
- {"status":"ok","msg":"finished","id":"a77efdd127894098bfd9b30e2f23dad8"}
- Test resource for:xmpp
- test_push_check_response_status
- http://192.168.0.212/MyPush/resources/xmpp/push
- {"status":"ok","msg":"finished","id":"e39ce5bc4e9249caae79797f40bf6e37"}
- Test resource for:xmpp
- test_push_check_response_status
- http://192.168.0.212/MyPush/resources/xmpp/push
- {"status":"ok","msg":"finished","id":"52056b0edcaa4cf7bc5bd4bea395b8ad"}
- Test resource for:xmpp
- test_push_check_response_status
- http://192.168.0.212/MyPush/resources/xmpp/push
- {"status":"ok","msg":"finished","id":"70ffb26881844dd98aa157b0b758950f"}
- Test resource for:xmpp
- test_push_check_response_status
- http://192.168.0.212/MyPush/resources/xmpp/push
- {"status":"ok","msg":"finished","id":"917f6f1fb6134cabb8e6cb59faa50715"}
- Test resource for:xmpp
- test_push_check_response_status
- http://192.168.0.212/MyPush/resources/xmpp/push
- {"status":"ok","msg":"finished","id":"903cfd0637ac4c5682a9272f36116736"}
- Test resource for:xmpp
- test_push_check_response_status
- http://192.168.0.212/MyPush/resources/xmpp/push
- {"status":"ok","msg":"finished","id":"d4f51f1755964df688d3e0fe029ede1f"}
- Test resource for:xmpp
- test_push_check_response_status
- http://192.168.0.212/MyPush/resources/xmpp/push
- {"status":"ok","msg":"finished","id":"2e95ad736d674db69b6b4d940adb63be"}
- Test resource for:xmpp
- test_push_check_response_status
- http://192.168.0.212/MyPush/resources/xmpp/push
- {"status":"ok","msg":"finished","id":"45cb7dddc7504cee896e84daa9ca07b4"}
- Test resource for:xmpp
- test_push_check_response_status
- http://192.168.0.212/MyPush/resources/xmpp/push
- {"status":"ok","msg":"finished","id":"2eed4d83ca7e481cb677e0726d4924ab"}
- Test resource for:xmpp
- test_push_check_response_status
- http://192.168.0.212/MyPush/resources/xmpp/push
- {"status":"ok","msg":"finished","id":"b33612d64c394ffcbe61380ebbf6ab9e"}
- Test resource for:xmpp
- test_push_check_response_status
- http://192.168.0.212/MyPush/resources/xmpp/push
- {"status":"ok","msg":"finished","id":"3bf38fcadbac41e4b4a8cd43c474083a"}
- Test resource for:xmpp
- test_push_check_response_status
- http://192.168.0.212/MyPush/resources/xmpp/push
- {"status":"ok","msg":"finished","id":"4df29ecffad949f997b205d9d5462ffd"}
- Test resource for:xmpp
- test_push_check_response_status
- http://192.168.0.212/MyPush/resources/xmpp/push
- {"status":"ok","msg":"finished","id":"4f9fd42daaf04d34bcb3ba458133dca1"}
- Test resource for:xmpp
- test_push_check_response_status
- http://192.168.0.212/MyPush/resources/xmpp/push
- {"status":"ok","msg":"finished","id":"eed3043267bc4733950bc10e7bb3d68a"}
- Test resource for:xmpp
- test_push_check_response_status
- http://192.168.0.212/MyPush/resources/xmpp/push
- {"status":"ok","msg":"finished","id":"293b820da10446b3951b8ead79c4739c"}
- Test resource for:xmpp
- test_push_check_response_status
- http://192.168.0.212/MyPush/resources/xmpp/push
- {"status":"ok","msg":"finished","id":"70d8df832aec44638f84be1b4cd1c899"}
- Test resource for:xmpp
- test_push_check_response_status
- http://192.168.0.212/MyPush/resources/xmpp/push
- {"status":"ok","msg":"finished","id":"9a051f28e5fa413cbac90cc6ec0c6a00"}
- Test resource for:xmpp
- test_push_check_response_status
- http://192.168.0.212/MyPush/resources/xmpp/push
- {"status":"ok","msg":"finished","id":"bae9132c17db4600a0011c97541af964"}
- Test resource for:xmpp
- test_push_check_response_status
- http://192.168.0.212/MyPush/resources/xmpp/push
- {"status":"ok","msg":"finished","id":"c11a8f11ac644f22bf90931757fa3a78"}
- Test resource for:xmpp
- test_push_check_response_status
- http://192.168.0.212/MyPush/resources/xmpp/push
- {"status":"ok","msg":"finished","id":"3b9ce3da5b7f42f0a225bbc70c006ba4"}
- Test resource for:xmpp
- test_push_check_response_status
- http://192.168.0.212/MyPush/resources/xmpp/push
- {"status":"ok","msg":"finished","id":"d9a866a471c3435ebcec9598523b9016"}
- Test resource for:xmpp
- test_push_check_response_status
- http://192.168.0.212/MyPush/resources/xmpp/push
- {"status":"ok","msg":"finished","id":"9beaa51f80d14314a51d8790c01b49ac"}
- Test resource for:xmpp
- test_push_check_response_status
- http://192.168.0.212/MyPush/resources/xmpp/push
- {"status":"ok","msg":"finished","id":"7c231bf43bcd4cb4ab382e7007c2f1e0"}
- Test resource for:xmpp
- test_push_check_response_status
- http://192.168.0.212/MyPush/resources/xmpp/push
- {"status":"ok","msg":"finished","id":"10dc8baa01ac4b97a20eac25c1d08bbc"}
- Test resource for:xmpp
- test_push_check_response_status
- http://192.168.0.212/MyPush/resources/xmpp/push
- {"status":"ok","msg":"finished","id":"5a7d99a654d945858298562bb5a1a2ea"}
- Test resource for:xmpp
- test_push_check_response_status
- http://192.168.0.212/MyPush/resources/xmpp/push
- {"status":"ok","msg":"finished","id":"da1306286287417284e1945bd077d803"}
- Test resource for:xmpp
- test_push_check_response_status
- http://192.168.0.212/MyPush/resources/xmpp/push
- {"status":"ok","msg":"finished","id":"5816de78209c4315bde078175c985a9a"}
- Test resource for:xmpp
- test_push_check_response_status
- http://192.168.0.212/MyPush/resources/xmpp/push
- {"status":"ok","msg":"finished","id":"9b9ad4b38c4e424dae3a9eac591d1472"}
- Test resource for:xmpp
- test_push_check_response_status
- http://192.168.0.212/MyPush/resources/xmpp/push
- {"status":"ok","msg":"finished","id":"a95fb23ecd4a4757b3af6635a608f4f3"}
- Test resource for:xmpp
- test_push_check_response_status
- http://192.168.0.212/MyPush/resources/xmpp/push
- {"status":"ok","msg":"finished","id":"78744f9cc8b4483da3a1f63d011cad34"}
- Test resource for:xmpp
- test_push_check_response_status
- http://192.168.0.212/MyPush/resources/xmpp/push
- {"status":"ok","msg":"finished","id":"c3412095cba8417d85c917964d7f8459"}
- Test resource for:xmpp
- test_push_check_response_status
- http://192.168.0.212/MyPush/resources/xmpp/push
- {"status":"ok","msg":"finished","id":"49348fe906764ed5923b23a71379f73f"}
- Test resource for:xmpp
- test_push_check_response_status
- http://192.168.0.212/MyPush/resources/xmpp/push
- {"status":"ok","msg":"finished","id":"99b671e0afb945a8818a7f8c35ff1802"}
- Test resource for:xmpp
- test_push_check_response_status
- http://192.168.0.212/MyPush/resources/xmpp/push
- {"status":"ok","msg":"finished","id":"c2578866d4ff42bcbd522d8b53a0d9e6"}
- Test resource for:xmpp
- test_push_check_response_status
- http://192.168.0.212/MyPush/resources/xmpp/push
- {"status":"ok","msg":"finished","id":"b79901c163b24a28af5377e1f450bbb3"}
- Test resource for:xmpp
- test_push_check_response_status
- http://192.168.0.212/MyPush/resources/xmpp/push
- {"status":"ok","msg":"finished","id":"08a6b1ee58f54dac99d4f68517589aa9"}
- Test resource for:xmpp
- test_push_check_response_status
- http://192.168.0.212/MyPush/resources/xmpp/push
- {"status":"ok","msg":"finished","id":"ee1f081f0216403f9ade916bc2dc8845"}
- Test resource for:xmpp
- test_push_check_response_status
- http://192.168.0.212/MyPush/resources/xmpp/push
- {"status":"ok","msg":"finished","id":"633fd676ddc74976b5b4393589d90ad9"}
- Test resource for:xmpp
- test_push_check_response_status
- http://192.168.0.212/MyPush/resources/xmpp/push
- {"status":"ok","msg":"finished","id":"4db1207ec4b246d193cc69e248c5653d"}
- Test resource for:xmpp
- test_push_check_response_status
- http://192.168.0.212/MyPush/resources/xmpp/push
- {"status":"ok","msg":"finished","id":"0cbfa5fabc624b1d8fe97cfb46b5142b"}
- Test resource for:xmpp
- test_push_check_response_status
- http://192.168.0.212/MyPush/resources/xmpp/push
- {"status":"ok","msg":"finished","id":"2be69fb61f4b4e5f80d1b2d42366a7c1"}
- Test resource for:xmpp
- test_push_check_response_status
- http://192.168.0.212/MyPush/resources/xmpp/push
- {"status":"ok","msg":"finished","id":"d206139ff34e466281ed3771c34f9211"}
- Test resource for:xmpp
- test_push_check_response_status
- http://192.168.0.212/MyPush/resources/xmpp/push
- {"status":"ok","msg":"finished","id":"83aa03e59f0a446f9bb41b7ab8be2198"}
- Test resource for:xmpp
- test_push_check_response_status
- http://192.168.0.212/MyPush/resources/xmpp/push
- {"status":"ok","msg":"finished","id":"a62116413a794f14bd1cd7e17dba84cd"}
- Test resource for:xmpp
- test_push_check_response_status
- http://192.168.0.212/MyPush/resources/xmpp/push
- {"status":"ok","msg":"finished","id":"817c1c473beb4ea3976ac1178cdfd0c3"}
- Test resource for:xmpp
- test_push_check_response_status
- http://192.168.0.212/MyPush/resources/xmpp/push
- {"status":"ok","msg":"finished","id":"256090ed8a914aec9a26e5b31e7652e6"}
- Test resource for:xmpp
- test_push_check_response_status
- http://192.168.0.212/MyPush/resources/xmpp/push
- {"status":"ok","msg":"finished","id":"a7c6db2d57ed427aa787d127cdd77fe1"}
- Test resource for:xmpp
- test_push_check_response_status
- http://192.168.0.212/MyPush/resources/xmpp/push
- {"status":"ok","msg":"finished","id":"a592b79dec4a48058339c6f8107ddd7c"}
- Test resource for:xmpp
- test_push_check_response_status
- http://192.168.0.212/MyPush/resources/xmpp/push
- {"status":"ok","msg":"finished","id":"f16bddc2cb5f4580922dbe7fd263df75"}
- Test resource for:xmpp
- test_push_check_response_status
- http://192.168.0.212/MyPush/resources/xmpp/push
- {"status":"ok","msg":"finished","id":"eb62e877178c488a9d53e10fd23f00dd"}
- Test resource for:xmpp
- test_push_check_response_status
- http://192.168.0.212/MyPush/resources/xmpp/push
- {"status":"ok","msg":"finished","id":"03d3a5ed47e6484d8bf0286d7d0b55eb"}
- Test resource for:xmpp
- test_push_check_response_status
- http://192.168.0.212/MyPush/resources/xmpp/push
- {"status":"ok","msg":"finished","id":"a9d21f0a97164bd0b29277f606d3a5e0"}
- Test resource for:xmpp
- test_push_check_response_status
- http://192.168.0.212/MyPush/resources/xmpp/push
- {"status":"ok","msg":"finished","id":"3276bf45962f4b6fa23862754475d1b3"}
- Test resource for:xmpp
- test_push_check_response_status
- http://192.168.0.212/MyPush/resources/xmpp/push
- {"status":"ok","msg":"finished","id":"1b0e01ffcef94b99823936950381b6cc"}
- Test resource for:xmpp
- test_push_check_response_status
- http://192.168.0.212/MyPush/resources/xmpp/push
- {"status":"ok","msg":"finished","id":"885c2f4c8b994eee8775cfa5f5759ce7"}
- Test resource for:xmpp
- test_push_check_response_status
- http://192.168.0.212/MyPush/resources/xmpp/push
- {"status":"ok","msg":"finished","id":"fec7a6c8ba8140f6b98c2c22375648a2"}
- Test resource for:xmpp
- test_push_check_response_status
- http://192.168.0.212/MyPush/resources/xmpp/push
- {"status":"ok","msg":"finished","id":"d3ccab7d193f4c06b6a2db121518cdc8"}
- Test resource for:xmpp
- test_push_check_response_status
- http://192.168.0.212/MyPush/resources/xmpp/push
- {"status":"ok","msg":"finished","id":"69d45aa7da064135b6e5419d7d0bb60b"}
- Test resource for:xmpp
- test_push_check_response_status
- http://192.168.0.212/MyPush/resources/xmpp/push
- {"status":"ok","msg":"finished","id":"33fa717422ad436daff127a0754c47c1"}
- Test resource for:xmpp
- test_push_check_response_status
- http://192.168.0.212/MyPush/resources/xmpp/push
- {"status":"ok","msg":"finished","id":"12c45c42afb046749d3379de9446be26"}
- Test resource for:xmpp
- test_push_check_response_status
- http://192.168.0.212/MyPush/resources/xmpp/push
- {"status":"ok","msg":"finished","id":"57dbec893a03411f9664e5889ee3a829"}
- Test resource for:xmpp
- test_push_check_response_status
- http://192.168.0.212/MyPush/resources/xmpp/push
- {"status":"ok","msg":"finished","id":"43baa54ab5aa4e1d950da2f419fcdf08"}
- Test resource for:xmpp
- test_push_check_response_status
- http://192.168.0.212/MyPush/resources/xmpp/push
- {"status":"ok","msg":"finished","id":"4ab953ceece94e3f9413cc8694aa179b"}
- Test resource for:xmpp
- test_push_check_response_status
- http://192.168.0.212/MyPush/resources/xmpp/push
- {"status":"ok","msg":"finished","id":"0124924a7955433b82bde0dc8ee6e572"}
- Test resource for:xmpp
- test_push_check_response_status
- http://192.168.0.212/MyPush/resources/xmpp/push
- {"status":"ok","msg":"finished","id":"fc6f30bab535431c84eeaec92d075826"}
- Test resource for:xmpp
- test_push_check_response_status
- http://192.168.0.212/MyPush/resources/xmpp/push
- {"status":"ok","msg":"finished","id":"56eda22c1dde435493e47d0a2d3a2b5e"}
- Test resource for:xmpp
- test_push_check_response_status
- http://192.168.0.212/MyPush/resources/xmpp/push
- {"status":"ok","msg":"finished","id":"d184f74d8c6148069f05d4c78741626c"}
- Test resource for:xmpp
- test_push_check_response_status
- http://192.168.0.212/MyPush/resources/xmpp/push
- {"status":"ok","msg":"finished","id":"99020ec7d08d4092a723621f56d29c8f"}
- Test resource for:xmpp
- test_push_check_response_status
- http://192.168.0.212/MyPush/resources/xmpp/push
- {"status":"ok","msg":"finished","id":"3de48e61e6a24c3d8509a17b8006f00d"}
- Test resource for:xmpp
- test_push_check_response_status
- http://192.168.0.212/MyPush/resources/xmpp/push
- {"status":"ok","msg":"finished","id":"dafcb0685cf94f26a533a815a5756588"}
- Test resource for:xmpp
- test_push_check_response_status
- http://192.168.0.212/MyPush/resources/xmpp/push
- {"status":"ok","msg":"finished","id":"7be790d7a1994d278b44c93e999d62b5"}
- Test resource for:xmpp
- test_push_check_response_status
- http://192.168.0.212/MyPush/resources/xmpp/push
- {"status":"ok","msg":"finished","id":"5e3aea09d25046479f538ea829bcfb08"}
- Test resource for:xmpp
- test_push_check_response_status
- http://192.168.0.212/MyPush/resources/xmpp/push
- {"status":"ok","msg":"finished","id":"afc6f2fd94ee49b1ae9c6b394fac92c5"}
- Test resource for:xmpp
- test_push_check_response_status
- http://192.168.0.212/MyPush/resources/xmpp/push
- {"status":"ok","msg":"finished","id":"fe8d1c26f918455c963481c01b7c53d4"}
- Test resource for:xmpp
- test_push_check_response_status
- http://192.168.0.212/MyPush/resources/xmpp/push
- {"status":"ok","msg":"finished","id":"291a36adfd9f4c3585ecd5d63489208a"}
- Test resource for:xmpp
- test_push_check_response_status
- http://192.168.0.212/MyPush/resources/xmpp/push
- {"status":"ok","msg":"finished","id":"52961622c481459e85b16ddf3c511173"}
- Test resource for:xmpp
- test_push_check_response_status
- http://192.168.0.212/MyPush/resources/xmpp/push
- {"status":"ok","msg":"finished","id":"26dbbe3efe144196bbf11451c3679d14"}
- Test resource for:xmpp
- test_push_check_response_status
- http://192.168.0.212/MyPush/resources/xmpp/push
- {"status":"ok","msg":"finished","id":"a218cfdd3edd4e8b869272cfdea703e3"}
- Test resource for:xmpp
- test_push_check_response_status
- http://192.168.0.212/MyPush/resources/xmpp/push
- {"status":"ok","msg":"finished","id":"55a05b51786746fb82489c7cc0bfb623"}
- Test resource for:xmpp
- test_push_check_response_status
- http://192.168.0.212/MyPush/resources/xmpp/push
- {"status":"ok","msg":"finished","id":"3acbe20fdb204a94957373f29f1567d7"}
- Test resource for:xmpp
- test_push_check_response_status
- http://192.168.0.212/MyPush/resources/xmpp/push
- {"status":"ok","msg":"finished","id":"3df2231882b84ad28463a2d7076d2663"}
- Test resource for:xmpp
- test_push_check_response_status
- http://192.168.0.212/MyPush/resources/xmpp/push
- {"status":"ok","msg":"finished","id":"a06eb5e500154943a8bcd7481e682079"}
- Test resource for:xmpp
- test_push_check_response_status
- http://192.168.0.212/MyPush/resources/xmpp/push
- {"status":"ok","msg":"finished","id":"e56eaa9701ab4e409aa2bf65bb8e21fd"}
- Test resource for:xmpp
- test_push_check_response_status
- http://192.168.0.212/MyPush/resources/xmpp/push
- {"status":"ok","msg":"finished","id":"016f0e97dae84d6686bdd8b11d99a9ec"}
- Test resource for:xmpp
- test_push_check_response_status
- http://192.168.0.212/MyPush/resources/xmpp/push
- {"status":"ok","msg":"finished","id":"8aaef4eea2004b249fb1648aee14a2ec"}
- Test resource for:xmpp
- test_push_check_response_status
- http://192.168.0.212/MyPush/resources/xmpp/push
- {"status":"ok","msg":"finished","id":"80a31f74f09c44ff8a8ef6d051c437c5"}
- Test resource for:xmpp
- test_push_check_response_status
- http://192.168.0.212/MyPush/resources/xmpp/push
- {"status":"ok","msg":"finished","id":"d294810926a84758a2ebf11549228e08"}
- Test resource for:xmpp
- test_push_check_response_status
- http://192.168.0.212/MyPush/resources/xmpp/push
- {"status":"ok","msg":"finished","id":"d11ca06b1c784e48b88b43bc967127b3"}
- Test resource for:xmpp
- test_push_check_response_status
- http://192.168.0.212/MyPush/resources/xmpp/push
- {"status":"ok","msg":"finished","id":"51fb6859c5d748208290cbd887c274f1"}
- Test resource for:xmpp
- test_push_check_response_status
- http://192.168.0.212/MyPush/resources/xmpp/push
- {"status":"ok","msg":"finished","id":"9f1bdf85c9d14e6a9bca378e30debbb5"}
- Test resource for:xmpp
- test_push_check_response_status
- http://192.168.0.212/MyPush/resources/xmpp/push
- {"status":"ok","msg":"finished","id":"d4a79531b53d4884931f1553d7a46119"}
- Test resource for:xmpp
- test_push_check_response_status
- http://192.168.0.212/MyPush/resources/xmpp/push
- {"status":"ok","msg":"finished","id":"19266d88087c46b29491e7ae74d7b444"}
- Test resource for:xmpp
- test_push_check_response_status
- http://192.168.0.212/MyPush/resources/xmpp/push
- {"status":"ok","msg":"finished","id":"5adfda8867f74d958ebe1484f2320753"}
- Test resource for:xmpp
- test_push_check_response_status
- http://192.168.0.212/MyPush/resources/xmpp/push
- {"status":"ok","msg":"finished","id":"a53759d59d974528bf6ab97186cad5b5"}
- Test resource for:xmpp
- test_push_check_response_status
- http://192.168.0.212/MyPush/resources/xmpp/push
- {"status":"ok","msg":"finished","id":"a7c3b8653a284488bc2616e3be547245"}
- Test resource for:xmpp
- test_push_check_response_status
- http://192.168.0.212/MyPush/resources/xmpp/push
- {"status":"ok","msg":"finished","id":"9ad2cf5ad7fe4b03806f7988247ebc76"}
- Test resource for:xmpp
- test_push_check_response_status
- http://192.168.0.212/MyPush/resources/xmpp/push
- {"status":"ok","msg":"finished","id":"579eb47378c34b609dacd040d4bad08b"}
- Test resource for:xmpp
- test_push_check_response_status
- http://192.168.0.212/MyPush/resources/xmpp/push
- {"status":"ok","msg":"finished","id":"85b286fabeb34fe2b8213d84d5440f56"}
- Test resource for:xmpp
- test_push_check_response_status
- http://192.168.0.212/MyPush/resources/xmpp/push
- {"status":"ok","msg":"finished","id":"4532ede8d7f54d87899b5b8a43f537ce"}
- Test resource for:xmpp
- test_push_check_response_status
- http://192.168.0.212/MyPush/resources/xmpp/push
- {"status":"ok","msg":"finished","id":"b51a44c83d4e483fb9387ad08c3ed3c1"}
- Test resource for:xmpp
- test_push_check_response_status
- http://192.168.0.212/MyPush/resources/xmpp/push
- {"status":"ok","msg":"finished","id":"9b727581294242ea865ac68d589b5996"}
- Test resource for:xmpp
- test_push_check_response_status
- http://192.168.0.212/MyPush/resources/xmpp/push
- {"status":"ok","msg":"finished","id":"5d9a7c0b96984f108f7327b1e95175c9"}
- Test resource for:xmpp
- test_push_check_response_status
- http://192.168.0.212/MyPush/resources/xmpp/push
- {"status":"ok","msg":"finished","id":"d1f56c8383034697ab4febf76b3b9abb"}
- Test resource for:xmpp
- test_push_check_response_status
- http://192.168.0.212/MyPush/resources/xmpp/push
- {"status":"ok","msg":"finished","id":"d417867893cd430a89f4bc4d0cd53c5b"}
- Test resource for:xmpp
- test_push_check_response_status
- http://192.168.0.212/MyPush/resources/xmpp/push
- {"status":"ok","msg":"finished","id":"1cce44501f3d4f059c4a64f6206f96d8"}
- Test resource for:xmpp
- test_push_check_response_status
- http://192.168.0.212/MyPush/resources/xmpp/push
- {"status":"ok","msg":"finished","id":"02fbbe054adf47da94307f8ba8875722"}
- Test resource for:xmpp
- test_push_check_response_status
- http://192.168.0.212/MyPush/resources/xmpp/push
- {"status":"ok","msg":"finished","id":"e66c0d602f6e4abc9e1380cc1ec057df"}
- Test resource for:xmpp
- test_push_check_response_status
- http://192.168.0.212/MyPush/resources/xmpp/push
- {"status":"ok","msg":"finished","id":"bb1bd90691a7498c85cdbaeaa098401f"}
- Test resource for:xmpp
- test_push_check_response_status
- http://192.168.0.212/MyPush/resources/xmpp/push
- {"status":"ok","msg":"finished","id":"56143bb2fdca4489a8a220da33503d8c"}
- Test resource for:xmpp
- test_push_check_response_status
- http://192.168.0.212/MyPush/resources/xmpp/push
- {"status":"ok","msg":"finished","id":"119a44f3feea47ca99daff1bf91ea0c4"}
- Test resource for:xmpp
- test_push_check_response_status
- http://192.168.0.212/MyPush/resources/xmpp/push
- {"status":"ok","msg":"finished","id":"ae4624115fbe4e178f1e7b39399935ad"}
- Test resource for:xmpp
- test_push_check_response_status
- http://192.168.0.212/MyPush/resources/xmpp/push
- {"status":"ok","msg":"finished","id":"7342069f796a41a3879004505c6f5103"}
- Test resource for:xmpp
- test_push_check_response_status
- http://192.168.0.212/MyPush/resources/xmpp/push
- {"status":"ok","msg":"finished","id":"1ae0980d85244201bfacc29f532eedca"}
- Test resource for:xmpp
- test_push_check_response_status
- http://192.168.0.212/MyPush/resources/xmpp/push
- {"status":"ok","msg":"finished","id":"fa4da6bb16724580bfc6d28ebfe8db1d"}
- Test resource for:xmpp
- test_push_check_response_status
- http://192.168.0.212/MyPush/resources/xmpp/push
- {"status":"ok","msg":"finished","id":"fc1354da91b54165b1bfe885cb91f3e8"}
- Test resource for:xmpp
- test_push_check_response_status
- http://192.168.0.212/MyPush/resources/xmpp/push
- {"status":"ok","msg":"finished","id":"5d5d2b71484c4427aa7ec5376a958ab4"}
- Test resource for:xmpp
- test_push_check_response_status
- http://192.168.0.212/MyPush/resources/xmpp/push
- {"status":"ok","msg":"finished","id":"bf481ef60ce144fab2991f3de8aae0d9"}
- Test resource for:xmpp
- test_push_check_response_status
- http://192.168.0.212/MyPush/resources/xmpp/push
- {"status":"ok","msg":"finished","id":"2291105f94ff459f84b1219aa600fc0d"}
- Test resource for:xmpp
- test_push_check_response_status
- http://192.168.0.212/MyPush/resources/xmpp/push
- {"status":"ok","msg":"finished","id":"d857cd13c58f462c856d99eed8fb8d55"}
- Test resource for:xmpp
- test_push_check_response_status
- http://192.168.0.212/MyPush/resources/xmpp/push
- {"status":"ok","msg":"finished","id":"f68f83976d1d4be1aa63aebda041bf9b"}
- Test resource for:xmpp
- test_push_check_response_status
- http://192.168.0.212/MyPush/resources/xmpp/push
- {"status":"ok","msg":"finished","id":"78c9231b2d424be59c1ddd6f8fa9a6ee"}
- Test resource for:xmpp
- test_push_check_response_status
- http://192.168.0.212/MyPush/resources/xmpp/push
- {"status":"ok","msg":"finished","id":"620a9a1552bc4610a0737dd4e8eeda4d"}
- Test resource for:xmpp
- test_push_check_response_status
- http://192.168.0.212/MyPush/resources/xmpp/push
- {"status":"ok","msg":"finished","id":"ec1ad9ee96af47e483e21f73dcb58263"}
- Test resource for:xmpp
- test_push_check_response_status
- http://192.168.0.212/MyPush/resources/xmpp/push
- {"status":"ok","msg":"finished","id":"bd64c9fb9d3b496fa5cc33555d7a795c"}
- Test resource for:xmpp
- test_push_check_response_status
- http://192.168.0.212/MyPush/resources/xmpp/push
- {"status":"ok","msg":"finished","id":"99c9cac2055f4871879a11b69b0413f4"}
- Test resource for:xmpp
- test_push_check_response_status
- http://192.168.0.212/MyPush/resources/xmpp/push
- {"status":"ok","msg":"finished","id":"96d3e30a0efb47d08f16976dd170eb05"}
- Test resource for:xmpp
- test_push_check_response_status
- http://192.168.0.212/MyPush/resources/xmpp/push
- {"status":"ok","msg":"finished","id":"e0bf6ab00d464690b69543b8fdbdc852"}
- Test resource for:xmpp
- test_push_check_response_status
- http://192.168.0.212/MyPush/resources/xmpp/push
- {"status":"ok","msg":"finished","id":"c6dd916a34a04579b67a143ce7414ea3"}
- Test resource for:xmpp
- test_push_check_response_status
- http://192.168.0.212/MyPush/resources/xmpp/push
- {"status":"ok","msg":"finished","id":"d9a3aeb824854c2fa9913cf9c18ace9b"}
- Test resource for:xmpp
- test_push_check_response_status
- http://192.168.0.212/MyPush/resources/xmpp/push
- {"status":"ok","msg":"finished","id":"53e2ba44daf54384b9e43ca241eee4db"}
- Test resource for:xmpp
- test_push_check_response_status
- http://192.168.0.212/MyPush/resources/xmpp/push
- {"status":"ok","msg":"finished","id":"67065be1951a4c30a101c21f0fffb5fb"}
- Test resource for:xmpp
- test_push_check_response_status
- http://192.168.0.212/MyPush/resources/xmpp/push
- {"status":"ok","msg":"finished","id":"d87230a8a7c349f494b5e5cb2b41a230"}
- Test resource for:xmpp
- test_push_check_response_status
- http://192.168.0.212/MyPush/resources/xmpp/push
- {"status":"ok","msg":"finished","id":"8c0126bc96e04cebab8415366bf62505"}
- Test resource for:xmpp
- test_push_check_response_status
- http://192.168.0.212/MyPush/resources/xmpp/push
- {"status":"ok","msg":"finished","id":"d8b3966029634c239437378120579404"}
- Test resource for:xmpp
- test_push_check_response_status
- http://192.168.0.212/MyPush/resources/xmpp/push
- {"status":"ok","msg":"finished","id":"b8b61c27281d4f5189c15bfe8e20f496"}
- Test resource for:xmpp
- test_push_check_response_status
- http://192.168.0.212/MyPush/resources/xmpp/push
- {"status":"ok","msg":"finished","id":"d51b6f371c0048f299dd2b3fadae62f0"}
- Test resource for:xmpp
- test_push_check_response_status
- http://192.168.0.212/MyPush/resources/xmpp/push
- {"status":"ok","msg":"finished","id":"d423eadc52d1464588a325cdc4852f62"}
- Test resource for:xmpp
- test_push_check_response_status
- http://192.168.0.212/MyPush/resources/xmpp/push
- {"status":"ok","msg":"finished","id":"53dad3e7eabc436684c547d8e2f6e592"}
- Test resource for:xmpp
- test_push_check_response_status
- http://192.168.0.212/MyPush/resources/xmpp/push
- {"status":"ok","msg":"finished","id":"57cc45fc996c4016b19c54398866ba40"}
- Test resource for:xmpp
- test_push_check_response_status
- http://192.168.0.212/MyPush/resources/xmpp/push
- {"status":"ok","msg":"finished","id":"e0120c4c804d474ca06048767e22c3a0"}
- Test resource for:xmpp
- test_push_check_response_status
- http://192.168.0.212/MyPush/resources/xmpp/push
- {"status":"ok","msg":"finished","id":"aa8fb51eca9f4a34a085aa8b42eb6859"}
- Test resource for:xmpp
- test_push_check_response_status
- http://192.168.0.212/MyPush/resources/xmpp/push
- {"status":"ok","msg":"finished","id":"a0e1ea1b91e54adea126287a7ba285ec"}
- Test resource for:xmpp
- test_push_check_response_status
- http://192.168.0.212/MyPush/resources/xmpp/push
- {"status":"ok","msg":"finished","id":"09db400204f945f9b07dbb56d6743da2"}
- Test resource for:xmpp
- test_push_check_response_status
- http://192.168.0.212/MyPush/resources/xmpp/push
- {"status":"ok","msg":"finished","id":"dd6c9f481c2f4c7aa7e6e32d2fa68d16"}
- Test resource for:xmpp
- test_push_check_response_status
- http://192.168.0.212/MyPush/resources/xmpp/push
- {"status":"ok","msg":"finished","id":"f5d4894affb44361a9a61a792b8596d3"}
- Test resource for:xmpp
- test_push_check_response_status
- http://192.168.0.212/MyPush/resources/xmpp/push
- {"status":"ok","msg":"finished","id":"f809dd44f79f446c9dd136823d8c4455"}
- Test resource for:xmpp
- test_push_check_response_status
- http://192.168.0.212/MyPush/resources/xmpp/push
- {"status":"ok","msg":"finished","id":"53fdba2f60b54292a4a0dbbf4a017914"}
- Test resource for:xmpp
- test_push_check_response_status
- http://192.168.0.212/MyPush/resources/xmpp/push
- {"status":"ok","msg":"finished","id":"91587875071e4309a9ced4d9ff824dc1"}
- Test resource for:xmpp
- test_push_check_response_status
- http://192.168.0.212/MyPush/resources/xmpp/push
- {"status":"ok","msg":"finished","id":"46631d3f2f274f859e5e5072c24d8740"}
- Test resource for:xmpp
- test_push_check_response_status
- http://192.168.0.212/MyPush/resources/xmpp/push
- {"status":"ok","msg":"finished","id":"6b3e77b67bb947dca7e06bcd4038ff20"}
- Test resource for:xmpp
- test_push_check_response_status
- http://192.168.0.212/MyPush/resources/xmpp/push
- {"status":"ok","msg":"finished","id":"ffd19eb5df064ff08d1f1968186e51d8"}
- Test resource for:xmpp
- test_push_check_response_status
- http://192.168.0.212/MyPush/resources/xmpp/push
- {"status":"ok","msg":"finished","id":"f865ee3590824f7da63b68f7dab93414"}
- Test resource for:xmpp
- test_push_check_response_status
- http://192.168.0.212/MyPush/resources/xmpp/push
- {"status":"ok","msg":"finished","id":"ef3fb4c067cd4e7b9dedccb437f339cc"}
- Test resource for:xmpp
- test_push_check_response_status
- http://192.168.0.212/MyPush/resources/xmpp/push
- {"status":"ok","msg":"finished","id":"f1331326be7f4bd3b7a5b791d742bad3"}
- Test resource for:xmpp
- test_push_check_response_status
- http://192.168.0.212/MyPush/resources/xmpp/push
- {"status":"ok","msg":"finished","id":"5d342f0d387c45ba87c45369a48cbe74"}
- Test resource for:xmpp
- test_push_check_response_status
- http://192.168.0.212/MyPush/resources/xmpp/push
- {"status":"ok","msg":"finished","id":"0c49c23a3bc345159d6ce9c45724d52e"}
- Test resource for:xmpp
- test_push_check_response_status
- http://192.168.0.212/MyPush/resources/xmpp/push
- {"status":"ok","msg":"finished","id":"cdae7888df1e4a198fe4fd02afe1d632"}
- Test resource for:xmpp
- test_push_check_response_status
- http://192.168.0.212/MyPush/resources/xmpp/push
- {"status":"ok","msg":"finished","id":"24504a6fef9847988e0bde31486265db"}
- Test resource for:xmpp
- test_push_check_response_status
- http://192.168.0.212/MyPush/resources/xmpp/push
- {"status":"ok","msg":"finished","id":"15e62e371bd8477c904c67a66922141e"}
- Test resource for:xmpp
- test_push_check_response_status
- http://192.168.0.212/MyPush/resources/xmpp/push
- {"status":"ok","msg":"finished","id":"cb3ea08d1cd947acaae28a4f99015997"}
- Test resource for:xmpp
- test_push_check_response_status
- http://192.168.0.212/MyPush/resources/xmpp/push
- {"status":"ok","msg":"finished","id":"501142e176584c54ac471b47c8de30e6"}
- Test resource for:xmpp
- test_push_check_response_status
- http://192.168.0.212/MyPush/resources/xmpp/push
- {"status":"ok","msg":"finished","id":"483dda262f4c4db8bec9a5e08c99328b"}
- Test resource for:xmpp
- test_push_check_response_status
- http://192.168.0.212/MyPush/resources/xmpp/push
- {"status":"ok","msg":"finished","id":"3de867f807ff462e9a93af2897d38c11"}
- Test resource for:xmpp
- test_push_check_response_status
- http://192.168.0.212/MyPush/resources/xmpp/push
- {"status":"ok","msg":"finished","id":"185036a08f7a4e649ad88b2c8e26ded0"}
- Test resource for:xmpp
- test_push_check_response_status
- http://192.168.0.212/MyPush/resources/xmpp/push
- {"status":"ok","msg":"finished","id":"861d5b6add524ce2bbbf29d3c918403f"}
- Test resource for:xmpp
- test_push_check_response_status
- http://192.168.0.212/MyPush/resources/xmpp/push
- {"status":"ok","msg":"finished","id":"b16fe62473f148b992bf60bcfd6bd1a4"}
- Test resource for:xmpp
- test_push_check_response_status
- http://192.168.0.212/MyPush/resources/xmpp/push
- {"status":"ok","msg":"finished","id":"681696f93649408cab554b002bd4e787"}
- Test resource for:xmpp
- test_push_check_response_status
- http://192.168.0.212/MyPush/resources/xmpp/push
- {"status":"ok","msg":"finished","id":"e664640dbfbe4583a5cbbea317d34b25"}
- Test resource for:xmpp
- test_push_check_response_status
- http://192.168.0.212/MyPush/resources/xmpp/push
- {"status":"ok","msg":"finished","id":"54b7816020cc40a59909fcd9db48085b"}
- Test resource for:xmpp
- test_push_check_response_status
- http://192.168.0.212/MyPush/resources/xmpp/push
- {"status":"ok","msg":"finished","id":"147042e918ee4a4aa6d13f5dcfda83c0"}
- Test resource for:xmpp
- test_push_check_response_status
- http://192.168.0.212/MyPush/resources/xmpp/push
- {"status":"ok","msg":"finished","id":"fd12075251f64bbe8882f56edf4e021a"}
- Test resource for:xmpp
- test_push_check_response_status
- http://192.168.0.212/MyPush/resources/xmpp/push
- {"status":"ok","msg":"finished","id":"706c438dfc7947fa801ac75f4a12641a"}
- Test resource for:xmpp
- test_push_check_response_status
- http://192.168.0.212/MyPush/resources/xmpp/push
- {"status":"ok","msg":"finished","id":"53eb865a42124e328134bfcba046298b"}
- Test resource for:xmpp
- test_push_check_response_status
- http://192.168.0.212/MyPush/resources/xmpp/push
- {"status":"ok","msg":"finished","id":"4738ebcd09b741d69a523955fbe65d45"}
- Test resource for:xmpp
- test_push_check_response_status
- http://192.168.0.212/MyPush/resources/xmpp/push
- {"status":"ok","msg":"finished","id":"8034ea255bc1461a8f0a38592ca0decc"}
- Test resource for:xmpp
- test_push_check_response_status
- http://192.168.0.212/MyPush/resources/xmpp/push
- {"status":"ok","msg":"finished","id":"7f807967bb5d4f59b1985b49db68f700"}
- Test resource for:xmpp
- test_push_check_response_status
- http://192.168.0.212/MyPush/resources/xmpp/push
- {"status":"ok","msg":"finished","id":"2852463ddb3b4ccf9bfda17b3d927114"}
- Test resource for:xmpp
- test_push_check_response_status
- http://192.168.0.212/MyPush/resources/xmpp/push
- {"status":"ok","msg":"finished","id":"1f38272c142d447f9638985ed9dd748b"}
- Test resource for:xmpp
- test_push_check_response_status
- http://192.168.0.212/MyPush/resources/xmpp/push
- {"status":"ok","msg":"finished","id":"5db845e91a374f37b01c5f87a26f3b8f"}
- Test resource for:xmpp
- test_push_check_response_status
- http://192.168.0.212/MyPush/resources/xmpp/push
- {"status":"ok","msg":"finished","id":"71d9abec97fb495c8a24cafbe26cd860"}
- Test resource for:xmpp
- test_push_check_response_status
- http://192.168.0.212/MyPush/resources/xmpp/push
- {"status":"ok","msg":"finished","id":"2a144aeac0c54341896b7105f6d85d7b"}
- Test resource for:xmpp
- test_push_check_response_status
- http://192.168.0.212/MyPush/resources/xmpp/push
- {"status":"ok","msg":"finished","id":"507bc33c10a8420ebbc62c3059ee97b7"}
- Test resource for:xmpp
- test_push_check_response_status
- http://192.168.0.212/MyPush/resources/xmpp/push
- {"status":"ok","msg":"finished","id":"48d3416adb7d49cda2cff98be9cefda9"}
- Test resource for:xmpp
- test_push_check_response_status
- http://192.168.0.212/MyPush/resources/xmpp/push
- {"status":"ok","msg":"finished","id":"4184850e57224b05a0cdd0fadefa0475"}
- Test resource for:xmpp
- test_push_check_response_status
- http://192.168.0.212/MyPush/resources/xmpp/push
- {"status":"ok","msg":"finished","id":"d9e9c92b73af486e9787e8f572983616"}
- Test resource for:xmpp
- test_push_check_response_status
- http://192.168.0.212/MyPush/resources/xmpp/push
- {"status":"ok","msg":"finished","id":"7ccf877ceccd472e9e6718c2db316bf6"}
- Test resource for:xmpp
- test_push_check_response_status
- http://192.168.0.212/MyPush/resources/xmpp/push
- {"status":"ok","msg":"finished","id":"0b4887f6f5ce4c6281268d0352d7ecc9"}
- Test resource for:xmpp
- test_push_check_response_status
- http://192.168.0.212/MyPush/resources/xmpp/push
- {"status":"ok","msg":"finished","id":"29213e7577804ff0aa5931588090e142"}
- Test resource for:xmpp
- test_push_check_response_status
- http://192.168.0.212/MyPush/resources/xmpp/push
- {"status":"ok","msg":"finished","id":"a2c0dd140a95495b998a0673ea1ca7ff"}
- Test resource for:xmpp
- test_push_check_response_status
- http://192.168.0.212/MyPush/resources/xmpp/push
- {"status":"ok","msg":"finished","id":"496d7084779040789980b697de740cff"}
- Test resource for:xmpp
- test_push_check_response_status
- http://192.168.0.212/MyPush/resources/xmpp/push
- {"status":"ok","msg":"finished","id":"0a7b265840e14f42a8531f09b80c93ff"}
- Test resource for:xmpp
- test_push_check_response_status
- http://192.168.0.212/MyPush/resources/xmpp/push
- {"status":"ok","msg":"finished","id":"7f18008f00c74b39a9b959c08bd0a853"}
- Test resource for:xmpp
- test_push_check_response_status
- http://192.168.0.212/MyPush/resources/xmpp/push
- {"status":"ok","msg":"finished","id":"81bd051487064a44be316c6518ee4896"}
- Test resource for:xmpp
- test_push_check_response_status
- http://192.168.0.212/MyPush/resources/xmpp/push
- {"status":"ok","msg":"finished","id":"1063466f157e49a0bc0dbc7088e0c5d4"}
- Test resource for:xmpp
- test_push_check_response_status
- http://192.168.0.212/MyPush/resources/xmpp/push
- {"status":"ok","msg":"finished","id":"1936c6b9fac94dbc88092f7640870940"}
- Test resource for:xmpp
- test_push_check_response_status
- http://192.168.0.212/MyPush/resources/xmpp/push
- {"status":"ok","msg":"finished","id":"7d234dff82774a2a8c0acb49a58111d1"}
- Test resource for:xmpp
- test_push_check_response_status
- http://192.168.0.212/MyPush/resources/xmpp/push
- {"status":"ok","msg":"finished","id":"62e94548c88d47759196307f93c41200"}
- Test resource for:xmpp
- test_push_check_response_status
- http://192.168.0.212/MyPush/resources/xmpp/push
- {"status":"ok","msg":"finished","id":"fba46ac8a9ea4c448904cc872e6956d9"}
- Test resource for:xmpp
- test_push_check_response_status
- http://192.168.0.212/MyPush/resources/xmpp/push
- {"status":"ok","msg":"finished","id":"c10459110c8746caba3509720a2a6c6f"}
- Test resource for:xmpp
- test_push_check_response_status
- http://192.168.0.212/MyPush/resources/xmpp/push
- {"status":"ok","msg":"finished","id":"b70bf32cf9384016900671f0127d86b5"}
- Test resource for:xmpp
- test_push_check_response_status
- http://192.168.0.212/MyPush/resources/xmpp/push
- {"status":"ok","msg":"finished","id":"34f468cf4d8a4845ba32a2cfb98afae1"}
- Test resource for:xmpp
- test_push_check_response_status
- http://192.168.0.212/MyPush/resources/xmpp/push
- {"status":"ok","msg":"finished","id":"347850d316f644ae8ba40df0e9664e2c"}
- Test resource for:xmpp
- test_push_check_response_status
- http://192.168.0.212/MyPush/resources/xmpp/push
- {"status":"ok","msg":"finished","id":"2a1a36bd94a54e2c954ef6f36c631345"}
- Test resource for:xmpp
- test_push_check_response_status
- http://192.168.0.212/MyPush/resources/xmpp/push
- {"status":"ok","msg":"finished","id":"a1b67ff4f7e647f3a1d66698db25d336"}
- Test resource for:xmpp
- test_push_check_response_status
- http://192.168.0.212/MyPush/resources/xmpp/push
- {"status":"ok","msg":"finished","id":"485593fd0e1641b4a2ff4f81ab1fc835"}
- Test resource for:xmpp
- test_push_check_response_status
- http://192.168.0.212/MyPush/resources/xmpp/push
- {"status":"ok","msg":"finished","id":"50f5320c46924cb9b63531e770ff7673"}
- Test resource for:xmpp
- test_push_check_response_status
- http://192.168.0.212/MyPush/resources/xmpp/push
- {"status":"ok","msg":"finished","id":"8fb7073d4eff450a96a3b1f663f63d36"}
- Test resource for:xmpp
- test_push_check_response_status
- http://192.168.0.212/MyPush/resources/xmpp/push
- {"status":"ok","msg":"finished","id":"79bcfbd5191d453db9320141981fbb64"}
- Test resource for:xmpp
- test_push_check_response_status
- http://192.168.0.212/MyPush/resources/xmpp/push
- {"status":"ok","msg":"finished","id":"e362bf6e7a524277927de6909374a9e2"}
- Test resource for:xmpp
- test_push_check_response_status
- http://192.168.0.212/MyPush/resources/xmpp/push
- {"status":"ok","msg":"finished","id":"30d09da4a8ca400cbd24631b9cefabe9"}
- Test resource for:xmpp
- test_push_check_response_status
- http://192.168.0.212/MyPush/resources/xmpp/push
- {"status":"ok","msg":"finished","id":"90a5d1c1c2634033ad223afb2d796e32"}
- Test resource for:xmpp
- test_push_check_response_status
- http://192.168.0.212/MyPush/resources/xmpp/push
- {"status":"ok","msg":"finished","id":"51dc47642a3943f68b6da7865e8b45bb"}
- Test resource for:xmpp
- test_push_check_response_status
- http://192.168.0.212/MyPush/resources/xmpp/push
- {"status":"ok","msg":"finished","id":"6ef2b58822fb4ffbadf2b28d8d34d280"}
- Test resource for:xmpp
- test_push_check_response_status
- http://192.168.0.212/MyPush/resources/xmpp/push
- {"status":"ok","msg":"finished","id":"5c52a608acf34a588a415d63d7e3ccda"}
- Test resource for:xmpp
- test_push_check_response_status
- http://192.168.0.212/MyPush/resources/xmpp/push
- {"status":"ok","msg":"finished","id":"45bd38e3b6234a97aefe65a36a602f1e"}
- Test resource for:xmpp
- test_push_check_response_status
- http://192.168.0.212/MyPush/resources/xmpp/push
- {"status":"ok","msg":"finished","id":"a44b75e92a7d403eba49bc2349d2d018"}
- Test resource for:xmpp
- test_push_check_response_status
- http://192.168.0.212/MyPush/resources/xmpp/push
- {"status":"ok","msg":"finished","id":"54cb9cc548dd4c56a74048e0a27515b0"}
- Test resource for:xmpp
- test_push_check_response_status
- http://192.168.0.212/MyPush/resources/xmpp/push
- {"status":"ok","msg":"finished","id":"709923c7542f4468a65ee942f1fe38b2"}
- Test resource for:xmpp
- test_push_check_response_status
- http://192.168.0.212/MyPush/resources/xmpp/push
- {"status":"ok","msg":"finished","id":"51297e9943174da9aaabf4d499a50857"}
- Test resource for:xmpp
- test_push_check_response_status
- http://192.168.0.212/MyPush/resources/xmpp/push
- {"status":"ok","msg":"finished","id":"12178923843d46ba86ed0ce08d8d5b44"}
- Test resource for:xmpp
- test_push_check_response_status
- http://192.168.0.212/MyPush/resources/xmpp/push
- {"status":"ok","msg":"finished","id":"d6a7893e0c4549a8afa77804891fdc84"}
- Test resource for:xmpp
- test_push_check_response_status
- http://192.168.0.212/MyPush/resources/xmpp/push
- {"status":"ok","msg":"finished","id":"018a371dc96643e6983bf3019bbc1d2b"}
- Test resource for:xmpp
- test_push_check_response_status
- http://192.168.0.212/MyPush/resources/xmpp/push
- {"status":"ok","msg":"finished","id":"828a303b3ba24e1b9ce26eab79f821e1"}
- Test resource for:xmpp
- test_push_check_response_status
- http://192.168.0.212/MyPush/resources/xmpp/push
- {"status":"ok","msg":"finished","id":"c76838b0f96741caac04904d6ce7c3ab"}
- Test resource for:xmpp
- test_push_check_response_status
- http://192.168.0.212/MyPush/resources/xmpp/push
- {"status":"ok","msg":"finished","id":"60fd30e7712048e8887281ac805a2979"}
- Test resource for:xmpp
- test_push_check_response_status
- http://192.168.0.212/MyPush/resources/xmpp/push
- {"status":"ok","msg":"finished","id":"d3ab421dcaca4f9f93c60f0d161e2b17"}
- Test resource for:xmpp
- test_push_check_response_status
- http://192.168.0.212/MyPush/resources/xmpp/push
- {"status":"ok","msg":"finished","id":"52ccd4cbc32f4761853595855cb3d15f"}
- Test resource for:xmpp
- test_push_check_response_status
- http://192.168.0.212/MyPush/resources/xmpp/push
- {"status":"ok","msg":"finished","id":"cb53942d43ee47b39659eb49f9b57708"}
- Test resource for:xmpp
- test_push_check_response_status
- http://192.168.0.212/MyPush/resources/xmpp/push
- {"status":"ok","msg":"finished","id":"1109f96412de4568b291886a4c452933"}
- Test resource for:xmpp
- test_push_check_response_status
- http://192.168.0.212/MyPush/resources/xmpp/push
- {"status":"ok","msg":"finished","id":"04dca0f496664a95b163a78679a569a7"}
- Test resource for:xmpp
- test_push_check_response_status
- http://192.168.0.212/MyPush/resources/xmpp/push
- {"status":"ok","msg":"finished","id":"c39980c34bd94ced805c9c9f79608cd3"}
- Test resource for:xmpp
- test_push_check_response_status
- http://192.168.0.212/MyPush/resources/xmpp/push
- {"status":"ok","msg":"finished","id":"28350ba9757b4a27b6c321b2756a8dad"}
- Test resource for:xmpp
- test_push_check_response_status
- http://192.168.0.212/MyPush/resources/xmpp/push
- {"status":"ok","msg":"finished","id":"a19f74d27f4b41149659e48e99f42087"}
- Test resource for:xmpp
- test_push_check_response_status
- http://192.168.0.212/MyPush/resources/xmpp/push
- {"status":"ok","msg":"finished","id":"67dfa9b034a94c119974fb769fad79a3"}
- Test resource for:xmpp
- test_push_check_response_status
- http://192.168.0.212/MyPush/resources/xmpp/push
- {"status":"ok","msg":"finished","id":"37d810c10f8748629855f76b17e2ee21"}
- Test resource for:xmpp
- test_push_check_response_status
- http://192.168.0.212/MyPush/resources/xmpp/push
- {"status":"ok","msg":"finished","id":"da231d91ab2b443c8fb087037d2454f0"}
- Test resource for:xmpp
- test_push_check_response_status
- http://192.168.0.212/MyPush/resources/xmpp/push
- {"status":"ok","msg":"finished","id":"63e4954af9f04b28be1f64fba022137b"}
- Test resource for:xmpp
- test_push_check_response_status
- http://192.168.0.212/MyPush/resources/xmpp/push
- {"status":"ok","msg":"finished","id":"a4bd54d31d98413a820298d41ac07300"}
- Test resource for:xmpp
- test_push_check_response_status
- http://192.168.0.212/MyPush/resources/xmpp/push
- {"status":"ok","msg":"finished","id":"034c4b58c71348828ad91afbfc628038"}
- Test resource for:xmpp
- test_push_check_response_status
- http://192.168.0.212/MyPush/resources/xmpp/push
- {"status":"ok","msg":"finished","id":"7eb4d19e329f40cd9032507e09179ab0"}
- Test resource for:xmpp
- test_push_check_response_status
- http://192.168.0.212/MyPush/resources/xmpp/push
- {"status":"ok","msg":"finished","id":"9219b87eb09445ce8bfbf7490b5c69d6"}
- Test resource for:xmpp
- test_push_check_response_status
- http://192.168.0.212/MyPush/resources/xmpp/push
- {"status":"ok","msg":"finished","id":"a8b0853ff9a644df93af9a19ad74fa50"}
- Test resource for:xmpp
- test_push_check_response_status
- http://192.168.0.212/MyPush/resources/xmpp/push
- {"status":"ok","msg":"finished","id":"a9736813bf6548cb98b213840597e23c"}
- Test resource for:xmpp
- test_push_check_response_status
- http://192.168.0.212/MyPush/resources/xmpp/push
- {"status":"ok","msg":"finished","id":"8ec75d4d19bb45d4ba5af0da6c0c8799"}
- Test resource for:xmpp
- test_push_check_response_status
- http://192.168.0.212/MyPush/resources/xmpp/push
- {"status":"ok","msg":"finished","id":"b8ef7ff35ddd4adc8540f8f3f6e956d4"}
- Test resource for:xmpp
- test_push_check_response_status
- http://192.168.0.212/MyPush/resources/xmpp/push
- {"status":"ok","msg":"finished","id":"cad01c8b324943e6b3728eedae41b4d9"}
- Test resource for:xmpp
- test_push_check_response_status
- http://192.168.0.212/MyPush/resources/xmpp/push
- {"status":"ok","msg":"finished","id":"cc50bc9af8b34a81bc034a4d8b241093"}
- Test resource for:xmpp
- test_push_check_response_status
- http://192.168.0.212/MyPush/resources/xmpp/push
- {"status":"ok","msg":"finished","id":"c8e6ab7bfdfb4a5087d0fed19b801bfe"}
- Test resource for:xmpp
- test_push_check_response_status
- http://192.168.0.212/MyPush/resources/xmpp/push
- {"status":"ok","msg":"finished","id":"256a48d56108416ab753d28a38740eb8"}
- Test resource for:xmpp
- test_push_check_response_status
- http://192.168.0.212/MyPush/resources/xmpp/push
- {"status":"ok","msg":"finished","id":"c74c459611244827b95d3eb86403d269"}
- Test resource for:xmpp
- test_push_check_response_status
- http://192.168.0.212/MyPush/resources/xmpp/push
- {"status":"ok","msg":"finished","id":"ecb9e61d16aa4bf98a39ef7d7bb64a98"}
- Test resource for:xmpp
- test_push_check_response_status
- http://192.168.0.212/MyPush/resources/xmpp/push
- {"status":"ok","msg":"finished","id":"b3c7460cddd14071bb955099bc5bd333"}
- Test resource for:xmpp
- test_push_check_response_status
- http://192.168.0.212/MyPush/resources/xmpp/push
- {"status":"ok","msg":"finished","id":"734abeaa260f4a80be7fba4203c5f73c"}
- Test resource for:xmpp
- test_push_check_response_status
- http://192.168.0.212/MyPush/resources/xmpp/push
- {"status":"ok","msg":"finished","id":"06246198404040579584f1256a6f673c"}
- Test resource for:xmpp
- test_push_check_response_status
- http://192.168.0.212/MyPush/resources/xmpp/push
- {"status":"ok","msg":"finished","id":"5a932a43b9af4e2baa5eb5a81b575e38"}
- Test resource for:xmpp
- test_push_check_response_status
- http://192.168.0.212/MyPush/resources/xmpp/push
- {"status":"ok","msg":"finished","id":"46947c5718994effa15b1e44e9b3c5f0"}
- Test resource for:xmpp
- test_push_check_response_status
- http://192.168.0.212/MyPush/resources/xmpp/push
- {"status":"ok","msg":"finished","id":"7c821e428e23481cb23ec9e1316db3a8"}
- Test resource for:xmpp
- test_push_check_response_status
- http://192.168.0.212/MyPush/resources/xmpp/push
- {"status":"ok","msg":"finished","id":"963eb275ab61494e8849bbf7a1d42db5"}
- Test resource for:xmpp
- test_push_check_response_status
- http://192.168.0.212/MyPush/resources/xmpp/push
- {"status":"ok","msg":"finished","id":"24589e0abda147b190813d929e792edb"}
- Test resource for:xmpp
- test_push_check_response_status
- http://192.168.0.212/MyPush/resources/xmpp/push
- {"status":"ok","msg":"finished","id":"016a12209f54460aadb3da2faf8cb4ba"}
- Test resource for:xmpp
- test_push_check_response_status
- http://192.168.0.212/MyPush/resources/xmpp/push
- {"status":"ok","msg":"finished","id":"5c3b4b396d7248eda706914c7992fb44"}
- Test resource for:xmpp
- test_push_check_response_status
- http://192.168.0.212/MyPush/resources/xmpp/push
- {"status":"ok","msg":"finished","id":"37263f7c81c544548692805e49b028ab"}
- Test resource for:xmpp
- test_push_check_response_status
- http://192.168.0.212/MyPush/resources/xmpp/push
- {"status":"ok","msg":"finished","id":"ef76f99f09724dd19e363658cb5fe50f"}
- Test resource for:xmpp
- test_push_check_response_status
- http://192.168.0.212/MyPush/resources/xmpp/push
- {"status":"ok","msg":"finished","id":"ee681618f45d4b508a7100995480d98d"}
- Test resource for:xmpp
- test_push_check_response_status
- http://192.168.0.212/MyPush/resources/xmpp/push
- {"status":"ok","msg":"finished","id":"23d2308346234883ada929c0a856c376"}
- Test resource for:xmpp
- test_push_check_response_status
- http://192.168.0.212/MyPush/resources/xmpp/push
- {"status":"ok","msg":"finished","id":"ef6e5e8007a3454e97d171fd286a36b7"}
- Test resource for:xmpp
- test_push_check_response_status
- http://192.168.0.212/MyPush/resources/xmpp/push
- {"status":"ok","msg":"finished","id":"0c429360da6f46d48d2c49d4f80e0a94"}
- Test resource for:xmpp
- test_push_check_response_status
- http://192.168.0.212/MyPush/resources/xmpp/push
- {"status":"ok","msg":"finished","id":"17b9c180b08c4ac9941100c87b5f5aff"}
- Test resource for:xmpp
- test_push_check_response_status
- http://192.168.0.212/MyPush/resources/xmpp/push
- {"status":"ok","msg":"finished","id":"cc6a3be4c89a4556a931caf292ef87a5"}
- Test resource for:xmpp
- test_push_check_response_status
- http://192.168.0.212/MyPush/resources/xmpp/push
- {"status":"ok","msg":"finished","id":"1202ba61757949de9b30ee78a9d90e7c"}
- Test resource for:xmpp
- test_push_check_response_status
- http://192.168.0.212/MyPush/resources/xmpp/push
- {"status":"ok","msg":"finished","id":"70e466e73bd646be9a7e94d4f6cc8d9a"}
- Test resource for:xmpp
- test_push_check_response_status
- http://192.168.0.212/MyPush/resources/xmpp/push
- {"status":"ok","msg":"finished","id":"4636da8c26624d0ebea80668e7e6c5d3"}
- Test resource for:xmpp
- test_push_check_response_status
- http://192.168.0.212/MyPush/resources/xmpp/push
- {"status":"ok","msg":"finished","id":"4acd3750064247f9af8a1e4083fe87d5"}
- Test resource for:xmpp
- test_push_check_response_status
- http://192.168.0.212/MyPush/resources/xmpp/push
- {"status":"ok","msg":"finished","id":"d17ab4d26b5046c4b293a22c4508b22a"}
- Test resource for:xmpp
- test_push_check_response_status
- http://192.168.0.212/MyPush/resources/xmpp/push
- {"status":"ok","msg":"finished","id":"88a0160fc68e49deb9b9f5eabc80abe7"}
- Test resource for:xmpp
- test_push_check_response_status
- http://192.168.0.212/MyPush/resources/xmpp/push
- {"status":"ok","msg":"finished","id":"d087a32a48404c359b5d69f695b2a7dc"}
- Test resource for:xmpp
- test_push_check_response_status
- http://192.168.0.212/MyPush/resources/xmpp/push
- {"status":"ok","msg":"finished","id":"bec3dc552aeb47d19501705e9270855b"}
- Test resource for:xmpp
- test_push_check_response_status
- http://192.168.0.212/MyPush/resources/xmpp/push
- {"status":"ok","msg":"finished","id":"a63e8f6aad4e450c8e98abf565ccbce4"}
- Test resource for:xmpp
- test_push_check_response_status
- http://192.168.0.212/MyPush/resources/xmpp/push
- {"status":"ok","msg":"finished","id":"1cc8cd28bafb4c0bbd69a38c02a92f6b"}
- Test resource for:xmpp
- test_push_check_response_status
- http://192.168.0.212/MyPush/resources/xmpp/push
- {"status":"ok","msg":"finished","id":"95ee3c09bf9f49608098fe93c826cdd5"}
- Test resource for:xmpp
- test_push_check_response_status
- http://192.168.0.212/MyPush/resources/xmpp/push
- {"status":"ok","msg":"finished","id":"e43be6a111784c9fbb93e08f74889ef5"}
- Test resource for:xmpp
- test_push_check_response_status
- http://192.168.0.212/MyPush/resources/xmpp/push
- {"status":"ok","msg":"finished","id":"d9df121bb68047da89c71ce7e2386b35"}
- Test resource for:xmpp
- test_push_check_response_status
- http://192.168.0.212/MyPush/resources/xmpp/push
- {"status":"ok","msg":"finished","id":"73bcd3adbdb840d7a1fdee97c50e6963"}
- Test resource for:xmpp
- test_push_check_response_status
- http://192.168.0.212/MyPush/resources/xmpp/push
- {"status":"ok","msg":"finished","id":"b700f3775feb472ebf9f1864a9fc89e8"}
- Test resource for:xmpp
- test_push_check_response_status
- http://192.168.0.212/MyPush/resources/xmpp/push
- {"status":"ok","msg":"finished","id":"8e5b5753367742d5ae377f0312257ed5"}
- Test resource for:xmpp
- test_push_check_response_status
- http://192.168.0.212/MyPush/resources/xmpp/push
- {"status":"ok","msg":"finished","id":"0ef83e4f2f29491eaac4e000fea99288"}
- Test resource for:xmpp
- test_push_check_response_status
- http://192.168.0.212/MyPush/resources/xmpp/push
- {"status":"ok","msg":"finished","id":"220f2c9ec73040a59ef1b6b338aa57c9"}
- Test resource for:xmpp
- test_push_check_response_status
- http://192.168.0.212/MyPush/resources/xmpp/push
- {"status":"ok","msg":"finished","id":"80bea54555cc4b7eb88a138abcfc9229"}
- Test resource for:xmpp
- test_push_check_response_status
- http://192.168.0.212/MyPush/resources/xmpp/push
- {"status":"ok","msg":"finished","id":"9753cf7814e1438db53e62bda4ceaf4d"}
- Test resource for:xmpp
- test_push_check_response_status
- http://192.168.0.212/MyPush/resources/xmpp/push
- {"status":"ok","msg":"finished","id":"42f54dc16e084993a53ea359fbae0797"}
- Test resource for:xmpp
- test_push_check_response_status
- http://192.168.0.212/MyPush/resources/xmpp/push
- {"status":"ok","msg":"finished","id":"e368c6cdea484560a77a53c634d606cd"}
- Test resource for:xmpp
- test_push_check_response_status
- http://192.168.0.212/MyPush/resources/xmpp/push
- {"status":"ok","msg":"finished","id":"888fcd1e3395448f94f42cb5a79ff3fc"}
- Test resource for:xmpp
- test_push_check_response_status
- http://192.168.0.212/MyPush/resources/xmpp/push
- {"status":"ok","msg":"finished","id":"962e5fae963e4bf794943ffc30aeaa11"}
- Test resource for:xmpp
- test_push_check_response_status
- http://192.168.0.212/MyPush/resources/xmpp/push
- {"status":"ok","msg":"finished","id":"cbd6010c86af4d1c89bf741dbb078264"}
- Test resource for:xmpp
- test_push_check_response_status
- http://192.168.0.212/MyPush/resources/xmpp/push
- {"status":"ok","msg":"finished","id":"63deac1dd4b647ae8d2c27f7a67ebb80"}
- Test resource for:xmpp
- test_push_check_response_status
- http://192.168.0.212/MyPush/resources/xmpp/push
- {"status":"ok","msg":"finished","id":"2aae8f44271049cfbbb6fc9026fa71f8"}
- Test resource for:xmpp
- test_push_check_response_status
- http://192.168.0.212/MyPush/resources/xmpp/push
- {"status":"ok","msg":"finished","id":"3d295fdf3baf476d9ae7be3a962d6eac"}
- Test resource for:xmpp
- test_push_check_response_status
- http://192.168.0.212/MyPush/resources/xmpp/push
- {"status":"ok","msg":"finished","id":"31ffbf79408b497ab0135202fb70d3ab"}
- Test resource for:xmpp
- test_push_check_response_status
- http://192.168.0.212/MyPush/resources/xmpp/push
- {"status":"ok","msg":"finished","id":"f0d5196e37fd4b72bc14a6c192c00c48"}
- Test resource for:xmpp
- test_push_check_response_status
- http://192.168.0.212/MyPush/resources/xmpp/push
- {"status":"ok","msg":"finished","id":"e28abd1531214fab83dbbb26cbb3b294"}
- Test resource for:xmpp
- test_push_check_response_status
- http://192.168.0.212/MyPush/resources/xmpp/push
- {"status":"ok","msg":"finished","id":"0f2d2b5142e44687b71ae8766d34ec48"}
- Test resource for:xmpp
- test_push_check_response_status
- http://192.168.0.212/MyPush/resources/xmpp/push
- {"status":"ok","msg":"finished","id":"297b1105e1784d55830e2713f16f4cc1"}
- Test resource for:xmpp
- test_push_check_response_status
- http://192.168.0.212/MyPush/resources/xmpp/push
- {"status":"ok","msg":"finished","id":"3f932ccba8664cf296f53c5334d98b34"}
- Test resource for:xmpp
- test_push_check_response_status
- http://192.168.0.212/MyPush/resources/xmpp/push
- {"status":"ok","msg":"finished","id":"3670655f638d422cb39825b3bed37dba"}
- Test resource for:xmpp
- test_push_check_response_status
- http://192.168.0.212/MyPush/resources/xmpp/push
- {"status":"ok","msg":"finished","id":"411150eaf3da43e6bbd34b4a121712d4"}
- Test resource for:xmpp
- test_push_check_response_status
- http://192.168.0.212/MyPush/resources/xmpp/push
- {"status":"ok","msg":"finished","id":"c8deeef2708c43deb4feef077a831b89"}
- Test resource for:xmpp
- test_push_check_response_status
- http://192.168.0.212/MyPush/resources/xmpp/push
- {"status":"ok","msg":"finished","id":"46ecac3085c24f4c9df96bd7a251f75f"}
- Test resource for:xmpp
- test_push_check_response_status
- http://192.168.0.212/MyPush/resources/xmpp/push
- {"status":"ok","msg":"finished","id":"b957f6d109fd4e2f953db4d27ca164f8"}
- Test resource for:xmpp
- test_push_check_response_status
- http://192.168.0.212/MyPush/resources/xmpp/push
- {"status":"ok","msg":"finished","id":"f97194fd3b0b49f19254f788e21c645b"}
- Test resource for:xmpp
- test_push_check_response_status
- http://192.168.0.212/MyPush/resources/xmpp/push
- {"status":"ok","msg":"finished","id":"71c6994fda294cdea56097d515e1870d"}
- Test resource for:xmpp
- test_push_check_response_status
- http://192.168.0.212/MyPush/resources/xmpp/push
- {"status":"ok","msg":"finished","id":"2730bcf48d764df8947056019908f3c8"}
- Test resource for:xmpp
- test_push_check_response_status
- http://192.168.0.212/MyPush/resources/xmpp/push
- {"status":"ok","msg":"finished","id":"2a8819e4ffe34f11bbd86d96f5e1ae94"}
- Test resource for:xmpp
- test_push_check_response_status
- http://192.168.0.212/MyPush/resources/xmpp/push
- {"status":"ok","msg":"finished","id":"bcfc85edb3cc4efaab81a979610c8da5"}
- Test resource for:xmpp
- test_push_check_response_status
- http://192.168.0.212/MyPush/resources/xmpp/push
- {"status":"ok","msg":"finished","id":"baf2d701206f4b90858a10af55a4f21c"}
- Test resource for:xmpp
- test_push_check_response_status
- http://192.168.0.212/MyPush/resources/xmpp/push
- {"status":"ok","msg":"finished","id":"65fbc851b0aa4578a3a320c21655d46a"}
- Test resource for:xmpp
- test_push_check_response_status
- http://192.168.0.212/MyPush/resources/xmpp/push
- {"status":"ok","msg":"finished","id":"3931a12c926d4d318c4d11b7b5d4d1d9"}
- Test resource for:xmpp
- test_push_check_response_status
- http://192.168.0.212/MyPush/resources/xmpp/push
- {"status":"ok","msg":"finished","id":"1151613e219a44ff821eb4af23c81681"}
- Test resource for:xmpp
- test_push_check_response_status
- http://192.168.0.212/MyPush/resources/xmpp/push
- {"status":"ok","msg":"finished","id":"98026751368e4f69a9385fe3c637db14"}
- Test resource for:xmpp
- test_push_check_response_status
- http://192.168.0.212/MyPush/resources/xmpp/push
- {"status":"ok","msg":"finished","id":"9aac34b55d9d4f11af7051e339035998"}
- Test resource for:xmpp
- test_push_check_response_status
- http://192.168.0.212/MyPush/resources/xmpp/push
- {"status":"ok","msg":"finished","id":"48d70888a85c4447993f6959e138f7fc"}
- Test resource for:xmpp
- test_push_check_response_status
- http://192.168.0.212/MyPush/resources/xmpp/push
- {"status":"ok","msg":"finished","id":"79c4ed3fb2974352a1cd9532cf1a26c4"}
- Test resource for:xmpp
- test_push_check_response_status
- http://192.168.0.212/MyPush/resources/xmpp/push
- {"status":"ok","msg":"finished","id":"436acb98979b47d4b95c6b3efd1e4449"}
- Test resource for:xmpp
- test_push_check_response_status
- http://192.168.0.212/MyPush/resources/xmpp/push
- {"status":"ok","msg":"finished","id":"473e70baae0f4a599f8bce17a3b9c5a0"}
- Test resource for:xmpp
- test_push_check_response_status
- http://192.168.0.212/MyPush/resources/xmpp/push
- {"status":"ok","msg":"finished","id":"3cd539c8e49a4fbdb5e5b18c66143c93"}
- Test resource for:xmpp
- test_push_check_response_status
- http://192.168.0.212/MyPush/resources/xmpp/push
- {"status":"ok","msg":"finished","id":"de5977faa6b848e09d88812cfc5deb3c"}
- Test resource for:xmpp
- test_push_check_response_status
- http://192.168.0.212/MyPush/resources/xmpp/push
- {"status":"ok","msg":"finished","id":"816b63b7fda848669b57739d0b235877"}
- Test resource for:xmpp
- test_push_check_response_status
- http://192.168.0.212/MyPush/resources/xmpp/push
- {"status":"ok","msg":"finished","id":"1f754f080866423eb5254da1c0e46912"}
- Test resource for:xmpp
- test_push_check_response_status
- http://192.168.0.212/MyPush/resources/xmpp/push
- {"status":"ok","msg":"finished","id":"d555191e450f47538430f0fd93c0270a"}
- Test resource for:xmpp
- test_push_check_response_status
- http://192.168.0.212/MyPush/resources/xmpp/push
- {"status":"ok","msg":"finished","id":"bd658977b3de480a93c4603727a77fa5"}
- Test resource for:xmpp
- test_push_check_response_status
- http://192.168.0.212/MyPush/resources/xmpp/push
- {"status":"ok","msg":"finished","id":"cc0b177dbc964c3392e6a2bda66685a5"}
- Test resource for:xmpp
- test_push_check_response_status
- http://192.168.0.212/MyPush/resources/xmpp/push
- {"status":"ok","msg":"finished","id":"79526dcde5144b55b859dea94cd969ad"}
- Test resource for:xmpp
- test_push_check_response_status
- http://192.168.0.212/MyPush/resources/xmpp/push
- {"status":"ok","msg":"finished","id":"70ae45f6999f4408ab6a0814ff699afb"}
- Test resource for:xmpp
- test_push_check_response_status
- http://192.168.0.212/MyPush/resources/xmpp/push
- {"status":"ok","msg":"finished","id":"764fd3c6e0454af29217176089e6845b"}
- Test resource for:xmpp
- test_push_check_response_status
- http://192.168.0.212/MyPush/resources/xmpp/push
- {"status":"ok","msg":"finished","id":"574c1fc6f75b4febac0410783cc4eb23"}
- Test resource for:xmpp
- test_push_check_response_status
- http://192.168.0.212/MyPush/resources/xmpp/push
- {"status":"ok","msg":"finished","id":"519d1f1673ce4aad945f0466365b7eef"}
- Test resource for:xmpp
- test_push_check_response_status
- http://192.168.0.212/MyPush/resources/xmpp/push
- {"status":"ok","msg":"finished","id":"9bbf3f05434147ae90d522cf0d56f4a9"}
- Test resource for:xmpp
- test_push_check_response_status
- http://192.168.0.212/MyPush/resources/xmpp/push
- {"status":"ok","msg":"finished","id":"9ab8edfbb9ad4f1e8148b10c7caa5083"}
- Test resource for:xmpp
- test_push_check_response_status
- http://192.168.0.212/MyPush/resources/xmpp/push
- {"status":"ok","msg":"finished","id":"17cb809089f94b74aa22bf6dbb42c72f"}
- Test resource for:xmpp
- test_push_check_response_status
- http://192.168.0.212/MyPush/resources/xmpp/push
- {"status":"ok","msg":"finished","id":"29ea7ff90e9649e6a65ebc800a69f7e5"}
- Test resource for:xmpp
- test_push_check_response_status
- http://192.168.0.212/MyPush/resources/xmpp/push
- {"status":"ok","msg":"finished","id":"efffef986f0947e4824f641ccac567cf"}
- Test resource for:xmpp
- test_push_check_response_status
- http://192.168.0.212/MyPush/resources/xmpp/push
- {"status":"ok","msg":"finished","id":"53e7f4dc98b04c0789bb2a4386d30417"}
- Test resource for:xmpp
- test_push_check_response_status
- http://192.168.0.212/MyPush/resources/xmpp/push
- {"status":"ok","msg":"finished","id":"8f5c585367bf460aa8d494e344b8c215"}
- Test resource for:xmpp
- test_push_check_response_status
- http://192.168.0.212/MyPush/resources/xmpp/push
- {"status":"ok","msg":"finished","id":"ce73e26c3c9140c4bd614bba47357f46"}
- Test resource for:xmpp
- test_push_check_response_status
- http://192.168.0.212/MyPush/resources/xmpp/push
- {"status":"ok","msg":"finished","id":"2a7d16d637a8477aa207fe0c8e995901"}
- Test resource for:xmpp
- test_push_check_response_status
- http://192.168.0.212/MyPush/resources/xmpp/push
- {"status":"ok","msg":"finished","id":"3bf25b08b4b54afa916fc1d73cefb3f7"}
- Test resource for:xmpp
- test_push_check_response_status
- http://192.168.0.212/MyPush/resources/xmpp/push
- {"status":"ok","msg":"finished","id":"53a3921d8d3540819de1baa1165ac29f"}
- Test resource for:xmpp
- test_push_check_response_status
- http://192.168.0.212/MyPush/resources/xmpp/push
- {"status":"ok","msg":"finished","id":"06bf83d117db4b269ecf429cebb6fdcc"}
- Test resource for:xmpp
- test_push_check_response_status
- http://192.168.0.212/MyPush/resources/xmpp/push
- {"status":"ok","msg":"finished","id":"1be5f32864bc4678b328da6ed6163f44"}
- Test resource for:xmpp
- test_push_check_response_status
- http://192.168.0.212/MyPush/resources/xmpp/push
- {"status":"ok","msg":"finished","id":"dd09816a25a24b068663e0c824df43d0"}
- Test resource for:xmpp
- test_push_check_response_status
- http://192.168.0.212/MyPush/resources/xmpp/push
- {"status":"ok","msg":"finished","id":"6b52f70b07204a4cb2c79912188a2cbb"}
- Test resource for:xmpp
- test_push_check_response_status
- http://192.168.0.212/MyPush/resources/xmpp/push
- {"status":"ok","msg":"finished","id":"3e349f33b51d421baef643d7337b6853"}
- Test resource for:xmpp
- test_push_check_response_status
- http://192.168.0.212/MyPush/resources/xmpp/push
- {"status":"ok","msg":"finished","id":"a92822be96be4252a2d1938beab381cb"}
- Test resource for:xmpp
- test_push_check_response_status
- http://192.168.0.212/MyPush/resources/xmpp/push
- {"status":"ok","msg":"finished","id":"c1689e7b3efe46079596bb20af4c16ea"}
- Test resource for:xmpp
- test_push_check_response_status
- http://192.168.0.212/MyPush/resources/xmpp/push
- {"status":"ok","msg":"finished","id":"a7d024f92d134398a0f0e7cfcd7df09d"}
- Test resource for:xmpp
- test_push_check_response_status
- http://192.168.0.212/MyPush/resources/xmpp/push
- {"status":"ok","msg":"finished","id":"98759b7860244fb7a4d00a35ccc45b5a"}
- Test resource for:xmpp
- test_push_check_response_status
- http://192.168.0.212/MyPush/resources/xmpp/push
- {"status":"ok","msg":"finished","id":"a2e4732fcecf41f086bd7f6df4bea749"}
- Test resource for:xmpp
- test_push_check_response_status
- http://192.168.0.212/MyPush/resources/xmpp/push
- {"status":"ok","msg":"finished","id":"ec8f0fb8eb204d2f8b80bf4d0262dc5e"}
- Test resource for:xmpp
- test_push_check_response_status
- http://192.168.0.212/MyPush/resources/xmpp/push
- {"status":"ok","msg":"finished","id":"bf71d5972a2443f18a1896468565465b"}
- Test resource for:xmpp
- test_push_check_response_status
- http://192.168.0.212/MyPush/resources/xmpp/push
- {"status":"ok","msg":"finished","id":"a376419b415e47119820645358941b87"}
- Test resource for:xmpp
- test_push_check_response_status
- http://192.168.0.212/MyPush/resources/xmpp/push
- {"status":"ok","msg":"finished","id":"a84a6f347d864bb1bcd324126540b707"}
- Test resource for:xmpp
- test_push_check_response_status
- http://192.168.0.212/MyPush/resources/xmpp/push
- {"status":"ok","msg":"finished","id":"eb691c99381641febd3ff61c609a037a"}
- Test resource for:xmpp
- test_push_check_response_status
- http://192.168.0.212/MyPush/resources/xmpp/push
- {"status":"ok","msg":"finished","id":"e48c464b34544395883e4f1d6ffb1c49"}
- Test resource for:xmpp
- test_push_check_response_status
- http://192.168.0.212/MyPush/resources/xmpp/push
- {"status":"ok","msg":"finished","id":"2d2d3ecb5d914957a924db4752d01aef"}
- Test resource for:xmpp
- test_push_check_response_status
- http://192.168.0.212/MyPush/resources/xmpp/push
- {"status":"ok","msg":"finished","id":"350d61cd3a62494ca823d45bdeacb74b"}
- Test resource for:xmpp
- test_push_check_response_status
- http://192.168.0.212/MyPush/resources/xmpp/push
- {"status":"ok","msg":"finished","id":"a14f3e6f37aa47a2aa0bbf447f96594e"}
- Test resource for:xmpp
- test_push_check_response_status
- http://192.168.0.212/MyPush/resources/xmpp/push
- {"status":"ok","msg":"finished","id":"4b0fe3db8fd54ec7beb6e3105770b2a9"}
- Test resource for:xmpp
- test_push_check_response_status
- http://192.168.0.212/MyPush/resources/xmpp/push
- {"status":"ok","msg":"finished","id":"8efc7447900a4bf69911416ec0434980"}
- Test resource for:xmpp
- test_push_check_response_status
- http://192.168.0.212/MyPush/resources/xmpp/push
- {"status":"ok","msg":"finished","id":"8a104b26c30e481890206692dc62f098"}
- Test resource for:xmpp
- test_push_check_response_status
- http://192.168.0.212/MyPush/resources/xmpp/push
- {"status":"ok","msg":"finished","id":"458a0fa608c244cabf8903e80550ba38"}
- Test resource for:xmpp
- test_push_check_response_status
- http://192.168.0.212/MyPush/resources/xmpp/push
- {"status":"ok","msg":"finished","id":"40ddaa8dce214f0bb66cd22a62b28343"}
- Test resource for:xmpp
- test_push_check_response_status
- http://192.168.0.212/MyPush/resources/xmpp/push
- {"status":"ok","msg":"finished","id":"baf1ddb3c965462e98ad638db893af25"}
- Test resource for:xmpp
- test_push_check_response_status
- http://192.168.0.212/MyPush/resources/xmpp/push
- {"status":"ok","msg":"finished","id":"bf2d1ad25c1e475690b1046190c2020f"}
- Test resource for:xmpp
- test_push_check_response_status
- http://192.168.0.212/MyPush/resources/xmpp/push
- {"status":"ok","msg":"finished","id":"c94538b2b78d40b3b6c311e19792831f"}
- Test resource for:xmpp
- test_push_check_response_status
- http://192.168.0.212/MyPush/resources/xmpp/push
- {"status":"ok","msg":"finished","id":"5d8f80ce4006431ba83c5b041b09f4d1"}
- Test resource for:xmpp
- test_push_check_response_status
- http://192.168.0.212/MyPush/resources/xmpp/push
- {"status":"ok","msg":"finished","id":"8c6fb53a2e374037970a2cd5cb49864c"}
- Test resource for:xmpp
- test_push_check_response_status
- http://192.168.0.212/MyPush/resources/xmpp/push
- {"status":"ok","msg":"finished","id":"d23f125c1898412d98964ae48f9b5158"}
- Test resource for:xmpp
- test_push_check_response_status
- http://192.168.0.212/MyPush/resources/xmpp/push
- {"status":"ok","msg":"finished","id":"74bf20a80286460d8543cbf6f7a8fd0b"}
- Test resource for:xmpp
- test_push_check_response_status
- http://192.168.0.212/MyPush/resources/xmpp/push
- {"status":"ok","msg":"finished","id":"c28e158387ee440c98863c874cf683d1"}
- Test resource for:xmpp
- test_push_check_response_status
- http://192.168.0.212/MyPush/resources/xmpp/push
- {"status":"ok","msg":"finished","id":"be3521745c6041f4b57bf609c682bb91"}
- Test resource for:xmpp
- test_push_check_response_status
- http://192.168.0.212/MyPush/resources/xmpp/push
- {"status":"ok","msg":"finished","id":"197fdb99b33a465daf7f89dcaf6e3cf3"}
- Test resource for:xmpp
- test_push_check_response_status
- http://192.168.0.212/MyPush/resources/xmpp/push
- {"status":"ok","msg":"finished","id":"88a4684d60e34cabb1e8d1f129869340"}
- Test resource for:xmpp
- test_push_check_response_status
- http://192.168.0.212/MyPush/resources/xmpp/push
- {"status":"ok","msg":"finished","id":"e5f391eeb756476683e891fe1b3e0a8d"}
- Test resource for:xmpp
- test_push_check_response_status
- http://192.168.0.212/MyPush/resources/xmpp/push
- {"status":"ok","msg":"finished","id":"cce8833e33d748ae96741cd7781f15db"}
- Test resource for:xmpp
- test_push_check_response_status
- http://192.168.0.212/MyPush/resources/xmpp/push
- {"status":"ok","msg":"finished","id":"89c838cbafe74768b13a85fd369f4505"}
- Test resource for:xmpp
- test_push_check_response_status
- http://192.168.0.212/MyPush/resources/xmpp/push
- {"status":"ok","msg":"finished","id":"b51eef82e7464a07832313f1078ff42e"}
- Test resource for:xmpp
- test_push_check_response_status
- http://192.168.0.212/MyPush/resources/xmpp/push
- {"status":"ok","msg":"finished","id":"a4c4853c9c954de1a0334537cc349be8"}
- Test resource for:xmpp
- test_push_check_response_status
- http://192.168.0.212/MyPush/resources/xmpp/push
- {"status":"ok","msg":"finished","id":"2470b7ea6f8449958d5fe7741f37d382"}
- Test resource for:xmpp
- test_push_check_response_status
- http://192.168.0.212/MyPush/resources/xmpp/push
- {"status":"ok","msg":"finished","id":"5c4a212a79344d908296fe8e36796c05"}
- Test resource for:xmpp
- test_push_check_response_status
- http://192.168.0.212/MyPush/resources/xmpp/push
- {"status":"ok","msg":"finished","id":"e2fac9e17a114bd9a478a24057da4c78"}
- Test resource for:xmpp
- test_push_check_response_status
- http://192.168.0.212/MyPush/resources/xmpp/push
- {"status":"ok","msg":"finished","id":"395c2d52807248eca597a4379d728625"}
- Test resource for:xmpp
- test_push_check_response_status
- http://192.168.0.212/MyPush/resources/xmpp/push
- {"status":"ok","msg":"finished","id":"ca59d333aad443cd8cfd6e2410c70319"}
- Test resource for:xmpp
- test_push_check_response_status
- http://192.168.0.212/MyPush/resources/xmpp/push
- {"status":"ok","msg":"finished","id":"c91ef03346e745b498873bc7a87804cc"}
- Test resource for:xmpp
- test_push_check_response_status
- http://192.168.0.212/MyPush/resources/xmpp/push
- {"status":"ok","msg":"finished","id":"53ce9810766e4f538e46bf5db09020ef"}
- Test resource for:xmpp
- test_push_check_response_status
- http://192.168.0.212/MyPush/resources/xmpp/push
- {"status":"ok","msg":"finished","id":"17e7e43e4aa247d6b1b9c0c8f30ac09c"}
- Test resource for:xmpp
- test_push_check_response_status
- http://192.168.0.212/MyPush/resources/xmpp/push
- {"status":"ok","msg":"finished","id":"0452cca4c1ad407da2934807a2adce85"}
- Test resource for:xmpp
- test_push_check_response_status
- http://192.168.0.212/MyPush/resources/xmpp/push
- {"status":"ok","msg":"finished","id":"6af97d4434d849b5809affad7963ee45"}
- Test resource for:xmpp
- test_push_check_response_status
- http://192.168.0.212/MyPush/resources/xmpp/push
- {"status":"ok","msg":"finished","id":"595fc1b511bd4d338a092a1f552e9230"}
- Test resource for:xmpp
- test_push_check_response_status
- http://192.168.0.212/MyPush/resources/xmpp/push
- {"status":"ok","msg":"finished","id":"b6ce05e6638e4c2c9be46421ede2ba82"}
- Test resource for:xmpp
- test_push_check_response_status
- http://192.168.0.212/MyPush/resources/xmpp/push
- {"status":"ok","msg":"finished","id":"f18b8f659a37433981fedc0eb138145e"}
- Test resource for:xmpp
- test_push_check_response_status
- http://192.168.0.212/MyPush/resources/xmpp/push
- {"status":"ok","msg":"finished","id":"f02121c6e11b44bd83cae28e309d8694"}
- Test resource for:xmpp
- test_push_check_response_status
- http://192.168.0.212/MyPush/resources/xmpp/push
- {"status":"ok","msg":"finished","id":"6f126c56e4a245258dca7b3de6b6c6ef"}
- Test resource for:xmpp
- test_push_check_response_status
- http://192.168.0.212/MyPush/resources/xmpp/push
- {"status":"ok","msg":"finished","id":"c16ddebb2f54412db64cc7f29f25ef3c"}
- Test resource for:xmpp
- test_push_check_response_status
- http://192.168.0.212/MyPush/resources/xmpp/push
- {"status":"ok","msg":"finished","id":"f4bbd4bfe61344e0917d0f547efd6335"}
- Test resource for:xmpp
- test_push_check_response_status
- http://192.168.0.212/MyPush/resources/xmpp/push
- {"status":"ok","msg":"finished","id":"86408666267e4129a8d31c5ed752825c"}
- Test resource for:xmpp
- test_push_check_response_status
- http://192.168.0.212/MyPush/resources/xmpp/push
- {"status":"ok","msg":"finished","id":"e107319abab74528811c4e4fdd751ba2"}
- Test resource for:xmpp
- test_push_check_response_status
- http://192.168.0.212/MyPush/resources/xmpp/push
- {"status":"ok","msg":"finished","id":"902a16cfeb9c431b90e9ead12c276054"}
- Test resource for:xmpp
- test_push_check_response_status
- http://192.168.0.212/MyPush/resources/xmpp/push
- {"status":"ok","msg":"finished","id":"29f98174c31f41cd8134d5be18085d67"}
- Test resource for:xmpp
- test_push_check_response_status
- http://192.168.0.212/MyPush/resources/xmpp/push
- {"status":"ok","msg":"finished","id":"2b4a0150a2c34543acd4c1c3b016ac89"}
- Test resource for:xmpp
- test_push_check_response_status
- http://192.168.0.212/MyPush/resources/xmpp/push
- {"status":"ok","msg":"finished","id":"b08090721e734524aa8cfb7956ebc97e"}
- Test resource for:xmpp
- test_push_check_response_status
- http://192.168.0.212/MyPush/resources/xmpp/push
- {"status":"ok","msg":"finished","id":"faed16705d7d45cfb1f977df96b54030"}
- Test resource for:xmpp
- test_push_check_response_status
- http://192.168.0.212/MyPush/resources/xmpp/push
- {"status":"ok","msg":"finished","id":"ae6acba00ef54db8af03d6c11b6aff23"}
- Test resource for:xmpp
- test_push_check_response_status
- http://192.168.0.212/MyPush/resources/xmpp/push
- {"status":"ok","msg":"finished","id":"ca385dae6097415480b5d25016c7c050"}
- Test resource for:xmpp
- test_push_check_response_status
- http://192.168.0.212/MyPush/resources/xmpp/push
- {"status":"ok","msg":"finished","id":"9a4b275fe2ec4bdd91fb8d7947264cef"}
- Test resource for:xmpp
- test_push_check_response_status
- http://192.168.0.212/MyPush/resources/xmpp/push
- {"status":"ok","msg":"finished","id":"d706389880364314b8cb7d36541c8e7c"}
- Test resource for:xmpp
- test_push_check_response_status
- http://192.168.0.212/MyPush/resources/xmpp/push
- {"status":"ok","msg":"finished","id":"a6af2eef99964ff29ba758b45376ccad"}
- Test resource for:xmpp
- test_push_check_response_status
- http://192.168.0.212/MyPush/resources/xmpp/push
- {"status":"ok","msg":"finished","id":"a1b27409e49c445cb1cb6854b8bf380d"}
- Test resource for:xmpp
- test_push_check_response_status
- http://192.168.0.212/MyPush/resources/xmpp/push
- {"status":"ok","msg":"finished","id":"e1d90f9376d94318bdc461de1b2a1299"}
- Test resource for:xmpp
- test_push_check_response_status
- http://192.168.0.212/MyPush/resources/xmpp/push
- {"status":"ok","msg":"finished","id":"c00e5bbaf5df4297a7fda5ecaeb5d5c4"}
- Test resource for:xmpp
- test_push_check_response_status
- http://192.168.0.212/MyPush/resources/xmpp/push
- {"status":"ok","msg":"finished","id":"c9515bb752c54ef5919a4b76d65a5e6a"}
- Test resource for:xmpp
- test_push_check_response_status
- http://192.168.0.212/MyPush/resources/xmpp/push
- {"status":"ok","msg":"finished","id":"c0fd0dc25cb34530977156a07539d787"}
- Test resource for:xmpp
- test_push_check_response_status
- http://192.168.0.212/MyPush/resources/xmpp/push
- {"status":"ok","msg":"finished","id":"7a144b2e68864e9aa24d068f0f9384d0"}
- Test resource for:xmpp
- test_push_check_response_status
- http://192.168.0.212/MyPush/resources/xmpp/push
- {"status":"ok","msg":"finished","id":"74e96e0dd4b64f77a9d804754ba31fa3"}
]]></system-out>
  <system-err><![CDATA[]]></system-err>
</testsuite>
